Run started:2024-02-10 21:24:24.644448

Test results:
>> Issue: [B404:blacklist] Consider possible security implications associated with the subprocess module.
   Severity: Low   Confidence: High
   CWE: CWE-78 (https://cwe.mitre.org/data/definitions/78.html)
   More Info: https://bandit.readthedocs.io/en/1.7.7/blacklists/blacklist_imports.html#b404-import-subprocess
   Location: .\codecov\__init__.py:22:0
21	
22	import subprocess
23	

--------------------------------------------------
>> Issue: [B404:blacklist] Consider possible security implications associated with the subprocess module.
   Severity: Low   Confidence: High
   CWE: CWE-78 (https://cwe.mitre.org/data/definitions/78.html)
   More Info: https://bandit.readthedocs.io/en/1.7.7/blacklists/blacklist_imports.html#b404-import-subprocess
   Location: .\codecov\__init__.py:166:4
165	def check_output(cmd, **popen_args):
166	    from subprocess import Popen, PIPE, CalledProcessError
167	    process = Popen(cmd, stdout=PIPE, **popen_args)

--------------------------------------------------
>> Issue: [B603:subprocess_without_shell_equals_true] subprocess call - check for execution of untrusted input.
   Severity: Low   Confidence: High
   CWE: CWE-78 (https://cwe.mitre.org/data/definitions/78.html)
   More Info: https://bandit.readthedocs.io/en/1.7.7/plugins/b603_subprocess_without_shell_equals_true.html
   Location: .\codecov\__init__.py:167:14
166	    from subprocess import Popen, PIPE, CalledProcessError
167	    process = Popen(cmd, stdout=PIPE, **popen_args)
168	    output, _ = process.communicate()

--------------------------------------------------
>> Issue: [B101:assert_used] Use of assert detected. The enclosed code will be removed when compiling to optimised byte code.
   Severity: Low   Confidence: High
   CWE: CWE-703 (https://cwe.mitre.org/data/definitions/703.html)
   More Info: https://bandit.readthedocs.io/en/1.7.7/plugins/b101_assert_used.html
   Location: .\codecov\__init__.py:172:8
171	    else:
172	        assert process.returncode == 0
173	        return output.decode('utf-8')

--------------------------------------------------
>> Issue: [B604:any_other_function_with_shell_equals_true] Function call with shell=True parameter identified, possible security issue.
   Severity: Medium   Confidence: Low
   CWE: CWE-78 (https://cwe.mitre.org/data/definitions/78.html)
   More Info: https://bandit.readthedocs.io/en/1.7.7/plugins/b604_any_other_function_with_shell_equals_true.html
   Location: .\codecov\__init__.py:178:15
177	    try:
178	        return check_output(cmd, shell=shell)
179	    except subprocess.CalledProcessError as e:

--------------------------------------------------
>> Issue: [B101:assert_used] Use of assert detected. The enclosed code will be removed when compiling to optimised byte code.
   Severity: Low   Confidence: High
   CWE: CWE-703 (https://cwe.mitre.org/data/definitions/703.html)
   More Info: https://bandit.readthedocs.io/en/1.7.7/plugins/b101_assert_used.html
   Location: .\codecov\__init__.py:568:8
567	
568	        assert query.get('commit') not in ('', None), "Commit sha is missing. Please specify via --commit=:sha"
569	

--------------------------------------------------
>> Issue: [B101:assert_used] Use of assert detected. The enclosed code will be removed when compiling to optimised byte code.
   Severity: Low   Confidence: High
   CWE: CWE-703 (https://cwe.mitre.org/data/definitions/703.html)
   More Info: https://bandit.readthedocs.io/en/1.7.7/plugins/b101_assert_used.html
   Location: .\codecov\__init__.py:612:8
611	
612	        assert query.get('job') or query.get('token'), "Missing repository upload token"
613	

--------------------------------------------------
>> Issue: [B101:assert_used] Use of assert detected. The enclosed code will be removed when compiling to optimised byte code.
   Severity: Low   Confidence: High
   CWE: CWE-703 (https://cwe.mitre.org/data/definitions/703.html)
   More Info: https://bandit.readthedocs.io/en/1.7.7/plugins/b101_assert_used.html
   Location: .\codecov\__init__.py:692:8
691	        reports = list(filter(bool, reports))
692	        assert len(reports) > 0, "No coverage report found"
693	

--------------------------------------------------
>> Issue: [B113:request_without_timeout] Requests call without timeout
   Severity: Medium   Confidence: Low
   CWE: CWE-400 (https://cwe.mitre.org/data/definitions/400.html)
   More Info: https://bandit.readthedocs.io/en/1.7.7/plugins/b113_request_without_timeout.html
   Location: .\codecov\__init__.py:736:30
735	                        write('    Pinging Codecov...')
736	                        res = requests.post('%s/upload/v4?%s' % (codecov.url, urlargs),
737	                                            verify=codecov.cacert,
738	                                            headers={'Accept': 'text/plain',
739	                                                     'X-Reduced-Redundancy': 'false'})
740	                        if res.status_code in (400, 406):

--------------------------------------------------
>> Issue: [B101:assert_used] Use of assert detected. The enclosed code will be removed when compiling to optimised byte code.
   Severity: Low   Confidence: High
   CWE: CWE-703 (https://cwe.mitre.org/data/definitions/703.html)
   More Info: https://bandit.readthedocs.io/en/1.7.7/plugins/b101_assert_used.html
   Location: .\codecov\__init__.py:744:28
743	                        elif res.status_code < 500:
744	                            assert res.status_code == 200
745	                            res = res.text.strip().split()

--------------------------------------------------
>> Issue: [B113:request_without_timeout] Requests call without timeout
   Severity: Medium   Confidence: Low
   CWE: CWE-400 (https://cwe.mitre.org/data/definitions/400.html)
   More Info: https://bandit.readthedocs.io/en/1.7.7/plugins/b113_request_without_timeout.html
   Location: .\codecov\__init__.py:753:33
752	                            write('    Uploading to S3...')
753	                            s3 = requests.put(upload_url, data=reports,
754	                                              headers={'Content-Type': 'text/plain',
755	                                                       'x-amz-acl': 'public-read'})
756	                            s3.raise_for_status()

--------------------------------------------------
>> Issue: [B101:assert_used] Use of assert detected. The enclosed code will be removed when compiling to optimised byte code.
   Severity: Low   Confidence: High
   CWE: CWE-703 (https://cwe.mitre.org/data/definitions/703.html)
   More Info: https://bandit.readthedocs.io/en/1.7.7/plugins/b101_assert_used.html
   Location: .\codecov\__init__.py:757:28
756	                            s3.raise_for_status()
757	                            assert s3.status_code == 200
758	                            write('    ' + result)

--------------------------------------------------
>> Issue: [B113:request_without_timeout] Requests call without timeout
   Severity: Medium   Confidence: Low
   CWE: CWE-400 (https://cwe.mitre.org/data/definitions/400.html)
   More Info: https://bandit.readthedocs.io/en/1.7.7/plugins/b113_request_without_timeout.html
   Location: .\codecov\__init__.py:769:22
768	                # just incase, try traditional upload
769	                res = requests.post('%s/upload/v2?%s' % (codecov.url, urlargs),
770	                                    verify=codecov.cacert,
771	                                    data='\n'.join((reports, s3.reason if s3 else '', s3.text if s3 else '')),
772	                                    headers={"Accept": "text/plain"})
773	                if res.status_code < 500:

--------------------------------------------------
>> Issue: [B403:blacklist] Consider possible security implications associated with pickle module.
   Severity: Low   Confidence: High
   CWE: CWE-502 (https://cwe.mitre.org/data/definitions/502.html)
   More Info: https://bandit.readthedocs.io/en/1.7.7/blacklists/blacklist_imports.html#b403-import-pickle
   Location: .\tests\test.py:3:0
2	import sys
3	import pickle
4	import itertools

--------------------------------------------------
>> Issue: [B404:blacklist] Consider possible security implications associated with the subprocess module.
   Severity: Low   Confidence: High
   CWE: CWE-78 (https://cwe.mitre.org/data/definitions/78.html)
   More Info: https://bandit.readthedocs.io/en/1.7.7/blacklists/blacklist_imports.html#b404-import-subprocess
   Location: .\tests\test.py:9:0
8	
9	import subprocess
10	

--------------------------------------------------
>> Issue: [B106:hardcoded_password_funcarg] Possible hardcoded password: 'a'
   Severity: Low   Confidence: Medium
   CWE: CWE-259 (https://cwe.mitre.org/data/definitions/259.html)
   More Info: https://bandit.readthedocs.io/en/1.7.7/plugins/b106_hardcoded_password_funcarg.html
   Location: .\tests\test.py:23:15
22	    coverage = os.path.join(os.path.dirname(__file__), '../.coverage')
23	    defaults = dict(commit='a', branch='a', token='a')
24	

--------------------------------------------------
>> Issue: [B101:assert_used] Use of assert detected. The enclosed code will be removed when compiling to optimised byte code.
   Severity: Low   Confidence: High
   CWE: CWE-703 (https://cwe.mitre.org/data/definitions/703.html)
   More Info: https://bandit.readthedocs.io/en/1.7.7/plugins/b101_assert_used.html
   Location: .\tests\test.py:135:16
134	                self.assertEqual(codecov.main(), None)
135	                assert post.called and put.called
136	

--------------------------------------------------
>> Issue: [B106:hardcoded_password_funcarg] Possible hardcoded password: '<token>'
   Severity: Low   Confidence: Medium
   CWE: CWE-259 (https://cwe.mitre.org/data/definitions/259.html)
   More Info: https://bandit.readthedocs.io/en/1.7.7/plugins/b106_hardcoded_password_funcarg.html
   Location: .\tests\test.py:145:22
144	                    f.write('coverage data')
145	                res = self.run_cli(False, commit='a'*40, branch='master', token='<token>')
146	                self.assertEqual(res['result'].strip(), 'target')

--------------------------------------------------
>> Issue: [B101:assert_used] Use of assert detected. The enclosed code will be removed when compiling to optimised byte code.
   Severity: Low   Confidence: High
   CWE: CWE-703 (https://cwe.mitre.org/data/definitions/703.html)
   More Info: https://bandit.readthedocs.io/en/1.7.7/plugins/b101_assert_used.html
   Location: .\tests\test.py:147:16
146	                self.assertEqual(res['result'].strip(), 'target')
147	                assert 'https://codecov.io/upload/v4?' in post.call_args[0][0]
148	                assert 'commit=aaaaaaaaaaaaaaaaaaaaaaaaaaaaaaaaaaaaaaaa' in post.call_args[0][0]

--------------------------------------------------
>> Issue: [B101:assert_used] Use of assert detected. The enclosed code will be removed when compiling to optimised byte code.
   Severity: Low   Confidence: High
   CWE: CWE-703 (https://cwe.mitre.org/data/definitions/703.html)
   More Info: https://bandit.readthedocs.io/en/1.7.7/plugins/b101_assert_used.html
   Location: .\tests\test.py:148:16
147	                assert 'https://codecov.io/upload/v4?' in post.call_args[0][0]
148	                assert 'commit=aaaaaaaaaaaaaaaaaaaaaaaaaaaaaaaaaaaaaaaa' in post.call_args[0][0]
149	                assert 'token=%3Ctoken%3E' in post.call_args[0][0]

--------------------------------------------------
>> Issue: [B101:assert_used] Use of assert detected. The enclosed code will be removed when compiling to optimised byte code.
   Severity: Low   Confidence: High
   CWE: CWE-703 (https://cwe.mitre.org/data/definitions/703.html)
   More Info: https://bandit.readthedocs.io/en/1.7.7/plugins/b101_assert_used.html
   Location: .\tests\test.py:149:16
148	                assert 'commit=aaaaaaaaaaaaaaaaaaaaaaaaaaaaaaaaaaaaaaaa' in post.call_args[0][0]
149	                assert 'token=%3Ctoken%3E' in post.call_args[0][0]
150	                assert 'branch=master' in post.call_args[0][0]

--------------------------------------------------
>> Issue: [B101:assert_used] Use of assert detected. The enclosed code will be removed when compiling to optimised byte code.
   Severity: Low   Confidence: High
   CWE: CWE-703 (https://cwe.mitre.org/data/definitions/703.html)
   More Info: https://bandit.readthedocs.io/en/1.7.7/plugins/b101_assert_used.html
   Location: .\tests\test.py:150:16
149	                assert 'token=%3Ctoken%3E' in post.call_args[0][0]
150	                assert 'branch=master' in post.call_args[0][0]
151	                assert u'tests/test.py'.encode("utf-8") in put.call_args[1]['data']

--------------------------------------------------
>> Issue: [B101:assert_used] Use of assert detected. The enclosed code will be removed when compiling to optimised byte code.
   Severity: Low   Confidence: High
   CWE: CWE-703 (https://cwe.mitre.org/data/definitions/703.html)
   More Info: https://bandit.readthedocs.io/en/1.7.7/plugins/b101_assert_used.html
   Location: .\tests\test.py:151:16
150	                assert 'branch=master' in post.call_args[0][0]
151	                assert u'tests/test.py'.encode("utf-8") in put.call_args[1]['data']
152	

--------------------------------------------------
>> Issue: [B106:hardcoded_password_funcarg] Possible hardcoded password: 'not-a-token'
   Severity: Low   Confidence: Medium
   CWE: CWE-259 (https://cwe.mitre.org/data/definitions/259.html)
   More Info: https://bandit.readthedocs.io/en/1.7.7/plugins/b106_hardcoded_password_funcarg.html
   Location: .\tests\test.py:159:16
158	            try:
159	                self.run_cli(False, token='not-a-token', commit='a'*40, branch='master')
160	            except Exception:

--------------------------------------------------
>> Issue: [B110:try_except_pass] Try, Except, Pass detected.
   Severity: Low   Confidence: High
   CWE: CWE-703 (https://cwe.mitre.org/data/definitions/703.html)
   More Info: https://bandit.readthedocs.io/en/1.7.7/plugins/b110_try_except_pass.html
   Location: .\tests\test.py:160:12
159	                self.run_cli(False, token='not-a-token', commit='a'*40, branch='master')
160	            except Exception:
161	                pass
162	            else:

--------------------------------------------------
>> Issue: [B106:hardcoded_password_funcarg] Possible hardcoded password: 'a'
   Severity: Low   Confidence: Medium
   CWE: CWE-259 (https://cwe.mitre.org/data/definitions/259.html)
   More Info: https://bandit.readthedocs.io/en/1.7.7/plugins/b106_hardcoded_password_funcarg.html
   Location: .\tests\test.py:201:12
200	        try:
201	            self.run_cli(disable='search', token='a', branch='b', commit='c')
202	        except AssertionError as e:

--------------------------------------------------
>> Issue: [B106:hardcoded_password_funcarg] Possible hardcoded password: 'a'
   Severity: Low   Confidence: Medium
   CWE: CWE-259 (https://cwe.mitre.org/data/definitions/259.html)
   More Info: https://bandit.readthedocs.io/en/1.7.7/plugins/b106_hardcoded_password_funcarg.html
   Location: .\tests\test.py:210:14
209	        self.fake_report()
210	        res = self.run_cli(prefix='/foo/bar/', dump=True, token='a', branch='b', commit='c')
211	        assert '\nfoo/bar/.gitignore' in res['reports']

--------------------------------------------------
>> Issue: [B101:assert_used] Use of assert detected. The enclosed code will be removed when compiling to optimised byte code.
   Severity: Low   Confidence: High
   CWE: CWE-703 (https://cwe.mitre.org/data/definitions/703.html)
   More Info: https://bandit.readthedocs.io/en/1.7.7/plugins/b101_assert_used.html
   Location: .\tests\test.py:211:8
210	        res = self.run_cli(prefix='/foo/bar/', dump=True, token='a', branch='b', commit='c')
211	        assert '\nfoo/bar/.gitignore' in res['reports']
212	

--------------------------------------------------
>> Issue: [B106:hardcoded_password_funcarg] Possible hardcoded password: 'a'
   Severity: Low   Confidence: Medium
   CWE: CWE-259 (https://cwe.mitre.org/data/definitions/259.html)
   More Info: https://bandit.readthedocs.io/en/1.7.7/plugins/b106_hardcoded_password_funcarg.html
   Location: .\tests\test.py:228:16
227	            try:
228	                self.run_cli(disable='gcov', token='a', branch='b', commit='c')
229	            except AssertionError as e:

--------------------------------------------------
>> Issue: [B106:hardcoded_password_funcarg] Possible hardcoded password: 'd'
   Severity: Low   Confidence: Medium
   CWE: CWE-259 (https://cwe.mitre.org/data/definitions/259.html)
   More Info: https://bandit.readthedocs.io/en/1.7.7/plugins/b106_hardcoded_password_funcarg.html
   Location: .\tests\test.py:249:8
248	    def test_disable_detect(self):
249	        self.set_env(JENKINS_URL='a', GIT_BRANCH='b', GIT_COMMIT='c', CODECOV_TOKEN='d')
250	        self.fake_report()

--------------------------------------------------
>> Issue: [B106:hardcoded_password_funcarg] Possible hardcoded password: 'token'
   Severity: Low   Confidence: Medium
   CWE: CWE-259 (https://cwe.mitre.org/data/definitions/259.html)
   More Info: https://bandit.readthedocs.io/en/1.7.7/plugins/b106_hardcoded_password_funcarg.html
   Location: .\tests\test.py:320:8
319	    def test_ci_jenkins(self):
320	        self.set_env(BUILD_URL='https://....',
321	                     JENKINS_URL='https://....',
322	                     GIT_BRANCH='master',
323	                     GIT_COMMIT='c739768fcac68144a3a6d82305b9c4106934d31a',
324	                     BUILD_NUMBER='41',
325	                     CODECOV_TOKEN='token')
326	        self.fake_report()

--------------------------------------------------
>> Issue: [B106:hardcoded_password_funcarg] Possible hardcoded password: 'token'
   Severity: Low   Confidence: Medium
   CWE: CWE-259 (https://cwe.mitre.org/data/definitions/259.html)
   More Info: https://bandit.readthedocs.io/en/1.7.7/plugins/b106_hardcoded_password_funcarg.html
   Location: .\tests\test.py:338:8
337	    def test_ci_jenkins_env(self):
338	        self.set_env(JENKINS_URL='https://....',
339	                     BUILD_URL='https://....',
340	                     ghprbSourceBranch='master',
341	                     ghprbActualCommit='c739768fcac68144a3a6d82305b9c4106934d31a',
342	                     ghprbPullId='1',
343	                     BUILD_NUMBER='41',
344	                     CODECOV_TOKEN='token')
345	        self.fake_report()

--------------------------------------------------
>> Issue: [B106:hardcoded_password_funcarg] Possible hardcoded password: 'token'
   Severity: Low   Confidence: Medium
   CWE: CWE-259 (https://cwe.mitre.org/data/definitions/259.html)
   More Info: https://bandit.readthedocs.io/en/1.7.7/plugins/b106_hardcoded_password_funcarg.html
   Location: .\tests\test.py:357:8
356	    def test_ci_jenkins_blue_ocean(self):
357	        self.set_env(JENKINS_URL='https://....',
358	                     BUILD_URL='https://....',
359	                     BRANCH_NAME='master',
360	                     CHANGE_ID='1',
361	                     BUILD_NUMBER='41',
362	                     CODECOV_TOKEN='token')
363	        self.fake_report()

--------------------------------------------------
>> Issue: [B106:hardcoded_password_funcarg] Possible hardcoded password: 'token'
   Severity: Low   Confidence: Medium
   CWE: CWE-259 (https://cwe.mitre.org/data/definitions/259.html)
   More Info: https://bandit.readthedocs.io/en/1.7.7/plugins/b106_hardcoded_password_funcarg.html
   Location: .\tests\test.py:398:8
397	    def test_ci_codeship(self):
398	        self.set_env(CI_NAME='codeship',
399	                     CI_BRANCH='master',
400	                     CI_BUILD_NUMBER='20',
401	                     CI_BUILD_URL='https://codeship.io/build/1',
402	                     CI_COMMIT_ID='743b04806ea677403aa2ff26c6bdeb85005de658',
403	                     CODECOV_TOKEN='token')
404	        self.fake_report()

--------------------------------------------------
>> Issue: [B106:hardcoded_password_funcarg] Possible hardcoded password: 'token'
   Severity: Low   Confidence: Medium
   CWE: CWE-259 (https://cwe.mitre.org/data/definitions/259.html)
   More Info: https://bandit.readthedocs.io/en/1.7.7/plugins/b106_hardcoded_password_funcarg.html
   Location: .\tests\test.py:435:8
434	    def test_ci_buildkite(self):
435	        self.set_env(CI='true',
436	                     BUILDKITE='true',
437	                     BUILDKITE_BUILD_NUMBER='57',
438	                     BUILDKITE_JOB_ID='1',
439	                     BUILDKITE_BRANCH='master',
440	                     BUILDKITE_PROJECT_SLUG='owner/repo',
441	                     BUILDKITE_COMMIT='d653b934ed59c1a785cc1cc79d08c9aaa4eba73b',
442	                     CODECOV_TOKEN='token')
443	        self.fake_report()

--------------------------------------------------
>> Issue: [B106:hardcoded_password_funcarg] Possible hardcoded password: 'token'
   Severity: Low   Confidence: Medium
   CWE: CWE-259 (https://cwe.mitre.org/data/definitions/259.html)
   More Info: https://bandit.readthedocs.io/en/1.7.7/plugins/b106_hardcoded_password_funcarg.html
   Location: .\tests\test.py:454:8
453	    def test_ci_semaphore(self):
454	        self.set_env(SEMAPHORE='true',
455	                     BRANCH_NAME='master',
456	                     SEMAPHORE_BUILD_NUMBER='10',
457	                     SEMAPHORE_CURRENT_THREAD='1',
458	                     SEMAPHORE_REPO_SLUG='owner/repo',
459	                     REVISION='743b04806ea677403aa2ff26c6bdeb85005de658',
460	                     CODECOV_TOKEN='token')
461	        self.fake_report()

--------------------------------------------------
>> Issue: [B106:hardcoded_password_funcarg] Possible hardcoded password: 'token'
   Severity: Low   Confidence: Medium
   CWE: CWE-259 (https://cwe.mitre.org/data/definitions/259.html)
   More Info: https://bandit.readthedocs.io/en/1.7.7/plugins/b106_hardcoded_password_funcarg.html
   Location: .\tests\test.py:471:8
470	    def test_ci_drone(self):
471	        self.set_env(CI='drone',
472	                     DRONE='true',
473	                     DRONE_BUILD_NUMBER='10',
474	                     DRONE_BRANCH='master',
475	                     DRONE_BUILD_LINK='https://drone.io/github/builds/1',
476	                     CODECOV_TOKEN='token')
477	        self.fake_report()

--------------------------------------------------
>> Issue: [B106:hardcoded_password_funcarg] Possible hardcoded password: 'token'
   Severity: Low   Confidence: Medium
   CWE: CWE-259 (https://cwe.mitre.org/data/definitions/259.html)
   More Info: https://bandit.readthedocs.io/en/1.7.7/plugins/b106_hardcoded_password_funcarg.html
   Location: .\tests\test.py:487:8
486	    def test_ci_shippable(self):
487	        self.set_env(SHIPPABLE='true',
488	                     BUILD_NUMBER='10',
489	                     REPO_NAME='owner/repo',
490	                     BRANCH='master',
491	                     BUILD_URL='https://shippable.com/...',
492	                     COMMIT='743b04806ea677403aa2ff26c6bdeb85005de658',
493	                     CODECOV_TOKEN='token')
494	        self.fake_report()

--------------------------------------------------
>> Issue: [B106:hardcoded_password_funcarg] Possible hardcoded password: 'token'
   Severity: Low   Confidence: Medium
   CWE: CWE-259 (https://cwe.mitre.org/data/definitions/259.html)
   More Info: https://bandit.readthedocs.io/en/1.7.7/plugins/b106_hardcoded_password_funcarg.html
   Location: .\tests\test.py:506:8
505	    def test_ci_appveyor(self):
506	        self.set_env(APPVEYOR='True',
507	                     CI='True',
508	                     APPVEYOR_JOB_ID='9r2qufuu8',
509	                     APPVEYOR_BUILD_VERSION='1.2.3',
510	                     APPVEYOR_ACCOUNT_NAME='owner',
511	                     APPVEYOR_PROJECT_SLUG='repo',
512	                     APPVEYOR_PULL_REQUEST_NUMBER='1',
513	                     APPVEYOR_REPO_BRANCH='master',
514	                     APPVEYOR_REPO_NAME='owner/repo',
515	                     APPVEYOR_REPO_COMMIT='d653b934ed59c1a785cc1cc79d08c9aaa4eba73b',
516	                     CODECOV_TOKEN='token')
517	        self.fake_report()

--------------------------------------------------
>> Issue: [B106:hardcoded_password_funcarg] Possible hardcoded password: 'token'
   Severity: Low   Confidence: Medium
   CWE: CWE-259 (https://cwe.mitre.org/data/definitions/259.html)
   More Info: https://bandit.readthedocs.io/en/1.7.7/plugins/b106_hardcoded_password_funcarg.html
   Location: .\tests\test.py:529:8
528	    def test_ci_wercker(self):
529	        self.set_env(WERCKER_GIT_BRANCH='master',
530	                     WERCKER_MAIN_PIPELINE_STARTED='1399372237',
531	                     WERCKER_GIT_OWNER='owner',
532	                     WERCKER_GIT_REPOSITORY='repo',
533	                     WERCKER_GIT_COMMIT='d653b934ed59c1a785cc1cc79d08c9aaa4eba73b',
534	                     CODECOV_TOKEN='token')
535	        self.fake_report()

--------------------------------------------------
>> Issue: [B106:hardcoded_password_funcarg] Possible hardcoded password: 'token'
   Severity: Low   Confidence: Medium
   CWE: CWE-259 (https://cwe.mitre.org/data/definitions/259.html)
   More Info: https://bandit.readthedocs.io/en/1.7.7/plugins/b106_hardcoded_password_funcarg.html
   Location: .\tests\test.py:545:8
544	    def test_ci_magnum(self):
545	        self.set_env(CI_BRANCH='master',
546	                     CI_BUILD_NUMBER='1399372237',
547	                     MAGNUM='true',
548	                     CI='true',
549	                     CI_COMMIT='d653b934ed59c1a785cc1cc79d08c9aaa4eba73b',
550	                     CODECOV_TOKEN='token')
551	        self.fake_report()

--------------------------------------------------
>> Issue: [B106:hardcoded_password_funcarg] Possible hardcoded password: 'token'
   Severity: Low   Confidence: Medium
   CWE: CWE-259 (https://cwe.mitre.org/data/definitions/259.html)
   More Info: https://bandit.readthedocs.io/en/1.7.7/plugins/b106_hardcoded_password_funcarg.html
   Location: .\tests\test.py:560:8
559	    def test_ci_gitlab(self):
560	        self.set_env(CI_BUILD_REF_NAME='master',
561	                     CI_BUILD_ID='1399372237',
562	                     CI_BUILD_REPO='https://gitlab.com/owner/repo.git',
563	                     CI_SERVER_NAME='GitLab CI',
564	                     CI_BUILD_REF='d653b934ed59c1a785cc1cc79d08c9aaa4eba73b',
565	                     HOME='/',
566	                     CI_PROJECT_DIR=os.getcwd().strip('/'),
567	                     CODECOV_TOKEN='token')
568	        self.fake_report()

--------------------------------------------------
>> Issue: [B106:hardcoded_password_funcarg] Possible hardcoded password: 'token'
   Severity: Low   Confidence: Medium
   CWE: CWE-259 (https://cwe.mitre.org/data/definitions/259.html)
   More Info: https://bandit.readthedocs.io/en/1.7.7/plugins/b106_hardcoded_password_funcarg.html
   Location: .\tests\test.py:578:8
577	    def test_ci_none(self):
578	        self.set_env(CODECOV_TOKEN='token')
579	        self.fake_report()

--------------------------------------------------
>> Issue: [B106:hardcoded_password_funcarg] Possible hardcoded password: 'token'
   Severity: Low   Confidence: Medium
   CWE: CWE-259 (https://cwe.mitre.org/data/definitions/259.html)
   More Info: https://bandit.readthedocs.io/en/1.7.7/plugins/b106_hardcoded_password_funcarg.html
   Location: .\tests\test.py:580:14
579	        self.fake_report()
580	        res = self.run_cli(build=10,
581	                           commit='d653b934ed59c1a785cc1cc79d08c9aaa4eba73b',
582	                           slug='owner/repo',
583	                           token='token')
584	        self.assertEqual(res['query'].get('service'), None)

--------------------------------------------------

Code scanned:
	Total lines of code: 1139
	Total lines skipped (#nosec): 0
	Total potential issues skipped due to specifically being disabled (e.g., #nosec BXXX): 0

Run metrics:
	Total issues (by severity):
		Undefined: 0
		Low: 40
		Medium: 4
		High: 0
	Total issues (by confidence):
		Undefined: 0
		Low: 4
		Medium: 21
		High: 19
Files skipped (0):
