Working... ---------------------------------------- 100% 0:00:05
Run started:2024-02-10 23:51:02.518284

Test results:
>> Issue: [B311:blacklist] Standard pseudo-random generators are not suitable for security/cryptographic purposes.
   Severity: Low   Confidence: High
   CWE: CWE-330 (https://cwe.mitre.org/data/definitions/330.html)
   More Info: https://bandit.readthedocs.io/en/1.7.7/blacklists/blacklist_calls.html#b311-random
   Location: .\exporter\opentelemetry-exporter-prometheus-remote-write\example\sampleapp.py:101:6
100	# Load generator
101	num = random.randint(0, 1000)
102	while True:

--------------------------------------------------
>> Issue: [B311:blacklist] Standard pseudo-random generators are not suitable for security/cryptographic purposes.
   Severity: Low   Confidence: High
   CWE: CWE-330 (https://cwe.mitre.org/data/definitions/330.html)
   More Info: https://bandit.readthedocs.io/en/1.7.7/blacklists/blacklist_calls.html#b311-random
   Location: .\exporter\opentelemetry-exporter-prometheus-remote-write\tests\conftest.py:29:16
28	    else:
29	        type_ = random.choice(["gauge", "sum"])
30	

--------------------------------------------------
>> Issue: [B311:blacklist] Standard pseudo-random generators are not suitable for security/cryptographic purposes.
   Severity: Low   Confidence: High
   CWE: CWE-330 (https://cwe.mitre.org/data/definitions/330.html)
   More Info: https://bandit.readthedocs.io/en/1.7.7/blacklists/blacklist_calls.html#b311-random
   Location: .\exporter\opentelemetry-exporter-prometheus-remote-write\tests\conftest.py:33:26
32	        return metric_util._generate_gauge(
33	            "test.gauge", random.randint(0, 100)
34	        )

--------------------------------------------------
>> Issue: [B311:blacklist] Standard pseudo-random generators are not suitable for security/cryptographic purposes.
   Severity: Low   Confidence: High
   CWE: CWE-330 (https://cwe.mitre.org/data/definitions/330.html)
   More Info: https://bandit.readthedocs.io/en/1.7.7/blacklists/blacklist_calls.html#b311-random
   Location: .\exporter\opentelemetry-exporter-prometheus-remote-write\tests\conftest.py:37:24
36	        return metric_util._generate_sum(
37	            "test.sum", random.randint(0, 9_999_999_999)
38	        )

--------------------------------------------------
>> Issue: [B101:assert_used] Use of assert detected. The enclosed code will be removed when compiling to optimised byte code.
   Severity: Low   Confidence: High
   CWE: CWE-703 (https://cwe.mitre.org/data/definitions/703.html)
   More Info: https://bandit.readthedocs.io/en/1.7.7/plugins/b101_assert_used.html
   Location: .\exporter\opentelemetry-exporter-prometheus-remote-write\tests\test_prometheus_remote_write_exporter.py:50:4
49	def test_regex(name, result, prom_rw):
50	    assert prom_rw._sanitize_string(name, "name") == result
51	

--------------------------------------------------
>> Issue: [B101:assert_used] Use of assert detected. The enclosed code will be removed when compiling to optimised byte code.
   Severity: Low   Confidence: High
   CWE: CWE-703 (https://cwe.mitre.org/data/definitions/703.html)
   More Info: https://bandit.readthedocs.io/en/1.7.7/plugins/b101_assert_used.html
   Location: .\exporter\opentelemetry-exporter-prometheus-remote-write\tests\test_prometheus_remote_write_exporter.py:67:4
66	    name = "abc_123_42"
67	    assert labels == (("Foo", "Bar"), ("Baz", 42), ("__name__", name))
68	    assert sample == (value, timestamp // 1_000_000)

--------------------------------------------------
>> Issue: [B101:assert_used] Use of assert detected. The enclosed code will be removed when compiling to optimised byte code.
   Severity: Low   Confidence: High
   CWE: CWE-703 (https://cwe.mitre.org/data/definitions/703.html)
   More Info: https://bandit.readthedocs.io/en/1.7.7/plugins/b101_assert_used.html
   Location: .\exporter\opentelemetry-exporter-prometheus-remote-write\tests\test_prometheus_remote_write_exporter.py:68:4
67	    assert labels == (("Foo", "Bar"), ("Baz", 42), ("__name__", name))
68	    assert sample == (value, timestamp // 1_000_000)
69	

--------------------------------------------------
>> Issue: [B101:assert_used] Use of assert detected. The enclosed code will be removed when compiling to optimised byte code.
   Severity: Low   Confidence: High
   CWE: CWE-703 (https://cwe.mitre.org/data/definitions/703.html)
   More Info: https://bandit.readthedocs.io/en/1.7.7/plugins/b101_assert_used.html
   Location: .\exporter\opentelemetry-exporter-prometheus-remote-write\tests\test_prometheus_remote_write_exporter.py:92:8
91	        # We have to attributes, we kinda assume the bucket label is last...
92	        assert ("le", str(bound)) == label_sample_pairs[pos][0][-1]
93	        # Check and make sure we are putting the bucket counts in there

--------------------------------------------------
>> Issue: [B101:assert_used] Use of assert detected. The enclosed code will be removed when compiling to optimised byte code.
   Severity: Low   Confidence: High
   CWE: CWE-703 (https://cwe.mitre.org/data/definitions/703.html)
   More Info: https://bandit.readthedocs.io/en/1.7.7/plugins/b101_assert_used.html
   Location: .\exporter\opentelemetry-exporter-prometheus-remote-write\tests\test_prometheus_remote_write_exporter.py:94:8
93	        # Check and make sure we are putting the bucket counts in there
94	        assert (dp.bucket_counts[pos], timestamp) == label_sample_pairs[pos][1]
95	

--------------------------------------------------
>> Issue: [B101:assert_used] Use of assert detected. The enclosed code will be removed when compiling to optimised byte code.
   Severity: Low   Confidence: High
   CWE: CWE-703 (https://cwe.mitre.org/data/definitions/703.html)
   More Info: https://bandit.readthedocs.io/en/1.7.7/plugins/b101_assert_used.html
   Location: .\exporter\opentelemetry-exporter-prometheus-remote-write\tests\test_prometheus_remote_write_exporter.py:97:4
96	    # Last two are the sum & total count
97	    assert ("__name__", f"{name}_sum") in label_sample_pairs[-2][0]
98	    assert (dp.sum, timestamp) == label_sample_pairs[-2][1]

--------------------------------------------------
>> Issue: [B101:assert_used] Use of assert detected. The enclosed code will be removed when compiling to optimised byte code.
   Severity: Low   Confidence: High
   CWE: CWE-703 (https://cwe.mitre.org/data/definitions/703.html)
   More Info: https://bandit.readthedocs.io/en/1.7.7/plugins/b101_assert_used.html
   Location: .\exporter\opentelemetry-exporter-prometheus-remote-write\tests\test_prometheus_remote_write_exporter.py:98:4
97	    assert ("__name__", f"{name}_sum") in label_sample_pairs[-2][0]
98	    assert (dp.sum, timestamp) == label_sample_pairs[-2][1]
99	

--------------------------------------------------
>> Issue: [B101:assert_used] Use of assert detected. The enclosed code will be removed when compiling to optimised byte code.
   Severity: Low   Confidence: High
   CWE: CWE-703 (https://cwe.mitre.org/data/definitions/703.html)
   More Info: https://bandit.readthedocs.io/en/1.7.7/plugins/b101_assert_used.html
   Location: .\exporter\opentelemetry-exporter-prometheus-remote-write\tests\test_prometheus_remote_write_exporter.py:100:4
99	
100	    assert ("__name__", f"{name}_count") in label_sample_pairs[-1][0]
101	    assert (dp.count, timestamp) == label_sample_pairs[-1][1]

--------------------------------------------------
>> Issue: [B101:assert_used] Use of assert detected. The enclosed code will be removed when compiling to optimised byte code.
   Severity: Low   Confidence: High
   CWE: CWE-703 (https://cwe.mitre.org/data/definitions/703.html)
   More Info: https://bandit.readthedocs.io/en/1.7.7/plugins/b101_assert_used.html
   Location: .\exporter\opentelemetry-exporter-prometheus-remote-write\tests\test_prometheus_remote_write_exporter.py:101:4
100	    assert ("__name__", f"{name}_count") in label_sample_pairs[-1][0]
101	    assert (dp.count, timestamp) == label_sample_pairs[-1][1]
102	

--------------------------------------------------
>> Issue: [B101:assert_used] Use of assert detected. The enclosed code will be removed when compiling to optimised byte code.
   Severity: Low   Confidence: High
   CWE: CWE-703 (https://cwe.mitre.org/data/definitions/703.html)
   More Info: https://bandit.readthedocs.io/en/1.7.7/plugins/b101_assert_used.html
   Location: .\exporter\opentelemetry-exporter-prometheus-remote-write\tests\test_prometheus_remote_write_exporter.py:122:4
121	
122	    assert (
123	        len(metric.data.data_points) == 1
124	    ), "We can only support a single datapoint in tests"
125	    series = prom_rw._parse_metric(metric, tuple(attributes.items()))

--------------------------------------------------
>> Issue: [B101:assert_used] Use of assert detected. The enclosed code will be removed when compiling to optimised byte code.
   Severity: Low   Confidence: High
   CWE: CWE-703 (https://cwe.mitre.org/data/definitions/703.html)
   More Info: https://bandit.readthedocs.io/en/1.7.7/plugins/b101_assert_used.html
   Location: .\exporter\opentelemetry-exporter-prometheus-remote-write\tests\test_prometheus_remote_write_exporter.py:133:8
132	        # test cases already do.
133	        assert "__name__" in labels
134	        assert prom_rw._sanitize_string(metric.name, "name") in labels

--------------------------------------------------
>> Issue: [B101:assert_used] Use of assert detected. The enclosed code will be removed when compiling to optimised byte code.
   Severity: Low   Confidence: High
   CWE: CWE-703 (https://cwe.mitre.org/data/definitions/703.html)
   More Info: https://bandit.readthedocs.io/en/1.7.7/plugins/b101_assert_used.html
   Location: .\exporter\opentelemetry-exporter-prometheus-remote-write\tests\test_prometheus_remote_write_exporter.py:134:8
133	        assert "__name__" in labels
134	        assert prom_rw._sanitize_string(metric.name, "name") in labels
135	        combined_attrs = list(attributes.items()) + list(

--------------------------------------------------
>> Issue: [B101:assert_used] Use of assert detected. The enclosed code will be removed when compiling to optimised byte code.
   Severity: Low   Confidence: High
   CWE: CWE-703 (https://cwe.mitre.org/data/definitions/703.html)
   More Info: https://bandit.readthedocs.io/en/1.7.7/plugins/b101_assert_used.html
   Location: .\exporter\opentelemetry-exporter-prometheus-remote-write\tests\test_prometheus_remote_write_exporter.py:139:12
138	        for name, value in combined_attrs:
139	            assert prom_rw._sanitize_string(name, "label") in labels
140	            assert str(value) in labels

--------------------------------------------------
>> Issue: [B101:assert_used] Use of assert detected. The enclosed code will be removed when compiling to optimised byte code.
   Severity: Low   Confidence: High
   CWE: CWE-703 (https://cwe.mitre.org/data/definitions/703.html)
   More Info: https://bandit.readthedocs.io/en/1.7.7/plugins/b101_assert_used.html
   Location: .\exporter\opentelemetry-exporter-prometheus-remote-write\tests\test_prometheus_remote_write_exporter.py:140:12
139	            assert prom_rw._sanitize_string(name, "label") in labels
140	            assert str(value) in labels
141	        if isinstance(metric.data, Histogram):

--------------------------------------------------
>> Issue: [B101:assert_used] Use of assert detected. The enclosed code will be removed when compiling to optimised byte code.
   Severity: Low   Confidence: High
   CWE: CWE-703 (https://cwe.mitre.org/data/definitions/703.html)
   More Info: https://bandit.readthedocs.io/en/1.7.7/plugins/b101_assert_used.html
   Location: .\exporter\opentelemetry-exporter-prometheus-remote-write\tests\test_prometheus_remote_write_exporter.py:153:12
152	        for sample in single_series.samples:
153	            assert sample.timestamp == timestamp
154	            assert sample.value in values

--------------------------------------------------
>> Issue: [B101:assert_used] Use of assert detected. The enclosed code will be removed when compiling to optimised byte code.
   Severity: Low   Confidence: High
   CWE: CWE-703 (https://cwe.mitre.org/data/definitions/703.html)
   More Info: https://bandit.readthedocs.io/en/1.7.7/plugins/b101_assert_used.html
   Location: .\exporter\opentelemetry-exporter-prometheus-remote-write\tests\test_prometheus_remote_write_exporter.py:154:12
153	            assert sample.timestamp == timestamp
154	            assert sample.value in values
155	

--------------------------------------------------
>> Issue: [B101:assert_used] Use of assert detected. The enclosed code will be removed when compiling to optimised byte code.
   Severity: Low   Confidence: High
   CWE: CWE-703 (https://cwe.mitre.org/data/definitions/703.html)
   More Info: https://bandit.readthedocs.io/en/1.7.7/plugins/b101_assert_used.html
   Location: .\exporter\opentelemetry-exporter-prometheus-remote-write\tests\test_prometheus_remote_write_exporter.py:265:4
264	    result = prom_rw.export(record)
265	    assert result == MetricExportResult.SUCCESS
266	    assert mock_post.call_count == 1

--------------------------------------------------
>> Issue: [B101:assert_used] Use of assert detected. The enclosed code will be removed when compiling to optimised byte code.
   Severity: Low   Confidence: High
   CWE: CWE-703 (https://cwe.mitre.org/data/definitions/703.html)
   More Info: https://bandit.readthedocs.io/en/1.7.7/plugins/b101_assert_used.html
   Location: .\exporter\opentelemetry-exporter-prometheus-remote-write\tests\test_prometheus_remote_write_exporter.py:266:4
265	    assert result == MetricExportResult.SUCCESS
266	    assert mock_post.call_count == 1
267	

--------------------------------------------------
>> Issue: [B101:assert_used] Use of assert detected. The enclosed code will be removed when compiling to optimised byte code.
   Severity: Low   Confidence: High
   CWE: CWE-703 (https://cwe.mitre.org/data/definitions/703.html)
   More Info: https://bandit.readthedocs.io/en/1.7.7/plugins/b101_assert_used.html
   Location: .\exporter\opentelemetry-exporter-prometheus-remote-write\tests\test_prometheus_remote_write_exporter.py:269:4
268	    result = prom_rw.export([])
269	    assert result == MetricExportResult.SUCCESS
270	

--------------------------------------------------
>> Issue: [B101:assert_used] Use of assert detected. The enclosed code will be removed when compiling to optimised byte code.
   Severity: Low   Confidence: High
   CWE: CWE-703 (https://cwe.mitre.org/data/definitions/703.html)
   More Info: https://bandit.readthedocs.io/en/1.7.7/plugins/b101_assert_used.html
   Location: .\exporter\opentelemetry-exporter-prometheus-remote-write\tests\test_prometheus_remote_write_exporter.py:276:4
275	    result = prom_rw.export(record)
276	    assert result == MetricExportResult.FAILURE
277	

--------------------------------------------------
>> Issue: [B101:assert_used] Use of assert detected. The enclosed code will be removed when compiling to optimised byte code.
   Severity: Low   Confidence: High
   CWE: CWE-703 (https://cwe.mitre.org/data/definitions/703.html)
   More Info: https://bandit.readthedocs.io/en/1.7.7/plugins/b101_assert_used.html
   Location: .\exporter\opentelemetry-exporter-prometheus-remote-write\tests\test_prometheus_remote_write_exporter.py:283:4
282	    result = prom_rw._send_message(bytes(), {})
283	    assert mock_post.call_count == 1
284	    assert result == MetricExportResult.SUCCESS

--------------------------------------------------
>> Issue: [B101:assert_used] Use of assert detected. The enclosed code will be removed when compiling to optimised byte code.
   Severity: Low   Confidence: High
   CWE: CWE-703 (https://cwe.mitre.org/data/definitions/703.html)
   More Info: https://bandit.readthedocs.io/en/1.7.7/plugins/b101_assert_used.html
   Location: .\exporter\opentelemetry-exporter-prometheus-remote-write\tests\test_prometheus_remote_write_exporter.py:284:4
283	    assert mock_post.call_count == 1
284	    assert result == MetricExportResult.SUCCESS
285	

--------------------------------------------------
>> Issue: [B101:assert_used] Use of assert detected. The enclosed code will be removed when compiling to optimised byte code.
   Severity: Low   Confidence: High
   CWE: CWE-703 (https://cwe.mitre.org/data/definitions/703.html)
   More Info: https://bandit.readthedocs.io/en/1.7.7/plugins/b101_assert_used.html
   Location: .\exporter\opentelemetry-exporter-prometheus-remote-write\tests\test_prometheus_remote_write_exporter.py:289:4
288	    result = prom_rw._send_message(bytes(), {})
289	    assert result == MetricExportResult.FAILURE
290	

--------------------------------------------------
>> Issue: [B101:assert_used] Use of assert detected. The enclosed code will be removed when compiling to optimised byte code.
   Severity: Low   Confidence: High
   CWE: CWE-703 (https://cwe.mitre.org/data/definitions/703.html)
   More Info: https://bandit.readthedocs.io/en/1.7.7/plugins/b101_assert_used.html
   Location: .\exporter\opentelemetry-exporter-prometheus-remote-write\tests\test_prometheus_remote_write_exporter.py:296:4
295	    message = prom_rw._build_message([TimeSeries()])
296	    assert mock_compress.call_count == 1
297	    assert isinstance(message, bytes)

--------------------------------------------------
>> Issue: [B101:assert_used] Use of assert detected. The enclosed code will be removed when compiling to optimised byte code.
   Severity: Low   Confidence: High
   CWE: CWE-703 (https://cwe.mitre.org/data/definitions/703.html)
   More Info: https://bandit.readthedocs.io/en/1.7.7/plugins/b101_assert_used.html
   Location: .\exporter\opentelemetry-exporter-prometheus-remote-write\tests\test_prometheus_remote_write_exporter.py:297:4
296	    assert mock_compress.call_count == 1
297	    assert isinstance(message, bytes)
298	

--------------------------------------------------
>> Issue: [B101:assert_used] Use of assert detected. The enclosed code will be removed when compiling to optimised byte code.
   Severity: Low   Confidence: High
   CWE: CWE-703 (https://cwe.mitre.org/data/definitions/703.html)
   More Info: https://bandit.readthedocs.io/en/1.7.7/plugins/b101_assert_used.html
   Location: .\exporter\opentelemetry-exporter-prometheus-remote-write\tests\test_prometheus_remote_write_exporter.py:305:4
304	    headers = prom_rw._build_headers()
305	    assert headers["Content-Encoding"] == "snappy"
306	    assert headers["Content-Type"] == "application/x-protobuf"

--------------------------------------------------
>> Issue: [B101:assert_used] Use of assert detected. The enclosed code will be removed when compiling to optimised byte code.
   Severity: Low   Confidence: High
   CWE: CWE-703 (https://cwe.mitre.org/data/definitions/703.html)
   More Info: https://bandit.readthedocs.io/en/1.7.7/plugins/b101_assert_used.html
   Location: .\exporter\opentelemetry-exporter-prometheus-remote-write\tests\test_prometheus_remote_write_exporter.py:306:4
305	    assert headers["Content-Encoding"] == "snappy"
306	    assert headers["Content-Type"] == "application/x-protobuf"
307	    assert headers["X-Prometheus-Remote-Write-Version"] == "0.1.0"

--------------------------------------------------
>> Issue: [B101:assert_used] Use of assert detected. The enclosed code will be removed when compiling to optimised byte code.
   Severity: Low   Confidence: High
   CWE: CWE-703 (https://cwe.mitre.org/data/definitions/703.html)
   More Info: https://bandit.readthedocs.io/en/1.7.7/plugins/b101_assert_used.html
   Location: .\exporter\opentelemetry-exporter-prometheus-remote-write\tests\test_prometheus_remote_write_exporter.py:307:4
306	    assert headers["Content-Type"] == "application/x-protobuf"
307	    assert headers["X-Prometheus-Remote-Write-Version"] == "0.1.0"
308	    assert headers["Custom Header"] == "test_header"

--------------------------------------------------
>> Issue: [B101:assert_used] Use of assert detected. The enclosed code will be removed when compiling to optimised byte code.
   Severity: Low   Confidence: High
   CWE: CWE-703 (https://cwe.mitre.org/data/definitions/703.html)
   More Info: https://bandit.readthedocs.io/en/1.7.7/plugins/b101_assert_used.html
   Location: .\exporter\opentelemetry-exporter-prometheus-remote-write\tests\test_prometheus_remote_write_exporter.py:308:4
307	    assert headers["X-Prometheus-Remote-Write-Version"] == "0.1.0"
308	    assert headers["Custom Header"] == "test_header"

--------------------------------------------------
>> Issue: [B101:assert_used] Use of assert detected. The enclosed code will be removed when compiling to optimised byte code.
   Severity: Low   Confidence: High
   CWE: CWE-703 (https://cwe.mitre.org/data/definitions/703.html)
   More Info: https://bandit.readthedocs.io/en/1.7.7/plugins/b101_assert_used.html
   Location: .\exporter\opentelemetry-exporter-richconsole\tests\test_rich_exporter.py:51:4
50	
51	    assert "V4LuE" in captured.out
52	

--------------------------------------------------
>> Issue: [B101:assert_used] Use of assert detected. The enclosed code will be removed when compiling to optimised byte code.
   Severity: Low   Confidence: High
   CWE: CWE-703 (https://cwe.mitre.org/data/definitions/703.html)
   More Info: https://bandit.readthedocs.io/en/1.7.7/plugins/b101_assert_used.html
   Location: .\exporter\opentelemetry-exporter-richconsole\tests\test_rich_exporter.py:73:4
72	    # asserts that we have all traces
73	    assert len(trees) == 2
74	    traceid_1 = opentelemetry.trace.format_trace_id(parent_1.context.trace_id)

--------------------------------------------------
>> Issue: [B101:assert_used] Use of assert detected. The enclosed code will be removed when compiling to optimised byte code.
   Severity: Low   Confidence: High
   CWE: CWE-703 (https://cwe.mitre.org/data/definitions/703.html)
   More Info: https://bandit.readthedocs.io/en/1.7.7/plugins/b101_assert_used.html
   Location: .\exporter\opentelemetry-exporter-richconsole\tests\test_rich_exporter.py:76:4
75	
76	    assert traceid_1 in trees
77	

--------------------------------------------------
>> Issue: [B101:assert_used] Use of assert detected. The enclosed code will be removed when compiling to optimised byte code.
   Severity: Low   Confidence: High
   CWE: CWE-703 (https://cwe.mitre.org/data/definitions/703.html)
   More Info: https://bandit.readthedocs.io/en/1.7.7/plugins/b101_assert_used.html
   Location: .\exporter\opentelemetry-exporter-richconsole\tests\test_rich_exporter.py:78:4
77	
78	    assert (
79	        opentelemetry.trace.format_trace_id(parent_2.context.trace_id) in trees
80	    )
81	

--------------------------------------------------
>> Issue: [B101:assert_used] Use of assert detected. The enclosed code will be removed when compiling to optimised byte code.
   Severity: Low   Confidence: High
   CWE: CWE-703 (https://cwe.mitre.org/data/definitions/703.html)
   More Info: https://bandit.readthedocs.io/en/1.7.7/plugins/b101_assert_used.html
   Location: .\exporter\opentelemetry-exporter-richconsole\tests\test_rich_exporter.py:83:4
82	    # asserts that we have exactly the number of spans we exported
83	    assert sum(walk_tree(tree) for tree in trees.values()) == 3
84	

--------------------------------------------------
>> Issue: [B101:assert_used] Use of assert detected. The enclosed code will be removed when compiling to optimised byte code.
   Severity: Low   Confidence: High
   CWE: CWE-703 (https://cwe.mitre.org/data/definitions/703.html)
   More Info: https://bandit.readthedocs.io/en/1.7.7/plugins/b101_assert_used.html
   Location: .\exporter\opentelemetry-exporter-richconsole\tests\test_rich_exporter.py:86:4
85	    # assert that the relationship is correct
86	    assert parent_1.name in trees[traceid_1].children[0].label
87	    assert any(

--------------------------------------------------
>> Issue: [B101:assert_used] Use of assert detected. The enclosed code will be removed when compiling to optimised byte code.
   Severity: Low   Confidence: High
   CWE: CWE-703 (https://cwe.mitre.org/data/definitions/703.html)
   More Info: https://bandit.readthedocs.io/en/1.7.7/plugins/b101_assert_used.html
   Location: .\exporter\opentelemetry-exporter-richconsole\tests\test_rich_exporter.py:87:4
86	    assert parent_1.name in trees[traceid_1].children[0].label
87	    assert any(
88	        child_1.name in child.label
89	        for child in trees[traceid_1].children[0].children
90	    )
91	    assert not any(

--------------------------------------------------
>> Issue: [B101:assert_used] Use of assert detected. The enclosed code will be removed when compiling to optimised byte code.
   Severity: Low   Confidence: High
   CWE: CWE-703 (https://cwe.mitre.org/data/definitions/703.html)
   More Info: https://bandit.readthedocs.io/en/1.7.7/plugins/b101_assert_used.html
   Location: .\exporter\opentelemetry-exporter-richconsole\tests\test_rich_exporter.py:91:4
90	    )
91	    assert not any(
92	        parent_1.name in child.label
93	        for child in trees[traceid_1].children[0].children
94	    )
95	    assert not any(

--------------------------------------------------
>> Issue: [B101:assert_used] Use of assert detected. The enclosed code will be removed when compiling to optimised byte code.
   Severity: Low   Confidence: High
   CWE: CWE-703 (https://cwe.mitre.org/data/definitions/703.html)
   More Info: https://bandit.readthedocs.io/en/1.7.7/plugins/b101_assert_used.html
   Location: .\exporter\opentelemetry-exporter-richconsole\tests\test_rich_exporter.py:95:4
94	    )
95	    assert not any(
96	        parent_2.name in child.label
97	        for child in trees[traceid_1].children[0].children
98	    )

--------------------------------------------------
>> Issue: [B105:hardcoded_password_string] Possible hardcoded password: 'guest'
   Severity: Low   Confidence: Medium
   CWE: CWE-259 (https://cwe.mitre.org/data/definitions/259.html)
   More Info: https://bandit.readthedocs.io/en/1.7.7/plugins/b105_hardcoded_password_string.html
   Location: .\instrumentation\opentelemetry-instrumentation-aio-pika\tests\consts.py:16:14
15	SERVER_USER = "guest"
16	SERVER_PASS = "guest"
17	SERVER_URL = URL(

--------------------------------------------------
>> Issue: [B101:assert_used] Use of assert detected. The enclosed code will be removed when compiling to optimised byte code.
   Severity: Low   Confidence: High
   CWE: CWE-703 (https://cwe.mitre.org/data/definitions/703.html)
   More Info: https://bandit.readthedocs.io/en/1.7.7/plugins/b101_assert_used.html
   Location: .\instrumentation\opentelemetry-instrumentation-aiohttp-client\tests\test_aiohttp_client_integration.py:88:12
87	        async def default_handler(request):
88	            assert "traceparent" in request.headers
89	            return aiohttp.web.Response(status=int(status_code))

--------------------------------------------------
>> Issue: [B101:assert_used] Use of assert detected. The enclosed code will be removed when compiling to optimised byte code.
   Severity: Low   Confidence: High
   CWE: CWE-703 (https://cwe.mitre.org/data/definitions/703.html)
   More Info: https://bandit.readthedocs.io/en/1.7.7/plugins/b101_assert_used.html
   Location: .\instrumentation\opentelemetry-instrumentation-aiohttp-client\tests\test_aiohttp_client_integration.py:264:12
263	            await asyncio.sleep(1)
264	            assert "traceparent" in request.headers
265	            return aiohttp.web.Response()

--------------------------------------------------
>> Issue: [B101:assert_used] Use of assert detected. The enclosed code will be removed when compiling to optimised byte code.
   Severity: Low   Confidence: High
   CWE: CWE-703 (https://cwe.mitre.org/data/definitions/703.html)
   More Info: https://bandit.readthedocs.io/en/1.7.7/plugins/b101_assert_used.html
   Location: .\instrumentation\opentelemetry-instrumentation-aiohttp-client\tests\test_aiohttp_client_integration.py:291:12
290	            location = request.url
291	            assert "traceparent" in request.headers
292	            raise aiohttp.web.HTTPFound(location=location)

--------------------------------------------------
>> Issue: [B104:hardcoded_bind_all_interfaces] Possible binding to all interfaces.
   Severity: Medium   Confidence: Medium
   CWE: CWE-605 (https://cwe.mitre.org/data/definitions/605.html)
   More Info: https://bandit.readthedocs.io/en/1.7.7/plugins/b104_hardcoded_bind_all_interfaces.html
   Location: .\instrumentation\opentelemetry-instrumentation-asgi\src\opentelemetry\instrumentation\asgi\__init__.py:389:37
388	    """Returns (host, port, full_url) tuple."""
389	    server = scope.get("server") or ["0.0.0.0", 80]
390	    port = server[1]

--------------------------------------------------
>> Issue: [B101:assert_used] Use of assert detected. The enclosed code will be removed when compiling to optimised byte code.
   Severity: Low   Confidence: High
   CWE: CWE-703 (https://cwe.mitre.org/data/definitions/703.html)
   More Info: https://bandit.readthedocs.io/en/1.7.7/plugins/b101_assert_used.html
   Location: .\instrumentation\opentelemetry-instrumentation-asgi\tests\test_asgi_custom_headers.py:18:4
17	    message = await receive()
18	    assert scope["type"] == "http"
19	    if message.get("type") == "http.request":

--------------------------------------------------
>> Issue: [B101:assert_used] Use of assert detected. The enclosed code will be removed when compiling to optimised byte code.
   Severity: Low   Confidence: High
   CWE: CWE-703 (https://cwe.mitre.org/data/definitions/703.html)
   More Info: https://bandit.readthedocs.io/en/1.7.7/plugins/b101_assert_used.html
   Location: .\instrumentation\opentelemetry-instrumentation-asgi\tests\test_asgi_custom_headers.py:44:4
43	async def websocket_app_with_custom_headers(scope, receive, send):
44	    assert scope["type"] == "websocket"
45	    while True:

--------------------------------------------------
>> Issue: [B101:assert_used] Use of assert detected. The enclosed code will be removed when compiling to optimised byte code.
   Severity: Low   Confidence: High
   CWE: CWE-703 (https://cwe.mitre.org/data/definitions/703.html)
   More Info: https://bandit.readthedocs.io/en/1.7.7/plugins/b101_assert_used.html
   Location: .\instrumentation\opentelemetry-instrumentation-asgi\tests\test_asgi_middleware.py:64:4
63	    scope["headers"] = [(b"content-length", b"128")]
64	    assert scope["type"] == "http"
65	    if message.get("type") == "http.request":

--------------------------------------------------
>> Issue: [B101:assert_used] Use of assert detected. The enclosed code will be removed when compiling to optimised byte code.
   Severity: Low   Confidence: High
   CWE: CWE-703 (https://cwe.mitre.org/data/definitions/703.html)
   More Info: https://bandit.readthedocs.io/en/1.7.7/plugins/b101_assert_used.html
   Location: .\instrumentation\opentelemetry-instrumentation-asgi\tests\test_asgi_middleware.py:80:4
79	async def websocket_app(scope, receive, send):
80	    assert scope["type"] == "websocket"
81	    while True:

--------------------------------------------------
>> Issue: [B101:assert_used] Use of assert detected. The enclosed code will be removed when compiling to optimised byte code.
   Severity: Low   Confidence: High
   CWE: CWE-703 (https://cwe.mitre.org/data/definitions/703.html)
   More Info: https://bandit.readthedocs.io/en/1.7.7/plugins/b101_assert_used.html
   Location: .\instrumentation\opentelemetry-instrumentation-asgi\tests\test_asgi_middleware.py:95:4
94	async def simple_asgi(scope, receive, send):
95	    assert isinstance(scope, dict)
96	    if scope["type"] == "http":

--------------------------------------------------
>> Issue: [B101:assert_used] Use of assert detected. The enclosed code will be removed when compiling to optimised byte code.
   Severity: Low   Confidence: High
   CWE: CWE-703 (https://cwe.mitre.org/data/definitions/703.html)
   More Info: https://bandit.readthedocs.io/en/1.7.7/plugins/b101_assert_used.html
   Location: .\instrumentation\opentelemetry-instrumentation-asgi\tests\test_asgi_middleware.py:103:4
102	async def error_asgi(scope, receive, send):
103	    assert isinstance(scope, dict)
104	    assert scope["type"] == "http"

--------------------------------------------------
>> Issue: [B101:assert_used] Use of assert detected. The enclosed code will be removed when compiling to optimised byte code.
   Severity: Low   Confidence: High
   CWE: CWE-703 (https://cwe.mitre.org/data/definitions/703.html)
   More Info: https://bandit.readthedocs.io/en/1.7.7/plugins/b101_assert_used.html
   Location: .\instrumentation\opentelemetry-instrumentation-asgi\tests\test_asgi_middleware.py:104:4
103	    assert isinstance(scope, dict)
104	    assert scope["type"] == "http"
105	    message = await receive()

--------------------------------------------------
>> Issue: [B104:hardcoded_bind_all_interfaces] Possible binding to all interfaces.
   Severity: Medium   Confidence: Medium
   CWE: CWE-605 (https://cwe.mitre.org/data/definitions/605.html)
   More Info: https://bandit.readthedocs.io/en/1.7.7/plugins/b104_hardcoded_bind_all_interfaces.html
   Location: .\instrumentation\opentelemetry-instrumentation-asgi\tests\test_asgi_middleware.py:296:46
295	                {
296	                    SpanAttributes.HTTP_HOST: "0.0.0.0",
297	                    SpanAttributes.NET_HOST_PORT: 80,
298	                    SpanAttributes.HTTP_URL: "http://0.0.0.0/",
299	                }
300	            )
301	            return expected

--------------------------------------------------
>> Issue: [B101:assert_used] Use of assert detected. The enclosed code will be removed when compiling to optimised byte code.
   Severity: Low   Confidence: High
   CWE: CWE-703 (https://cwe.mitre.org/data/definitions/703.html)
   More Info: https://bandit.readthedocs.io/en/1.7.7/plugins/b101_assert_used.html
   Location: .\instrumentation\opentelemetry-instrumentation-asgi\tests\test_asgi_middleware.py:616:12
615	        async def target_asgi(scope, receive, send):
616	            assert isinstance(scope, dict)
617	            if scope["type"] == "http":

--------------------------------------------------
>> Issue: [B101:assert_used] Use of assert detected. The enclosed code will be removed when compiling to optimised byte code.
   Severity: Low   Confidence: High
   CWE: CWE-703 (https://cwe.mitre.org/data/definitions/703.html)
   More Info: https://bandit.readthedocs.io/en/1.7.7/plugins/b101_assert_used.html
   Location: .\instrumentation\opentelemetry-instrumentation-aws-lambda\tests\test_aws_lambda_instrumentation_manual.py:135:8
134	
135	        assert spans
136	

--------------------------------------------------
>> Issue: [B101:assert_used] Use of assert detected. The enclosed code will be removed when compiling to optimised byte code.
   Severity: Low   Confidence: High
   CWE: CWE-703 (https://cwe.mitre.org/data/definitions/703.html)
   More Info: https://bandit.readthedocs.io/en/1.7.7/plugins/b101_assert_used.html
   Location: .\instrumentation\opentelemetry-instrumentation-aws-lambda\tests\test_aws_lambda_instrumentation_manual.py:218:12
217	            spans = self.memory_exporter.get_finished_spans()
218	            assert spans
219	            self.assertEqual(len(spans), 1)

--------------------------------------------------
>> Issue: [B101:assert_used] Use of assert detected. The enclosed code will be removed when compiling to optimised byte code.
   Severity: Low   Confidence: High
   CWE: CWE-703 (https://cwe.mitre.org/data/definitions/703.html)
   More Info: https://bandit.readthedocs.io/en/1.7.7/plugins/b101_assert_used.html
   Location: .\instrumentation\opentelemetry-instrumentation-aws-lambda\tests\test_aws_lambda_instrumentation_manual.py:282:12
281	            spans = self.memory_exporter.get_finished_spans()
282	            assert spans
283	            self.assertEqual(len(spans), 1)

--------------------------------------------------
>> Issue: [B101:assert_used] Use of assert detected. The enclosed code will be removed when compiling to optimised byte code.
   Severity: Low   Confidence: High
   CWE: CWE-703 (https://cwe.mitre.org/data/definitions/703.html)
   More Info: https://bandit.readthedocs.io/en/1.7.7/plugins/b101_assert_used.html
   Location: .\instrumentation\opentelemetry-instrumentation-aws-lambda\tests\test_aws_lambda_instrumentation_manual.py:321:8
320	
321	        assert spans
322	

--------------------------------------------------
>> Issue: [B101:assert_used] Use of assert detected. The enclosed code will be removed when compiling to optimised byte code.
   Severity: Low   Confidence: High
   CWE: CWE-703 (https://cwe.mitre.org/data/definitions/703.html)
   More Info: https://bandit.readthedocs.io/en/1.7.7/plugins/b101_assert_used.html
   Location: .\instrumentation\opentelemetry-instrumentation-aws-lambda\tests\test_aws_lambda_instrumentation_manual.py:349:8
348	
349	        assert spans
350	

--------------------------------------------------
>> Issue: [B101:assert_used] Use of assert detected. The enclosed code will be removed when compiling to optimised byte code.
   Severity: Low   Confidence: High
   CWE: CWE-703 (https://cwe.mitre.org/data/definitions/703.html)
   More Info: https://bandit.readthedocs.io/en/1.7.7/plugins/b101_assert_used.html
   Location: .\instrumentation\opentelemetry-instrumentation-aws-lambda\tests\test_aws_lambda_instrumentation_manual.py:406:8
405	
406	        assert spans
407	

--------------------------------------------------
>> Issue: [B101:assert_used] Use of assert detected. The enclosed code will be removed when compiling to optimised byte code.
   Severity: Low   Confidence: High
   CWE: CWE-703 (https://cwe.mitre.org/data/definitions/703.html)
   More Info: https://bandit.readthedocs.io/en/1.7.7/plugins/b101_assert_used.html
   Location: .\instrumentation\opentelemetry-instrumentation-aws-lambda\tests\test_aws_lambda_instrumentation_manual.py:429:8
428	        spans = self.memory_exporter.get_finished_spans()
429	        assert spans is not None
430	        self.assertEqual(len(spans), 0)

--------------------------------------------------
>> Issue: [B106:hardcoded_password_funcarg] Possible hardcoded password: 'dummy'
   Severity: Low   Confidence: Medium
   CWE: CWE-259 (https://cwe.mitre.org/data/definitions/259.html)
   More Info: https://bandit.readthedocs.io/en/1.7.7/plugins/b106_hardcoded_password_funcarg.html
   Location: .\instrumentation\opentelemetry-instrumentation-boto3sqs\tests\test_boto3sqs_instrumentation.py:41:11
40	def _make_sqs_client():
41	    return boto3.client(
42	        "sqs",
43	        region_name="us-east-1",
44	        aws_access_key_id="dummy",
45	        aws_secret_access_key="dummy",
46	    )
47	

--------------------------------------------------
>> Issue: [B105:hardcoded_password_string] Possible hardcoded password: 'testing'
   Severity: Low   Confidence: Medium
   CWE: CWE-259 (https://cwe.mitre.org/data/definitions/259.html)
   More Info: https://bandit.readthedocs.io/en/1.7.7/plugins/b105_hardcoded_password_string.html
   Location: .\instrumentation\opentelemetry-instrumentation-boto\tests\conftest.py:21:12
20	    environ["AWS_ACCESS_KEY_ID"] = "testing"
21	    environ["AWS_SECRET_ACCESS_KEY"] = "testing"
22	    environ["AWS_SECURITY_TOKEN"] = "testing"

--------------------------------------------------
>> Issue: [B105:hardcoded_password_string] Possible hardcoded password: 'testing'
   Severity: Low   Confidence: Medium
   CWE: CWE-259 (https://cwe.mitre.org/data/definitions/259.html)
   More Info: https://bandit.readthedocs.io/en/1.7.7/plugins/b105_hardcoded_password_string.html
   Location: .\instrumentation\opentelemetry-instrumentation-boto\tests\conftest.py:22:12
21	    environ["AWS_SECRET_ACCESS_KEY"] = "testing"
22	    environ["AWS_SECURITY_TOKEN"] = "testing"
23	    environ["AWS_SESSION_TOKEN"] = "testing"

--------------------------------------------------
>> Issue: [B105:hardcoded_password_string] Possible hardcoded password: 'testing'
   Severity: Low   Confidence: Medium
   CWE: CWE-259 (https://cwe.mitre.org/data/definitions/259.html)
   More Info: https://bandit.readthedocs.io/en/1.7.7/plugins/b105_hardcoded_password_string.html
   Location: .\instrumentation\opentelemetry-instrumentation-boto\tests\conftest.py:23:12
22	    environ["AWS_SECURITY_TOKEN"] = "testing"
23	    environ["AWS_SESSION_TOKEN"] = "testing"
24	

--------------------------------------------------
>> Issue: [B101:assert_used] Use of assert detected. The enclosed code will be removed when compiling to optimised byte code.
   Severity: Low   Confidence: High
   CWE: CWE-703 (https://cwe.mitre.org/data/definitions/703.html)
   More Info: https://bandit.readthedocs.io/en/1.7.7/plugins/b101_assert_used.html
   Location: .\instrumentation\opentelemetry-instrumentation-boto\tests\test_boto_instrumentation.py:38:4
37	    tag = span.attributes[SpanAttributes.HTTP_STATUS_CODE]
38	    assert tag == code, f"{tag} != {code}"
39	

--------------------------------------------------
>> Issue: [B101:assert_used] Use of assert detected. The enclosed code will be removed when compiling to optimised byte code.
   Severity: Low   Confidence: High
   CWE: CWE-703 (https://cwe.mitre.org/data/definitions/703.html)
   More Info: https://bandit.readthedocs.io/en/1.7.7/plugins/b101_assert_used.html
   Location: .\instrumentation\opentelemetry-instrumentation-boto\tests\test_boto_instrumentation.py:58:8
57	        spans = self.memory_exporter.get_finished_spans()
58	        assert spans
59	        self.assertEqual(len(spans), 1)

--------------------------------------------------
>> Issue: [B101:assert_used] Use of assert detected. The enclosed code will be removed when compiling to optimised byte code.
   Severity: Low   Confidence: High
   CWE: CWE-703 (https://cwe.mitre.org/data/definitions/703.html)
   More Info: https://bandit.readthedocs.io/en/1.7.7/plugins/b101_assert_used.html
   Location: .\instrumentation\opentelemetry-instrumentation-boto\tests\test_boto_instrumentation.py:69:8
68	        spans = self.memory_exporter.get_finished_spans()
69	        assert spans
70	        self.assertEqual(len(spans), 2)

--------------------------------------------------
>> Issue: [B101:assert_used] Use of assert detected. The enclosed code will be removed when compiling to optimised byte code.
   Severity: Low   Confidence: High
   CWE: CWE-703 (https://cwe.mitre.org/data/definitions/703.html)
   More Info: https://bandit.readthedocs.io/en/1.7.7/plugins/b101_assert_used.html
   Location: .\instrumentation\opentelemetry-instrumentation-boto\tests\test_boto_instrumentation.py:102:8
101	        spans = self.memory_exporter.get_finished_spans()
102	        assert spans
103	

--------------------------------------------------
>> Issue: [B101:assert_used] Use of assert detected. The enclosed code will be removed when compiling to optimised byte code.
   Severity: Low   Confidence: High
   CWE: CWE-703 (https://cwe.mitre.org/data/definitions/703.html)
   More Info: https://bandit.readthedocs.io/en/1.7.7/plugins/b101_assert_used.html
   Location: .\instrumentation\opentelemetry-instrumentation-boto\tests\test_boto_instrumentation.py:111:8
110	        spans = self.memory_exporter.get_finished_spans()
111	        assert spans
112	

--------------------------------------------------
>> Issue: [B101:assert_used] Use of assert detected. The enclosed code will be removed when compiling to optimised byte code.
   Severity: Low   Confidence: High
   CWE: CWE-703 (https://cwe.mitre.org/data/definitions/703.html)
   More Info: https://bandit.readthedocs.io/en/1.7.7/plugins/b101_assert_used.html
   Location: .\instrumentation\opentelemetry-instrumentation-boto\tests\test_boto_instrumentation.py:119:8
118	        spans = self.memory_exporter.get_finished_spans()
119	        assert spans
120	        self.assertEqual(len(spans), 1)

--------------------------------------------------
>> Issue: [B101:assert_used] Use of assert detected. The enclosed code will be removed when compiling to optimised byte code.
   Severity: Low   Confidence: High
   CWE: CWE-703 (https://cwe.mitre.org/data/definitions/703.html)
   More Info: https://bandit.readthedocs.io/en/1.7.7/plugins/b101_assert_used.html
   Location: .\instrumentation\opentelemetry-instrumentation-boto\tests\test_boto_instrumentation.py:129:8
128	        spans = self.memory_exporter.get_finished_spans()
129	        assert spans
130	        self.assertEqual(len(spans), 2)

--------------------------------------------------
>> Issue: [B101:assert_used] Use of assert detected. The enclosed code will be removed when compiling to optimised byte code.
   Severity: Low   Confidence: High
   CWE: CWE-703 (https://cwe.mitre.org/data/definitions/703.html)
   More Info: https://bandit.readthedocs.io/en/1.7.7/plugins/b101_assert_used.html
   Location: .\instrumentation\opentelemetry-instrumentation-boto\tests\test_boto_instrumentation.py:140:8
139	        spans = self.memory_exporter.get_finished_spans()
140	        assert spans
141	        self.assertEqual(len(spans), 3)

--------------------------------------------------
>> Issue: [B101:assert_used] Use of assert detected. The enclosed code will be removed when compiling to optimised byte code.
   Severity: Low   Confidence: High
   CWE: CWE-703 (https://cwe.mitre.org/data/definitions/703.html)
   More Info: https://bandit.readthedocs.io/en/1.7.7/plugins/b101_assert_used.html
   Location: .\instrumentation\opentelemetry-instrumentation-boto\tests\test_boto_instrumentation.py:155:12
154	            spans = self.memory_exporter.get_finished_spans()
155	            assert spans
156	            span = spans[2]

--------------------------------------------------
>> Issue: [B101:assert_used] Use of assert detected. The enclosed code will be removed when compiling to optimised byte code.
   Severity: Low   Confidence: High
   CWE: CWE-703 (https://cwe.mitre.org/data/definitions/703.html)
   More Info: https://bandit.readthedocs.io/en/1.7.7/plugins/b101_assert_used.html
   Location: .\instrumentation\opentelemetry-instrumentation-boto\tests\test_boto_instrumentation.py:170:8
169	        spans = self.memory_exporter.get_finished_spans()
170	        assert spans
171	        # create bucket

--------------------------------------------------
>> Issue: [B101:assert_used] Use of assert detected. The enclosed code will be removed when compiling to optimised byte code.
   Severity: Low   Confidence: High
   CWE: CWE-703 (https://cwe.mitre.org/data/definitions/703.html)
   More Info: https://bandit.readthedocs.io/en/1.7.7/plugins/b101_assert_used.html
   Location: .\instrumentation\opentelemetry-instrumentation-boto\tests\test_boto_instrumentation.py:197:8
196	        spans = self.memory_exporter.get_finished_spans()
197	        assert not spans, spans
198	

--------------------------------------------------
>> Issue: [B101:assert_used] Use of assert detected. The enclosed code will be removed when compiling to optimised byte code.
   Severity: Low   Confidence: High
   CWE: CWE-703 (https://cwe.mitre.org/data/definitions/703.html)
   More Info: https://bandit.readthedocs.io/en/1.7.7/plugins/b101_assert_used.html
   Location: .\instrumentation\opentelemetry-instrumentation-boto\tests\test_boto_instrumentation.py:209:8
208	        spans = self.memory_exporter.get_finished_spans()
209	        assert spans
210	        self.assertEqual(len(spans), 1)

--------------------------------------------------
>> Issue: [B101:assert_used] Use of assert detected. The enclosed code will be removed when compiling to optimised byte code.
   Severity: Low   Confidence: High
   CWE: CWE-703 (https://cwe.mitre.org/data/definitions/703.html)
   More Info: https://bandit.readthedocs.io/en/1.7.7/plugins/b101_assert_used.html
   Location: .\instrumentation\opentelemetry-instrumentation-boto\tests\test_boto_instrumentation.py:218:8
217	        spans = self.memory_exporter.get_finished_spans()
218	        assert spans
219	        self.assertEqual(len(spans), 1)

--------------------------------------------------
>> Issue: [B101:assert_used] Use of assert detected. The enclosed code will be removed when compiling to optimised byte code.
   Severity: Low   Confidence: High
   CWE: CWE-703 (https://cwe.mitre.org/data/definitions/703.html)
   More Info: https://bandit.readthedocs.io/en/1.7.7/plugins/b101_assert_used.html
   Location: .\instrumentation\opentelemetry-instrumentation-boto\tests\test_boto_instrumentation.py:237:8
236	        spans = self.memory_exporter.get_finished_spans()
237	        assert spans
238	        self.assertEqual(len(spans), 2)

--------------------------------------------------
>> Issue: [B101:assert_used] Use of assert detected. The enclosed code will be removed when compiling to optimised byte code.
   Severity: Low   Confidence: High
   CWE: CWE-703 (https://cwe.mitre.org/data/definitions/703.html)
   More Info: https://bandit.readthedocs.io/en/1.7.7/plugins/b101_assert_used.html
   Location: .\instrumentation\opentelemetry-instrumentation-boto\tests\test_boto_instrumentation.py:254:8
253	        spans = self.memory_exporter.get_finished_spans()
254	        assert spans
255	        span = spans[0]

--------------------------------------------------
>> Issue: [B101:assert_used] Use of assert detected. The enclosed code will be removed when compiling to optimised byte code.
   Severity: Low   Confidence: High
   CWE: CWE-703 (https://cwe.mitre.org/data/definitions/703.html)
   More Info: https://bandit.readthedocs.io/en/1.7.7/plugins/b101_assert_used.html
   Location: .\instrumentation\opentelemetry-instrumentation-boto\tests\test_boto_instrumentation.py:279:8
278	        spans = self.memory_exporter.get_finished_spans()
279	        assert spans
280	        span = spans[0]

--------------------------------------------------
>> Issue: [B106:hardcoded_password_funcarg] Possible hardcoded password: 'secret-key'
   Severity: Low   Confidence: Medium
   CWE: CWE-259 (https://cwe.mitre.org/data/definitions/259.html)
   More Info: https://bandit.readthedocs.io/en/1.7.7/plugins/b106_hardcoded_password_funcarg.html
   Location: .\instrumentation\opentelemetry-instrumentation-botocore\tests\test_botocore_dynamodb.py:38:8
37	        session = botocore.session.get_session()
38	        session.set_credentials(
39	            access_key="access-key", secret_key="secret-key"
40	        )
41	        self.client = session.create_client(

--------------------------------------------------
>> Issue: [B106:hardcoded_password_funcarg] Possible hardcoded password: 'secret-key'
   Severity: Low   Confidence: Medium
   CWE: CWE-259 (https://cwe.mitre.org/data/definitions/259.html)
   More Info: https://bandit.readthedocs.io/en/1.7.7/plugins/b106_hardcoded_password_funcarg.html
   Location: .\instrumentation\opentelemetry-instrumentation-botocore\tests\test_botocore_instrumentation.py:57:8
56	        self.session = botocore.session.get_session()
57	        self.session.set_credentials(
58	            access_key="access-key", secret_key="secret-key"
59	        )
60	        self.region = "us-west-2"

--------------------------------------------------
>> Issue: [B106:hardcoded_password_funcarg] Possible hardcoded password: 'secret-key'
   Severity: Low   Confidence: Medium
   CWE: CWE-259 (https://cwe.mitre.org/data/definitions/259.html)
   More Info: https://bandit.readthedocs.io/en/1.7.7/plugins/b106_hardcoded_password_funcarg.html
   Location: .\instrumentation\opentelemetry-instrumentation-botocore\tests\test_botocore_lambda.py:60:8
59	        session = botocore.session.get_session()
60	        session.set_credentials(
61	            access_key="access-key", secret_key="secret-key"
62	        )
63	        self.region = "us-west-2"

--------------------------------------------------
>> Issue: [B106:hardcoded_password_funcarg] Possible hardcoded password: 'secret-key'
   Severity: Low   Confidence: Medium
   CWE: CWE-259 (https://cwe.mitre.org/data/definitions/259.html)
   More Info: https://bandit.readthedocs.io/en/1.7.7/plugins/b106_hardcoded_password_funcarg.html
   Location: .\instrumentation\opentelemetry-instrumentation-botocore\tests\test_botocore_sns.py:39:8
38	        session = botocore.session.get_session()
39	        session.set_credentials(
40	            access_key="access-key", secret_key="secret-key"
41	        )
42	        self.client = session.create_client("sns", region_name="us-west-2")

--------------------------------------------------
>> Issue: [B106:hardcoded_password_funcarg] Possible hardcoded password: 'secret-key'
   Severity: Low   Confidence: Medium
   CWE: CWE-259 (https://cwe.mitre.org/data/definitions/259.html)
   More Info: https://bandit.readthedocs.io/en/1.7.7/plugins/b106_hardcoded_password_funcarg.html
   Location: .\instrumentation\opentelemetry-instrumentation-botocore\tests\test_botocore_sqs.py:15:8
14	        session = botocore.session.get_session()
15	        session.set_credentials(
16	            access_key="access-key", secret_key="secret-key"
17	        )
18	        self.region = "us-west-2"

--------------------------------------------------
>> Issue: [B101:assert_used] Use of assert detected. The enclosed code will be removed when compiling to optimised byte code.
   Severity: Low   Confidence: High
   CWE: CWE-703 (https://cwe.mitre.org/data/definitions/703.html)
   More Info: https://bandit.readthedocs.io/en/1.7.7/plugins/b101_assert_used.html
   Location: .\instrumentation\opentelemetry-instrumentation-botocore\tests\test_botocore_sqs.py:36:8
35	        spans = self.memory_exporter.get_finished_spans()
36	        assert spans
37	        self.assertEqual(len(spans), 2)

--------------------------------------------------
>> Issue: [B101:assert_used] Use of assert detected. The enclosed code will be removed when compiling to optimised byte code.
   Severity: Low   Confidence: High
   CWE: CWE-703 (https://cwe.mitre.org/data/definitions/703.html)
   More Info: https://bandit.readthedocs.io/en/1.7.7/plugins/b101_assert_used.html
   Location: .\instrumentation\opentelemetry-instrumentation-botocore\tests\test_botocore_sqs.py:69:8
68	        spans = self.memory_exporter.get_finished_spans()
69	        assert spans
70	        self.assertEqual(len(spans), 2)

--------------------------------------------------
>> Issue: [B101:assert_used] Use of assert detected. The enclosed code will be removed when compiling to optimised byte code.
   Severity: Low   Confidence: High
   CWE: CWE-703 (https://cwe.mitre.org/data/definitions/703.html)
   More Info: https://bandit.readthedocs.io/en/1.7.7/plugins/b101_assert_used.html
   Location: .\instrumentation\opentelemetry-instrumentation-botocore\tests\test_botocore_sqs.py:100:8
99	        spans = self.memory_exporter.get_finished_spans()
100	        assert spans
101	        self.assertEqual(len(spans), 3)

--------------------------------------------------
>> Issue: [B101:assert_used] Use of assert detected. The enclosed code will be removed when compiling to optimised byte code.
   Severity: Low   Confidence: High
   CWE: CWE-703 (https://cwe.mitre.org/data/definitions/703.html)
   More Info: https://bandit.readthedocs.io/en/1.7.7/plugins/b101_assert_used.html
   Location: .\instrumentation\opentelemetry-instrumentation-botocore\tests\test_botocore_sqs.py:127:8
126	        spans = self.memory_exporter.get_finished_spans()
127	        assert spans
128	        self.assertEqual(len(spans), 1)

--------------------------------------------------
>> Issue: [B105:hardcoded_password_string] Possible hardcoded password: 'opentelemetry-instrumentor-django.token'
   Severity: Low   Confidence: Medium
   CWE: CWE-259 (https://cwe.mitre.org/data/definitions/259.html)
   More Info: https://bandit.readthedocs.io/en/1.7.7/plugins/b105_hardcoded_password_string.html
   Location: .\instrumentation\opentelemetry-instrumentation-django\src\opentelemetry\instrumentation\django\middleware\otel_middleware.py:145:21
144	    )
145	    _environ_token = "opentelemetry-instrumentor-django.token"
146	    _environ_span_key = "opentelemetry-instrumentor-django.span_key"

--------------------------------------------------
>> Issue: [B106:hardcoded_password_funcarg] Possible hardcoded password: 'My Secret Value'
   Severity: Low   Confidence: Medium
   CWE: CWE-259 (https://cwe.mitre.org/data/definitions/259.html)
   More Info: https://bandit.readthedocs.io/en/1.7.7/plugins/b106_hardcoded_password_funcarg.html
   Location: .\instrumentation\opentelemetry-instrumentation-django\tests\test_middleware.py:609:8
608	        }
609	        Client(
610	            HTTP_CUSTOM_TEST_HEADER_1="test-header-value-1",
611	            HTTP_CUSTOM_TEST_HEADER_2="test-header-value-2",
612	            HTTP_REGEX_TEST_HEADER_1="Regex Test Value 1",
613	            HTTP_REGEX_TEST_HEADER_2="RegexTestValue2,RegexTestValue3",
614	            HTTP_MY_SECRET_HEADER="My Secret Value",
615	        ).get("/traced/")
616	        spans = self.exporter.get_finished_spans()

--------------------------------------------------
>> Issue: [B110:try_except_pass] Try, Except, Pass detected.
   Severity: Low   Confidence: High
   CWE: CWE-703 (https://cwe.mitre.org/data/definitions/703.html)
   More Info: https://bandit.readthedocs.io/en/1.7.7/plugins/b110_try_except_pass.html
   Location: .\instrumentation\opentelemetry-instrumentation-elasticsearch\tests\test_elasticsearch.py:183:8
182	            es.get(index="test-index", doc_type="_doc", id=1)
183	        except Exception:  # pylint: disable=broad-except
184	            pass
185	

--------------------------------------------------
>> Issue: [B101:assert_used] Use of assert detected. The enclosed code will be removed when compiling to optimised byte code.
   Severity: Low   Confidence: High
   CWE: CWE-703 (https://cwe.mitre.org/data/definitions/703.html)
   More Info: https://bandit.readthedocs.io/en/1.7.7/plugins/b101_assert_used.html
   Location: .\instrumentation\opentelemetry-instrumentation-elasticsearch\tests\test_elasticsearch.py:289:8
288	        spans = self.get_finished_spans()
289	        assert spans
290	        self.assertEqual(2, len(spans))

--------------------------------------------------
>> Issue: [B101:assert_used] Use of assert detected. The enclosed code will be removed when compiling to optimised byte code.
   Severity: Low   Confidence: High
   CWE: CWE-703 (https://cwe.mitre.org/data/definitions/703.html)
   More Info: https://bandit.readthedocs.io/en/1.7.7/plugins/b101_assert_used.html
   Location: .\instrumentation\opentelemetry-instrumentation-elasticsearch\tests\test_elasticsearch.py:316:8
315	        spans = self.get_finished_spans()
316	        assert spans
317	

--------------------------------------------------
>> Issue: [B105:hardcoded_password_string] Possible hardcoded password: 'opentelemetry-falcon.token'
   Severity: Low   Confidence: Medium
   CWE: CWE-259 (https://cwe.mitre.org/data/definitions/259.html)
   More Info: https://bandit.readthedocs.io/en/1.7.7/plugins/b105_hardcoded_password_string.html
   Location: .\instrumentation\opentelemetry-instrumentation-falcon\src\opentelemetry\instrumentation\falcon\__init__.py:219:17
218	_ENVIRON_ACTIVATION_KEY = "opentelemetry-falcon.activation_key"
219	_ENVIRON_TOKEN = "opentelemetry-falcon.token"
220	_ENVIRON_EXC = "opentelemetry-falcon.exc"

--------------------------------------------------
>> Issue: [B101:assert_used] Use of assert detected. The enclosed code will be removed when compiling to optimised byte code.
   Severity: Low   Confidence: High
   CWE: CWE-703 (https://cwe.mitre.org/data/definitions/703.html)
   More Info: https://bandit.readthedocs.io/en/1.7.7/plugins/b101_assert_used.html
   Location: .\instrumentation\opentelemetry-instrumentation-falcon\tests\test_falcon.py:442:12
441	            span = self.memory_exporter.get_finished_spans()[0]
442	            assert span.status.is_ok
443	            self.assertEqual(trace.SpanKind.INTERNAL, span.kind)

--------------------------------------------------
>> Issue: [B101:assert_used] Use of assert detected. The enclosed code will be removed when compiling to optimised byte code.
   Severity: Low   Confidence: High
   CWE: CWE-703 (https://cwe.mitre.org/data/definitions/703.html)
   More Info: https://bandit.readthedocs.io/en/1.7.7/plugins/b101_assert_used.html
   Location: .\instrumentation\opentelemetry-instrumentation-falcon\tests\test_falcon.py:471:8
470	        span = self.memory_exporter.get_finished_spans()[0]
471	        assert span.status.is_ok
472	

--------------------------------------------------
>> Issue: [B101:assert_used] Use of assert detected. The enclosed code will be removed when compiling to optimised byte code.
   Severity: Low   Confidence: High
   CWE: CWE-703 (https://cwe.mitre.org/data/definitions/703.html)
   More Info: https://bandit.readthedocs.io/en/1.7.7/plugins/b101_assert_used.html
   Location: .\instrumentation\opentelemetry-instrumentation-falcon\tests\test_falcon.py:507:12
506	            span = self.memory_exporter.get_finished_spans()[0]
507	            assert span.status.is_ok
508	            not_expected = {

--------------------------------------------------
>> Issue: [B101:assert_used] Use of assert detected. The enclosed code will be removed when compiling to optimised byte code.
   Severity: Low   Confidence: High
   CWE: CWE-703 (https://cwe.mitre.org/data/definitions/703.html)
   More Info: https://bandit.readthedocs.io/en/1.7.7/plugins/b101_assert_used.html
   Location: .\instrumentation\opentelemetry-instrumentation-falcon\tests\test_falcon.py:535:8
534	        span = self.memory_exporter.get_finished_spans()[0]
535	        assert span.status.is_ok
536	        expected = {

--------------------------------------------------
>> Issue: [B101:assert_used] Use of assert detected. The enclosed code will be removed when compiling to optimised byte code.
   Severity: Low   Confidence: High
   CWE: CWE-703 (https://cwe.mitre.org/data/definitions/703.html)
   More Info: https://bandit.readthedocs.io/en/1.7.7/plugins/b101_assert_used.html
   Location: .\instrumentation\opentelemetry-instrumentation-falcon\tests\test_falcon.py:572:12
571	            span = self.memory_exporter.get_finished_spans()[0]
572	            assert span.status.is_ok
573	            not_expected = {

--------------------------------------------------
>> Issue: [B105:hardcoded_password_string] Possible hardcoded password: 'opentelemetry-flask.token'
   Severity: Low   Confidence: Medium
   CWE: CWE-259 (https://cwe.mitre.org/data/definitions/259.html)
   More Info: https://bandit.readthedocs.io/en/1.7.7/plugins/b105_hardcoded_password_string.html
   Location: .\instrumentation\opentelemetry-instrumentation-flask\src\opentelemetry\instrumentation\flask\__init__.py:270:17
269	_ENVIRON_REQCTX_REF_KEY = "opentelemetry-flask.reqctx_ref_key"
270	_ENVIRON_TOKEN = "opentelemetry-flask.token"
271	

--------------------------------------------------
>> Issue: [B311:blacklist] Standard pseudo-random generators are not suitable for security/cryptographic purposes.
   Severity: Low   Confidence: High
   CWE: CWE-330 (https://cwe.mitre.org/data/definitions/330.html)
   More Info: https://bandit.readthedocs.io/en/1.7.7/blacklists/blacklist_calls.html#b311-random
   Location: .\instrumentation\opentelemetry-instrumentation-flask\tests\base_test.py:60:23
59	            def inner():
60	                return randint(0, 100)
61	

--------------------------------------------------
>> Issue: [B101:assert_used] Use of assert detected. The enclosed code will be removed when compiling to optimised byte code.
   Severity: Low   Confidence: High
   CWE: CWE-703 (https://cwe.mitre.org/data/definitions/703.html)
   More Info: https://bandit.readthedocs.io/en/1.7.7/plugins/b101_assert_used.html
   Location: .\instrumentation\opentelemetry-instrumentation-grpc\tests\test_aio_client_interceptor.py:99:12
98	            response = await simple_method(stub)
99	            assert response.response_data == "data"
100	

--------------------------------------------------
>> Issue: [B101:assert_used] Use of assert detected. The enclosed code will be removed when compiling to optimised byte code.
   Severity: Low   Confidence: High
   CWE: CWE-703 (https://cwe.mitre.org/data/definitions/703.html)
   More Info: https://bandit.readthedocs.io/en/1.7.7/plugins/b101_assert_used.html
   Location: .\instrumentation\opentelemetry-instrumentation-grpc\tests\test_aio_client_interceptor.py:116:8
115	        response = await simple_method(stub)
116	        assert response.response_data == "data"
117	

--------------------------------------------------
>> Issue: [B101:assert_used] Use of assert detected. The enclosed code will be removed when compiling to optimised byte code.
   Severity: Low   Confidence: High
   CWE: CWE-703 (https://cwe.mitre.org/data/definitions/703.html)
   More Info: https://bandit.readthedocs.io/en/1.7.7/plugins/b101_assert_used.html
   Location: .\instrumentation\opentelemetry-instrumentation-grpc\tests\test_aio_client_interceptor.py:123:8
122	        response = await simple_method(self._stub)
123	        assert response.response_data == "data"
124	

--------------------------------------------------
>> Issue: [B101:assert_used] Use of assert detected. The enclosed code will be removed when compiling to optimised byte code.
   Severity: Low   Confidence: High
   CWE: CWE-703 (https://cwe.mitre.org/data/definitions/703.html)
   More Info: https://bandit.readthedocs.io/en/1.7.7/plugins/b101_assert_used.html
   Location: .\instrumentation\opentelemetry-instrumentation-grpc\tests\test_aio_client_interceptor.py:179:8
178	        response = await client_streaming_method(self._stub)
179	        assert response.response_data == "data"
180	

--------------------------------------------------
>> Issue: [B101:assert_used] Use of assert detected. The enclosed code will be removed when compiling to optimised byte code.
   Severity: Low   Confidence: High
   CWE: CWE-703 (https://cwe.mitre.org/data/definitions/703.html)
   More Info: https://bandit.readthedocs.io/en/1.7.7/plugins/b101_assert_used.html
   Location: .\instrumentation\opentelemetry-instrumentation-grpc\tests\test_aio_client_interceptor.py:308:12
307	            metadata = recording_interceptor.recorded_details.metadata
308	            assert len(metadata) == 2
309	            assert metadata[0][0] == "mock-traceid"

--------------------------------------------------
>> Issue: [B101:assert_used] Use of assert detected. The enclosed code will be removed when compiling to optimised byte code.
   Severity: Low   Confidence: High
   CWE: CWE-703 (https://cwe.mitre.org/data/definitions/703.html)
   More Info: https://bandit.readthedocs.io/en/1.7.7/plugins/b101_assert_used.html
   Location: .\instrumentation\opentelemetry-instrumentation-grpc\tests\test_aio_client_interceptor.py:309:12
308	            assert len(metadata) == 2
309	            assert metadata[0][0] == "mock-traceid"
310	            assert metadata[0][1] == "0"

--------------------------------------------------
>> Issue: [B101:assert_used] Use of assert detected. The enclosed code will be removed when compiling to optimised byte code.
   Severity: Low   Confidence: High
   CWE: CWE-703 (https://cwe.mitre.org/data/definitions/703.html)
   More Info: https://bandit.readthedocs.io/en/1.7.7/plugins/b101_assert_used.html
   Location: .\instrumentation\opentelemetry-instrumentation-grpc\tests\test_aio_client_interceptor.py:310:12
309	            assert metadata[0][0] == "mock-traceid"
310	            assert metadata[0][1] == "0"
311	            assert metadata[1][0] == "mock-spanid"

--------------------------------------------------
>> Issue: [B101:assert_used] Use of assert detected. The enclosed code will be removed when compiling to optimised byte code.
   Severity: Low   Confidence: High
   CWE: CWE-703 (https://cwe.mitre.org/data/definitions/703.html)
   More Info: https://bandit.readthedocs.io/en/1.7.7/plugins/b101_assert_used.html
   Location: .\instrumentation\opentelemetry-instrumentation-grpc\tests\test_aio_client_interceptor.py:311:12
310	            assert metadata[0][1] == "0"
311	            assert metadata[1][0] == "mock-spanid"
312	            assert metadata[1][1] == "0"

--------------------------------------------------
>> Issue: [B101:assert_used] Use of assert detected. The enclosed code will be removed when compiling to optimised byte code.
   Severity: Low   Confidence: High
   CWE: CWE-703 (https://cwe.mitre.org/data/definitions/703.html)
   More Info: https://bandit.readthedocs.io/en/1.7.7/plugins/b101_assert_used.html
   Location: .\instrumentation\opentelemetry-instrumentation-grpc\tests\test_aio_client_interceptor.py:312:12
311	            assert metadata[1][0] == "mock-spanid"
312	            assert metadata[1][1] == "0"
313	        finally:

--------------------------------------------------
>> Issue: [B101:assert_used] Use of assert detected. The enclosed code will be removed when compiling to optimised byte code.
   Severity: Low   Confidence: High
   CWE: CWE-703 (https://cwe.mitre.org/data/definitions/703.html)
   More Info: https://bandit.readthedocs.io/en/1.7.7/plugins/b101_assert_used.html
   Location: .\instrumentation\opentelemetry-instrumentation-grpc\tests\test_aio_client_interceptor.py:322:12
321	            response = await simple_method(self._stub)
322	            assert response.response_data == "data"
323	

--------------------------------------------------
>> Issue: [B101:assert_used] Use of assert detected. The enclosed code will be removed when compiling to optimised byte code.
   Severity: Low   Confidence: High
   CWE: CWE-703 (https://cwe.mitre.org/data/definitions/703.html)
   More Info: https://bandit.readthedocs.io/en/1.7.7/plugins/b101_assert_used.html
   Location: .\instrumentation\opentelemetry-instrumentation-grpc\tests\test_aio_client_interceptor.py:348:12
347	            response = await client_streaming_method(self._stub)
348	            assert response.response_data == "data"
349	

--------------------------------------------------
>> Issue: [B101:assert_used] Use of assert detected. The enclosed code will be removed when compiling to optimised byte code.
   Severity: Low   Confidence: High
   CWE: CWE-703 (https://cwe.mitre.org/data/definitions/703.html)
   More Info: https://bandit.readthedocs.io/en/1.7.7/plugins/b101_assert_used.html
   Location: .\instrumentation\opentelemetry-instrumentation-grpc\tests\test_aio_client_interceptor_filter.py:88:12
87	            response = await simple_method(stub)
88	            assert response.response_data == "data"
89	

--------------------------------------------------
>> Issue: [B101:assert_used] Use of assert detected. The enclosed code will be removed when compiling to optimised byte code.
   Severity: Low   Confidence: High
   CWE: CWE-703 (https://cwe.mitre.org/data/definitions/703.html)
   More Info: https://bandit.readthedocs.io/en/1.7.7/plugins/b101_assert_used.html
   Location: .\instrumentation\opentelemetry-instrumentation-grpc\tests\test_aio_client_interceptor_filter.py:111:12
110	            response = await simple_method(stub)
111	            assert response.response_data == "data"
112	

--------------------------------------------------
>> Issue: [B101:assert_used] Use of assert detected. The enclosed code will be removed when compiling to optimised byte code.
   Severity: Low   Confidence: High
   CWE: CWE-703 (https://cwe.mitre.org/data/definitions/703.html)
   More Info: https://bandit.readthedocs.io/en/1.7.7/plugins/b101_assert_used.html
   Location: .\instrumentation\opentelemetry-instrumentation-grpc\tests\test_aio_client_interceptor_filter.py:134:12
133	            response = await simple_method(stub)
134	            assert response.response_data == "data"
135	

--------------------------------------------------
>> Issue: [B101:assert_used] Use of assert detected. The enclosed code will be removed when compiling to optimised byte code.
   Severity: Low   Confidence: High
   CWE: CWE-703 (https://cwe.mitre.org/data/definitions/703.html)
   More Info: https://bandit.readthedocs.io/en/1.7.7/plugins/b101_assert_used.html
   Location: .\instrumentation\opentelemetry-instrumentation-grpc\tests\test_aio_client_interceptor_filter.py:143:8
142	        response = await simple_method(self._stub)
143	        assert response.response_data == "data"
144	

--------------------------------------------------
>> Issue: [B101:assert_used] Use of assert detected. The enclosed code will be removed when compiling to optimised byte code.
   Severity: Low   Confidence: High
   CWE: CWE-703 (https://cwe.mitre.org/data/definitions/703.html)
   More Info: https://bandit.readthedocs.io/en/1.7.7/plugins/b101_assert_used.html
   Location: .\instrumentation\opentelemetry-instrumentation-grpc\tests\test_aio_client_interceptor_filter.py:157:8
156	        response = await client_streaming_method(self._stub)
157	        assert response.response_data == "data"
158	

--------------------------------------------------
>> Issue: [B101:assert_used] Use of assert detected. The enclosed code will be removed when compiling to optimised byte code.
   Severity: Low   Confidence: High
   CWE: CWE-703 (https://cwe.mitre.org/data/definitions/703.html)
   More Info: https://bandit.readthedocs.io/en/1.7.7/plugins/b101_assert_used.html
   Location: .\instrumentation\opentelemetry-instrumentation-grpc\tests\test_aio_client_interceptor_hooks.py:83:12
82	            response = await simple_method(stub)
83	            assert response.response_data == "data"
84	

--------------------------------------------------
>> Issue: [B101:assert_used] Use of assert detected. The enclosed code will be removed when compiling to optimised byte code.
   Severity: Low   Confidence: High
   CWE: CWE-703 (https://cwe.mitre.org/data/definitions/703.html)
   More Info: https://bandit.readthedocs.io/en/1.7.7/plugins/b101_assert_used.html
   Location: .\instrumentation\opentelemetry-instrumentation-grpc\tests\test_aio_client_interceptor_hooks.py:112:12
111	            response = await simple_method(stub)
112	            assert response.response_data == "data"
113	

--------------------------------------------------
>> Issue: [B101:assert_used] Use of assert detected. The enclosed code will be removed when compiling to optimised byte code.
   Severity: Low   Confidence: High
   CWE: CWE-703 (https://cwe.mitre.org/data/definitions/703.html)
   More Info: https://bandit.readthedocs.io/en/1.7.7/plugins/b101_assert_used.html
   Location: .\instrumentation\opentelemetry-instrumentation-grpc\tests\test_client_interceptor.py:299:12
298	
299	            assert len(carrier) == 2
300	            assert carrier[0][0] == "mock-traceid"

--------------------------------------------------
>> Issue: [B101:assert_used] Use of assert detected. The enclosed code will be removed when compiling to optimised byte code.
   Severity: Low   Confidence: High
   CWE: CWE-703 (https://cwe.mitre.org/data/definitions/703.html)
   More Info: https://bandit.readthedocs.io/en/1.7.7/plugins/b101_assert_used.html
   Location: .\instrumentation\opentelemetry-instrumentation-grpc\tests\test_client_interceptor.py:300:12
299	            assert len(carrier) == 2
300	            assert carrier[0][0] == "mock-traceid"
301	            assert carrier[0][1] == "0"

--------------------------------------------------
>> Issue: [B101:assert_used] Use of assert detected. The enclosed code will be removed when compiling to optimised byte code.
   Severity: Low   Confidence: High
   CWE: CWE-703 (https://cwe.mitre.org/data/definitions/703.html)
   More Info: https://bandit.readthedocs.io/en/1.7.7/plugins/b101_assert_used.html
   Location: .\instrumentation\opentelemetry-instrumentation-grpc\tests\test_client_interceptor.py:301:12
300	            assert carrier[0][0] == "mock-traceid"
301	            assert carrier[0][1] == "0"
302	            assert carrier[1][0] == "mock-spanid"

--------------------------------------------------
>> Issue: [B101:assert_used] Use of assert detected. The enclosed code will be removed when compiling to optimised byte code.
   Severity: Low   Confidence: High
   CWE: CWE-703 (https://cwe.mitre.org/data/definitions/703.html)
   More Info: https://bandit.readthedocs.io/en/1.7.7/plugins/b101_assert_used.html
   Location: .\instrumentation\opentelemetry-instrumentation-grpc\tests\test_client_interceptor.py:302:12
301	            assert carrier[0][1] == "0"
302	            assert carrier[1][0] == "mock-spanid"
303	            assert carrier[1][1] == "0"

--------------------------------------------------
>> Issue: [B101:assert_used] Use of assert detected. The enclosed code will be removed when compiling to optimised byte code.
   Severity: Low   Confidence: High
   CWE: CWE-703 (https://cwe.mitre.org/data/definitions/703.html)
   More Info: https://bandit.readthedocs.io/en/1.7.7/plugins/b101_assert_used.html
   Location: .\instrumentation\opentelemetry-instrumentation-grpc\tests\test_client_interceptor.py:303:12
302	            assert carrier[1][0] == "mock-spanid"
303	            assert carrier[1][1] == "0"
304	

--------------------------------------------------
>> Issue: [B101:assert_used] Use of assert detected. The enclosed code will be removed when compiling to optimised byte code.
   Severity: Low   Confidence: High
   CWE: CWE-703 (https://cwe.mitre.org/data/definitions/703.html)
   More Info: https://bandit.readthedocs.io/en/1.7.7/plugins/b101_assert_used.html
   Location: .\instrumentation\opentelemetry-instrumentation-grpc\tests\test_client_interceptor_filter.py:224:12
223	
224	            assert len(carrier) == 2
225	            assert carrier[0][0] == "mock-traceid"

--------------------------------------------------
>> Issue: [B101:assert_used] Use of assert detected. The enclosed code will be removed when compiling to optimised byte code.
   Severity: Low   Confidence: High
   CWE: CWE-703 (https://cwe.mitre.org/data/definitions/703.html)
   More Info: https://bandit.readthedocs.io/en/1.7.7/plugins/b101_assert_used.html
   Location: .\instrumentation\opentelemetry-instrumentation-grpc\tests\test_client_interceptor_filter.py:225:12
224	            assert len(carrier) == 2
225	            assert carrier[0][0] == "mock-traceid"
226	            assert carrier[0][1] == "0"

--------------------------------------------------
>> Issue: [B101:assert_used] Use of assert detected. The enclosed code will be removed when compiling to optimised byte code.
   Severity: Low   Confidence: High
   CWE: CWE-703 (https://cwe.mitre.org/data/definitions/703.html)
   More Info: https://bandit.readthedocs.io/en/1.7.7/plugins/b101_assert_used.html
   Location: .\instrumentation\opentelemetry-instrumentation-grpc\tests\test_client_interceptor_filter.py:226:12
225	            assert carrier[0][0] == "mock-traceid"
226	            assert carrier[0][1] == "0"
227	            assert carrier[1][0] == "mock-spanid"

--------------------------------------------------
>> Issue: [B101:assert_used] Use of assert detected. The enclosed code will be removed when compiling to optimised byte code.
   Severity: Low   Confidence: High
   CWE: CWE-703 (https://cwe.mitre.org/data/definitions/703.html)
   More Info: https://bandit.readthedocs.io/en/1.7.7/plugins/b101_assert_used.html
   Location: .\instrumentation\opentelemetry-instrumentation-grpc\tests\test_client_interceptor_filter.py:227:12
226	            assert carrier[0][1] == "0"
227	            assert carrier[1][0] == "mock-spanid"
228	            assert carrier[1][1] == "0"

--------------------------------------------------
>> Issue: [B101:assert_used] Use of assert detected. The enclosed code will be removed when compiling to optimised byte code.
   Severity: Low   Confidence: High
   CWE: CWE-703 (https://cwe.mitre.org/data/definitions/703.html)
   More Info: https://bandit.readthedocs.io/en/1.7.7/plugins/b101_assert_used.html
   Location: .\instrumentation\opentelemetry-instrumentation-grpc\tests\test_client_interceptor_filter.py:228:12
227	            assert carrier[1][0] == "mock-spanid"
228	            assert carrier[1][1] == "0"
229	

--------------------------------------------------
>> Issue: [B101:assert_used] Use of assert detected. The enclosed code will be removed when compiling to optimised byte code.
   Severity: Low   Confidence: High
   CWE: CWE-703 (https://cwe.mitre.org/data/definitions/703.html)
   More Info: https://bandit.readthedocs.io/en/1.7.7/plugins/b101_assert_used.html
   Location: .\instrumentation\opentelemetry-instrumentation-grpc\tests\test_client_interceptor_filter.py:368:12
367	
368	            assert len(carrier) == 2
369	            assert carrier[0][0] == "mock-traceid"

--------------------------------------------------
>> Issue: [B101:assert_used] Use of assert detected. The enclosed code will be removed when compiling to optimised byte code.
   Severity: Low   Confidence: High
   CWE: CWE-703 (https://cwe.mitre.org/data/definitions/703.html)
   More Info: https://bandit.readthedocs.io/en/1.7.7/plugins/b101_assert_used.html
   Location: .\instrumentation\opentelemetry-instrumentation-grpc\tests\test_client_interceptor_filter.py:369:12
368	            assert len(carrier) == 2
369	            assert carrier[0][0] == "mock-traceid"
370	            assert carrier[0][1] == "0"

--------------------------------------------------
>> Issue: [B101:assert_used] Use of assert detected. The enclosed code will be removed when compiling to optimised byte code.
   Severity: Low   Confidence: High
   CWE: CWE-703 (https://cwe.mitre.org/data/definitions/703.html)
   More Info: https://bandit.readthedocs.io/en/1.7.7/plugins/b101_assert_used.html
   Location: .\instrumentation\opentelemetry-instrumentation-grpc\tests\test_client_interceptor_filter.py:370:12
369	            assert carrier[0][0] == "mock-traceid"
370	            assert carrier[0][1] == "0"
371	            assert carrier[1][0] == "mock-spanid"

--------------------------------------------------
>> Issue: [B101:assert_used] Use of assert detected. The enclosed code will be removed when compiling to optimised byte code.
   Severity: Low   Confidence: High
   CWE: CWE-703 (https://cwe.mitre.org/data/definitions/703.html)
   More Info: https://bandit.readthedocs.io/en/1.7.7/plugins/b101_assert_used.html
   Location: .\instrumentation\opentelemetry-instrumentation-grpc\tests\test_client_interceptor_filter.py:371:12
370	            assert carrier[0][1] == "0"
371	            assert carrier[1][0] == "mock-spanid"
372	            assert carrier[1][1] == "0"

--------------------------------------------------
>> Issue: [B101:assert_used] Use of assert detected. The enclosed code will be removed when compiling to optimised byte code.
   Severity: Low   Confidence: High
   CWE: CWE-703 (https://cwe.mitre.org/data/definitions/703.html)
   More Info: https://bandit.readthedocs.io/en/1.7.7/plugins/b101_assert_used.html
   Location: .\instrumentation\opentelemetry-instrumentation-grpc\tests\test_client_interceptor_filter.py:372:12
371	            assert carrier[1][0] == "mock-spanid"
372	            assert carrier[1][1] == "0"
373	

--------------------------------------------------
>> Issue: [B101:assert_used] Use of assert detected. The enclosed code will be removed when compiling to optimised byte code.
   Severity: Low   Confidence: High
   CWE: CWE-703 (https://cwe.mitre.org/data/definitions/703.html)
   More Info: https://bandit.readthedocs.io/en/1.7.7/plugins/b101_assert_used.html
   Location: .\instrumentation\opentelemetry-instrumentation-grpc\tests\test_client_interceptor_filter.py:631:12
630	
631	            assert len(carrier) == 2
632	            assert carrier[0][0] == "mock-traceid"

--------------------------------------------------
>> Issue: [B101:assert_used] Use of assert detected. The enclosed code will be removed when compiling to optimised byte code.
   Severity: Low   Confidence: High
   CWE: CWE-703 (https://cwe.mitre.org/data/definitions/703.html)
   More Info: https://bandit.readthedocs.io/en/1.7.7/plugins/b101_assert_used.html
   Location: .\instrumentation\opentelemetry-instrumentation-grpc\tests\test_client_interceptor_filter.py:632:12
631	            assert len(carrier) == 2
632	            assert carrier[0][0] == "mock-traceid"
633	            assert carrier[0][1] == "0"

--------------------------------------------------
>> Issue: [B101:assert_used] Use of assert detected. The enclosed code will be removed when compiling to optimised byte code.
   Severity: Low   Confidence: High
   CWE: CWE-703 (https://cwe.mitre.org/data/definitions/703.html)
   More Info: https://bandit.readthedocs.io/en/1.7.7/plugins/b101_assert_used.html
   Location: .\instrumentation\opentelemetry-instrumentation-grpc\tests\test_client_interceptor_filter.py:633:12
632	            assert carrier[0][0] == "mock-traceid"
633	            assert carrier[0][1] == "0"
634	            assert carrier[1][0] == "mock-spanid"

--------------------------------------------------
>> Issue: [B101:assert_used] Use of assert detected. The enclosed code will be removed when compiling to optimised byte code.
   Severity: Low   Confidence: High
   CWE: CWE-703 (https://cwe.mitre.org/data/definitions/703.html)
   More Info: https://bandit.readthedocs.io/en/1.7.7/plugins/b101_assert_used.html
   Location: .\instrumentation\opentelemetry-instrumentation-grpc\tests\test_client_interceptor_filter.py:634:12
633	            assert carrier[0][1] == "0"
634	            assert carrier[1][0] == "mock-spanid"
635	            assert carrier[1][1] == "0"

--------------------------------------------------
>> Issue: [B101:assert_used] Use of assert detected. The enclosed code will be removed when compiling to optimised byte code.
   Severity: Low   Confidence: High
   CWE: CWE-703 (https://cwe.mitre.org/data/definitions/703.html)
   More Info: https://bandit.readthedocs.io/en/1.7.7/plugins/b101_assert_used.html
   Location: .\instrumentation\opentelemetry-instrumentation-grpc\tests\test_client_interceptor_filter.py:635:12
634	            assert carrier[1][0] == "mock-spanid"
635	            assert carrier[1][1] == "0"
636	

--------------------------------------------------
>> Issue: [B101:assert_used] Use of assert detected. The enclosed code will be removed when compiling to optimised byte code.
   Severity: Low   Confidence: High
   CWE: CWE-703 (https://cwe.mitre.org/data/definitions/703.html)
   More Info: https://bandit.readthedocs.io/en/1.7.7/plugins/b101_assert_used.html
   Location: .\instrumentation\opentelemetry-instrumentation-grpc\tests\test_filters.py:143:4
142	    fn = filters.method_name(test_case[1])
143	    assert test_case[0] == fn(test_case[2])
144	

--------------------------------------------------
>> Issue: [B101:assert_used] Use of assert detected. The enclosed code will be removed when compiling to optimised byte code.
   Severity: Low   Confidence: High
   CWE: CWE-703 (https://cwe.mitre.org/data/definitions/703.html)
   More Info: https://bandit.readthedocs.io/en/1.7.7/plugins/b101_assert_used.html
   Location: .\instrumentation\opentelemetry-instrumentation-grpc\tests\test_filters.py:205:4
204	    fn = filters.method_prefix(test_case[1])
205	    assert test_case[0] == fn(test_case[2])
206	

--------------------------------------------------
>> Issue: [B101:assert_used] Use of assert detected. The enclosed code will be removed when compiling to optimised byte code.
   Severity: Low   Confidence: High
   CWE: CWE-703 (https://cwe.mitre.org/data/definitions/703.html)
   More Info: https://bandit.readthedocs.io/en/1.7.7/plugins/b101_assert_used.html
   Location: .\instrumentation\opentelemetry-instrumentation-grpc\tests\test_filters.py:251:4
250	    fn = filters.service_name(test_case[1])
251	    assert test_case[0] == fn(test_case[2])
252	

--------------------------------------------------
>> Issue: [B101:assert_used] Use of assert detected. The enclosed code will be removed when compiling to optimised byte code.
   Severity: Low   Confidence: High
   CWE: CWE-703 (https://cwe.mitre.org/data/definitions/703.html)
   More Info: https://bandit.readthedocs.io/en/1.7.7/plugins/b101_assert_used.html
   Location: .\instrumentation\opentelemetry-instrumentation-grpc\tests\test_filters.py:297:4
296	    fn = filters.service_prefix(test_case[1])
297	    assert test_case[0] == fn(test_case[2])
298	

--------------------------------------------------
>> Issue: [B101:assert_used] Use of assert detected. The enclosed code will be removed when compiling to optimised byte code.
   Severity: Low   Confidence: High
   CWE: CWE-703 (https://cwe.mitre.org/data/definitions/703.html)
   More Info: https://bandit.readthedocs.io/en/1.7.7/plugins/b101_assert_used.html
   Location: .\instrumentation\opentelemetry-instrumentation-grpc\tests\test_filters.py:339:4
338	    fn = filters.health_check()
339	    assert test_case[0] == fn(test_case[1])
340	

--------------------------------------------------
>> Issue: [B101:assert_used] Use of assert detected. The enclosed code will be removed when compiling to optimised byte code.
   Severity: Low   Confidence: High
   CWE: CWE-703 (https://cwe.mitre.org/data/definitions/703.html)
   More Info: https://bandit.readthedocs.io/en/1.7.7/plugins/b101_assert_used.html
   Location: .\instrumentation\opentelemetry-instrumentation-grpc\tests\test_filters.py:390:4
389	    fn = test_case[1]
390	    assert test_case[0] == fn(test_case[2])

--------------------------------------------------
>> Issue: [B701:jinja2_autoescape_false] By default, jinja2 sets autoescape to False. Consider using autoescape=True or use the select_autoescape function to mitigate XSS vulnerabilities.
   Severity: High   Confidence: High
   CWE: CWE-94 (https://cwe.mitre.org/data/definitions/94.html)
   More Info: https://bandit.readthedocs.io/en/1.7.7/plugins/b701_jinja2_autoescape_false.html
   Location: .\instrumentation\opentelemetry-instrumentation-jinja2\tests\test_jinja2.py:146:18
145	            loader = jinja2.loaders.FileSystemLoader(TMPL_DIR)
146	            env = jinja2.Environment(loader=loader)
147	            template = env.get_template("template.html")

--------------------------------------------------
>> Issue: [B701:jinja2_autoescape_false] By default, jinja2 sets autoescape to False. Consider using autoescape=True or use the select_autoescape function to mitigate XSS vulnerabilities.
   Severity: High   Confidence: High
   CWE: CWE-94 (https://cwe.mitre.org/data/definitions/94.html)
   More Info: https://bandit.readthedocs.io/en/1.7.7/plugins/b701_jinja2_autoescape_false.html
   Location: .\instrumentation\opentelemetry-instrumentation-jinja2\tests\test_jinja2.py:167:14
166	        loader = jinja2.loaders.FileSystemLoader(TMPL_DIR)
167	        env = jinja2.Environment(loader=loader)
168	        template = env.get_template("template.html")

--------------------------------------------------
>> Issue: [B101:assert_used] Use of assert detected. The enclosed code will be removed when compiling to optimised byte code.
   Severity: Low   Confidence: High
   CWE: CWE-703 (https://cwe.mitre.org/data/definitions/703.html)
   More Info: https://bandit.readthedocs.io/en/1.7.7/plugins/b101_assert_used.html
   Location: .\instrumentation\opentelemetry-instrumentation-kafka-python\tests\test_utils.py:222:8
221	        kafka_properties_extractor._partition.return_value = "partition"
222	        assert (
223	            KafkaPropertiesExtractor.extract_send_partition(
224	                kafka_properties_extractor, self.args, self.kwargs
225	            )
226	            == "partition"
227	        )
228	        kafka_properties_extractor._wait_on_metadata.side_effect = Exception(

--------------------------------------------------
>> Issue: [B101:assert_used] Use of assert detected. The enclosed code will be removed when compiling to optimised byte code.
   Severity: Low   Confidence: High
   CWE: CWE-703 (https://cwe.mitre.org/data/definitions/703.html)
   More Info: https://bandit.readthedocs.io/en/1.7.7/plugins/b101_assert_used.html
   Location: .\instrumentation\opentelemetry-instrumentation-kafka-python\tests\test_utils.py:231:8
230	        )
231	        assert (
232	            KafkaPropertiesExtractor.extract_send_partition(
233	                kafka_properties_extractor, self.args, self.kwargs
234	            )
235	            is None
236	        )

--------------------------------------------------
>> Issue: [B110:try_except_pass] Try, Except, Pass detected.
   Severity: Low   Confidence: High
   CWE: CWE-703 (https://cwe.mitre.org/data/definitions/703.html)
   More Info: https://bandit.readthedocs.io/en/1.7.7/plugins/b110_try_except_pass.html
   Location: .\instrumentation\opentelemetry-instrumentation-logging\src\opentelemetry\instrumentation\logging\__init__.py:123:24
122	                            )
123	                        except Exception:  # pylint: disable=W0703
124	                            pass
125	

--------------------------------------------------
>> Issue: [B101:assert_used] Use of assert detected. The enclosed code will be removed when compiling to optimised byte code.
   Severity: Low   Confidence: High
   CWE: CWE-703 (https://cwe.mitre.org/data/definitions/703.html)
   More Info: https://bandit.readthedocs.io/en/1.7.7/plugins/b101_assert_used.html
   Location: .\instrumentation\opentelemetry-instrumentation-pika\tests\test_pika_instrumentation.py:43:8
42	        )
43	        assert hasattr(
44	            instrumentation, "__opentelemetry_tracer_provider"
45	        ), "Tracer not stored for the object!"
46	        instrumentation.uninstrument(channel=self.channel)

--------------------------------------------------
>> Issue: [B101:assert_used] Use of assert detected. The enclosed code will be removed when compiling to optimised byte code.
   Severity: Low   Confidence: High
   CWE: CWE-703 (https://cwe.mitre.org/data/definitions/703.html)
   More Info: https://bandit.readthedocs.io/en/1.7.7/plugins/b101_assert_used.html
   Location: .\instrumentation\opentelemetry-instrumentation-pika\tests\test_pika_instrumentation.py:67:8
66	        PikaInstrumentor.instrument_channel(channel=self.channel)
67	        assert hasattr(
68	            self.channel, "_is_instrumented_by_opentelemetry"
69	        ), "channel is not marked as instrumented!"
70	        instrument_blocking_channel_consumers.assert_called_once()

--------------------------------------------------
>> Issue: [B101:assert_used] Use of assert detected. The enclosed code will be removed when compiling to optimised byte code.
   Severity: Low   Confidence: High
   CWE: CWE-703 (https://cwe.mitre.org/data/definitions/703.html)
   More Info: https://bandit.readthedocs.io/en/1.7.7/plugins/b101_assert_used.html
   Location: .\instrumentation\opentelemetry-instrumentation-pika\tests\test_pika_instrumentation.py:92:8
91	        )
92	        assert all(
93	            hasattr(callback, "_original_callback")
94	            for callback in self.channel._consumer_infos.values()
95	        )
96	

--------------------------------------------------
>> Issue: [B101:assert_used] Use of assert detected. The enclosed code will be removed when compiling to optimised byte code.
   Severity: Low   Confidence: High
   CWE: CWE-703 (https://cwe.mitre.org/data/definitions/703.html)
   More Info: https://bandit.readthedocs.io/en/1.7.7/plugins/b101_assert_used.html
   Location: .\instrumentation\opentelemetry-instrumentation-pymemcache\tests\test_pymemcache.py:127:8
126	        result = client.get_many([b"key1", b"key2"])
127	        assert not result
128	

--------------------------------------------------
>> Issue: [B101:assert_used] Use of assert detected. The enclosed code will be removed when compiling to optimised byte code.
   Severity: Low   Confidence: High
   CWE: CWE-703 (https://cwe.mitre.org/data/definitions/703.html)
   More Info: https://bandit.readthedocs.io/en/1.7.7/plugins/b101_assert_used.html
   Location: .\instrumentation\opentelemetry-instrumentation-pymemcache\tests\test_pymemcache.py:137:8
136	        result = client.get_multi([b"key1", b"key2"])
137	        assert not result
138	

--------------------------------------------------
>> Issue: [B101:assert_used] Use of assert detected. The enclosed code will be removed when compiling to optimised byte code.
   Severity: Low   Confidence: High
   CWE: CWE-703 (https://cwe.mitre.org/data/definitions/703.html)
   More Info: https://bandit.readthedocs.io/en/1.7.7/plugins/b101_assert_used.html
   Location: .\instrumentation\opentelemetry-instrumentation-pymemcache\tests\test_pymemcache.py:155:12
154	        else:
155	            assert len(result) == 0
156	            self.check_spans(spans, 1, ["set_multi key"])

--------------------------------------------------
>> Issue: [B101:assert_used] Use of assert detected. The enclosed code will be removed when compiling to optimised byte code.
   Severity: Low   Confidence: High
   CWE: CWE-703 (https://cwe.mitre.org/data/definitions/703.html)
   More Info: https://bandit.readthedocs.io/en/1.7.7/plugins/b101_assert_used.html
   Location: .\instrumentation\opentelemetry-instrumentation-pymemcache\tests\test_pymemcache.py:161:8
160	        result = client.delete(b"key", noreply=False)
161	        assert result is False
162	

--------------------------------------------------
>> Issue: [B101:assert_used] Use of assert detected. The enclosed code will be removed when compiling to optimised byte code.
   Severity: Low   Confidence: High
   CWE: CWE-703 (https://cwe.mitre.org/data/definitions/703.html)
   More Info: https://bandit.readthedocs.io/en/1.7.7/plugins/b101_assert_used.html
   Location: .\instrumentation\opentelemetry-instrumentation-pymemcache\tests\test_pymemcache.py:171:8
170	        result = client.incr(b"key", 1, noreply=False)
171	        assert result == 1
172	

--------------------------------------------------
>> Issue: [B101:assert_used] Use of assert detected. The enclosed code will be removed when compiling to optimised byte code.
   Severity: Low   Confidence: High
   CWE: CWE-703 (https://cwe.mitre.org/data/definitions/703.html)
   More Info: https://bandit.readthedocs.io/en/1.7.7/plugins/b101_assert_used.html
   Location: .\instrumentation\opentelemetry-instrumentation-pymemcache\tests\test_pymemcache.py:183:8
182	        result = client.get(b"key")
183	        assert result == b"value"
184	

--------------------------------------------------
>> Issue: [B101:assert_used] Use of assert detected. The enclosed code will be removed when compiling to optimised byte code.
   Severity: Low   Confidence: High
   CWE: CWE-703 (https://cwe.mitre.org/data/definitions/703.html)
   More Info: https://bandit.readthedocs.io/en/1.7.7/plugins/b101_assert_used.html
   Location: .\instrumentation\opentelemetry-instrumentation-pymemcache\tests\test_pymemcache.py:193:8
192	        result = client.decr(b"key", 1, noreply=False)
193	        assert result == 1
194	

--------------------------------------------------
>> Issue: [B101:assert_used] Use of assert detected. The enclosed code will be removed when compiling to optimised byte code.
   Severity: Low   Confidence: High
   CWE: CWE-703 (https://cwe.mitre.org/data/definitions/703.html)
   More Info: https://bandit.readthedocs.io/en/1.7.7/plugins/b101_assert_used.html
   Location: .\instrumentation\opentelemetry-instrumentation-pymemcache\tests\test_pymemcache.py:239:12
238	        else:
239	            assert len(result) == 0
240	            self.check_spans(spans, 1, ["set_many key"])

--------------------------------------------------
>> Issue: [B101:assert_used] Use of assert detected. The enclosed code will be removed when compiling to optimised byte code.
   Severity: Low   Confidence: High
   CWE: CWE-703 (https://cwe.mitre.org/data/definitions/703.html)
   More Info: https://bandit.readthedocs.io/en/1.7.7/plugins/b101_assert_used.html
   Location: .\instrumentation\opentelemetry-instrumentation-pymemcache\tests\test_pymemcache.py:248:8
247	        result = client.get(b"key")
248	        assert _str(result) == "value"
249	

--------------------------------------------------
>> Issue: [B101:assert_used] Use of assert detected. The enclosed code will be removed when compiling to optimised byte code.
   Severity: Low   Confidence: High
   CWE: CWE-703 (https://cwe.mitre.org/data/definitions/703.html)
   More Info: https://bandit.readthedocs.io/en/1.7.7/plugins/b101_assert_used.html
   Location: .\instrumentation\opentelemetry-instrumentation-pymemcache\tests\test_pymemcache.py:290:8
289	        result = client.cas(b"key", b"value", b"1", noreply=False)
290	        assert result is False
291	

--------------------------------------------------
>> Issue: [B101:assert_used] Use of assert detected. The enclosed code will be removed when compiling to optimised byte code.
   Severity: Low   Confidence: High
   CWE: CWE-703 (https://cwe.mitre.org/data/definitions/703.html)
   More Info: https://bandit.readthedocs.io/en/1.7.7/plugins/b101_assert_used.html
   Location: .\instrumentation\opentelemetry-instrumentation-pymemcache\tests\test_pymemcache.py:299:8
298	        result = client.cas(b"key", b"value", b"1", noreply=False)
299	        assert result is None
300	

--------------------------------------------------
>> Issue: [B101:assert_used] Use of assert detected. The enclosed code will be removed when compiling to optimised byte code.
   Severity: Low   Confidence: High
   CWE: CWE-703 (https://cwe.mitre.org/data/definitions/703.html)
   More Info: https://bandit.readthedocs.io/en/1.7.7/plugins/b101_assert_used.html
   Location: .\instrumentation\opentelemetry-instrumentation-pymemcache\tests\test_pymemcache.py:385:8
384	        result = client.gets(b"key")
385	        assert result == (b"value", b"10")
386	

--------------------------------------------------
>> Issue: [B101:assert_used] Use of assert detected. The enclosed code will be removed when compiling to optimised byte code.
   Severity: Low   Confidence: High
   CWE: CWE-703 (https://cwe.mitre.org/data/definitions/703.html)
   More Info: https://bandit.readthedocs.io/en/1.7.7/plugins/b101_assert_used.html
   Location: .\instrumentation\opentelemetry-instrumentation-pymemcache\tests\test_pymemcache.py:394:8
393	        result = client.touch(b"key", noreply=False)
394	        assert result is False
395	

--------------------------------------------------
>> Issue: [B101:assert_used] Use of assert detected. The enclosed code will be removed when compiling to optimised byte code.
   Severity: Low   Confidence: High
   CWE: CWE-703 (https://cwe.mitre.org/data/definitions/703.html)
   More Info: https://bandit.readthedocs.io/en/1.7.7/plugins/b101_assert_used.html
   Location: .\instrumentation\opentelemetry-instrumentation-pymemcache\tests\test_pymemcache.py:453:8
452	        client = self.make_client([])
453	        assert client.quit() is None
454	

--------------------------------------------------
>> Issue: [B101:assert_used] Use of assert detected. The enclosed code will be removed when compiling to optimised byte code.
   Severity: Low   Confidence: High
   CWE: CWE-703 (https://cwe.mitre.org/data/definitions/703.html)
   More Info: https://bandit.readthedocs.io/en/1.7.7/plugins/b101_assert_used.html
   Location: .\instrumentation\opentelemetry-instrumentation-pymemcache\tests\test_pymemcache.py:462:8
461	        result = client.replace(b"key", b"value", noreply=False)
462	        assert result is False
463	

--------------------------------------------------
>> Issue: [B101:assert_used] Use of assert detected. The enclosed code will be removed when compiling to optimised byte code.
   Severity: Low   Confidence: High
   CWE: CWE-703 (https://cwe.mitre.org/data/definitions/703.html)
   More Info: https://bandit.readthedocs.io/en/1.7.7/plugins/b101_assert_used.html
   Location: .\instrumentation\opentelemetry-instrumentation-pymemcache\tests\test_pymemcache.py:473:8
472	        result = client.version()
473	        assert result == b"1.2.3"
474	

--------------------------------------------------
>> Issue: [B101:assert_used] Use of assert detected. The enclosed code will be removed when compiling to optimised byte code.
   Severity: Low   Confidence: High
   CWE: CWE-703 (https://cwe.mitre.org/data/definitions/703.html)
   More Info: https://bandit.readthedocs.io/en/1.7.7/plugins/b101_assert_used.html
   Location: .\instrumentation\opentelemetry-instrumentation-pymemcache\tests\test_pymemcache.py:487:12
486	        if pymemcache_version_gt_341:
487	            assert client.sock.send_bufs == [b"stats\r\n"]
488	        else:

--------------------------------------------------
>> Issue: [B101:assert_used] Use of assert detected. The enclosed code will be removed when compiling to optimised byte code.
   Severity: Low   Confidence: High
   CWE: CWE-703 (https://cwe.mitre.org/data/definitions/703.html)
   More Info: https://bandit.readthedocs.io/en/1.7.7/plugins/b101_assert_used.html
   Location: .\instrumentation\opentelemetry-instrumentation-pymemcache\tests\test_pymemcache.py:489:12
488	        else:
489	            assert client.sock.send_bufs == [b"stats \r\n"]
490	        assert result == {b"fake_stats": 1}

--------------------------------------------------
>> Issue: [B101:assert_used] Use of assert detected. The enclosed code will be removed when compiling to optimised byte code.
   Severity: Low   Confidence: High
   CWE: CWE-703 (https://cwe.mitre.org/data/definitions/703.html)
   More Info: https://bandit.readthedocs.io/en/1.7.7/plugins/b101_assert_used.html
   Location: .\instrumentation\opentelemetry-instrumentation-pymemcache\tests\test_pymemcache.py:490:8
489	            assert client.sock.send_bufs == [b"stats \r\n"]
490	        assert result == {b"fake_stats": 1}
491	

--------------------------------------------------
>> Issue: [B101:assert_used] Use of assert detected. The enclosed code will be removed when compiling to optimised byte code.
   Severity: Low   Confidence: High
   CWE: CWE-703 (https://cwe.mitre.org/data/definitions/703.html)
   More Info: https://bandit.readthedocs.io/en/1.7.7/plugins/b101_assert_used.html
   Location: .\instrumentation\opentelemetry-instrumentation-pymemcache\tests\test_pymemcache.py:504:8
503	        result = client.get(b"key")
504	        assert _str(result) == "value"
505	

--------------------------------------------------
>> Issue: [B101:assert_used] Use of assert detected. The enclosed code will be removed when compiling to optimised byte code.
   Severity: Low   Confidence: High
   CWE: CWE-703 (https://cwe.mitre.org/data/definitions/703.html)
   More Info: https://bandit.readthedocs.io/en/1.7.7/plugins/b101_assert_used.html
   Location: .\instrumentation\opentelemetry-instrumentation-pymemcache\tests\test_pymemcache.py:522:8
521	        spans = self.memory_exporter.get_finished_spans()
522	        assert spans is not None
523	        self.assertEqual(len(spans), 0)

--------------------------------------------------
>> Issue: [B105:hardcoded_password_string] Possible hardcoded password: 'opentelemetry-pyramid.token'
   Severity: Low   Confidence: Medium
   CWE: CWE-259 (https://cwe.mitre.org/data/definitions/259.html)
   More Info: https://bandit.readthedocs.io/en/1.7.7/plugins/b105_hardcoded_password_string.html
   Location: .\instrumentation\opentelemetry-instrumentation-pyramid\src\opentelemetry\instrumentation\pyramid\callbacks.py:43:17
42	_ENVIRON_ENABLED_KEY = "opentelemetry-pyramid.tracing_enabled_key"
43	_ENVIRON_TOKEN = "opentelemetry-pyramid.token"
44	

--------------------------------------------------
>> Issue: [B113:request_without_timeout] Requests call without timeout
   Severity: Medium   Confidence: Low
   CWE: CWE-400 (https://cwe.mitre.org/data/definitions/400.html)
   More Info: https://bandit.readthedocs.io/en/1.7.7/plugins/b113_request_without_timeout.html
   Location: .\instrumentation\opentelemetry-instrumentation-requests\tests\test_requests_integration.py:459:19
458	        if session is None:
459	            return requests.get(url)
460	        return session.get(url)

--------------------------------------------------
>> Issue: [B113:request_without_timeout] Requests call without timeout
   Severity: Medium   Confidence: Low
   CWE: CWE-400 (https://cwe.mitre.org/data/definitions/400.html)
   More Info: https://bandit.readthedocs.io/en/1.7.7/plugins/b113_request_without_timeout.html
   Location: .\instrumentation\opentelemetry-instrumentation-requests\tests\test_requests_integration.py:470:17
469	    def test_if_headers_equals_none(self):
470	        result = requests.get(self.URL, headers=None)
471	        self.assertEqual(result.text, "Hello!")

--------------------------------------------------
>> Issue: [B113:request_without_timeout] Requests call without timeout
   Severity: Medium   Confidence: Low
   CWE: CWE-400 (https://cwe.mitre.org/data/definitions/400.html)
   More Info: https://bandit.readthedocs.io/en/1.7.7/plugins/b113_request_without_timeout.html
   Location: .\instrumentation\opentelemetry-instrumentation-requests\tests\test_requests_integration.py:504:15
503	    def perform_request(url: str) -> requests.Response:
504	        return requests.get(url)
505	

--------------------------------------------------
>> Issue: [B113:request_without_timeout] Requests call without timeout
   Severity: Medium   Confidence: Low
   CWE: CWE-400 (https://cwe.mitre.org/data/definitions/400.html)
   More Info: https://bandit.readthedocs.io/en/1.7.7/plugins/b113_request_without_timeout.html
   Location: .\instrumentation\opentelemetry-instrumentation-requests\tests\test_requests_ip_support.py:41:15
40	    def perform_request(url: str) -> requests.Response:
41	        return requests.get(url)
42	

--------------------------------------------------
>> Issue: [B101:assert_used] Use of assert detected. The enclosed code will be removed when compiling to optimised byte code.
   Severity: Low   Confidence: High
   CWE: CWE-703 (https://cwe.mitre.org/data/definitions/703.html)
   More Info: https://bandit.readthedocs.io/en/1.7.7/plugins/b101_assert_used.html
   Location: .\instrumentation\opentelemetry-instrumentation-sklearn\tests\test_sklearn.py:35:16
34	            if issubclass(estimator, tuple(DEFAULT_EXCLUDE_CLASSES)):
35	                assert not hasattr(estimator, original_method_name)
36	                continue

--------------------------------------------------
>> Issue: [B101:assert_used] Use of assert detected. The enclosed code will be removed when compiling to optimised byte code.
   Severity: Low   Confidence: High
   CWE: CWE-703 (https://cwe.mitre.org/data/definitions/703.html)
   More Info: https://bandit.readthedocs.io/en/1.7.7/plugins/b101_assert_used.html
   Location: .\instrumentation\opentelemetry-instrumentation-sklearn\tests\test_sklearn.py:39:16
38	            if isinstance(class_attr, property):
39	                assert not hasattr(estimator, original_method_name)
40	                continue

--------------------------------------------------
>> Issue: [B101:assert_used] Use of assert detected. The enclosed code will be removed when compiling to optimised byte code.
   Severity: Low   Confidence: High
   CWE: CWE-703 (https://cwe.mitre.org/data/definitions/703.html)
   More Info: https://bandit.readthedocs.io/en/1.7.7/plugins/b101_assert_used.html
   Location: .\instrumentation\opentelemetry-instrumentation-sklearn\tests\test_sklearn.py:45:16
44	            if delegator is not None:
45	                assert hasattr(delegator, "_otel_original_fn")
46	            elif hasattr(estimator, method_name):

--------------------------------------------------
>> Issue: [B101:assert_used] Use of assert detected. The enclosed code will be removed when compiling to optimised byte code.
   Severity: Low   Confidence: High
   CWE: CWE-703 (https://cwe.mitre.org/data/definitions/703.html)
   More Info: https://bandit.readthedocs.io/en/1.7.7/plugins/b101_assert_used.html
   Location: .\instrumentation\opentelemetry-instrumentation-sklearn\tests\test_sklearn.py:47:16
46	            elif hasattr(estimator, method_name):
47	                assert hasattr(estimator, original_method_name)
48	

--------------------------------------------------
>> Issue: [B101:assert_used] Use of assert detected. The enclosed code will be removed when compiling to optimised byte code.
   Severity: Low   Confidence: High
   CWE: CWE-703 (https://cwe.mitre.org/data/definitions/703.html)
   More Info: https://bandit.readthedocs.io/en/1.7.7/plugins/b101_assert_used.html
   Location: .\instrumentation\opentelemetry-instrumentation-sklearn\tests\test_sklearn.py:55:16
54	            if issubclass(estimator, tuple(DEFAULT_EXCLUDE_CLASSES)):
55	                assert not hasattr(estimator, original_method_name)
56	                continue

--------------------------------------------------
>> Issue: [B101:assert_used] Use of assert detected. The enclosed code will be removed when compiling to optimised byte code.
   Severity: Low   Confidence: High
   CWE: CWE-703 (https://cwe.mitre.org/data/definitions/703.html)
   More Info: https://bandit.readthedocs.io/en/1.7.7/plugins/b101_assert_used.html
   Location: .\instrumentation\opentelemetry-instrumentation-sklearn\tests\test_sklearn.py:59:16
58	            if isinstance(class_attr, property):
59	                assert not hasattr(estimator, original_method_name)
60	                continue

--------------------------------------------------
>> Issue: [B101:assert_used] Use of assert detected. The enclosed code will be removed when compiling to optimised byte code.
   Severity: Low   Confidence: High
   CWE: CWE-703 (https://cwe.mitre.org/data/definitions/703.html)
   More Info: https://bandit.readthedocs.io/en/1.7.7/plugins/b101_assert_used.html
   Location: .\instrumentation\opentelemetry-instrumentation-sklearn\tests\test_sklearn.py:65:16
64	            if delegator is not None:
65	                assert not hasattr(delegator, "_otel_original_fn")
66	            elif hasattr(estimator, method_name):

--------------------------------------------------
>> Issue: [B101:assert_used] Use of assert detected. The enclosed code will be removed when compiling to optimised byte code.
   Severity: Low   Confidence: High
   CWE: CWE-703 (https://cwe.mitre.org/data/definitions/703.html)
   More Info: https://bandit.readthedocs.io/en/1.7.7/plugins/b101_assert_used.html
   Location: .\instrumentation\opentelemetry-instrumentation-sklearn\tests\test_sklearn.py:67:16
66	            elif hasattr(estimator, method_name):
67	                assert not hasattr(estimator, original_method_name)
68	

--------------------------------------------------
>> Issue: [B101:assert_used] Use of assert detected. The enclosed code will be removed when compiling to optimised byte code.
   Severity: Low   Confidence: High
   CWE: CWE-703 (https://cwe.mitre.org/data/definitions/703.html)
   More Info: https://bandit.readthedocs.io/en/1.7.7/plugins/b101_assert_used.html
   Location: .\instrumentation\opentelemetry-instrumentation-sklearn\tests\test_sklearn.py:189:12
188	        for span in spans:
189	            assert span.attributes["model_name"] == "random_forest_model"

--------------------------------------------------
>> Issue: [B101:assert_used] Use of assert detected. The enclosed code will be removed when compiling to optimised byte code.
   Severity: Low   Confidence: High
   CWE: CWE-703 (https://cwe.mitre.org/data/definitions/703.html)
   More Info: https://bandit.readthedocs.io/en/1.7.7/plugins/b101_assert_used.html
   Location: .\instrumentation\opentelemetry-instrumentation-sqlalchemy\tests\test_sqlalchemy.py:429:8
428	        gc.collect()
429	        assert callback.call_count == 5

--------------------------------------------------
>> Issue: [B310:blacklist] Audit url open for permitted schemes. Allowing use of file:/ or custom schemes is often unexpected.
   Severity: Medium   Confidence: High
   CWE: CWE-22 (https://cwe.mitre.org/data/definitions/22.html)
   More Info: https://bandit.readthedocs.io/en/1.7.7/blacklists/blacklist_calls.html#b310-urllib-urlopen
   Location: .\instrumentation\opentelemetry-instrumentation-urllib\tests\test_metrics_instrumentation.py:57:13
56	        start_time = default_timer()
57	        with request.urlopen(self.URL) as result:
58	            client_duration_estimated = (default_timer() - start_time) * 1000

--------------------------------------------------
>> Issue: [B310:blacklist] Audit url open for permitted schemes. Allowing use of file:/ or custom schemes is often unexpected.
   Severity: Medium   Confidence: High
   CWE: CWE-22 (https://cwe.mitre.org/data/definitions/22.html)
   More Info: https://bandit.readthedocs.io/en/1.7.7/blacklists/blacklist_calls.html#b310-urllib-urlopen
   Location: .\instrumentation\opentelemetry-instrumentation-urllib\tests\test_metrics_instrumentation.py:125:13
124	        start_time = default_timer()
125	        with request.urlopen(self.URL_POST, data=data_encoded) as result:
126	            client_duration_estimated = (default_timer() - start_time) * 1000

--------------------------------------------------
>> Issue: [B310:blacklist] Audit url open for permitted schemes. Allowing use of file:/ or custom schemes is often unexpected.
   Severity: Medium   Confidence: High
   CWE: CWE-22 (https://cwe.mitre.org/data/definitions/22.html)
   More Info: https://bandit.readthedocs.io/en/1.7.7/blacklists/blacklist_calls.html#b310-urllib-urlopen
   Location: .\instrumentation\opentelemetry-instrumentation-urllib\tests\test_metrics_instrumentation.py:189:13
188	    def test_metric_uninstrument(self):
189	        with request.urlopen(self.URL):
190	            metrics = self.get_sorted_metrics()

--------------------------------------------------
>> Issue: [B310:blacklist] Audit url open for permitted schemes. Allowing use of file:/ or custom schemes is often unexpected.
   Severity: Medium   Confidence: High
   CWE: CWE-22 (https://cwe.mitre.org/data/definitions/22.html)
   More Info: https://bandit.readthedocs.io/en/1.7.7/blacklists/blacklist_calls.html#b310-urllib-urlopen
   Location: .\instrumentation\opentelemetry-instrumentation-urllib\tests\test_metrics_instrumentation.py:194:17
193	            URLLibInstrumentor().uninstrument()
194	            with request.urlopen(self.URL):
195	                metrics = self.get_sorted_metrics()

--------------------------------------------------
>> Issue: [B101:assert_used] Use of assert detected. The enclosed code will be removed when compiling to optimised byte code.
   Severity: Low   Confidence: High
   CWE: CWE-703 (https://cwe.mitre.org/data/definitions/703.html)
   More Info: https://bandit.readthedocs.io/en/1.7.7/plugins/b101_assert_used.html
   Location: .\instrumentation\opentelemetry-instrumentation-wsgi\tests\test_wsgi_middleware.py:55:4
54	def simple_wsgi(environ, start_response):
55	    assert isinstance(environ, dict)
56	    start_response("200 OK", [("Content-Type", "text/plain")])

--------------------------------------------------
>> Issue: [B101:assert_used] Use of assert detected. The enclosed code will be removed when compiling to optimised byte code.
   Severity: Low   Confidence: High
   CWE: CWE-703 (https://cwe.mitre.org/data/definitions/703.html)
   More Info: https://bandit.readthedocs.io/en/1.7.7/plugins/b101_assert_used.html
   Location: .\instrumentation\opentelemetry-instrumentation-wsgi\tests\test_wsgi_middleware.py:62:8
61	    def iter_wsgi(environ, start_response):
62	        assert isinstance(environ, dict)
63	        start_response("200 OK", [("Content-Type", "text/plain")])

--------------------------------------------------
>> Issue: [B101:assert_used] Use of assert detected. The enclosed code will be removed when compiling to optimised byte code.
   Severity: Low   Confidence: High
   CWE: CWE-703 (https://cwe.mitre.org/data/definitions/703.html)
   More Info: https://bandit.readthedocs.io/en/1.7.7/plugins/b101_assert_used.html
   Location: .\instrumentation\opentelemetry-instrumentation-wsgi\tests\test_wsgi_middleware.py:79:4
78	def error_wsgi(environ, start_response):
79	    assert isinstance(environ, dict)
80	    try:

--------------------------------------------------
>> Issue: [B101:assert_used] Use of assert detected. The enclosed code will be removed when compiling to optimised byte code.
   Severity: Low   Confidence: High
   CWE: CWE-703 (https://cwe.mitre.org/data/definitions/703.html)
   More Info: https://bandit.readthedocs.io/en/1.7.7/plugins/b101_assert_used.html
   Location: .\instrumentation\opentelemetry-instrumentation-wsgi\tests\test_wsgi_middleware.py:90:4
89	def error_wsgi_unhandled(environ, start_response):
90	    assert isinstance(environ, dict)
91	    raise ValueError

--------------------------------------------------
>> Issue: [B101:assert_used] Use of assert detected. The enclosed code will be removed when compiling to optimised byte code.
   Severity: Low   Confidence: High
   CWE: CWE-703 (https://cwe.mitre.org/data/definitions/703.html)
   More Info: https://bandit.readthedocs.io/en/1.7.7/plugins/b101_assert_used.html
   Location: .\instrumentation\opentelemetry-instrumentation-wsgi\tests\test_wsgi_middleware.py:95:4
94	def wsgi_with_custom_response_headers(environ, start_response):
95	    assert isinstance(environ, dict)
96	    start_response(

--------------------------------------------------
>> Issue: [B606:start_process_with_no_shell] Starting a process without a shell.
   Severity: Low   Confidence: Medium
   CWE: CWE-78 (https://cwe.mitre.org/data/definitions/78.html)
   More Info: https://bandit.readthedocs.io/en/1.7.7/plugins/b606_start_process_with_no_shell.html
   Location: .\opentelemetry-instrumentation\src\opentelemetry\instrumentation\auto_instrumentation\__init__.py:115:4
114	    executable = which(args.command)
115	    execl(executable, executable, *args.command_args)

--------------------------------------------------
>> Issue: [B404:blacklist] Consider possible security implications associated with the subprocess module.
   Severity: Low   Confidence: High
   CWE: CWE-78 (https://cwe.mitre.org/data/definitions/78.html)
   More Info: https://bandit.readthedocs.io/en/1.7.7/blacklists/blacklist_imports.html#b404-import-subprocess
   Location: .\opentelemetry-instrumentation\src\opentelemetry\instrumentation\bootstrap.py:19:0
18	import logging
19	import subprocess
20	import sys

--------------------------------------------------
>> Issue: [B603:subprocess_without_shell_equals_true] subprocess call - check for execution of untrusted input.
   Severity: Low   Confidence: High
   CWE: CWE-78 (https://cwe.mitre.org/data/definitions/78.html)
   More Info: https://bandit.readthedocs.io/en/1.7.7/plugins/b603_subprocess_without_shell_equals_true.html
   Location: .\opentelemetry-instrumentation\src\opentelemetry\instrumentation\bootstrap.py:53:4
52	    # explicit upgrade strategy to override potential pip config
53	    subprocess.check_call(
54	        [
55	            sys.executable,
56	            "-m",
57	            "pip",
58	            "install",
59	            "-U",
60	            "--upgrade-strategy",
61	            "only-if-needed",
62	            package,
63	        ]
64	    )
65	

--------------------------------------------------
>> Issue: [B603:subprocess_without_shell_equals_true] subprocess call - check for execution of untrusted input.
   Severity: Low   Confidence: High
   CWE: CWE-78 (https://cwe.mitre.org/data/definitions/78.html)
   More Info: https://bandit.readthedocs.io/en/1.7.7/plugins/b603_subprocess_without_shell_equals_true.html
   Location: .\opentelemetry-instrumentation\src\opentelemetry\instrumentation\bootstrap.py:75:9
74	    """
75	    with subprocess.Popen(
76	        [sys.executable, "-m", "pip", "check"], stdout=subprocess.PIPE
77	    ) as check_pipe:
78	        pip_check = check_pipe.communicate()[0].decode()

--------------------------------------------------
>> Issue: [B404:blacklist] Consider possible security implications associated with the subprocess module.
   Severity: Low   Confidence: High
   CWE: CWE-78 (https://cwe.mitre.org/data/definitions/78.html)
   More Info: https://bandit.readthedocs.io/en/1.7.7/blacklists/blacklist_imports.html#b404-import-subprocess
   Location: .\scripts\eachdist.py:8:0
7	import shutil
8	import subprocess
9	import sys

--------------------------------------------------
>> Issue: [B404:blacklist] Consider possible security implications associated with the subprocess module.
   Severity: Low   Confidence: High
   CWE: CWE-78 (https://cwe.mitre.org/data/definitions/78.html)
   More Info: https://bandit.readthedocs.io/en/1.7.7/blacklists/blacklist_imports.html#b404-import-subprocess
   Location: .\scripts\generate_instrumentation_bootstrap.py:20:0
19	import os
20	import subprocess
21	import sys

--------------------------------------------------
>> Issue: [B603:subprocess_without_shell_equals_true] subprocess call - check for execution of untrusted input.
   Severity: Low   Confidence: High
   CWE: CWE-78 (https://cwe.mitre.org/data/definitions/78.html)
   More Info: https://bandit.readthedocs.io/en/1.7.7/plugins/b603_subprocess_without_shell_equals_true.html
   Location: .\scripts\generate_instrumentation_bootstrap.py:89:4
88	
89	    subprocess.run(
90	        [
91	            sys.executable,
92	            "scripts/eachdist.py",
93	            "format",
94	            "--path",
95	            "opentelemetry-instrumentation/src",
96	        ],
97	        check=True,
98	    )
99	

--------------------------------------------------
>> Issue: [B101:assert_used] Use of assert detected. The enclosed code will be removed when compiling to optimised byte code.
   Severity: Low   Confidence: High
   CWE: CWE-703 (https://cwe.mitre.org/data/definitions/703.html)
   More Info: https://bandit.readthedocs.io/en/1.7.7/plugins/b101_assert_used.html
   Location: .\scripts\generate_instrumentation_metapackage.py:51:8
50	        ]
51	        assert len(src_pkgs) == 1
52	        name = src_pkgs[0]

--------------------------------------------------
>> Issue: [B102:exec_used] Use of exec detected.
   Severity: Medium   Confidence: High
   CWE: CWE-78 (https://cwe.mitre.org/data/definitions/78.html)
   More Info: https://bandit.readthedocs.io/en/1.7.7/plugins/b102_exec_used.html
   Location: .\scripts\generate_instrumentation_metapackage.py:61:12
60	        with open(version_filename, encoding="utf-8") as fh:
61	            exec(fh.read(), pkg_info)
62	

--------------------------------------------------
>> Issue: [B101:assert_used] Use of assert detected. The enclosed code will be removed when compiling to optimised byte code.
   Severity: Low   Confidence: High
   CWE: CWE-703 (https://cwe.mitre.org/data/definitions/703.html)
   More Info: https://bandit.readthedocs.io/en/1.7.7/plugins/b101_assert_used.html
   Location: .\scripts\generate_instrumentation_readme.py:52:8
51	        ]
52	        assert len(src_pkgs) == 1
53	        name = src_pkgs[0]

--------------------------------------------------
>> Issue: [B102:exec_used] Use of exec detected.
   Severity: Medium   Confidence: High
   CWE: CWE-78 (https://cwe.mitre.org/data/definitions/78.html)
   More Info: https://bandit.readthedocs.io/en/1.7.7/plugins/b102_exec_used.html
   Location: .\scripts\generate_instrumentation_readme.py:62:12
61	        with open(version_filename, encoding="utf-8") as fh:
62	            exec(fh.read(), pkg_info)
63	

--------------------------------------------------
>> Issue: [B404:blacklist] Consider possible security implications associated with the subprocess module.
   Severity: Low   Confidence: High
   CWE: CWE-78 (https://cwe.mitre.org/data/definitions/78.html)
   More Info: https://bandit.readthedocs.io/en/1.7.7/blacklists/blacklist_imports.html#b404-import-subprocess
   Location: .\scripts\otel_packaging.py:16:0
15	import os
16	import subprocess
17	from subprocess import CalledProcessError

--------------------------------------------------
>> Issue: [B404:blacklist] Consider possible security implications associated with the subprocess module.
   Severity: Low   Confidence: High
   CWE: CWE-78 (https://cwe.mitre.org/data/definitions/78.html)
   More Info: https://bandit.readthedocs.io/en/1.7.7/blacklists/blacklist_imports.html#b404-import-subprocess
   Location: .\scripts\otel_packaging.py:17:0
16	import subprocess
17	from subprocess import CalledProcessError
18	

--------------------------------------------------
>> Issue: [B607:start_process_with_partial_path] Starting a process with a partial executable path
   Severity: Low   Confidence: High
   CWE: CWE-78 (https://cwe.mitre.org/data/definitions/78.html)
   More Info: https://bandit.readthedocs.io/en/1.7.7/plugins/b607_start_process_with_partial_path.html
   Location: .\scripts\otel_packaging.py:33:22
32	        try:
33	            version = subprocess.check_output(
34	                "hatch version",
35	                shell=True,
36	                cwd=pkg_path,
37	                universal_newlines=True,
38	            )
39	        except CalledProcessError as exc:

--------------------------------------------------
>> Issue: [B602:subprocess_popen_with_shell_equals_true] subprocess call with shell=True seems safe, but may be changed in the future, consider rewriting without shell
   Severity: Low   Confidence: High
   CWE: CWE-78 (https://cwe.mitre.org/data/definitions/78.html)
   More Info: https://bandit.readthedocs.io/en/1.7.7/plugins/b602_subprocess_popen_with_shell_equals_true.html
   Location: .\scripts\otel_packaging.py:35:22
34	                "hatch version",
35	                shell=True,
36	                cwd=pkg_path,
37	                universal_newlines=True,
38	            )
39	        except CalledProcessError as exc:
40	            print(f"Could not get hatch version from path {pkg_path}")
41	            print(exc.output)

--------------------------------------------------
>> Issue: [B113:request_without_timeout] Requests call without timeout
   Severity: Medium   Confidence: Low
   CWE: CWE-400 (https://cwe.mitre.org/data/definitions/400.html)
   More Info: https://bandit.readthedocs.io/en/1.7.7/plugins/b113_request_without_timeout.html
   Location: .\scripts\update_sha.py:30:15
29	    url = API_URL + branch
30	    response = requests.get(url)
31	    response.raise_for_status()

--------------------------------------------------
>> Issue: [B105:hardcoded_password_string] Possible hardcoded password: 'X-aws-ec2-metadata-token'
   Severity: Low   Confidence: Medium
   CWE: CWE-259 (https://cwe.mitre.org/data/definitions/259.html)
   More Info: https://bandit.readthedocs.io/en/1.7.7/plugins/b105_hardcoded_password_string.html
   Location: .\sdk-extension\opentelemetry-sdk-extension-aws\src\opentelemetry\sdk\extension\aws\resource\ec2.py:28:29
27	
28	_AWS_METADATA_TOKEN_HEADER = "X-aws-ec2-metadata-token"
29	_GET_METHOD = "GET"

--------------------------------------------------
>> Issue: [B310:blacklist] Audit url open for permitted schemes. Allowing use of file:/ or custom schemes is often unexpected.
   Severity: Medium   Confidence: High
   CWE: CWE-22 (https://cwe.mitre.org/data/definitions/22.html)
   More Info: https://bandit.readthedocs.io/en/1.7.7/blacklists/blacklist_calls.html#b310-urllib-urlopen
   Location: .\sdk-extension\opentelemetry-sdk-extension-aws\src\opentelemetry\sdk\extension\aws\resource\ec2.py:33:9
32	def _aws_http_request(method, path, headers):
33	    with urlopen(
34	        Request(
35	            "http://169.254.169.254" + path, headers=headers, method=method
36	        ),
37	        timeout=5,
38	    ) as response:
39	        return response.read().decode("utf-8")

--------------------------------------------------
>> Issue: [B310:blacklist] Audit url open for permitted schemes. Allowing use of file:/ or custom schemes is often unexpected.
   Severity: Medium   Confidence: High
   CWE: CWE-22 (https://cwe.mitre.org/data/definitions/22.html)
   More Info: https://bandit.readthedocs.io/en/1.7.7/blacklists/blacklist_calls.html#b310-urllib-urlopen
   Location: .\sdk-extension\opentelemetry-sdk-extension-aws\src\opentelemetry\sdk\extension\aws\resource\ecs.py:183:9
182	def _http_get(url):
183	    with urlopen(
184	        Request(url, method="GET"),
185	        timeout=5,
186	    ) as response:
187	        return response.read().decode("utf-8")

--------------------------------------------------
>> Issue: [B310:blacklist] Audit url open for permitted schemes. Allowing use of file:/ or custom schemes is often unexpected.
   Severity: Medium   Confidence: High
   CWE: CWE-22 (https://cwe.mitre.org/data/definitions/22.html)
   More Info: https://bandit.readthedocs.io/en/1.7.7/blacklists/blacklist_calls.html#b310-urllib-urlopen
   Location: .\sdk-extension\opentelemetry-sdk-extension-aws\src\opentelemetry\sdk\extension\aws\resource\eks.py:34:9
33	def _aws_http_request(method, path, cred_value):
34	    with urlopen(
35	        Request(
36	            "https://kubernetes.default.svc" + path,
37	            headers={"Authorization": cred_value},
38	            method=method,
39	        ),
40	        timeout=5,
41	        context=ssl.create_default_context(
42	            cafile="/var/run/secrets/kubernetes.io/serviceaccount/ca.crt"
43	        ),
44	    ) as response:
45	        return response.read().decode("utf-8")

--------------------------------------------------
>> Issue: [B101:assert_used] Use of assert detected. The enclosed code will be removed when compiling to optimised byte code.
   Severity: Low   Confidence: High
   CWE: CWE-703 (https://cwe.mitre.org/data/definitions/703.html)
   More Info: https://bandit.readthedocs.io/en/1.7.7/plugins/b101_assert_used.html
   Location: .\tests\opentelemetry-docker-tests\tests\celery\test_celery_functional.py:43:4
42	    result = fn_task.apply_async()
43	    assert result.get(timeout=ASYNC_GET_TIMEOUT) == 42
44	

--------------------------------------------------
>> Issue: [B101:assert_used] Use of assert detected. The enclosed code will be removed when compiling to optimised byte code.
   Severity: Low   Confidence: High
   CWE: CWE-703 (https://cwe.mitre.org/data/definitions/703.html)
   More Info: https://bandit.readthedocs.io/en/1.7.7/plugins/b101_assert_used.html
   Location: .\tests\opentelemetry-docker-tests\tests\celery\test_celery_functional.py:46:4
45	    spans = memory_exporter.get_finished_spans()
46	    assert len(spans) == 2
47	

--------------------------------------------------
>> Issue: [B101:assert_used] Use of assert detected. The enclosed code will be removed when compiling to optimised byte code.
   Severity: Low   Confidence: High
   CWE: CWE-703 (https://cwe.mitre.org/data/definitions/703.html)
   More Info: https://bandit.readthedocs.io/en/1.7.7/plugins/b101_assert_used.html
   Location: .\tests\opentelemetry-docker-tests\tests\celery\test_celery_functional.py:50:4
49	
50	    assert run_span.parent == async_span.context
51	    assert run_span.parent.span_id == async_span.context.span_id

--------------------------------------------------
>> Issue: [B101:assert_used] Use of assert detected. The enclosed code will be removed when compiling to optimised byte code.
   Severity: Low   Confidence: High
   CWE: CWE-703 (https://cwe.mitre.org/data/definitions/703.html)
   More Info: https://bandit.readthedocs.io/en/1.7.7/plugins/b101_assert_used.html
   Location: .\tests\opentelemetry-docker-tests\tests\celery\test_celery_functional.py:51:4
50	    assert run_span.parent == async_span.context
51	    assert run_span.parent.span_id == async_span.context.span_id
52	    assert run_span.context.trace_id == async_span.context.trace_id

--------------------------------------------------
>> Issue: [B101:assert_used] Use of assert detected. The enclosed code will be removed when compiling to optimised byte code.
   Severity: Low   Confidence: High
   CWE: CWE-703 (https://cwe.mitre.org/data/definitions/703.html)
   More Info: https://bandit.readthedocs.io/en/1.7.7/plugins/b101_assert_used.html
   Location: .\tests\opentelemetry-docker-tests\tests\celery\test_celery_functional.py:52:4
51	    assert run_span.parent.span_id == async_span.context.span_id
52	    assert run_span.context.trace_id == async_span.context.trace_id
53	

--------------------------------------------------
>> Issue: [B101:assert_used] Use of assert detected. The enclosed code will be removed when compiling to optimised byte code.
   Severity: Low   Confidence: High
   CWE: CWE-703 (https://cwe.mitre.org/data/definitions/703.html)
   More Info: https://bandit.readthedocs.io/en/1.7.7/plugins/b101_assert_used.html
   Location: .\tests\opentelemetry-docker-tests\tests\celery\test_celery_functional.py:54:4
53	
54	    assert async_span.instrumentation_info.name == "apply_async/{}".format(
55	        opentelemetry.instrumentation.celery.__name__
56	    )
57	    assert async_span.instrumentation_info.version == "apply_async/{}".format(

--------------------------------------------------
>> Issue: [B101:assert_used] Use of assert detected. The enclosed code will be removed when compiling to optimised byte code.
   Severity: Low   Confidence: High
   CWE: CWE-703 (https://cwe.mitre.org/data/definitions/703.html)
   More Info: https://bandit.readthedocs.io/en/1.7.7/plugins/b101_assert_used.html
   Location: .\tests\opentelemetry-docker-tests\tests\celery\test_celery_functional.py:57:4
56	    )
57	    assert async_span.instrumentation_info.version == "apply_async/{}".format(
58	        opentelemetry.instrumentation.celery.__version__
59	    )
60	    assert run_span.instrumentation_info.name == "run/{}".format(

--------------------------------------------------
>> Issue: [B101:assert_used] Use of assert detected. The enclosed code will be removed when compiling to optimised byte code.
   Severity: Low   Confidence: High
   CWE: CWE-703 (https://cwe.mitre.org/data/definitions/703.html)
   More Info: https://bandit.readthedocs.io/en/1.7.7/plugins/b101_assert_used.html
   Location: .\tests\opentelemetry-docker-tests\tests\celery\test_celery_functional.py:60:4
59	    )
60	    assert run_span.instrumentation_info.name == "run/{}".format(
61	        opentelemetry.instrumentation.celery.__name__
62	    )
63	    assert run_span.instrumentation_info.version == "run/{}".format(

--------------------------------------------------
>> Issue: [B101:assert_used] Use of assert detected. The enclosed code will be removed when compiling to optimised byte code.
   Severity: Low   Confidence: High
   CWE: CWE-703 (https://cwe.mitre.org/data/definitions/703.html)
   More Info: https://bandit.readthedocs.io/en/1.7.7/plugins/b101_assert_used.html
   Location: .\tests\opentelemetry-docker-tests\tests\celery\test_celery_functional.py:63:4
62	    )
63	    assert run_span.instrumentation_info.version == "run/{}".format(
64	        opentelemetry.instrumentation.celery.__version__
65	    )
66	

--------------------------------------------------
>> Issue: [B101:assert_used] Use of assert detected. The enclosed code will be removed when compiling to optimised byte code.
   Severity: Low   Confidence: High
   CWE: CWE-703 (https://cwe.mitre.org/data/definitions/703.html)
   More Info: https://bandit.readthedocs.io/en/1.7.7/plugins/b101_assert_used.html
   Location: .\tests\opentelemetry-docker-tests\tests\celery\test_celery_functional.py:74:4
73	    t = fn_task.run()
74	    assert t == 42
75	

--------------------------------------------------
>> Issue: [B101:assert_used] Use of assert detected. The enclosed code will be removed when compiling to optimised byte code.
   Severity: Low   Confidence: High
   CWE: CWE-703 (https://cwe.mitre.org/data/definitions/703.html)
   More Info: https://bandit.readthedocs.io/en/1.7.7/plugins/b101_assert_used.html
   Location: .\tests\opentelemetry-docker-tests\tests\celery\test_celery_functional.py:77:4
76	    spans = memory_exporter.get_finished_spans()
77	    assert len(spans) == 0
78	

--------------------------------------------------
>> Issue: [B101:assert_used] Use of assert detected. The enclosed code will be removed when compiling to optimised byte code.
   Severity: Low   Confidence: High
   CWE: CWE-703 (https://cwe.mitre.org/data/definitions/703.html)
   More Info: https://bandit.readthedocs.io/en/1.7.7/plugins/b101_assert_used.html
   Location: .\tests\opentelemetry-docker-tests\tests\celery\test_celery_functional.py:86:4
85	    t = fn_task()
86	    assert t == 42
87	

--------------------------------------------------
>> Issue: [B101:assert_used] Use of assert detected. The enclosed code will be removed when compiling to optimised byte code.
   Severity: Low   Confidence: High
   CWE: CWE-703 (https://cwe.mitre.org/data/definitions/703.html)
   More Info: https://bandit.readthedocs.io/en/1.7.7/plugins/b101_assert_used.html
   Location: .\tests\opentelemetry-docker-tests\tests\celery\test_celery_functional.py:89:4
88	    spans = memory_exporter.get_finished_spans()
89	    assert len(spans) == 0
90	

--------------------------------------------------
>> Issue: [B101:assert_used] Use of assert detected. The enclosed code will be removed when compiling to optimised byte code.
   Severity: Low   Confidence: High
   CWE: CWE-703 (https://cwe.mitre.org/data/definitions/703.html)
   More Info: https://bandit.readthedocs.io/en/1.7.7/plugins/b101_assert_used.html
   Location: .\tests\opentelemetry-docker-tests\tests\celery\test_celery_functional.py:98:4
97	    t = fn_task.apply()
98	    assert t.successful() is True
99	    assert t.result == 42

--------------------------------------------------
>> Issue: [B101:assert_used] Use of assert detected. The enclosed code will be removed when compiling to optimised byte code.
   Severity: Low   Confidence: High
   CWE: CWE-703 (https://cwe.mitre.org/data/definitions/703.html)
   More Info: https://bandit.readthedocs.io/en/1.7.7/plugins/b101_assert_used.html
   Location: .\tests\opentelemetry-docker-tests\tests\celery\test_celery_functional.py:99:4
98	    assert t.successful() is True
99	    assert t.result == 42
100	

--------------------------------------------------
>> Issue: [B101:assert_used] Use of assert detected. The enclosed code will be removed when compiling to optimised byte code.
   Severity: Low   Confidence: High
   CWE: CWE-703 (https://cwe.mitre.org/data/definitions/703.html)
   More Info: https://bandit.readthedocs.io/en/1.7.7/plugins/b101_assert_used.html
   Location: .\tests\opentelemetry-docker-tests\tests\celery\test_celery_functional.py:102:4
101	    spans = memory_exporter.get_finished_spans()
102	    assert len(spans) == 1
103	

--------------------------------------------------
>> Issue: [B101:assert_used] Use of assert detected. The enclosed code will be removed when compiling to optimised byte code.
   Severity: Low   Confidence: High
   CWE: CWE-703 (https://cwe.mitre.org/data/definitions/703.html)
   More Info: https://bandit.readthedocs.io/en/1.7.7/plugins/b101_assert_used.html
   Location: .\tests\opentelemetry-docker-tests\tests\celery\test_celery_functional.py:106:4
105	
106	    assert span.status.is_ok is True
107	    assert span.name == "run/test_celery_functional.fn_task"

--------------------------------------------------
>> Issue: [B101:assert_used] Use of assert detected. The enclosed code will be removed when compiling to optimised byte code.
   Severity: Low   Confidence: High
   CWE: CWE-703 (https://cwe.mitre.org/data/definitions/703.html)
   More Info: https://bandit.readthedocs.io/en/1.7.7/plugins/b101_assert_used.html
   Location: .\tests\opentelemetry-docker-tests\tests\celery\test_celery_functional.py:107:4
106	    assert span.status.is_ok is True
107	    assert span.name == "run/test_celery_functional.fn_task"
108	    assert (

--------------------------------------------------
>> Issue: [B101:assert_used] Use of assert detected. The enclosed code will be removed when compiling to optimised byte code.
   Severity: Low   Confidence: High
   CWE: CWE-703 (https://cwe.mitre.org/data/definitions/703.html)
   More Info: https://bandit.readthedocs.io/en/1.7.7/plugins/b101_assert_used.html
   Location: .\tests\opentelemetry-docker-tests\tests\celery\test_celery_functional.py:108:4
107	    assert span.name == "run/test_celery_functional.fn_task"
108	    assert (
109	        span.attributes.get(SpanAttributes.MESSAGING_MESSAGE_ID) == t.task_id
110	    )
111	    assert (

--------------------------------------------------
>> Issue: [B101:assert_used] Use of assert detected. The enclosed code will be removed when compiling to optimised byte code.
   Severity: Low   Confidence: High
   CWE: CWE-703 (https://cwe.mitre.org/data/definitions/703.html)
   More Info: https://bandit.readthedocs.io/en/1.7.7/plugins/b101_assert_used.html
   Location: .\tests\opentelemetry-docker-tests\tests\celery\test_celery_functional.py:111:4
110	    )
111	    assert (
112	        span.attributes.get("celery.task_name")
113	        == "test_celery_functional.fn_task"
114	    )
115	    assert span.attributes.get("celery.action") == "run"

--------------------------------------------------
>> Issue: [B101:assert_used] Use of assert detected. The enclosed code will be removed when compiling to optimised byte code.
   Severity: Low   Confidence: High
   CWE: CWE-703 (https://cwe.mitre.org/data/definitions/703.html)
   More Info: https://bandit.readthedocs.io/en/1.7.7/plugins/b101_assert_used.html
   Location: .\tests\opentelemetry-docker-tests\tests\celery\test_celery_functional.py:115:4
114	    )
115	    assert span.attributes.get("celery.action") == "run"
116	    assert span.attributes.get("celery.state") == "SUCCESS"

--------------------------------------------------
>> Issue: [B101:assert_used] Use of assert detected. The enclosed code will be removed when compiling to optimised byte code.
   Severity: Low   Confidence: High
   CWE: CWE-703 (https://cwe.mitre.org/data/definitions/703.html)
   More Info: https://bandit.readthedocs.io/en/1.7.7/plugins/b101_assert_used.html
   Location: .\tests\opentelemetry-docker-tests\tests\celery\test_celery_functional.py:116:4
115	    assert span.attributes.get("celery.action") == "run"
116	    assert span.attributes.get("celery.state") == "SUCCESS"
117	

--------------------------------------------------
>> Issue: [B101:assert_used] Use of assert detected. The enclosed code will be removed when compiling to optimised byte code.
   Severity: Low   Confidence: High
   CWE: CWE-703 (https://cwe.mitre.org/data/definitions/703.html)
   More Info: https://bandit.readthedocs.io/en/1.7.7/plugins/b101_assert_used.html
   Location: .\tests\opentelemetry-docker-tests\tests\celery\test_celery_functional.py:125:4
124	    t = fn_task.apply()
125	    assert t.successful() is True
126	    assert "fn_task" in t.result.name

--------------------------------------------------
>> Issue: [B101:assert_used] Use of assert detected. The enclosed code will be removed when compiling to optimised byte code.
   Severity: Low   Confidence: High
   CWE: CWE-703 (https://cwe.mitre.org/data/definitions/703.html)
   More Info: https://bandit.readthedocs.io/en/1.7.7/plugins/b101_assert_used.html
   Location: .\tests\opentelemetry-docker-tests\tests\celery\test_celery_functional.py:126:4
125	    assert t.successful() is True
126	    assert "fn_task" in t.result.name
127	

--------------------------------------------------
>> Issue: [B101:assert_used] Use of assert detected. The enclosed code will be removed when compiling to optimised byte code.
   Severity: Low   Confidence: High
   CWE: CWE-703 (https://cwe.mitre.org/data/definitions/703.html)
   More Info: https://bandit.readthedocs.io/en/1.7.7/plugins/b101_assert_used.html
   Location: .\tests\opentelemetry-docker-tests\tests\celery\test_celery_functional.py:129:4
128	    spans = memory_exporter.get_finished_spans()
129	    assert len(spans) == 1
130	

--------------------------------------------------
>> Issue: [B101:assert_used] Use of assert detected. The enclosed code will be removed when compiling to optimised byte code.
   Severity: Low   Confidence: High
   CWE: CWE-703 (https://cwe.mitre.org/data/definitions/703.html)
   More Info: https://bandit.readthedocs.io/en/1.7.7/plugins/b101_assert_used.html
   Location: .\tests\opentelemetry-docker-tests\tests\celery\test_celery_functional.py:133:4
132	
133	    assert span.status.is_ok is True
134	    assert span.name == "run/test_celery_functional.fn_task"

--------------------------------------------------
>> Issue: [B101:assert_used] Use of assert detected. The enclosed code will be removed when compiling to optimised byte code.
   Severity: Low   Confidence: High
   CWE: CWE-703 (https://cwe.mitre.org/data/definitions/703.html)
   More Info: https://bandit.readthedocs.io/en/1.7.7/plugins/b101_assert_used.html
   Location: .\tests\opentelemetry-docker-tests\tests\celery\test_celery_functional.py:134:4
133	    assert span.status.is_ok is True
134	    assert span.name == "run/test_celery_functional.fn_task"
135	    assert (

--------------------------------------------------
>> Issue: [B101:assert_used] Use of assert detected. The enclosed code will be removed when compiling to optimised byte code.
   Severity: Low   Confidence: High
   CWE: CWE-703 (https://cwe.mitre.org/data/definitions/703.html)
   More Info: https://bandit.readthedocs.io/en/1.7.7/plugins/b101_assert_used.html
   Location: .\tests\opentelemetry-docker-tests\tests\celery\test_celery_functional.py:135:4
134	    assert span.name == "run/test_celery_functional.fn_task"
135	    assert (
136	        span.attributes.get(SpanAttributes.MESSAGING_MESSAGE_ID) == t.task_id
137	    )
138	    assert (

--------------------------------------------------
>> Issue: [B101:assert_used] Use of assert detected. The enclosed code will be removed when compiling to optimised byte code.
   Severity: Low   Confidence: High
   CWE: CWE-703 (https://cwe.mitre.org/data/definitions/703.html)
   More Info: https://bandit.readthedocs.io/en/1.7.7/plugins/b101_assert_used.html
   Location: .\tests\opentelemetry-docker-tests\tests\celery\test_celery_functional.py:138:4
137	    )
138	    assert (
139	        span.attributes.get("celery.task_name")
140	        == "test_celery_functional.fn_task"
141	    )
142	    assert span.attributes.get("celery.action") == "run"

--------------------------------------------------
>> Issue: [B101:assert_used] Use of assert detected. The enclosed code will be removed when compiling to optimised byte code.
   Severity: Low   Confidence: High
   CWE: CWE-703 (https://cwe.mitre.org/data/definitions/703.html)
   More Info: https://bandit.readthedocs.io/en/1.7.7/plugins/b101_assert_used.html
   Location: .\tests\opentelemetry-docker-tests\tests\celery\test_celery_functional.py:142:4
141	    )
142	    assert span.attributes.get("celery.action") == "run"
143	    assert span.attributes.get("celery.state") == "SUCCESS"

--------------------------------------------------
>> Issue: [B101:assert_used] Use of assert detected. The enclosed code will be removed when compiling to optimised byte code.
   Severity: Low   Confidence: High
   CWE: CWE-703 (https://cwe.mitre.org/data/definitions/703.html)
   More Info: https://bandit.readthedocs.io/en/1.7.7/plugins/b101_assert_used.html
   Location: .\tests\opentelemetry-docker-tests\tests\celery\test_celery_functional.py:143:4
142	    assert span.attributes.get("celery.action") == "run"
143	    assert span.attributes.get("celery.state") == "SUCCESS"
144	

--------------------------------------------------
>> Issue: [B101:assert_used] Use of assert detected. The enclosed code will be removed when compiling to optimised byte code.
   Severity: Low   Confidence: High
   CWE: CWE-703 (https://cwe.mitre.org/data/definitions/703.html)
   More Info: https://bandit.readthedocs.io/en/1.7.7/plugins/b101_assert_used.html
   Location: .\tests\opentelemetry-docker-tests\tests\celery\test_celery_functional.py:155:4
154	    )
155	    assert result.get(timeout=ASYNC_GET_TIMEOUT) == ["user", True]
156	

--------------------------------------------------
>> Issue: [B101:assert_used] Use of assert detected. The enclosed code will be removed when compiling to optimised byte code.
   Severity: Low   Confidence: High
   CWE: CWE-703 (https://cwe.mitre.org/data/definitions/703.html)
   More Info: https://bandit.readthedocs.io/en/1.7.7/plugins/b101_assert_used.html
   Location: .\tests\opentelemetry-docker-tests\tests\celery\test_celery_functional.py:158:4
157	    spans = memory_exporter.get_finished_spans()
158	    assert len(spans) == 2
159	

--------------------------------------------------
>> Issue: [B101:assert_used] Use of assert detected. The enclosed code will be removed when compiling to optimised byte code.
   Severity: Low   Confidence: High
   CWE: CWE-703 (https://cwe.mitre.org/data/definitions/703.html)
   More Info: https://bandit.readthedocs.io/en/1.7.7/plugins/b101_assert_used.html
   Location: .\tests\opentelemetry-docker-tests\tests\celery\test_celery_functional.py:162:4
161	
162	    assert run_span.context.trace_id != async_span.context.trace_id
163	

--------------------------------------------------
>> Issue: [B101:assert_used] Use of assert detected. The enclosed code will be removed when compiling to optimised byte code.
   Severity: Low   Confidence: High
   CWE: CWE-703 (https://cwe.mitre.org/data/definitions/703.html)
   More Info: https://bandit.readthedocs.io/en/1.7.7/plugins/b101_assert_used.html
   Location: .\tests\opentelemetry-docker-tests\tests\celery\test_celery_functional.py:164:4
163	
164	    assert async_span.status.is_ok is True
165	    assert (

--------------------------------------------------
>> Issue: [B101:assert_used] Use of assert detected. The enclosed code will be removed when compiling to optimised byte code.
   Severity: Low   Confidence: High
   CWE: CWE-703 (https://cwe.mitre.org/data/definitions/703.html)
   More Info: https://bandit.readthedocs.io/en/1.7.7/plugins/b101_assert_used.html
   Location: .\tests\opentelemetry-docker-tests\tests\celery\test_celery_functional.py:165:4
164	    assert async_span.status.is_ok is True
165	    assert (
166	        async_span.name
167	        == "apply_async/test_celery_functional.fn_task_parameters"
168	    )
169	    assert async_span.attributes.get("celery.action") == "apply_async"

--------------------------------------------------
>> Issue: [B101:assert_used] Use of assert detected. The enclosed code will be removed when compiling to optimised byte code.
   Severity: Low   Confidence: High
   CWE: CWE-703 (https://cwe.mitre.org/data/definitions/703.html)
   More Info: https://bandit.readthedocs.io/en/1.7.7/plugins/b101_assert_used.html
   Location: .\tests\opentelemetry-docker-tests\tests\celery\test_celery_functional.py:169:4
168	    )
169	    assert async_span.attributes.get("celery.action") == "apply_async"
170	    assert (

--------------------------------------------------
>> Issue: [B101:assert_used] Use of assert detected. The enclosed code will be removed when compiling to optimised byte code.
   Severity: Low   Confidence: High
   CWE: CWE-703 (https://cwe.mitre.org/data/definitions/703.html)
   More Info: https://bandit.readthedocs.io/en/1.7.7/plugins/b101_assert_used.html
   Location: .\tests\opentelemetry-docker-tests\tests\celery\test_celery_functional.py:170:4
169	    assert async_span.attributes.get("celery.action") == "apply_async"
170	    assert (
171	        async_span.attributes.get(SpanAttributes.MESSAGING_MESSAGE_ID)
172	        == result.task_id
173	    )
174	    assert (

--------------------------------------------------
>> Issue: [B101:assert_used] Use of assert detected. The enclosed code will be removed when compiling to optimised byte code.
   Severity: Low   Confidence: High
   CWE: CWE-703 (https://cwe.mitre.org/data/definitions/703.html)
   More Info: https://bandit.readthedocs.io/en/1.7.7/plugins/b101_assert_used.html
   Location: .\tests\opentelemetry-docker-tests\tests\celery\test_celery_functional.py:174:4
173	    )
174	    assert (
175	        async_span.attributes.get("celery.task_name")
176	        == "test_celery_functional.fn_task_parameters"
177	    )
178	

--------------------------------------------------
>> Issue: [B101:assert_used] Use of assert detected. The enclosed code will be removed when compiling to optimised byte code.
   Severity: Low   Confidence: High
   CWE: CWE-703 (https://cwe.mitre.org/data/definitions/703.html)
   More Info: https://bandit.readthedocs.io/en/1.7.7/plugins/b101_assert_used.html
   Location: .\tests\opentelemetry-docker-tests\tests\celery\test_celery_functional.py:179:4
178	
179	    assert run_span.status.is_ok is True
180	    assert run_span.name == "test_celery_functional.fn_task_parameters"

--------------------------------------------------
>> Issue: [B101:assert_used] Use of assert detected. The enclosed code will be removed when compiling to optimised byte code.
   Severity: Low   Confidence: High
   CWE: CWE-703 (https://cwe.mitre.org/data/definitions/703.html)
   More Info: https://bandit.readthedocs.io/en/1.7.7/plugins/b101_assert_used.html
   Location: .\tests\opentelemetry-docker-tests\tests\celery\test_celery_functional.py:180:4
179	    assert run_span.status.is_ok is True
180	    assert run_span.name == "test_celery_functional.fn_task_parameters"
181	    assert run_span.attributes.get("celery.action") == "run"

--------------------------------------------------
>> Issue: [B101:assert_used] Use of assert detected. The enclosed code will be removed when compiling to optimised byte code.
   Severity: Low   Confidence: High
   CWE: CWE-703 (https://cwe.mitre.org/data/definitions/703.html)
   More Info: https://bandit.readthedocs.io/en/1.7.7/plugins/b101_assert_used.html
   Location: .\tests\opentelemetry-docker-tests\tests\celery\test_celery_functional.py:181:4
180	    assert run_span.name == "test_celery_functional.fn_task_parameters"
181	    assert run_span.attributes.get("celery.action") == "run"
182	    assert run_span.attributes.get("celery.state") == "SUCCESS"

--------------------------------------------------
>> Issue: [B101:assert_used] Use of assert detected. The enclosed code will be removed when compiling to optimised byte code.
   Severity: Low   Confidence: High
   CWE: CWE-703 (https://cwe.mitre.org/data/definitions/703.html)
   More Info: https://bandit.readthedocs.io/en/1.7.7/plugins/b101_assert_used.html
   Location: .\tests\opentelemetry-docker-tests\tests\celery\test_celery_functional.py:182:4
181	    assert run_span.attributes.get("celery.action") == "run"
182	    assert run_span.attributes.get("celery.state") == "SUCCESS"
183	    assert (

--------------------------------------------------
>> Issue: [B101:assert_used] Use of assert detected. The enclosed code will be removed when compiling to optimised byte code.
   Severity: Low   Confidence: High
   CWE: CWE-703 (https://cwe.mitre.org/data/definitions/703.html)
   More Info: https://bandit.readthedocs.io/en/1.7.7/plugins/b101_assert_used.html
   Location: .\tests\opentelemetry-docker-tests\tests\celery\test_celery_functional.py:183:4
182	    assert run_span.attributes.get("celery.state") == "SUCCESS"
183	    assert (
184	        run_span.attributes.get(SpanAttributes.MESSAGING_MESSAGE_ID)
185	        == result.task_id
186	    )
187	    assert (

--------------------------------------------------
>> Issue: [B101:assert_used] Use of assert detected. The enclosed code will be removed when compiling to optimised byte code.
   Severity: Low   Confidence: High
   CWE: CWE-703 (https://cwe.mitre.org/data/definitions/703.html)
   More Info: https://bandit.readthedocs.io/en/1.7.7/plugins/b101_assert_used.html
   Location: .\tests\opentelemetry-docker-tests\tests\celery\test_celery_functional.py:187:4
186	    )
187	    assert (
188	        run_span.attributes.get("celery.task_name")
189	        == "test_celery_functional.fn_task_parameters"
190	    )
191	

--------------------------------------------------
>> Issue: [B101:assert_used] Use of assert detected. The enclosed code will be removed when compiling to optimised byte code.
   Severity: Low   Confidence: High
   CWE: CWE-703 (https://cwe.mitre.org/data/definitions/703.html)
   More Info: https://bandit.readthedocs.io/en/1.7.7/plugins/b101_assert_used.html
   Location: .\tests\opentelemetry-docker-tests\tests\celery\test_celery_functional.py:202:8
201	    for result in results:
202	        assert result.get(timeout=ASYNC_GET_TIMEOUT) == 42
203	

--------------------------------------------------
>> Issue: [B101:assert_used] Use of assert detected. The enclosed code will be removed when compiling to optimised byte code.
   Severity: Low   Confidence: High
   CWE: CWE-703 (https://cwe.mitre.org/data/definitions/703.html)
   More Info: https://bandit.readthedocs.io/en/1.7.7/plugins/b101_assert_used.html
   Location: .\tests\opentelemetry-docker-tests\tests\celery\test_celery_functional.py:206:4
205	
206	    assert len(spans) == 200
207	

--------------------------------------------------
>> Issue: [B101:assert_used] Use of assert detected. The enclosed code will be removed when compiling to optimised byte code.
   Severity: Low   Confidence: High
   CWE: CWE-703 (https://cwe.mitre.org/data/definitions/703.html)
   More Info: https://bandit.readthedocs.io/en/1.7.7/plugins/b101_assert_used.html
   Location: .\tests\opentelemetry-docker-tests\tests\celery\test_celery_functional.py:216:4
215	    result = fn_task_parameters.delay("user", force_logout=True)
216	    assert result.get(timeout=ASYNC_GET_TIMEOUT) == ["user", True]
217	

--------------------------------------------------
>> Issue: [B101:assert_used] Use of assert detected. The enclosed code will be removed when compiling to optimised byte code.
   Severity: Low   Confidence: High
   CWE: CWE-703 (https://cwe.mitre.org/data/definitions/703.html)
   More Info: https://bandit.readthedocs.io/en/1.7.7/plugins/b101_assert_used.html
   Location: .\tests\opentelemetry-docker-tests\tests\celery\test_celery_functional.py:219:4
218	    spans = memory_exporter.get_finished_spans()
219	    assert len(spans) == 2
220	

--------------------------------------------------
>> Issue: [B101:assert_used] Use of assert detected. The enclosed code will be removed when compiling to optimised byte code.
   Severity: Low   Confidence: High
   CWE: CWE-703 (https://cwe.mitre.org/data/definitions/703.html)
   More Info: https://bandit.readthedocs.io/en/1.7.7/plugins/b101_assert_used.html
   Location: .\tests\opentelemetry-docker-tests\tests\celery\test_celery_functional.py:223:4
222	
223	    assert run_span.context.trace_id != async_span.context.trace_id
224	

--------------------------------------------------
>> Issue: [B101:assert_used] Use of assert detected. The enclosed code will be removed when compiling to optimised byte code.
   Severity: Low   Confidence: High
   CWE: CWE-703 (https://cwe.mitre.org/data/definitions/703.html)
   More Info: https://bandit.readthedocs.io/en/1.7.7/plugins/b101_assert_used.html
   Location: .\tests\opentelemetry-docker-tests\tests\celery\test_celery_functional.py:225:4
224	
225	    assert async_span.status.is_ok is True
226	    assert (

--------------------------------------------------
>> Issue: [B101:assert_used] Use of assert detected. The enclosed code will be removed when compiling to optimised byte code.
   Severity: Low   Confidence: High
   CWE: CWE-703 (https://cwe.mitre.org/data/definitions/703.html)
   More Info: https://bandit.readthedocs.io/en/1.7.7/plugins/b101_assert_used.html
   Location: .\tests\opentelemetry-docker-tests\tests\celery\test_celery_functional.py:226:4
225	    assert async_span.status.is_ok is True
226	    assert (
227	        async_span.name
228	        == "apply_async/test_celery_functional.fn_task_parameters"
229	    )
230	    assert async_span.attributes.get("celery.action") == "apply_async"

--------------------------------------------------
>> Issue: [B101:assert_used] Use of assert detected. The enclosed code will be removed when compiling to optimised byte code.
   Severity: Low   Confidence: High
   CWE: CWE-703 (https://cwe.mitre.org/data/definitions/703.html)
   More Info: https://bandit.readthedocs.io/en/1.7.7/plugins/b101_assert_used.html
   Location: .\tests\opentelemetry-docker-tests\tests\celery\test_celery_functional.py:230:4
229	    )
230	    assert async_span.attributes.get("celery.action") == "apply_async"
231	    assert (

--------------------------------------------------
>> Issue: [B101:assert_used] Use of assert detected. The enclosed code will be removed when compiling to optimised byte code.
   Severity: Low   Confidence: High
   CWE: CWE-703 (https://cwe.mitre.org/data/definitions/703.html)
   More Info: https://bandit.readthedocs.io/en/1.7.7/plugins/b101_assert_used.html
   Location: .\tests\opentelemetry-docker-tests\tests\celery\test_celery_functional.py:231:4
230	    assert async_span.attributes.get("celery.action") == "apply_async"
231	    assert (
232	        async_span.attributes.get(SpanAttributes.MESSAGING_MESSAGE_ID)
233	        == result.task_id
234	    )
235	    assert (

--------------------------------------------------
>> Issue: [B101:assert_used] Use of assert detected. The enclosed code will be removed when compiling to optimised byte code.
   Severity: Low   Confidence: High
   CWE: CWE-703 (https://cwe.mitre.org/data/definitions/703.html)
   More Info: https://bandit.readthedocs.io/en/1.7.7/plugins/b101_assert_used.html
   Location: .\tests\opentelemetry-docker-tests\tests\celery\test_celery_functional.py:235:4
234	    )
235	    assert (
236	        async_span.attributes.get("celery.task_name")
237	        == "test_celery_functional.fn_task_parameters"
238	    )
239	

--------------------------------------------------
>> Issue: [B101:assert_used] Use of assert detected. The enclosed code will be removed when compiling to optimised byte code.
   Severity: Low   Confidence: High
   CWE: CWE-703 (https://cwe.mitre.org/data/definitions/703.html)
   More Info: https://bandit.readthedocs.io/en/1.7.7/plugins/b101_assert_used.html
   Location: .\tests\opentelemetry-docker-tests\tests\celery\test_celery_functional.py:240:4
239	
240	    assert run_span.status.is_ok is True
241	    assert run_span.name == "run/test_celery_functional.fn_task_parameters"

--------------------------------------------------
>> Issue: [B101:assert_used] Use of assert detected. The enclosed code will be removed when compiling to optimised byte code.
   Severity: Low   Confidence: High
   CWE: CWE-703 (https://cwe.mitre.org/data/definitions/703.html)
   More Info: https://bandit.readthedocs.io/en/1.7.7/plugins/b101_assert_used.html
   Location: .\tests\opentelemetry-docker-tests\tests\celery\test_celery_functional.py:241:4
240	    assert run_span.status.is_ok is True
241	    assert run_span.name == "run/test_celery_functional.fn_task_parameters"
242	    assert run_span.attributes.get("celery.action") == "run"

--------------------------------------------------
>> Issue: [B101:assert_used] Use of assert detected. The enclosed code will be removed when compiling to optimised byte code.
   Severity: Low   Confidence: High
   CWE: CWE-703 (https://cwe.mitre.org/data/definitions/703.html)
   More Info: https://bandit.readthedocs.io/en/1.7.7/plugins/b101_assert_used.html
   Location: .\tests\opentelemetry-docker-tests\tests\celery\test_celery_functional.py:242:4
241	    assert run_span.name == "run/test_celery_functional.fn_task_parameters"
242	    assert run_span.attributes.get("celery.action") == "run"
243	    assert run_span.attributes.get("celery.state") == "SUCCESS"

--------------------------------------------------
>> Issue: [B101:assert_used] Use of assert detected. The enclosed code will be removed when compiling to optimised byte code.
   Severity: Low   Confidence: High
   CWE: CWE-703 (https://cwe.mitre.org/data/definitions/703.html)
   More Info: https://bandit.readthedocs.io/en/1.7.7/plugins/b101_assert_used.html
   Location: .\tests\opentelemetry-docker-tests\tests\celery\test_celery_functional.py:243:4
242	    assert run_span.attributes.get("celery.action") == "run"
243	    assert run_span.attributes.get("celery.state") == "SUCCESS"
244	    assert (

--------------------------------------------------
>> Issue: [B101:assert_used] Use of assert detected. The enclosed code will be removed when compiling to optimised byte code.
   Severity: Low   Confidence: High
   CWE: CWE-703 (https://cwe.mitre.org/data/definitions/703.html)
   More Info: https://bandit.readthedocs.io/en/1.7.7/plugins/b101_assert_used.html
   Location: .\tests\opentelemetry-docker-tests\tests\celery\test_celery_functional.py:244:4
243	    assert run_span.attributes.get("celery.state") == "SUCCESS"
244	    assert (
245	        run_span.attributes.get(SpanAttributes.MESSAGING_MESSAGE_ID)
246	        == result.task_id
247	    )
248	    assert (

--------------------------------------------------
>> Issue: [B101:assert_used] Use of assert detected. The enclosed code will be removed when compiling to optimised byte code.
   Severity: Low   Confidence: High
   CWE: CWE-703 (https://cwe.mitre.org/data/definitions/703.html)
   More Info: https://bandit.readthedocs.io/en/1.7.7/plugins/b101_assert_used.html
   Location: .\tests\opentelemetry-docker-tests\tests\celery\test_celery_functional.py:248:4
247	    )
248	    assert (
249	        run_span.attributes.get("celery.task_name")
250	        == "test_celery_functional.fn_task_parameters"
251	    )
252	    assert len(run_span.events) == 0

--------------------------------------------------
>> Issue: [B101:assert_used] Use of assert detected. The enclosed code will be removed when compiling to optimised byte code.
   Severity: Low   Confidence: High
   CWE: CWE-703 (https://cwe.mitre.org/data/definitions/703.html)
   More Info: https://bandit.readthedocs.io/en/1.7.7/plugins/b101_assert_used.html
   Location: .\tests\opentelemetry-docker-tests\tests\celery\test_celery_functional.py:252:4
251	    )
252	    assert len(run_span.events) == 0
253	

--------------------------------------------------
>> Issue: [B101:assert_used] Use of assert detected. The enclosed code will be removed when compiling to optimised byte code.
   Severity: Low   Confidence: High
   CWE: CWE-703 (https://cwe.mitre.org/data/definitions/703.html)
   More Info: https://bandit.readthedocs.io/en/1.7.7/plugins/b101_assert_used.html
   Location: .\tests\opentelemetry-docker-tests\tests\celery\test_celery_functional.py:262:4
261	
262	    assert result.failed() is True
263	    assert "Task class is failing" in result.traceback

--------------------------------------------------
>> Issue: [B101:assert_used] Use of assert detected. The enclosed code will be removed when compiling to optimised byte code.
   Severity: Low   Confidence: High
   CWE: CWE-703 (https://cwe.mitre.org/data/definitions/703.html)
   More Info: https://bandit.readthedocs.io/en/1.7.7/plugins/b101_assert_used.html
   Location: .\tests\opentelemetry-docker-tests\tests\celery\test_celery_functional.py:263:4
262	    assert result.failed() is True
263	    assert "Task class is failing" in result.traceback
264	

--------------------------------------------------
>> Issue: [B101:assert_used] Use of assert detected. The enclosed code will be removed when compiling to optimised byte code.
   Severity: Low   Confidence: High
   CWE: CWE-703 (https://cwe.mitre.org/data/definitions/703.html)
   More Info: https://bandit.readthedocs.io/en/1.7.7/plugins/b101_assert_used.html
   Location: .\tests\opentelemetry-docker-tests\tests\celery\test_celery_functional.py:266:4
265	    spans = memory_exporter.get_finished_spans()
266	    assert len(spans) == 1
267	

--------------------------------------------------
>> Issue: [B101:assert_used] Use of assert detected. The enclosed code will be removed when compiling to optimised byte code.
   Severity: Low   Confidence: High
   CWE: CWE-703 (https://cwe.mitre.org/data/definitions/703.html)
   More Info: https://bandit.readthedocs.io/en/1.7.7/plugins/b101_assert_used.html
   Location: .\tests\opentelemetry-docker-tests\tests\celery\test_celery_functional.py:270:4
269	
270	    assert span.status.is_ok is False
271	    assert span.name == "run/test_celery_functional.fn_exception"

--------------------------------------------------
>> Issue: [B101:assert_used] Use of assert detected. The enclosed code will be removed when compiling to optimised byte code.
   Severity: Low   Confidence: High
   CWE: CWE-703 (https://cwe.mitre.org/data/definitions/703.html)
   More Info: https://bandit.readthedocs.io/en/1.7.7/plugins/b101_assert_used.html
   Location: .\tests\opentelemetry-docker-tests\tests\celery\test_celery_functional.py:271:4
270	    assert span.status.is_ok is False
271	    assert span.name == "run/test_celery_functional.fn_exception"
272	    assert span.attributes.get("celery.action") == "run"

--------------------------------------------------
>> Issue: [B101:assert_used] Use of assert detected. The enclosed code will be removed when compiling to optimised byte code.
   Severity: Low   Confidence: High
   CWE: CWE-703 (https://cwe.mitre.org/data/definitions/703.html)
   More Info: https://bandit.readthedocs.io/en/1.7.7/plugins/b101_assert_used.html
   Location: .\tests\opentelemetry-docker-tests\tests\celery\test_celery_functional.py:272:4
271	    assert span.name == "run/test_celery_functional.fn_exception"
272	    assert span.attributes.get("celery.action") == "run"
273	    assert span.attributes.get("celery.state") == "FAILURE"

--------------------------------------------------
>> Issue: [B101:assert_used] Use of assert detected. The enclosed code will be removed when compiling to optimised byte code.
   Severity: Low   Confidence: High
   CWE: CWE-703 (https://cwe.mitre.org/data/definitions/703.html)
   More Info: https://bandit.readthedocs.io/en/1.7.7/plugins/b101_assert_used.html
   Location: .\tests\opentelemetry-docker-tests\tests\celery\test_celery_functional.py:273:4
272	    assert span.attributes.get("celery.action") == "run"
273	    assert span.attributes.get("celery.state") == "FAILURE"
274	    assert (

--------------------------------------------------
>> Issue: [B101:assert_used] Use of assert detected. The enclosed code will be removed when compiling to optimised byte code.
   Severity: Low   Confidence: High
   CWE: CWE-703 (https://cwe.mitre.org/data/definitions/703.html)
   More Info: https://bandit.readthedocs.io/en/1.7.7/plugins/b101_assert_used.html
   Location: .\tests\opentelemetry-docker-tests\tests\celery\test_celery_functional.py:274:4
273	    assert span.attributes.get("celery.state") == "FAILURE"
274	    assert (
275	        span.attributes.get("celery.task_name")
276	        == "test_celery_functional.fn_exception"
277	    )
278	    assert span.status.status_code == StatusCode.ERROR

--------------------------------------------------
>> Issue: [B101:assert_used] Use of assert detected. The enclosed code will be removed when compiling to optimised byte code.
   Severity: Low   Confidence: High
   CWE: CWE-703 (https://cwe.mitre.org/data/definitions/703.html)
   More Info: https://bandit.readthedocs.io/en/1.7.7/plugins/b101_assert_used.html
   Location: .\tests\opentelemetry-docker-tests\tests\celery\test_celery_functional.py:278:4
277	    )
278	    assert span.status.status_code == StatusCode.ERROR
279	    assert len(span.events) == 1

--------------------------------------------------
>> Issue: [B101:assert_used] Use of assert detected. The enclosed code will be removed when compiling to optimised byte code.
   Severity: Low   Confidence: High
   CWE: CWE-703 (https://cwe.mitre.org/data/definitions/703.html)
   More Info: https://bandit.readthedocs.io/en/1.7.7/plugins/b101_assert_used.html
   Location: .\tests\opentelemetry-docker-tests\tests\celery\test_celery_functional.py:279:4
278	    assert span.status.status_code == StatusCode.ERROR
279	    assert len(span.events) == 1
280	    event = span.events[0]

--------------------------------------------------
>> Issue: [B101:assert_used] Use of assert detected. The enclosed code will be removed when compiling to optimised byte code.
   Severity: Low   Confidence: High
   CWE: CWE-703 (https://cwe.mitre.org/data/definitions/703.html)
   More Info: https://bandit.readthedocs.io/en/1.7.7/plugins/b101_assert_used.html
   Location: .\tests\opentelemetry-docker-tests\tests\celery\test_celery_functional.py:281:4
280	    event = span.events[0]
281	    assert event.name == "exception"
282	    assert event.attributes[SpanAttributes.EXCEPTION_TYPE] == "ExceptionInfo"

--------------------------------------------------
>> Issue: [B101:assert_used] Use of assert detected. The enclosed code will be removed when compiling to optimised byte code.
   Severity: Low   Confidence: High
   CWE: CWE-703 (https://cwe.mitre.org/data/definitions/703.html)
   More Info: https://bandit.readthedocs.io/en/1.7.7/plugins/b101_assert_used.html
   Location: .\tests\opentelemetry-docker-tests\tests\celery\test_celery_functional.py:282:4
281	    assert event.name == "exception"
282	    assert event.attributes[SpanAttributes.EXCEPTION_TYPE] == "ExceptionInfo"
283	    assert SpanAttributes.EXCEPTION_MESSAGE in event.attributes

--------------------------------------------------
>> Issue: [B101:assert_used] Use of assert detected. The enclosed code will be removed when compiling to optimised byte code.
   Severity: Low   Confidence: High
   CWE: CWE-703 (https://cwe.mitre.org/data/definitions/703.html)
   More Info: https://bandit.readthedocs.io/en/1.7.7/plugins/b101_assert_used.html
   Location: .\tests\opentelemetry-docker-tests\tests\celery\test_celery_functional.py:283:4
282	    assert event.attributes[SpanAttributes.EXCEPTION_TYPE] == "ExceptionInfo"
283	    assert SpanAttributes.EXCEPTION_MESSAGE in event.attributes
284	    assert (

--------------------------------------------------
>> Issue: [B101:assert_used] Use of assert detected. The enclosed code will be removed when compiling to optimised byte code.
   Severity: Low   Confidence: High
   CWE: CWE-703 (https://cwe.mitre.org/data/definitions/703.html)
   More Info: https://bandit.readthedocs.io/en/1.7.7/plugins/b101_assert_used.html
   Location: .\tests\opentelemetry-docker-tests\tests\celery\test_celery_functional.py:284:4
283	    assert SpanAttributes.EXCEPTION_MESSAGE in event.attributes
284	    assert (
285	        span.attributes.get(SpanAttributes.MESSAGING_MESSAGE_ID)
286	        == result.task_id
287	    )
288	    assert "Task class is failing" in span.status.description

--------------------------------------------------
>> Issue: [B101:assert_used] Use of assert detected. The enclosed code will be removed when compiling to optimised byte code.
   Severity: Low   Confidence: High
   CWE: CWE-703 (https://cwe.mitre.org/data/definitions/703.html)
   More Info: https://bandit.readthedocs.io/en/1.7.7/plugins/b101_assert_used.html
   Location: .\tests\opentelemetry-docker-tests\tests\celery\test_celery_functional.py:288:4
287	    )
288	    assert "Task class is failing" in span.status.description
289	

--------------------------------------------------
>> Issue: [B101:assert_used] Use of assert detected. The enclosed code will be removed when compiling to optimised byte code.
   Severity: Low   Confidence: High
   CWE: CWE-703 (https://cwe.mitre.org/data/definitions/703.html)
   More Info: https://bandit.readthedocs.io/en/1.7.7/plugins/b101_assert_used.html
   Location: .\tests\opentelemetry-docker-tests\tests\celery\test_celery_functional.py:298:4
297	
298	    assert result.failed() is True
299	    assert "Task class is failing" in result.traceback

--------------------------------------------------
>> Issue: [B101:assert_used] Use of assert detected. The enclosed code will be removed when compiling to optimised byte code.
   Severity: Low   Confidence: High
   CWE: CWE-703 (https://cwe.mitre.org/data/definitions/703.html)
   More Info: https://bandit.readthedocs.io/en/1.7.7/plugins/b101_assert_used.html
   Location: .\tests\opentelemetry-docker-tests\tests\celery\test_celery_functional.py:299:4
298	    assert result.failed() is True
299	    assert "Task class is failing" in result.traceback
300	

--------------------------------------------------
>> Issue: [B101:assert_used] Use of assert detected. The enclosed code will be removed when compiling to optimised byte code.
   Severity: Low   Confidence: High
   CWE: CWE-703 (https://cwe.mitre.org/data/definitions/703.html)
   More Info: https://bandit.readthedocs.io/en/1.7.7/plugins/b101_assert_used.html
   Location: .\tests\opentelemetry-docker-tests\tests\celery\test_celery_functional.py:302:4
301	    spans = memory_exporter.get_finished_spans()
302	    assert len(spans) == 1
303	

--------------------------------------------------
>> Issue: [B101:assert_used] Use of assert detected. The enclosed code will be removed when compiling to optimised byte code.
   Severity: Low   Confidence: High
   CWE: CWE-703 (https://cwe.mitre.org/data/definitions/703.html)
   More Info: https://bandit.readthedocs.io/en/1.7.7/plugins/b101_assert_used.html
   Location: .\tests\opentelemetry-docker-tests\tests\celery\test_celery_functional.py:306:4
305	
306	    assert span.status.is_ok is False
307	    assert span.status.status_code == StatusCode.ERROR

--------------------------------------------------
>> Issue: [B101:assert_used] Use of assert detected. The enclosed code will be removed when compiling to optimised byte code.
   Severity: Low   Confidence: High
   CWE: CWE-703 (https://cwe.mitre.org/data/definitions/703.html)
   More Info: https://bandit.readthedocs.io/en/1.7.7/plugins/b101_assert_used.html
   Location: .\tests\opentelemetry-docker-tests\tests\celery\test_celery_functional.py:307:4
306	    assert span.status.is_ok is False
307	    assert span.status.status_code == StatusCode.ERROR
308	    assert span.name == "run/test_celery_functional.fn_exception"

--------------------------------------------------
>> Issue: [B101:assert_used] Use of assert detected. The enclosed code will be removed when compiling to optimised byte code.
   Severity: Low   Confidence: High
   CWE: CWE-703 (https://cwe.mitre.org/data/definitions/703.html)
   More Info: https://bandit.readthedocs.io/en/1.7.7/plugins/b101_assert_used.html
   Location: .\tests\opentelemetry-docker-tests\tests\celery\test_celery_functional.py:308:4
307	    assert span.status.status_code == StatusCode.ERROR
308	    assert span.name == "run/test_celery_functional.fn_exception"
309	    assert span.attributes.get("celery.action") == "run"

--------------------------------------------------
>> Issue: [B101:assert_used] Use of assert detected. The enclosed code will be removed when compiling to optimised byte code.
   Severity: Low   Confidence: High
   CWE: CWE-703 (https://cwe.mitre.org/data/definitions/703.html)
   More Info: https://bandit.readthedocs.io/en/1.7.7/plugins/b101_assert_used.html
   Location: .\tests\opentelemetry-docker-tests\tests\celery\test_celery_functional.py:309:4
308	    assert span.name == "run/test_celery_functional.fn_exception"
309	    assert span.attributes.get("celery.action") == "run"
310	    assert span.attributes.get("celery.state") == "FAILURE"

--------------------------------------------------
>> Issue: [B101:assert_used] Use of assert detected. The enclosed code will be removed when compiling to optimised byte code.
   Severity: Low   Confidence: High
   CWE: CWE-703 (https://cwe.mitre.org/data/definitions/703.html)
   More Info: https://bandit.readthedocs.io/en/1.7.7/plugins/b101_assert_used.html
   Location: .\tests\opentelemetry-docker-tests\tests\celery\test_celery_functional.py:310:4
309	    assert span.attributes.get("celery.action") == "run"
310	    assert span.attributes.get("celery.state") == "FAILURE"
311	    assert (

--------------------------------------------------
>> Issue: [B101:assert_used] Use of assert detected. The enclosed code will be removed when compiling to optimised byte code.
   Severity: Low   Confidence: High
   CWE: CWE-703 (https://cwe.mitre.org/data/definitions/703.html)
   More Info: https://bandit.readthedocs.io/en/1.7.7/plugins/b101_assert_used.html
   Location: .\tests\opentelemetry-docker-tests\tests\celery\test_celery_functional.py:311:4
310	    assert span.attributes.get("celery.state") == "FAILURE"
311	    assert (
312	        span.attributes.get("celery.task_name")
313	        == "test_celery_functional.fn_exception"
314	    )
315	    assert (

--------------------------------------------------
>> Issue: [B101:assert_used] Use of assert detected. The enclosed code will be removed when compiling to optimised byte code.
   Severity: Low   Confidence: High
   CWE: CWE-703 (https://cwe.mitre.org/data/definitions/703.html)
   More Info: https://bandit.readthedocs.io/en/1.7.7/plugins/b101_assert_used.html
   Location: .\tests\opentelemetry-docker-tests\tests\celery\test_celery_functional.py:315:4
314	    )
315	    assert (
316	        span.attributes.get(SpanAttributes.MESSAGING_MESSAGE_ID)
317	        == result.task_id
318	    )
319	

--------------------------------------------------
>> Issue: [B101:assert_used] Use of assert detected. The enclosed code will be removed when compiling to optimised byte code.
   Severity: Low   Confidence: High
   CWE: CWE-703 (https://cwe.mitre.org/data/definitions/703.html)
   More Info: https://bandit.readthedocs.io/en/1.7.7/plugins/b101_assert_used.html
   Location: .\tests\opentelemetry-docker-tests\tests\celery\test_celery_functional.py:328:4
327	
328	    assert result.failed() is False
329	    assert "Task class is being retried" in result.traceback

--------------------------------------------------
>> Issue: [B101:assert_used] Use of assert detected. The enclosed code will be removed when compiling to optimised byte code.
   Severity: Low   Confidence: High
   CWE: CWE-703 (https://cwe.mitre.org/data/definitions/703.html)
   More Info: https://bandit.readthedocs.io/en/1.7.7/plugins/b101_assert_used.html
   Location: .\tests\opentelemetry-docker-tests\tests\celery\test_celery_functional.py:329:4
328	    assert result.failed() is False
329	    assert "Task class is being retried" in result.traceback
330	

--------------------------------------------------
>> Issue: [B101:assert_used] Use of assert detected. The enclosed code will be removed when compiling to optimised byte code.
   Severity: Low   Confidence: High
   CWE: CWE-703 (https://cwe.mitre.org/data/definitions/703.html)
   More Info: https://bandit.readthedocs.io/en/1.7.7/plugins/b101_assert_used.html
   Location: .\tests\opentelemetry-docker-tests\tests\celery\test_celery_functional.py:332:4
331	    spans = memory_exporter.get_finished_spans()
332	    assert len(spans) == 1
333	

--------------------------------------------------
>> Issue: [B101:assert_used] Use of assert detected. The enclosed code will be removed when compiling to optimised byte code.
   Severity: Low   Confidence: High
   CWE: CWE-703 (https://cwe.mitre.org/data/definitions/703.html)
   More Info: https://bandit.readthedocs.io/en/1.7.7/plugins/b101_assert_used.html
   Location: .\tests\opentelemetry-docker-tests\tests\celery\test_celery_functional.py:336:4
335	
336	    assert span.status.is_ok is True
337	    assert span.status.status_code == StatusCode.UNSET

--------------------------------------------------
>> Issue: [B101:assert_used] Use of assert detected. The enclosed code will be removed when compiling to optimised byte code.
   Severity: Low   Confidence: High
   CWE: CWE-703 (https://cwe.mitre.org/data/definitions/703.html)
   More Info: https://bandit.readthedocs.io/en/1.7.7/plugins/b101_assert_used.html
   Location: .\tests\opentelemetry-docker-tests\tests\celery\test_celery_functional.py:337:4
336	    assert span.status.is_ok is True
337	    assert span.status.status_code == StatusCode.UNSET
338	    assert span.name == "run/test_celery_functional.fn_exception"

--------------------------------------------------
>> Issue: [B101:assert_used] Use of assert detected. The enclosed code will be removed when compiling to optimised byte code.
   Severity: Low   Confidence: High
   CWE: CWE-703 (https://cwe.mitre.org/data/definitions/703.html)
   More Info: https://bandit.readthedocs.io/en/1.7.7/plugins/b101_assert_used.html
   Location: .\tests\opentelemetry-docker-tests\tests\celery\test_celery_functional.py:338:4
337	    assert span.status.status_code == StatusCode.UNSET
338	    assert span.name == "run/test_celery_functional.fn_exception"
339	    assert span.attributes.get("celery.action") == "run"

--------------------------------------------------
>> Issue: [B101:assert_used] Use of assert detected. The enclosed code will be removed when compiling to optimised byte code.
   Severity: Low   Confidence: High
   CWE: CWE-703 (https://cwe.mitre.org/data/definitions/703.html)
   More Info: https://bandit.readthedocs.io/en/1.7.7/plugins/b101_assert_used.html
   Location: .\tests\opentelemetry-docker-tests\tests\celery\test_celery_functional.py:339:4
338	    assert span.name == "run/test_celery_functional.fn_exception"
339	    assert span.attributes.get("celery.action") == "run"
340	    assert span.attributes.get("celery.state") == "RETRY"

--------------------------------------------------
>> Issue: [B101:assert_used] Use of assert detected. The enclosed code will be removed when compiling to optimised byte code.
   Severity: Low   Confidence: High
   CWE: CWE-703 (https://cwe.mitre.org/data/definitions/703.html)
   More Info: https://bandit.readthedocs.io/en/1.7.7/plugins/b101_assert_used.html
   Location: .\tests\opentelemetry-docker-tests\tests\celery\test_celery_functional.py:340:4
339	    assert span.attributes.get("celery.action") == "run"
340	    assert span.attributes.get("celery.state") == "RETRY"
341	    assert (

--------------------------------------------------
>> Issue: [B101:assert_used] Use of assert detected. The enclosed code will be removed when compiling to optimised byte code.
   Severity: Low   Confidence: High
   CWE: CWE-703 (https://cwe.mitre.org/data/definitions/703.html)
   More Info: https://bandit.readthedocs.io/en/1.7.7/plugins/b101_assert_used.html
   Location: .\tests\opentelemetry-docker-tests\tests\celery\test_celery_functional.py:341:4
340	    assert span.attributes.get("celery.state") == "RETRY"
341	    assert (
342	        span.attributes.get("celery.task_name")
343	        == "test_celery_functional.fn_exception"
344	    )
345	    assert (

--------------------------------------------------
>> Issue: [B101:assert_used] Use of assert detected. The enclosed code will be removed when compiling to optimised byte code.
   Severity: Low   Confidence: High
   CWE: CWE-703 (https://cwe.mitre.org/data/definitions/703.html)
   More Info: https://bandit.readthedocs.io/en/1.7.7/plugins/b101_assert_used.html
   Location: .\tests\opentelemetry-docker-tests\tests\celery\test_celery_functional.py:345:4
344	    )
345	    assert (
346	        span.attributes.get(SpanAttributes.MESSAGING_MESSAGE_ID)
347	        == result.task_id
348	    )
349	

--------------------------------------------------
>> Issue: [B101:assert_used] Use of assert detected. The enclosed code will be removed when compiling to optimised byte code.
   Severity: Low   Confidence: High
   CWE: CWE-703 (https://cwe.mitre.org/data/definitions/703.html)
   More Info: https://bandit.readthedocs.io/en/1.7.7/plugins/b101_assert_used.html
   Location: .\tests\opentelemetry-docker-tests\tests\celery\test_celery_functional.py:364:4
363	
364	    assert result.successful() is True
365	    assert result.result == 42

--------------------------------------------------
>> Issue: [B101:assert_used] Use of assert detected. The enclosed code will be removed when compiling to optimised byte code.
   Severity: Low   Confidence: High
   CWE: CWE-703 (https://cwe.mitre.org/data/definitions/703.html)
   More Info: https://bandit.readthedocs.io/en/1.7.7/plugins/b101_assert_used.html
   Location: .\tests\opentelemetry-docker-tests\tests\celery\test_celery_functional.py:365:4
364	    assert result.successful() is True
365	    assert result.result == 42
366	

--------------------------------------------------
>> Issue: [B101:assert_used] Use of assert detected. The enclosed code will be removed when compiling to optimised byte code.
   Severity: Low   Confidence: High
   CWE: CWE-703 (https://cwe.mitre.org/data/definitions/703.html)
   More Info: https://bandit.readthedocs.io/en/1.7.7/plugins/b101_assert_used.html
   Location: .\tests\opentelemetry-docker-tests\tests\celery\test_celery_functional.py:368:4
367	    spans = memory_exporter.get_finished_spans()
368	    assert len(spans) == 1
369	

--------------------------------------------------
>> Issue: [B101:assert_used] Use of assert detected. The enclosed code will be removed when compiling to optimised byte code.
   Severity: Low   Confidence: High
   CWE: CWE-703 (https://cwe.mitre.org/data/definitions/703.html)
   More Info: https://bandit.readthedocs.io/en/1.7.7/plugins/b101_assert_used.html
   Location: .\tests\opentelemetry-docker-tests\tests\celery\test_celery_functional.py:372:4
371	
372	    assert span.status.is_ok is True
373	    assert span.name == "run/test_celery_functional.BaseTask"

--------------------------------------------------
>> Issue: [B101:assert_used] Use of assert detected. The enclosed code will be removed when compiling to optimised byte code.
   Severity: Low   Confidence: High
   CWE: CWE-703 (https://cwe.mitre.org/data/definitions/703.html)
   More Info: https://bandit.readthedocs.io/en/1.7.7/plugins/b101_assert_used.html
   Location: .\tests\opentelemetry-docker-tests\tests\celery\test_celery_functional.py:373:4
372	    assert span.status.is_ok is True
373	    assert span.name == "run/test_celery_functional.BaseTask"
374	    assert (

--------------------------------------------------
>> Issue: [B101:assert_used] Use of assert detected. The enclosed code will be removed when compiling to optimised byte code.
   Severity: Low   Confidence: High
   CWE: CWE-703 (https://cwe.mitre.org/data/definitions/703.html)
   More Info: https://bandit.readthedocs.io/en/1.7.7/plugins/b101_assert_used.html
   Location: .\tests\opentelemetry-docker-tests\tests\celery\test_celery_functional.py:374:4
373	    assert span.name == "run/test_celery_functional.BaseTask"
374	    assert (
375	        span.attributes.get("celery.task_name")
376	        == "test_celery_functional.BaseTask"
377	    )
378	    assert span.attributes.get("celery.action") == "run"

--------------------------------------------------
>> Issue: [B101:assert_used] Use of assert detected. The enclosed code will be removed when compiling to optimised byte code.
   Severity: Low   Confidence: High
   CWE: CWE-703 (https://cwe.mitre.org/data/definitions/703.html)
   More Info: https://bandit.readthedocs.io/en/1.7.7/plugins/b101_assert_used.html
   Location: .\tests\opentelemetry-docker-tests\tests\celery\test_celery_functional.py:378:4
377	    )
378	    assert span.attributes.get("celery.action") == "run"
379	    assert span.attributes.get("celery.state") == "SUCCESS"

--------------------------------------------------
>> Issue: [B101:assert_used] Use of assert detected. The enclosed code will be removed when compiling to optimised byte code.
   Severity: Low   Confidence: High
   CWE: CWE-703 (https://cwe.mitre.org/data/definitions/703.html)
   More Info: https://bandit.readthedocs.io/en/1.7.7/plugins/b101_assert_used.html
   Location: .\tests\opentelemetry-docker-tests\tests\celery\test_celery_functional.py:379:4
378	    assert span.attributes.get("celery.action") == "run"
379	    assert span.attributes.get("celery.state") == "SUCCESS"
380	    assert (

--------------------------------------------------
>> Issue: [B101:assert_used] Use of assert detected. The enclosed code will be removed when compiling to optimised byte code.
   Severity: Low   Confidence: High
   CWE: CWE-703 (https://cwe.mitre.org/data/definitions/703.html)
   More Info: https://bandit.readthedocs.io/en/1.7.7/plugins/b101_assert_used.html
   Location: .\tests\opentelemetry-docker-tests\tests\celery\test_celery_functional.py:380:4
379	    assert span.attributes.get("celery.state") == "SUCCESS"
380	    assert (
381	        span.attributes.get(SpanAttributes.MESSAGING_MESSAGE_ID)
382	        == result.task_id
383	    )
384	

--------------------------------------------------
>> Issue: [B101:assert_used] Use of assert detected. The enclosed code will be removed when compiling to optimised byte code.
   Severity: Low   Confidence: High
   CWE: CWE-703 (https://cwe.mitre.org/data/definitions/703.html)
   More Info: https://bandit.readthedocs.io/en/1.7.7/plugins/b101_assert_used.html
   Location: .\tests\opentelemetry-docker-tests\tests\celery\test_celery_functional.py:399:4
398	
399	    assert result.failed() is True
400	    assert "Task class is failing" in result.traceback

--------------------------------------------------
>> Issue: [B101:assert_used] Use of assert detected. The enclosed code will be removed when compiling to optimised byte code.
   Severity: Low   Confidence: High
   CWE: CWE-703 (https://cwe.mitre.org/data/definitions/703.html)
   More Info: https://bandit.readthedocs.io/en/1.7.7/plugins/b101_assert_used.html
   Location: .\tests\opentelemetry-docker-tests\tests\celery\test_celery_functional.py:400:4
399	    assert result.failed() is True
400	    assert "Task class is failing" in result.traceback
401	

--------------------------------------------------
>> Issue: [B101:assert_used] Use of assert detected. The enclosed code will be removed when compiling to optimised byte code.
   Severity: Low   Confidence: High
   CWE: CWE-703 (https://cwe.mitre.org/data/definitions/703.html)
   More Info: https://bandit.readthedocs.io/en/1.7.7/plugins/b101_assert_used.html
   Location: .\tests\opentelemetry-docker-tests\tests\celery\test_celery_functional.py:403:4
402	    spans = memory_exporter.get_finished_spans()
403	    assert len(spans) == 1
404	

--------------------------------------------------
>> Issue: [B101:assert_used] Use of assert detected. The enclosed code will be removed when compiling to optimised byte code.
   Severity: Low   Confidence: High
   CWE: CWE-703 (https://cwe.mitre.org/data/definitions/703.html)
   More Info: https://bandit.readthedocs.io/en/1.7.7/plugins/b101_assert_used.html
   Location: .\tests\opentelemetry-docker-tests\tests\celery\test_celery_functional.py:407:4
406	
407	    assert span.status.is_ok is False
408	    assert span.name == "run/test_celery_functional.BaseTask"

--------------------------------------------------
>> Issue: [B101:assert_used] Use of assert detected. The enclosed code will be removed when compiling to optimised byte code.
   Severity: Low   Confidence: High
   CWE: CWE-703 (https://cwe.mitre.org/data/definitions/703.html)
   More Info: https://bandit.readthedocs.io/en/1.7.7/plugins/b101_assert_used.html
   Location: .\tests\opentelemetry-docker-tests\tests\celery\test_celery_functional.py:408:4
407	    assert span.status.is_ok is False
408	    assert span.name == "run/test_celery_functional.BaseTask"
409	    assert (

--------------------------------------------------
>> Issue: [B101:assert_used] Use of assert detected. The enclosed code will be removed when compiling to optimised byte code.
   Severity: Low   Confidence: High
   CWE: CWE-703 (https://cwe.mitre.org/data/definitions/703.html)
   More Info: https://bandit.readthedocs.io/en/1.7.7/plugins/b101_assert_used.html
   Location: .\tests\opentelemetry-docker-tests\tests\celery\test_celery_functional.py:409:4
408	    assert span.name == "run/test_celery_functional.BaseTask"
409	    assert (
410	        span.attributes.get("celery.task_name")
411	        == "test_celery_functional.BaseTask"
412	    )
413	    assert span.attributes.get("celery.action") == "run"

--------------------------------------------------
>> Issue: [B101:assert_used] Use of assert detected. The enclosed code will be removed when compiling to optimised byte code.
   Severity: Low   Confidence: High
   CWE: CWE-703 (https://cwe.mitre.org/data/definitions/703.html)
   More Info: https://bandit.readthedocs.io/en/1.7.7/plugins/b101_assert_used.html
   Location: .\tests\opentelemetry-docker-tests\tests\celery\test_celery_functional.py:413:4
412	    )
413	    assert span.attributes.get("celery.action") == "run"
414	    assert span.attributes.get("celery.state") == "FAILURE"

--------------------------------------------------
>> Issue: [B101:assert_used] Use of assert detected. The enclosed code will be removed when compiling to optimised byte code.
   Severity: Low   Confidence: High
   CWE: CWE-703 (https://cwe.mitre.org/data/definitions/703.html)
   More Info: https://bandit.readthedocs.io/en/1.7.7/plugins/b101_assert_used.html
   Location: .\tests\opentelemetry-docker-tests\tests\celery\test_celery_functional.py:414:4
413	    assert span.attributes.get("celery.action") == "run"
414	    assert span.attributes.get("celery.state") == "FAILURE"
415	    assert span.status.status_code == StatusCode.ERROR

--------------------------------------------------
>> Issue: [B101:assert_used] Use of assert detected. The enclosed code will be removed when compiling to optimised byte code.
   Severity: Low   Confidence: High
   CWE: CWE-703 (https://cwe.mitre.org/data/definitions/703.html)
   More Info: https://bandit.readthedocs.io/en/1.7.7/plugins/b101_assert_used.html
   Location: .\tests\opentelemetry-docker-tests\tests\celery\test_celery_functional.py:415:4
414	    assert span.attributes.get("celery.state") == "FAILURE"
415	    assert span.status.status_code == StatusCode.ERROR
416	    assert (

--------------------------------------------------
>> Issue: [B101:assert_used] Use of assert detected. The enclosed code will be removed when compiling to optimised byte code.
   Severity: Low   Confidence: High
   CWE: CWE-703 (https://cwe.mitre.org/data/definitions/703.html)
   More Info: https://bandit.readthedocs.io/en/1.7.7/plugins/b101_assert_used.html
   Location: .\tests\opentelemetry-docker-tests\tests\celery\test_celery_functional.py:416:4
415	    assert span.status.status_code == StatusCode.ERROR
416	    assert (
417	        span.attributes.get(SpanAttributes.MESSAGING_MESSAGE_ID)
418	        == result.task_id
419	    )
420	    assert "Task class is failing" in span.status.description

--------------------------------------------------
>> Issue: [B101:assert_used] Use of assert detected. The enclosed code will be removed when compiling to optimised byte code.
   Severity: Low   Confidence: High
   CWE: CWE-703 (https://cwe.mitre.org/data/definitions/703.html)
   More Info: https://bandit.readthedocs.io/en/1.7.7/plugins/b101_assert_used.html
   Location: .\tests\opentelemetry-docker-tests\tests\celery\test_celery_functional.py:420:4
419	    )
420	    assert "Task class is failing" in span.status.description
421	

--------------------------------------------------
>> Issue: [B101:assert_used] Use of assert detected. The enclosed code will be removed when compiling to optimised byte code.
   Severity: Low   Confidence: High
   CWE: CWE-703 (https://cwe.mitre.org/data/definitions/703.html)
   More Info: https://bandit.readthedocs.io/en/1.7.7/plugins/b101_assert_used.html
   Location: .\tests\opentelemetry-docker-tests\tests\celery\test_celery_functional.py:438:4
437	
438	    assert result.failed() is True
439	    assert "Task class is failing" in result.traceback

--------------------------------------------------
>> Issue: [B101:assert_used] Use of assert detected. The enclosed code will be removed when compiling to optimised byte code.
   Severity: Low   Confidence: High
   CWE: CWE-703 (https://cwe.mitre.org/data/definitions/703.html)
   More Info: https://bandit.readthedocs.io/en/1.7.7/plugins/b101_assert_used.html
   Location: .\tests\opentelemetry-docker-tests\tests\celery\test_celery_functional.py:439:4
438	    assert result.failed() is True
439	    assert "Task class is failing" in result.traceback
440	

--------------------------------------------------
>> Issue: [B101:assert_used] Use of assert detected. The enclosed code will be removed when compiling to optimised byte code.
   Severity: Low   Confidence: High
   CWE: CWE-703 (https://cwe.mitre.org/data/definitions/703.html)
   More Info: https://bandit.readthedocs.io/en/1.7.7/plugins/b101_assert_used.html
   Location: .\tests\opentelemetry-docker-tests\tests\celery\test_celery_functional.py:442:4
441	    spans = memory_exporter.get_finished_spans()
442	    assert len(spans) == 1
443	

--------------------------------------------------
>> Issue: [B101:assert_used] Use of assert detected. The enclosed code will be removed when compiling to optimised byte code.
   Severity: Low   Confidence: High
   CWE: CWE-703 (https://cwe.mitre.org/data/definitions/703.html)
   More Info: https://bandit.readthedocs.io/en/1.7.7/plugins/b101_assert_used.html
   Location: .\tests\opentelemetry-docker-tests\tests\celery\test_celery_functional.py:446:4
445	
446	    assert span.status.is_ok is False
447	    assert span.status.status_code == StatusCode.ERROR

--------------------------------------------------
>> Issue: [B101:assert_used] Use of assert detected. The enclosed code will be removed when compiling to optimised byte code.
   Severity: Low   Confidence: High
   CWE: CWE-703 (https://cwe.mitre.org/data/definitions/703.html)
   More Info: https://bandit.readthedocs.io/en/1.7.7/plugins/b101_assert_used.html
   Location: .\tests\opentelemetry-docker-tests\tests\celery\test_celery_functional.py:447:4
446	    assert span.status.is_ok is False
447	    assert span.status.status_code == StatusCode.ERROR
448	    assert span.name == "run/test_celery_functional.BaseTask"

--------------------------------------------------
>> Issue: [B101:assert_used] Use of assert detected. The enclosed code will be removed when compiling to optimised byte code.
   Severity: Low   Confidence: High
   CWE: CWE-703 (https://cwe.mitre.org/data/definitions/703.html)
   More Info: https://bandit.readthedocs.io/en/1.7.7/plugins/b101_assert_used.html
   Location: .\tests\opentelemetry-docker-tests\tests\celery\test_celery_functional.py:448:4
447	    assert span.status.status_code == StatusCode.ERROR
448	    assert span.name == "run/test_celery_functional.BaseTask"
449	    assert span.attributes.get("celery.action") == "run"

--------------------------------------------------
>> Issue: [B101:assert_used] Use of assert detected. The enclosed code will be removed when compiling to optimised byte code.
   Severity: Low   Confidence: High
   CWE: CWE-703 (https://cwe.mitre.org/data/definitions/703.html)
   More Info: https://bandit.readthedocs.io/en/1.7.7/plugins/b101_assert_used.html
   Location: .\tests\opentelemetry-docker-tests\tests\celery\test_celery_functional.py:449:4
448	    assert span.name == "run/test_celery_functional.BaseTask"
449	    assert span.attributes.get("celery.action") == "run"
450	    assert span.attributes.get("celery.state") == "FAILURE"

--------------------------------------------------
>> Issue: [B101:assert_used] Use of assert detected. The enclosed code will be removed when compiling to optimised byte code.
   Severity: Low   Confidence: High
   CWE: CWE-703 (https://cwe.mitre.org/data/definitions/703.html)
   More Info: https://bandit.readthedocs.io/en/1.7.7/plugins/b101_assert_used.html
   Location: .\tests\opentelemetry-docker-tests\tests\celery\test_celery_functional.py:450:4
449	    assert span.attributes.get("celery.action") == "run"
450	    assert span.attributes.get("celery.state") == "FAILURE"
451	    assert (

--------------------------------------------------
>> Issue: [B101:assert_used] Use of assert detected. The enclosed code will be removed when compiling to optimised byte code.
   Severity: Low   Confidence: High
   CWE: CWE-703 (https://cwe.mitre.org/data/definitions/703.html)
   More Info: https://bandit.readthedocs.io/en/1.7.7/plugins/b101_assert_used.html
   Location: .\tests\opentelemetry-docker-tests\tests\celery\test_celery_functional.py:451:4
450	    assert span.attributes.get("celery.state") == "FAILURE"
451	    assert (
452	        span.attributes.get(SpanAttributes.MESSAGING_MESSAGE_ID)
453	        == result.task_id
454	    )
455	

--------------------------------------------------
>> Issue: [B101:assert_used] Use of assert detected. The enclosed code will be removed when compiling to optimised byte code.
   Severity: Low   Confidence: High
   CWE: CWE-703 (https://cwe.mitre.org/data/definitions/703.html)
   More Info: https://bandit.readthedocs.io/en/1.7.7/plugins/b101_assert_used.html
   Location: .\tests\opentelemetry-docker-tests\tests\celery\test_celery_functional.py:465:4
464	    result = add.apply([2, 2])
465	    assert result.result == 4
466	

--------------------------------------------------
>> Issue: [B101:assert_used] Use of assert detected. The enclosed code will be removed when compiling to optimised byte code.
   Severity: Low   Confidence: High
   CWE: CWE-703 (https://cwe.mitre.org/data/definitions/703.html)
   More Info: https://bandit.readthedocs.io/en/1.7.7/plugins/b101_assert_used.html
   Location: .\tests\opentelemetry-docker-tests\tests\celery\test_celery_functional.py:468:4
467	    spans = memory_exporter.get_finished_spans()
468	    assert len(spans) == 1
469	

--------------------------------------------------
>> Issue: [B101:assert_used] Use of assert detected. The enclosed code will be removed when compiling to optimised byte code.
   Severity: Low   Confidence: High
   CWE: CWE-703 (https://cwe.mitre.org/data/definitions/703.html)
   More Info: https://bandit.readthedocs.io/en/1.7.7/plugins/b101_assert_used.html
   Location: .\tests\opentelemetry-docker-tests\tests\celery\test_celery_functional.py:472:4
471	
472	    assert span.status.is_ok is True
473	    assert span.name == "run/test_celery_functional.add"

--------------------------------------------------
>> Issue: [B101:assert_used] Use of assert detected. The enclosed code will be removed when compiling to optimised byte code.
   Severity: Low   Confidence: High
   CWE: CWE-703 (https://cwe.mitre.org/data/definitions/703.html)
   More Info: https://bandit.readthedocs.io/en/1.7.7/plugins/b101_assert_used.html
   Location: .\tests\opentelemetry-docker-tests\tests\celery\test_celery_functional.py:473:4
472	    assert span.status.is_ok is True
473	    assert span.name == "run/test_celery_functional.add"
474	    assert (

--------------------------------------------------
>> Issue: [B101:assert_used] Use of assert detected. The enclosed code will be removed when compiling to optimised byte code.
   Severity: Low   Confidence: High
   CWE: CWE-703 (https://cwe.mitre.org/data/definitions/703.html)
   More Info: https://bandit.readthedocs.io/en/1.7.7/plugins/b101_assert_used.html
   Location: .\tests\opentelemetry-docker-tests\tests\celery\test_celery_functional.py:474:4
473	    assert span.name == "run/test_celery_functional.add"
474	    assert (
475	        span.attributes.get("celery.task_name") == "test_celery_functional.add"
476	    )
477	    assert span.attributes.get("celery.action") == "run"

--------------------------------------------------
>> Issue: [B101:assert_used] Use of assert detected. The enclosed code will be removed when compiling to optimised byte code.
   Severity: Low   Confidence: High
   CWE: CWE-703 (https://cwe.mitre.org/data/definitions/703.html)
   More Info: https://bandit.readthedocs.io/en/1.7.7/plugins/b101_assert_used.html
   Location: .\tests\opentelemetry-docker-tests\tests\celery\test_celery_functional.py:477:4
476	    )
477	    assert span.attributes.get("celery.action") == "run"
478	    assert span.attributes.get("celery.state") == "SUCCESS"

--------------------------------------------------
>> Issue: [B101:assert_used] Use of assert detected. The enclosed code will be removed when compiling to optimised byte code.
   Severity: Low   Confidence: High
   CWE: CWE-703 (https://cwe.mitre.org/data/definitions/703.html)
   More Info: https://bandit.readthedocs.io/en/1.7.7/plugins/b101_assert_used.html
   Location: .\tests\opentelemetry-docker-tests\tests\celery\test_celery_functional.py:478:4
477	    assert span.attributes.get("celery.action") == "run"
478	    assert span.attributes.get("celery.state") == "SUCCESS"
479	    assert (

--------------------------------------------------
>> Issue: [B101:assert_used] Use of assert detected. The enclosed code will be removed when compiling to optimised byte code.
   Severity: Low   Confidence: High
   CWE: CWE-703 (https://cwe.mitre.org/data/definitions/703.html)
   More Info: https://bandit.readthedocs.io/en/1.7.7/plugins/b101_assert_used.html
   Location: .\tests\opentelemetry-docker-tests\tests\celery\test_celery_functional.py:479:4
478	    assert span.attributes.get("celery.state") == "SUCCESS"
479	    assert (
480	        span.attributes.get(SpanAttributes.MESSAGING_MESSAGE_ID)
481	        == result.task_id
482	    )
483	

--------------------------------------------------
>> Issue: [B101:assert_used] Use of assert detected. The enclosed code will be removed when compiling to optimised byte code.
   Severity: Low   Confidence: High
   CWE: CWE-703 (https://cwe.mitre.org/data/definitions/703.html)
   More Info: https://bandit.readthedocs.io/en/1.7.7/plugins/b101_assert_used.html
   Location: .\tests\opentelemetry-docker-tests\tests\celery\test_celery_functional.py:517:4
516	    spans = memory_exporter.get_finished_spans()
517	    assert len(spans) == 3
518	

--------------------------------------------------
>> Issue: [B101:assert_used] Use of assert detected. The enclosed code will be removed when compiling to optimised byte code.
   Severity: Low   Confidence: High
   CWE: CWE-703 (https://cwe.mitre.org/data/definitions/703.html)
   More Info: https://bandit.readthedocs.io/en/1.7.7/plugins/b101_assert_used.html
   Location: .\tests\opentelemetry-docker-tests\tests\celery\test_celery_functional.py:521:4
520	
521	    assert run_span.status.is_ok is True
522	    assert run_span.name == "run/test_celery_functional.CelerySubClass"

--------------------------------------------------
>> Issue: [B101:assert_used] Use of assert detected. The enclosed code will be removed when compiling to optimised byte code.
   Severity: Low   Confidence: High
   CWE: CWE-703 (https://cwe.mitre.org/data/definitions/703.html)
   More Info: https://bandit.readthedocs.io/en/1.7.7/plugins/b101_assert_used.html
   Location: .\tests\opentelemetry-docker-tests\tests\celery\test_celery_functional.py:522:4
521	    assert run_span.status.is_ok is True
522	    assert run_span.name == "run/test_celery_functional.CelerySubClass"
523	    assert (

--------------------------------------------------
>> Issue: [B101:assert_used] Use of assert detected. The enclosed code will be removed when compiling to optimised byte code.
   Severity: Low   Confidence: High
   CWE: CWE-703 (https://cwe.mitre.org/data/definitions/703.html)
   More Info: https://bandit.readthedocs.io/en/1.7.7/plugins/b101_assert_used.html
   Location: .\tests\opentelemetry-docker-tests\tests\celery\test_celery_functional.py:523:4
522	    assert run_span.name == "run/test_celery_functional.CelerySubClass"
523	    assert (
524	        run_span.attributes.get("celery.task_name")
525	        == "test_celery_functional.CelerySubClass"
526	    )
527	    assert run_span.attributes.get("celery.action") == "run"

--------------------------------------------------
>> Issue: [B101:assert_used] Use of assert detected. The enclosed code will be removed when compiling to optimised byte code.
   Severity: Low   Confidence: High
   CWE: CWE-703 (https://cwe.mitre.org/data/definitions/703.html)
   More Info: https://bandit.readthedocs.io/en/1.7.7/plugins/b101_assert_used.html
   Location: .\tests\opentelemetry-docker-tests\tests\celery\test_celery_functional.py:527:4
526	    )
527	    assert run_span.attributes.get("celery.action") == "run"
528	    assert run_span.attributes.get("celery.state") == "SUCCESS"

--------------------------------------------------
>> Issue: [B101:assert_used] Use of assert detected. The enclosed code will be removed when compiling to optimised byte code.
   Severity: Low   Confidence: High
   CWE: CWE-703 (https://cwe.mitre.org/data/definitions/703.html)
   More Info: https://bandit.readthedocs.io/en/1.7.7/plugins/b101_assert_used.html
   Location: .\tests\opentelemetry-docker-tests\tests\celery\test_celery_functional.py:528:4
527	    assert run_span.attributes.get("celery.action") == "run"
528	    assert run_span.attributes.get("celery.state") == "SUCCESS"
529	    assert (

--------------------------------------------------
>> Issue: [B101:assert_used] Use of assert detected. The enclosed code will be removed when compiling to optimised byte code.
   Severity: Low   Confidence: High
   CWE: CWE-703 (https://cwe.mitre.org/data/definitions/703.html)
   More Info: https://bandit.readthedocs.io/en/1.7.7/plugins/b101_assert_used.html
   Location: .\tests\opentelemetry-docker-tests\tests\celery\test_celery_functional.py:529:4
528	    assert run_span.attributes.get("celery.state") == "SUCCESS"
529	    assert (
530	        run_span.attributes.get(SpanAttributes.MESSAGING_MESSAGE_ID)
531	        == result.task_id
532	    )
533	

--------------------------------------------------
>> Issue: [B101:assert_used] Use of assert detected. The enclosed code will be removed when compiling to optimised byte code.
   Severity: Low   Confidence: High
   CWE: CWE-703 (https://cwe.mitre.org/data/definitions/703.html)
   More Info: https://bandit.readthedocs.io/en/1.7.7/plugins/b101_assert_used.html
   Location: .\tests\opentelemetry-docker-tests\tests\celery\test_celery_functional.py:534:4
533	
534	    assert async_run_span.status.is_ok is True
535	    assert async_run_span.name == "run/test_celery_functional.CelerySubClass"

--------------------------------------------------
>> Issue: [B101:assert_used] Use of assert detected. The enclosed code will be removed when compiling to optimised byte code.
   Severity: Low   Confidence: High
   CWE: CWE-703 (https://cwe.mitre.org/data/definitions/703.html)
   More Info: https://bandit.readthedocs.io/en/1.7.7/plugins/b101_assert_used.html
   Location: .\tests\opentelemetry-docker-tests\tests\celery\test_celery_functional.py:535:4
534	    assert async_run_span.status.is_ok is True
535	    assert async_run_span.name == "run/test_celery_functional.CelerySubClass"
536	    assert (

--------------------------------------------------
>> Issue: [B101:assert_used] Use of assert detected. The enclosed code will be removed when compiling to optimised byte code.
   Severity: Low   Confidence: High
   CWE: CWE-703 (https://cwe.mitre.org/data/definitions/703.html)
   More Info: https://bandit.readthedocs.io/en/1.7.7/plugins/b101_assert_used.html
   Location: .\tests\opentelemetry-docker-tests\tests\celery\test_celery_functional.py:536:4
535	    assert async_run_span.name == "run/test_celery_functional.CelerySubClass"
536	    assert (
537	        async_run_span.attributes.get("celery.task_name")
538	        == "test_celery_functional.CelerySubClass"
539	    )
540	    assert async_run_span.attributes.get("celery.action") == "run"

--------------------------------------------------
>> Issue: [B101:assert_used] Use of assert detected. The enclosed code will be removed when compiling to optimised byte code.
   Severity: Low   Confidence: High
   CWE: CWE-703 (https://cwe.mitre.org/data/definitions/703.html)
   More Info: https://bandit.readthedocs.io/en/1.7.7/plugins/b101_assert_used.html
   Location: .\tests\opentelemetry-docker-tests\tests\celery\test_celery_functional.py:540:4
539	    )
540	    assert async_run_span.attributes.get("celery.action") == "run"
541	    assert async_run_span.attributes.get("celery.state") == "SUCCESS"

--------------------------------------------------
>> Issue: [B101:assert_used] Use of assert detected. The enclosed code will be removed when compiling to optimised byte code.
   Severity: Low   Confidence: High
   CWE: CWE-703 (https://cwe.mitre.org/data/definitions/703.html)
   More Info: https://bandit.readthedocs.io/en/1.7.7/plugins/b101_assert_used.html
   Location: .\tests\opentelemetry-docker-tests\tests\celery\test_celery_functional.py:541:4
540	    assert async_run_span.attributes.get("celery.action") == "run"
541	    assert async_run_span.attributes.get("celery.state") == "SUCCESS"
542	    assert (

--------------------------------------------------
>> Issue: [B101:assert_used] Use of assert detected. The enclosed code will be removed when compiling to optimised byte code.
   Severity: Low   Confidence: High
   CWE: CWE-703 (https://cwe.mitre.org/data/definitions/703.html)
   More Info: https://bandit.readthedocs.io/en/1.7.7/plugins/b101_assert_used.html
   Location: .\tests\opentelemetry-docker-tests\tests\celery\test_celery_functional.py:542:4
541	    assert async_run_span.attributes.get("celery.state") == "SUCCESS"
542	    assert (
543	        async_run_span.attributes.get(SpanAttributes.MESSAGING_MESSAGE_ID)
544	        != result.task_id
545	    )
546	

--------------------------------------------------
>> Issue: [B101:assert_used] Use of assert detected. The enclosed code will be removed when compiling to optimised byte code.
   Severity: Low   Confidence: High
   CWE: CWE-703 (https://cwe.mitre.org/data/definitions/703.html)
   More Info: https://bandit.readthedocs.io/en/1.7.7/plugins/b101_assert_used.html
   Location: .\tests\opentelemetry-docker-tests\tests\celery\test_celery_functional.py:547:4
546	
547	    assert async_span.status.is_ok is True
548	    assert (

--------------------------------------------------
>> Issue: [B101:assert_used] Use of assert detected. The enclosed code will be removed when compiling to optimised byte code.
   Severity: Low   Confidence: High
   CWE: CWE-703 (https://cwe.mitre.org/data/definitions/703.html)
   More Info: https://bandit.readthedocs.io/en/1.7.7/plugins/b101_assert_used.html
   Location: .\tests\opentelemetry-docker-tests\tests\celery\test_celery_functional.py:548:4
547	    assert async_span.status.is_ok is True
548	    assert (
549	        async_span.name == "apply_async/test_celery_functional.CelerySubClass"
550	    )
551	    assert (

--------------------------------------------------
>> Issue: [B101:assert_used] Use of assert detected. The enclosed code will be removed when compiling to optimised byte code.
   Severity: Low   Confidence: High
   CWE: CWE-703 (https://cwe.mitre.org/data/definitions/703.html)
   More Info: https://bandit.readthedocs.io/en/1.7.7/plugins/b101_assert_used.html
   Location: .\tests\opentelemetry-docker-tests\tests\celery\test_celery_functional.py:551:4
550	    )
551	    assert (
552	        async_span.attributes.get("celery.task_name")
553	        == "test_celery_functional.CelerySubClass"
554	    )
555	    assert async_span.attributes.get("celery.action") == "apply_async"

--------------------------------------------------
>> Issue: [B101:assert_used] Use of assert detected. The enclosed code will be removed when compiling to optimised byte code.
   Severity: Low   Confidence: High
   CWE: CWE-703 (https://cwe.mitre.org/data/definitions/703.html)
   More Info: https://bandit.readthedocs.io/en/1.7.7/plugins/b101_assert_used.html
   Location: .\tests\opentelemetry-docker-tests\tests\celery\test_celery_functional.py:555:4
554	    )
555	    assert async_span.attributes.get("celery.action") == "apply_async"
556	    assert (

--------------------------------------------------
>> Issue: [B101:assert_used] Use of assert detected. The enclosed code will be removed when compiling to optimised byte code.
   Severity: Low   Confidence: High
   CWE: CWE-703 (https://cwe.mitre.org/data/definitions/703.html)
   More Info: https://bandit.readthedocs.io/en/1.7.7/plugins/b101_assert_used.html
   Location: .\tests\opentelemetry-docker-tests\tests\celery\test_celery_functional.py:556:4
555	    assert async_span.attributes.get("celery.action") == "apply_async"
556	    assert (
557	        async_span.attributes.get(SpanAttributes.MESSAGING_MESSAGE_ID)
558	        != result.task_id
559	    )
560	    assert async_span.attributes.get(

--------------------------------------------------
>> Issue: [B101:assert_used] Use of assert detected. The enclosed code will be removed when compiling to optimised byte code.
   Severity: Low   Confidence: High
   CWE: CWE-703 (https://cwe.mitre.org/data/definitions/703.html)
   More Info: https://bandit.readthedocs.io/en/1.7.7/plugins/b101_assert_used.html
   Location: .\tests\opentelemetry-docker-tests\tests\celery\test_celery_functional.py:560:4
559	    )
560	    assert async_span.attributes.get(
561	        SpanAttributes.MESSAGING_MESSAGE_ID
562	    ) == async_run_span.attributes.get(SpanAttributes.MESSAGING_MESSAGE_ID)
563	

--------------------------------------------------
>> Issue: [B101:assert_used] Use of assert detected. The enclosed code will be removed when compiling to optimised byte code.
   Severity: Low   Confidence: High
   CWE: CWE-703 (https://cwe.mitre.org/data/definitions/703.html)
   More Info: https://bandit.readthedocs.io/en/1.7.7/plugins/b101_assert_used.html
   Location: .\tests\opentelemetry-docker-tests\tests\celery\test_celery_functional.py:583:4
582	    spans_list = memory_exporter.get_finished_spans()
583	    assert len(spans_list) == 1
584	

--------------------------------------------------
>> Issue: [B101:assert_used] Use of assert detected. The enclosed code will be removed when compiling to optimised byte code.
   Severity: Low   Confidence: High
   CWE: CWE-703 (https://cwe.mitre.org/data/definitions/703.html)
   More Info: https://bandit.readthedocs.io/en/1.7.7/plugins/b101_assert_used.html
   Location: .\tests\opentelemetry-docker-tests\tests\celery\test_celery_functional.py:586:4
585	    span = spans_list[0]
586	    assert span.resource == resource

--------------------------------------------------
>> Issue: [B101:assert_used] Use of assert detected. The enclosed code will be removed when compiling to optimised byte code.
   Severity: Low   Confidence: High
   CWE: CWE-703 (https://cwe.mitre.org/data/definitions/703.html)
   More Info: https://bandit.readthedocs.io/en/1.7.7/plugins/b101_assert_used.html
   Location: .\util\opentelemetry-util-http\tests\test_http_base.py:54:8
53	        resp, body = self.perform_request()
54	        assert resp.status == 200
55	        assert body == b"Hello!"

--------------------------------------------------
>> Issue: [B101:assert_used] Use of assert detected. The enclosed code will be removed when compiling to optimised byte code.
   Severity: Low   Confidence: High
   CWE: CWE-703 (https://cwe.mitre.org/data/definitions/703.html)
   More Info: https://bandit.readthedocs.io/en/1.7.7/plugins/b101_assert_used.html
   Location: .\util\opentelemetry-util-http\tests\test_http_base.py:55:8
54	        assert resp.status == 200
55	        assert body == b"Hello!"
56	        self.assert_span(num_spans=0)

--------------------------------------------------
>> Issue: [B101:assert_used] Use of assert detected. The enclosed code will be removed when compiling to optimised byte code.
   Severity: Low   Confidence: High
   CWE: CWE-703 (https://cwe.mitre.org/data/definitions/703.html)
   More Info: https://bandit.readthedocs.io/en/1.7.7/plugins/b101_assert_used.html
   Location: .\util\opentelemetry-util-http\tests\test_http_base.py:64:8
63	            resp, body = self.perform_request()
64	        assert resp.status == 200
65	        assert body == b"Hello!"

--------------------------------------------------
>> Issue: [B101:assert_used] Use of assert detected. The enclosed code will be removed when compiling to optimised byte code.
   Severity: Low   Confidence: High
   CWE: CWE-703 (https://cwe.mitre.org/data/definitions/703.html)
   More Info: https://bandit.readthedocs.io/en/1.7.7/plugins/b101_assert_used.html
   Location: .\util\opentelemetry-util-http\tests\test_http_base.py:65:8
64	        assert resp.status == 200
65	        assert body == b"Hello!"
66	        span = self.assert_span(num_spans=1)

--------------------------------------------------
>> Issue: [B101:assert_used] Use of assert detected. The enclosed code will be removed when compiling to optimised byte code.
   Severity: Low   Confidence: High
   CWE: CWE-703 (https://cwe.mitre.org/data/definitions/703.html)
   More Info: https://bandit.readthedocs.io/en/1.7.7/plugins/b101_assert_used.html
   Location: .\util\opentelemetry-util-http\tests\test_http_base.py:78:8
77	                resp, body = self.perform_request()
78	        assert resp.status == 200
79	        assert body == b"Hello!"

--------------------------------------------------
>> Issue: [B101:assert_used] Use of assert detected. The enclosed code will be removed when compiling to optimised byte code.
   Severity: Low   Confidence: High
   CWE: CWE-703 (https://cwe.mitre.org/data/definitions/703.html)
   More Info: https://bandit.readthedocs.io/en/1.7.7/plugins/b101_assert_used.html
   Location: .\util\opentelemetry-util-http\tests\test_http_base.py:79:8
78	        assert resp.status == 200
79	        assert body == b"Hello!"
80	        for span in self.assert_span(num_spans=2):

--------------------------------------------------
>> Issue: [B101:assert_used] Use of assert detected. The enclosed code will be removed when compiling to optimised byte code.
   Severity: Low   Confidence: High
   CWE: CWE-703 (https://cwe.mitre.org/data/definitions/703.html)
   More Info: https://bandit.readthedocs.io/en/1.7.7/plugins/b101_assert_used.html
   Location: .\util\opentelemetry-util-http\tests\test_http_base.py:92:8
91	                resp, body = self.perform_request()
92	        assert resp.status == 200
93	        assert body == b"Hello!"

--------------------------------------------------
>> Issue: [B101:assert_used] Use of assert detected. The enclosed code will be removed when compiling to optimised byte code.
   Severity: Low   Confidence: High
   CWE: CWE-703 (https://cwe.mitre.org/data/definitions/703.html)
   More Info: https://bandit.readthedocs.io/en/1.7.7/plugins/b101_assert_used.html
   Location: .\util\opentelemetry-util-http\tests\test_http_base.py:93:8
92	        assert resp.status == 200
93	        assert body == b"Hello!"
94	        span = self.assert_span(num_spans=1)

--------------------------------------------------
>> Issue: [B101:assert_used] Use of assert detected. The enclosed code will be removed when compiling to optimised byte code.
   Severity: Low   Confidence: High
   CWE: CWE-703 (https://cwe.mitre.org/data/definitions/703.html)
   More Info: https://bandit.readthedocs.io/en/1.7.7/plugins/b101_assert_used.html
   Location: .\util\opentelemetry-util-http\tests\test_http_base.py:102:8
101	            resp, body = self.perform_request()
102	        assert resp.status == 200
103	        assert body == b"Hello!"

--------------------------------------------------
>> Issue: [B101:assert_used] Use of assert detected. The enclosed code will be removed when compiling to optimised byte code.
   Severity: Low   Confidence: High
   CWE: CWE-703 (https://cwe.mitre.org/data/definitions/703.html)
   More Info: https://bandit.readthedocs.io/en/1.7.7/plugins/b101_assert_used.html
   Location: .\util\opentelemetry-util-http\tests\test_http_base.py:103:8
102	        assert resp.status == 200
103	        assert body == b"Hello!"
104	        self.assert_span(num_spans=0)

--------------------------------------------------

Code scanned:
	Total lines of code: 45389
	Total lines skipped (#nosec): 0
	Total potential issues skipped due to specifically being disabled (e.g., #nosec BXXX): 0

Run metrics:
	Total issues (by severity):
		Undefined: 0
		Low: 369
		Medium: 16
		High: 2
	Total issues (by confidence):
		Undefined: 0
		Low: 5
		Medium: 19
		High: 363
Files skipped (0):
