Working... ---------------------------------------- 100% 0:00:03
Run started:2024-02-10 23:08:53.296774

Test results:
>> Issue: [B101:assert_used] Use of assert detected. The enclosed code will be removed when compiling to optimised byte code.
   Severity: Low   Confidence: High
   CWE: CWE-703 (https://cwe.mitre.org/data/definitions/703.html)
   More Info: https://bandit.readthedocs.io/en/1.7.7/plugins/b101_assert_used.html
   Location: .\apport\REThread.py:48:8
47	        """
48	        assert not self.is_alive()
49	        assert not self._exception

--------------------------------------------------
>> Issue: [B101:assert_used] Use of assert detected. The enclosed code will be removed when compiling to optimised byte code.
   Severity: Low   Confidence: High
   CWE: CWE-703 (https://cwe.mitre.org/data/definitions/703.html)
   More Info: https://bandit.readthedocs.io/en/1.7.7/plugins/b101_assert_used.html
   Location: .\apport\REThread.py:49:8
48	        assert not self.is_alive()
49	        assert not self._exception
50	        return self._retval

--------------------------------------------------
>> Issue: [B101:assert_used] Use of assert detected. The enclosed code will be removed when compiling to optimised byte code.
   Severity: Low   Confidence: High
   CWE: CWE-703 (https://cwe.mitre.org/data/definitions/703.html)
   More Info: https://bandit.readthedocs.io/en/1.7.7/plugins/b101_assert_used.html
   Location: .\apport\crashdb.py:78:8
77	
78	        assert (
79	            dbapi2.paramstyle == "qmark"
80	        ), "this module assumes qmark dbapi parameter style"
81	

--------------------------------------------------
>> Issue: [B101:assert_used] Use of assert detected. The enclosed code will be removed when compiling to optimised byte code.
   Severity: Low   Confidence: High
   CWE: CWE-703 (https://cwe.mitre.org/data/definitions/703.html)
   More Info: https://bandit.readthedocs.io/en/1.7.7/plugins/b101_assert_used.html
   Location: .\apport\crashdb.py:156:8
155	        """
156	        assert (
157	            self.duplicate_db
158	        ), "init_duplicate_db() needs to be called before"
159	

--------------------------------------------------
>> Issue: [B310:blacklist] Audit url open for permitted schemes. Allowing use of file:/ or custom schemes is often unexpected.
   Severity: Medium   Confidence: High
   CWE: CWE-22 (https://cwe.mitre.org/data/definitions/22.html)
   More Info: https://bandit.readthedocs.io/en/1.7.7/blacklists/blacklist_calls.html#b310-urllib-urlopen
   Location: .\apport\crashdb.py:305:21
304	            try:
305	                with urllib.request.urlopen(url) as dupdb_url:
306	                    contents = dupdb_url.read().decode("UTF-8")

--------------------------------------------------
>> Issue: [B101:assert_used] Use of assert detected. The enclosed code will be removed when compiling to optimised byte code.
   Severity: Low   Confidence: High
   CWE: CWE-703 (https://cwe.mitre.org/data/definitions/703.html)
   More Info: https://bandit.readthedocs.io/en/1.7.7/plugins/b101_assert_used.html
   Location: .\apport\crashdb.py:335:8
334	        """
335	        assert (
336	            self.duplicate_db
337	        ), "init_duplicate_db() needs to be called before"
338	

--------------------------------------------------
>> Issue: [B101:assert_used] Use of assert detected. The enclosed code will be removed when compiling to optimised byte code.
   Severity: Low   Confidence: High
   CWE: CWE-703 (https://cwe.mitre.org/data/definitions/703.html)
   More Info: https://bandit.readthedocs.io/en/1.7.7/plugins/b101_assert_used.html
   Location: .\apport\crashdb.py:346:8
345	        )
346	        assert n.rowcount == 1
347	        self.duplicate_db.commit()

--------------------------------------------------
>> Issue: [B101:assert_used] Use of assert detected. The enclosed code will be removed when compiling to optimised byte code.
   Severity: Low   Confidence: High
   CWE: CWE-703 (https://cwe.mitre.org/data/definitions/703.html)
   More Info: https://bandit.readthedocs.io/en/1.7.7/plugins/b101_assert_used.html
   Location: .\apport\crashdb.py:354:8
353	        """
354	        assert (
355	            self.duplicate_db
356	        ), "init_duplicate_db() needs to be called before"
357	

--------------------------------------------------
>> Issue: [B101:assert_used] Use of assert detected. The enclosed code will be removed when compiling to optimised byte code.
   Severity: Low   Confidence: High
   CWE: CWE-703 (https://cwe.mitre.org/data/definitions/703.html)
   More Info: https://bandit.readthedocs.io/en/1.7.7/plugins/b101_assert_used.html
   Location: .\apport\crashdb.py:367:8
366	        """Change a crash ID."""
367	        assert (
368	            self.duplicate_db
369	        ), "init_duplicate_db() needs to be called before"
370	

--------------------------------------------------
>> Issue: [B101:assert_used] Use of assert detected. The enclosed code will be removed when compiling to optimised byte code.
   Severity: Low   Confidence: High
   CWE: CWE-703 (https://cwe.mitre.org/data/definitions/703.html)
   More Info: https://bandit.readthedocs.io/en/1.7.7/plugins/b101_assert_used.html
   Location: .\apport\crashdb.py:401:8
400	        # hard to change, pylint: disable=consider-using-with
401	        assert (
402	            self.duplicate_db
403	        ), "init_duplicate_db() needs to be called before"
404	

--------------------------------------------------
>> Issue: [B101:assert_used] Use of assert detected. The enclosed code will be removed when compiling to optimised byte code.
   Severity: Low   Confidence: High
   CWE: CWE-703 (https://cwe.mitre.org/data/definitions/703.html)
   More Info: https://bandit.readthedocs.io/en/1.7.7/plugins/b101_assert_used.html
   Location: .\apport\crashdb.py:483:8
482	
483	        assert cur_format == self.format_version
484	

--------------------------------------------------
>> Issue: [B101:assert_used] Use of assert detected. The enclosed code will be removed when compiling to optimised byte code.
   Severity: Low   Confidence: High
   CWE: CWE-703 (https://cwe.mitre.org/data/definitions/703.html)
   More Info: https://bandit.readthedocs.io/en/1.7.7/plugins/b101_assert_used.html
   Location: .\apport\crashdb.py:536:8
535	        existing_ids = cur.fetchall()
536	        assert len(existing_ids) <= 1
537	        if existing_ids:

--------------------------------------------------
>> Issue: [B101:assert_used] Use of assert detected. The enclosed code will be removed when compiling to optimised byte code.
   Severity: Low   Confidence: High
   CWE: CWE-703 (https://cwe.mitre.org/data/definitions/703.html)
   More Info: https://bandit.readthedocs.io/en/1.7.7/plugins/b101_assert_used.html
   Location: .\apport\crashdb.py:552:8
551	        """
552	        assert (
553	            self.duplicate_db
554	        ), "init_duplicate_db() needs to be called before"
555	

--------------------------------------------------
>> Issue: [B101:assert_used] Use of assert detected. The enclosed code will be removed when compiling to optimised byte code.
   Severity: Low   Confidence: High
   CWE: CWE-703 (https://cwe.mitre.org/data/definitions/703.html)
   More Info: https://bandit.readthedocs.io/en/1.7.7/plugins/b101_assert_used.html
   Location: .\apport\crashdb.py:574:8
573	        """
574	        assert (
575	            self.duplicate_db
576	        ), "init_duplicate_db() needs to be called before"
577	

--------------------------------------------------
>> Issue: [B101:assert_used] Use of assert detected. The enclosed code will be removed when compiling to optimised byte code.
   Severity: Low   Confidence: High
   CWE: CWE-703 (https://cwe.mitre.org/data/definitions/703.html)
   More Info: https://bandit.readthedocs.io/en/1.7.7/plugins/b101_assert_used.html
   Location: .\apport\crashdb.py:641:8
640	        """
641	        assert (
642	            self.duplicate_db
643	        ), "init_duplicate_db() needs to be called before"
644	

--------------------------------------------------
>> Issue: [B102:exec_used] Use of exec detected.
   Severity: Medium   Confidence: High
   CWE: CWE-78 (https://cwe.mitre.org/data/definitions/78.html)
   More Info: https://bandit.readthedocs.io/en/1.7.7/plugins/b102_exec_used.html
   Location: .\apport\crashdb.py:938:8
937	        # legacy, pylint: disable=exec-used
938	        exec(compile(f.read(), conf, "exec"), settings)
939	

--------------------------------------------------
>> Issue: [B102:exec_used] Use of exec detected.
   Severity: Medium   Confidence: High
   CWE: CWE-78 (https://cwe.mitre.org/data/definitions/78.html)
   More Info: https://bandit.readthedocs.io/en/1.7.7/plugins/b102_exec_used.html
   Location: .\apport\crashdb.py:949:24
948	                        # legacy, pylint: disable=exec-used
949	                        exec(
950	                            compile(f.read(), cfpath, "exec"),
951	                            settings["databases"],
952	                        )
953	                except Exception as error:  # pylint: disable=broad-except

--------------------------------------------------
>> Issue: [B101:assert_used] Use of assert detected. The enclosed code will be removed when compiling to optimised byte code.
   Severity: Low   Confidence: High
   CWE: CWE-703 (https://cwe.mitre.org/data/definitions/703.html)
   More Info: https://bandit.readthedocs.io/en/1.7.7/plugins/b101_assert_used.html
   Location: .\apport\crashdb_impl\debian.py:74:8
73	        # settings are set correct
74	        assert self.accepts(report)
75	

--------------------------------------------------
>> Issue: [B101:assert_used] Use of assert detected. The enclosed code will be removed when compiling to optimised byte code.
   Severity: Low   Confidence: High
   CWE: CWE-703 (https://cwe.mitre.org/data/definitions/703.html)
   More Info: https://bandit.readthedocs.io/en/1.7.7/plugins/b101_assert_used.html
   Location: .\apport\crashdb_impl\github.py:194:8
193	        """
194	        assert self.accepts(report)
195	

--------------------------------------------------
>> Issue: [B101:assert_used] Use of assert detected. The enclosed code will be removed when compiling to optimised byte code.
   Severity: Low   Confidence: High
   CWE: CWE-703 (https://cwe.mitre.org/data/definitions/703.html)
   More Info: https://bandit.readthedocs.io/en/1.7.7/plugins/b101_assert_used.html
   Location: .\apport\crashdb_impl\launchpad.py:118:12
117	        if self.distro:
118	            assert (
119	                "project" not in options
120	            ), 'Must not set both "project" and "distro" option'
121	        else:

--------------------------------------------------
>> Issue: [B101:assert_used] Use of assert detected. The enclosed code will be removed when compiling to optimised byte code.
   Severity: Low   Confidence: High
   CWE: CWE-703 (https://cwe.mitre.org/data/definitions/703.html)
   More Info: https://bandit.readthedocs.io/en/1.7.7/plugins/b101_assert_used.html
   Location: .\apport\crashdb_impl\launchpad.py:122:12
121	        else:
122	            assert (
123	                "project" in options
124	            ), 'Need to have either "project" or "distro" option'
125	

--------------------------------------------------
>> Issue: [B101:assert_used] Use of assert detected. The enclosed code will be removed when compiling to optimised byte code.
   Severity: Low   Confidence: High
   CWE: CWE-703 (https://cwe.mitre.org/data/definitions/703.html)
   More Info: https://bandit.readthedocs.io/en/1.7.7/plugins/b101_assert_used.html
   Location: .\apport\crashdb_impl\launchpad.py:134:8
133	        self.auth = auth
134	        assert self.auth
135	

--------------------------------------------------
>> Issue: [B101:assert_used] Use of assert detected. The enclosed code will be removed when compiling to optimised byte code.
   Severity: Low   Confidence: High
   CWE: CWE-703 (https://cwe.mitre.org/data/definitions/703.html)
   More Info: https://bandit.readthedocs.io/en/1.7.7/plugins/b101_assert_used.html
   Location: .\apport\crashdb_impl\launchpad.py:228:8
227	        """
228	        assert self.accepts(report)
229	

--------------------------------------------------
>> Issue: [B101:assert_used] Use of assert detected. The enclosed code will be removed when compiling to optimised byte code.
   Severity: Low   Confidence: High
   CWE: CWE-703 (https://cwe.mitre.org/data/definitions/703.html)
   More Info: https://bandit.readthedocs.io/en/1.7.7/plugins/b101_assert_used.html
   Location: .\apport\crashdb_impl\launchpad.py:235:8
234	        blob_file.close()
235	        assert ticket
236	        return ticket

--------------------------------------------------
>> Issue: [B101:assert_used] Use of assert detected. The enclosed code will be removed when compiling to optimised byte code.
   Severity: Low   Confidence: High
   CWE: CWE-703 (https://cwe.mitre.org/data/definitions/703.html)
   More Info: https://bandit.readthedocs.io/en/1.7.7/plugins/b101_assert_used.html
   Location: .\apport\crashdb_impl\launchpad.py:315:8
314	            m = re.search(r"^--- \r?$[\r\n]*(.*)", b.description, re.M | re.S)
315	        assert m, "bug description must contain standard apport format data"
316	

--------------------------------------------------
>> Issue: [B101:assert_used] Use of assert detected. The enclosed code will be removed when compiling to optimised byte code.
   Severity: Low   Confidence: High
   CWE: CWE-703 (https://cwe.mitre.org/data/definitions/703.html)
   More Info: https://bandit.readthedocs.io/en/1.7.7/plugins/b101_assert_used.html
   Location: .\apport\crashdb_impl\launchpad.py:446:12
445	            part = next(msg_iter)
446	            assert part.is_multipart()
447	

--------------------------------------------------
>> Issue: [B101:assert_used] Use of assert detected. The enclosed code will be removed when compiling to optimised byte code.
   Severity: Low   Confidence: High
   CWE: CWE-703 (https://cwe.mitre.org/data/definitions/703.html)
   More Info: https://bandit.readthedocs.io/en/1.7.7/plugins/b101_assert_used.html
   Location: .\apport\crashdb_impl\launchpad.py:451:12
450	            part = next(msg_iter)
451	            assert not part.is_multipart()
452	            assert part.get_content_type() == "text/plain"

--------------------------------------------------
>> Issue: [B101:assert_used] Use of assert detected. The enclosed code will be removed when compiling to optimised byte code.
   Severity: Low   Confidence: High
   CWE: CWE-703 (https://cwe.mitre.org/data/definitions/703.html)
   More Info: https://bandit.readthedocs.io/en/1.7.7/plugins/b101_assert_used.html
   Location: .\apport\crashdb_impl\launchpad.py:452:12
451	            assert not part.is_multipart()
452	            assert part.get_content_type() == "text/plain"
453	

--------------------------------------------------
>> Issue: [B101:assert_used] Use of assert detected. The enclosed code will be removed when compiling to optimised byte code.
   Severity: Low   Confidence: High
   CWE: CWE-703 (https://cwe.mitre.org/data/definitions/703.html)
   More Info: https://bandit.readthedocs.io/en/1.7.7/plugins/b101_assert_used.html
   Location: .\apport\crashdb_impl\launchpad.py:782:12
781	        if master_id:
782	            assert (
783	                crash_id != master_id
784	            ), "cannot mark bug %s as a duplicate of itself" % str(crash_id)
785	

--------------------------------------------------
>> Issue: [B310:blacklist] Audit url open for permitted schemes. Allowing use of file:/ or custom schemes is often unexpected.
   Severity: Medium   Confidence: High
   CWE: CWE-22 (https://cwe.mitre.org/data/definitions/22.html)
   More Info: https://bandit.readthedocs.io/en/1.7.7/blacklists/blacklist_calls.html#b310-urllib-urlopen
   Location: .\apport\crashdb_impl\launchpad.py:1054:17
1053	        try:
1054	            with urllib.request.urlopen(url + "/+text") as f:
1055	                line = f.readline()

--------------------------------------------------
>> Issue: [B101:assert_used] Use of assert detected. The enclosed code will be removed when compiling to optimised byte code.
   Severity: Low   Confidence: High
   CWE: CWE-703 (https://cwe.mitre.org/data/definitions/703.html)
   More Info: https://bandit.readthedocs.io/en/1.7.7/plugins/b101_assert_used.html
   Location: .\apport\crashdb_impl\launchpad.py:1288:4
1287	
1288	    assert ticket
1289	    return ticket

--------------------------------------------------
>> Issue: [B404:blacklist] Consider possible security implications associated with the subprocess module.
   Severity: Low   Confidence: High
   CWE: CWE-78 (https://cwe.mitre.org/data/definitions/78.html)
   More Info: https://bandit.readthedocs.io/en/1.7.7/blacklists/blacklist_imports.html#b404-import-subprocess
   Location: .\apport\crashdb_impl\launchpad.py:1297:4
1296	if __name__ == "__main__":
1297	    import subprocess
1298	    import unittest

--------------------------------------------------
>> Issue: [B101:assert_used] Use of assert detected. The enclosed code will be removed when compiling to optimised byte code.
   Severity: Low   Confidence: High
   CWE: CWE-703 (https://cwe.mitre.org/data/definitions/703.html)
   More Info: https://bandit.readthedocs.io/en/1.7.7/plugins/b101_assert_used.html
   Location: .\apport\crashdb_impl\launchpad.py:2115:12
2114	            header = next(msg_iter)
2115	            assert header.is_multipart()
2116	

--------------------------------------------------
>> Issue: [B101:assert_used] Use of assert detected. The enclosed code will be removed when compiling to optimised byte code.
   Severity: Low   Confidence: High
   CWE: CWE-703 (https://cwe.mitre.org/data/definitions/703.html)
   More Info: https://bandit.readthedocs.io/en/1.7.7/plugins/b101_assert_used.html
   Location: .\apport\crashdb_impl\launchpad.py:2120:12
2119	            part = next(msg_iter)
2120	            assert not part.is_multipart()
2121	            assert part.get_content_type() == "text/plain"

--------------------------------------------------
>> Issue: [B101:assert_used] Use of assert detected. The enclosed code will be removed when compiling to optimised byte code.
   Severity: Low   Confidence: High
   CWE: CWE-703 (https://cwe.mitre.org/data/definitions/703.html)
   More Info: https://bandit.readthedocs.io/en/1.7.7/plugins/b101_assert_used.html
   Location: .\apport\crashdb_impl\launchpad.py:2121:12
2120	            assert not part.is_multipart()
2121	            assert part.get_content_type() == "text/plain"
2122	            description += "\n\n" + part.get_payload(decode=True).decode(

--------------------------------------------------
>> Issue: [B101:assert_used] Use of assert detected. The enclosed code will be removed when compiling to optimised byte code.
   Severity: Low   Confidence: High
   CWE: CWE-703 (https://cwe.mitre.org/data/definitions/703.html)
   More Info: https://bandit.readthedocs.io/en/1.7.7/plugins/b101_assert_used.html
   Location: .\apport\crashdb_impl\launchpad.py:2139:16
2138	            for part in msg_iter:
2139	                assert not part.is_multipart()
2140	                bug.addAttachment(

--------------------------------------------------
>> Issue: [B101:assert_used] Use of assert detected. The enclosed code will be removed when compiling to optimised byte code.
   Severity: Low   Confidence: High
   CWE: CWE-703 (https://cwe.mitre.org/data/definitions/703.html)
   More Info: https://bandit.readthedocs.io/en/1.7.7/plugins/b101_assert_used.html
   Location: .\apport\crashdb_impl\launchpad.py:2174:12
2173	            tasks = list(bug.bug_tasks)
2174	            assert len(tasks) == 1
2175	            t = tasks[0]

--------------------------------------------------
>> Issue: [B101:assert_used] Use of assert detected. The enclosed code will be removed when compiling to optimised byte code.
   Severity: Low   Confidence: High
   CWE: CWE-703 (https://cwe.mitre.org/data/definitions/703.html)
   More Info: https://bandit.readthedocs.io/en/1.7.7/plugins/b101_assert_used.html
   Location: .\apport\crashdb_impl\launchpad.py:2183:12
2182	            tasks = list(bug.bug_tasks)
2183	            assert len(tasks) == 1
2184	            t = tasks[0]

--------------------------------------------------
>> Issue: [B101:assert_used] Use of assert detected. The enclosed code will be removed when compiling to optimised byte code.
   Severity: Low   Confidence: High
   CWE: CWE-703 (https://cwe.mitre.org/data/definitions/703.html)
   More Info: https://bandit.readthedocs.io/en/1.7.7/plugins/b101_assert_used.html
   Location: .\apport\crashdb_impl\launchpad.py:2386:16
2385	                    )
2386	                assert (
2387	                    subprocess.call(["gcc", "-g", "crash.c", "-o", "crash"])
2388	                    == 0
2389	                )
2390	                assert os.path.exists("crash")

--------------------------------------------------
>> Issue: [B607:start_process_with_partial_path] Starting a process with a partial executable path
   Severity: Low   Confidence: High
   CWE: CWE-78 (https://cwe.mitre.org/data/definitions/78.html)
   More Info: https://bandit.readthedocs.io/en/1.7.7/plugins/b607_start_process_with_partial_path.html
   Location: .\apport\crashdb_impl\launchpad.py:2387:20
2386	                assert (
2387	                    subprocess.call(["gcc", "-g", "crash.c", "-o", "crash"])
2388	                    == 0

--------------------------------------------------
>> Issue: [B603:subprocess_without_shell_equals_true] subprocess call - check for execution of untrusted input.
   Severity: Low   Confidence: High
   CWE: CWE-78 (https://cwe.mitre.org/data/definitions/78.html)
   More Info: https://bandit.readthedocs.io/en/1.7.7/plugins/b603_subprocess_without_shell_equals_true.html
   Location: .\apport\crashdb_impl\launchpad.py:2387:20
2386	                assert (
2387	                    subprocess.call(["gcc", "-g", "crash.c", "-o", "crash"])
2388	                    == 0

--------------------------------------------------
>> Issue: [B101:assert_used] Use of assert detected. The enclosed code will be removed when compiling to optimised byte code.
   Severity: Low   Confidence: High
   CWE: CWE-703 (https://cwe.mitre.org/data/definitions/703.html)
   More Info: https://bandit.readthedocs.io/en/1.7.7/plugins/b101_assert_used.html
   Location: .\apport\crashdb_impl\launchpad.py:2390:16
2389	                )
2390	                assert os.path.exists("crash")
2391	

--------------------------------------------------
>> Issue: [B607:start_process_with_partial_path] Starting a process with a partial executable path
   Severity: Low   Confidence: High
   CWE: CWE-78 (https://cwe.mitre.org/data/definitions/78.html)
   More Info: https://bandit.readthedocs.io/en/1.7.7/plugins/b607_start_process_with_partial_path.html
   Location: .\apport\crashdb_impl\launchpad.py:2393:16
2392	                # call it through gdb and dump core
2393	                subprocess.call(
2394	                    [
2395	                        "gdb",
2396	                        "--batch",
2397	                        "--ex",
2398	                        "run",
2399	                        "--ex",
2400	                        "generate-core-file core",
2401	                        "./crash",
2402	                    ],
2403	                    stdout=subprocess.PIPE,
2404	                )
2405	                assert os.path.exists("core")

--------------------------------------------------
>> Issue: [B603:subprocess_without_shell_equals_true] subprocess call - check for execution of untrusted input.
   Severity: Low   Confidence: High
   CWE: CWE-78 (https://cwe.mitre.org/data/definitions/78.html)
   More Info: https://bandit.readthedocs.io/en/1.7.7/plugins/b603_subprocess_without_shell_equals_true.html
   Location: .\apport\crashdb_impl\launchpad.py:2393:16
2392	                # call it through gdb and dump core
2393	                subprocess.call(
2394	                    [
2395	                        "gdb",
2396	                        "--batch",
2397	                        "--ex",
2398	                        "run",
2399	                        "--ex",
2400	                        "generate-core-file core",
2401	                        "./crash",
2402	                    ],
2403	                    stdout=subprocess.PIPE,
2404	                )
2405	                assert os.path.exists("core")

--------------------------------------------------
>> Issue: [B101:assert_used] Use of assert detected. The enclosed code will be removed when compiling to optimised byte code.
   Severity: Low   Confidence: High
   CWE: CWE-703 (https://cwe.mitre.org/data/definitions/703.html)
   More Info: https://bandit.readthedocs.io/en/1.7.7/plugins/b101_assert_used.html
   Location: .\apport\crashdb_impl\launchpad.py:2405:16
2404	                )
2405	                assert os.path.exists("core")
2406	                subprocess.check_call(["sync"])

--------------------------------------------------
>> Issue: [B607:start_process_with_partial_path] Starting a process with a partial executable path
   Severity: Low   Confidence: High
   CWE: CWE-78 (https://cwe.mitre.org/data/definitions/78.html)
   More Info: https://bandit.readthedocs.io/en/1.7.7/plugins/b607_start_process_with_partial_path.html
   Location: .\apport\crashdb_impl\launchpad.py:2406:16
2405	                assert os.path.exists("core")
2406	                subprocess.check_call(["sync"])
2407	                assert (

--------------------------------------------------
>> Issue: [B603:subprocess_without_shell_equals_true] subprocess call - check for execution of untrusted input.
   Severity: Low   Confidence: High
   CWE: CWE-78 (https://cwe.mitre.org/data/definitions/78.html)
   More Info: https://bandit.readthedocs.io/en/1.7.7/plugins/b603_subprocess_without_shell_equals_true.html
   Location: .\apport\crashdb_impl\launchpad.py:2406:16
2405	                assert os.path.exists("core")
2406	                subprocess.check_call(["sync"])
2407	                assert (

--------------------------------------------------
>> Issue: [B101:assert_used] Use of assert detected. The enclosed code will be removed when compiling to optimised byte code.
   Severity: Low   Confidence: High
   CWE: CWE-703 (https://cwe.mitre.org/data/definitions/703.html)
   More Info: https://bandit.readthedocs.io/en/1.7.7/plugins/b101_assert_used.html
   Location: .\apport\crashdb_impl\launchpad.py:2407:16
2406	                subprocess.check_call(["sync"])
2407	                assert (
2408	                    subprocess.call(
2409	                        ["readelf", "-n", "core"], stdout=subprocess.PIPE
2410	                    )
2411	                    == 0
2412	                )
2413	

--------------------------------------------------
>> Issue: [B607:start_process_with_partial_path] Starting a process with a partial executable path
   Severity: Low   Confidence: High
   CWE: CWE-78 (https://cwe.mitre.org/data/definitions/78.html)
   More Info: https://bandit.readthedocs.io/en/1.7.7/plugins/b607_start_process_with_partial_path.html
   Location: .\apport\crashdb_impl\launchpad.py:2408:20
2407	                assert (
2408	                    subprocess.call(
2409	                        ["readelf", "-n", "core"], stdout=subprocess.PIPE
2410	                    )
2411	                    == 0

--------------------------------------------------
>> Issue: [B603:subprocess_without_shell_equals_true] subprocess call - check for execution of untrusted input.
   Severity: Low   Confidence: High
   CWE: CWE-78 (https://cwe.mitre.org/data/definitions/78.html)
   More Info: https://bandit.readthedocs.io/en/1.7.7/plugins/b603_subprocess_without_shell_equals_true.html
   Location: .\apport\crashdb_impl\launchpad.py:2408:20
2407	                assert (
2408	                    subprocess.call(
2409	                        ["readelf", "-n", "core"], stdout=subprocess.PIPE
2410	                    )
2411	                    == 0

--------------------------------------------------
>> Issue: [B101:assert_used] Use of assert detected. The enclosed code will be removed when compiling to optimised byte code.
   Severity: Low   Confidence: High
   CWE: CWE-703 (https://cwe.mitre.org/data/definitions/703.html)
   More Info: https://bandit.readthedocs.io/en/1.7.7/plugins/b101_assert_used.html
   Location: .\apport\crashdb_impl\memory.py:51:8
50	        """
51	        assert self.accepts(report)
52	

--------------------------------------------------
>> Issue: [B101:assert_used] Use of assert detected. The enclosed code will be removed when compiling to optimised byte code.
   Severity: Low   Confidence: High
   CWE: CWE-703 (https://cwe.mitre.org/data/definitions/703.html)
   More Info: https://bandit.readthedocs.io/en/1.7.7/plugins/b101_assert_used.html
   Location: .\apport\crashdb_impl\memory.py:216:8
215	        """
216	        assert self.reports[master]["fixed_version"] is not None
217	        self.reports[crash_id]["comment"] = (

--------------------------------------------------
>> Issue: [B404:blacklist] Consider possible security implications associated with the subprocess module.
   Severity: Low   Confidence: High
   CWE: CWE-78 (https://cwe.mitre.org/data/definitions/78.html)
   More Info: https://bandit.readthedocs.io/en/1.7.7/blacklists/blacklist_imports.html#b404-import-subprocess
   Location: .\apport\fileutils.py:22:0
21	import stat
22	import subprocess
23	import time

--------------------------------------------------
>> Issue: [B603:subprocess_without_shell_equals_true] subprocess call - check for execution of untrusted input.
   Severity: Low   Confidence: High
   CWE: CWE-78 (https://cwe.mitre.org/data/definitions/78.html)
   More Info: https://bandit.readthedocs.io/en/1.7.7/plugins/b603_subprocess_without_shell_equals_true.html
   Location: .\apport\fileutils.py:59:15
58	        cmd = ["/bin/systemctl", "-q", "is-enabled", "whoopsie.path"]
59	        return subprocess.call(cmd) == 0
60	    except OSError:

--------------------------------------------------
>> Issue: [B101:assert_used] Use of assert detected. The enclosed code will be removed when compiling to optimised byte code.
   Severity: Low   Confidence: High
   CWE: CWE-703 (https://cwe.mitre.org/data/definitions/703.html)
   More Info: https://bandit.readthedocs.io/en/1.7.7/plugins/b101_assert_used.html
   Location: .\apport\fileutils.py:398:4
397	    """
398	    assert os.path.exists(sumfile)
399	    md5sum = subprocess.run(

--------------------------------------------------
>> Issue: [B603:subprocess_without_shell_equals_true] subprocess call - check for execution of untrusted input.
   Severity: Low   Confidence: High
   CWE: CWE-78 (https://cwe.mitre.org/data/definitions/78.html)
   More Info: https://bandit.readthedocs.io/en/1.7.7/plugins/b603_subprocess_without_shell_equals_true.html
   Location: .\apport\fileutils.py:399:13
398	    assert os.path.exists(sumfile)
399	    md5sum = subprocess.run(
400	        ["/usr/bin/md5sum", "-c", sumfile],
401	        check=False,
402	        stdout=subprocess.PIPE,
403	        stderr=subprocess.PIPE,
404	        cwd="/",
405	        env={},
406	    )
407	

--------------------------------------------------
>> Issue: [B607:start_process_with_partial_path] Starting a process with a partial executable path
   Severity: Low   Confidence: High
   CWE: CWE-78 (https://cwe.mitre.org/data/definitions/78.html)
   More Info: https://bandit.readthedocs.io/en/1.7.7/plugins/b607_start_process_with_partial_path.html
   Location: .\apport\fileutils.py:629:9
628	
629	    with subprocess.Popen(
630	        ["ldd", path],
631	        stdout=subprocess.PIPE,
632	        stderr=subprocess.STDOUT,
633	        universal_newlines=True,
634	    ) as ldd:
635	        for line in ldd.stdout:

--------------------------------------------------
>> Issue: [B603:subprocess_without_shell_equals_true] subprocess call - check for execution of untrusted input.
   Severity: Low   Confidence: High
   CWE: CWE-78 (https://cwe.mitre.org/data/definitions/78.html)
   More Info: https://bandit.readthedocs.io/en/1.7.7/plugins/b603_subprocess_without_shell_equals_true.html
   Location: .\apport\fileutils.py:629:9
628	
629	    with subprocess.Popen(
630	        ["ldd", path],
631	        stdout=subprocess.PIPE,
632	        stderr=subprocess.STDOUT,
633	        universal_newlines=True,
634	    ) as ldd:
635	        for line in ldd.stdout:

--------------------------------------------------
>> Issue: [B404:blacklist] Consider possible security implications associated with the subprocess module.
   Severity: Low   Confidence: High
   CWE: CWE-78 (https://cwe.mitre.org/data/definitions/78.html)
   More Info: https://bandit.readthedocs.io/en/1.7.7/blacklists/blacklist_imports.html#b404-import-subprocess
   Location: .\apport\hookutils.py:23:0
22	import stat
23	import subprocess
24	import sys

--------------------------------------------------
>> Issue: [B603:subprocess_without_shell_equals_true] subprocess call - check for execution of untrusted input.
   Severity: Low   Confidence: High
   CWE: CWE-78 (https://cwe.mitre.org/data/definitions/78.html)
   More Info: https://bandit.readthedocs.io/en/1.7.7/plugins/b603_subprocess_without_shell_equals_true.html
   Location: .\apport\hookutils.py:439:13
438	    try:
439	        sp = subprocess.run(
440	            command,
441	            check=False,
442	            input=input,
443	            stdout=subprocess.PIPE,
444	            stderr=stderr,
445	            env=env,
446	        )
447	    except OSError as error:

--------------------------------------------------
>> Issue: [B607:start_process_with_partial_path] Starting a process with a partial executable path
   Severity: Low   Confidence: High
   CWE: CWE-78 (https://cwe.mitre.org/data/definitions/78.html)
   More Info: https://bandit.readthedocs.io/en/1.7.7/plugins/b607_start_process_with_partial_path.html
   Location: .\apport\hookutils.py:485:13
484	    # closed by kill_pkttyagent(), pylint: disable=consider-using-with
485	    _AGENT = subprocess.Popen(
486	        ["pkttyagent", "--notify-fd", str(w), "--fallback"],
487	        close_fds=False,
488	        stdin=subprocess.PIPE,
489	        stdout=subprocess.PIPE,
490	    )
491	

--------------------------------------------------
>> Issue: [B603:subprocess_without_shell_equals_true] subprocess call - check for execution of untrusted input.
   Severity: Low   Confidence: High
   CWE: CWE-78 (https://cwe.mitre.org/data/definitions/78.html)
   More Info: https://bandit.readthedocs.io/en/1.7.7/plugins/b603_subprocess_without_shell_equals_true.html
   Location: .\apport\hookutils.py:485:13
484	    # closed by kill_pkttyagent(), pylint: disable=consider-using-with
485	    _AGENT = subprocess.Popen(
486	        ["pkttyagent", "--notify-fd", str(w), "--fallback"],
487	        close_fds=False,
488	        stdin=subprocess.PIPE,
489	        stdout=subprocess.PIPE,
490	    )
491	

--------------------------------------------------
>> Issue: [B101:assert_used] Use of assert detected. The enclosed code will be removed when compiling to optimised byte code.
   Severity: Low   Confidence: High
   CWE: CWE-703 (https://cwe.mitre.org/data/definitions/703.html)
   More Info: https://bandit.readthedocs.io/en/1.7.7/plugins/b101_assert_used.html
   Location: .\apport\hookutils.py:538:4
537	    """
538	    assert isinstance(command, list), "command must be a list"
539	    output = command_output(

--------------------------------------------------
>> Issue: [B101:assert_used] Use of assert detected. The enclosed code will be removed when compiling to optimised byte code.
   Severity: Low   Confidence: High
   CWE: CWE-703 (https://cwe.mitre.org/data/definitions/703.html)
   More Info: https://bandit.readthedocs.io/en/1.7.7/plugins/b101_assert_used.html
   Location: .\apport\hookutils.py:575:16
574	            for keyname, command in command_map.items():
575	                assert hasattr(
576	                    command, "strip"
577	                ), "command must be a string (shell command)"
578	                # use "| cat" here, so that we can end commands with 2>&1

--------------------------------------------------
>> Issue: [B603:subprocess_without_shell_equals_true] subprocess call - check for execution of untrusted input.
   Severity: Low   Confidence: High
   CWE: CWE-78 (https://cwe.mitre.org/data/definitions/78.html)
   More Info: https://bandit.readthedocs.io/en/1.7.7/plugins/b603_subprocess_without_shell_equals_true.html
   Location: .\apport\hookutils.py:586:8
585	        # run script
586	        subprocess.run(
587	            _root_command_prefix() + [wrapper_path, script_path], check=False
588	        )
589	

--------------------------------------------------
>> Issue: [B603:subprocess_without_shell_equals_true] subprocess call - check for execution of untrusted input.
   Severity: Low   Confidence: High
   CWE: CWE-78 (https://cwe.mitre.org/data/definitions/78.html)
   More Info: https://bandit.readthedocs.io/en/1.7.7/plugins/b603_subprocess_without_shell_equals_true.html
   Location: .\apport\hookutils.py:646:9
645	        return ""
646	    with subprocess.Popen(command, stdout=subprocess.PIPE) as process:
647	        return __filter_re_process(pattern, process)

--------------------------------------------------
>> Issue: [B607:start_process_with_partial_path] Starting a process with a partial executable path
   Severity: Low   Confidence: High
   CWE: CWE-78 (https://cwe.mitre.org/data/definitions/78.html)
   More Info: https://bandit.readthedocs.io/en/1.7.7/plugins/b607_start_process_with_partial_path.html
   Location: .\apport\hookutils.py:759:9
758	    env["XDG_CONFIG_HOME"] = "/nonexisting"
759	    with subprocess.Popen(
760	        ["gsettings", "list-recursively", schema],
761	        env=env,
762	        stdout=subprocess.PIPE,
763	    ) as gsettings:
764	        for line in gsettings.stdout:

--------------------------------------------------
>> Issue: [B603:subprocess_without_shell_equals_true] subprocess call - check for execution of untrusted input.
   Severity: Low   Confidence: High
   CWE: CWE-78 (https://cwe.mitre.org/data/definitions/78.html)
   More Info: https://bandit.readthedocs.io/en/1.7.7/plugins/b603_subprocess_without_shell_equals_true.html
   Location: .\apport\hookutils.py:759:9
758	    env["XDG_CONFIG_HOME"] = "/nonexisting"
759	    with subprocess.Popen(
760	        ["gsettings", "list-recursively", schema],
761	        env=env,
762	        stdout=subprocess.PIPE,
763	    ) as gsettings:
764	        for line in gsettings.stdout:

--------------------------------------------------
>> Issue: [B607:start_process_with_partial_path] Starting a process with a partial executable path
   Severity: Low   Confidence: High
   CWE: CWE-78 (https://cwe.mitre.org/data/definitions/78.html)
   More Info: https://bandit.readthedocs.io/en/1.7.7/plugins/b607_start_process_with_partial_path.html
   Location: .\apport\hookutils.py:772:9
771	
772	    with subprocess.Popen(
773	        ["gsettings", "list-recursively", schema], stdout=subprocess.PIPE
774	    ) as gsettings:
775	        for line in gsettings.stdout:

--------------------------------------------------
>> Issue: [B603:subprocess_without_shell_equals_true] subprocess call - check for execution of untrusted input.
   Severity: Low   Confidence: High
   CWE: CWE-78 (https://cwe.mitre.org/data/definitions/78.html)
   More Info: https://bandit.readthedocs.io/en/1.7.7/plugins/b603_subprocess_without_shell_equals_true.html
   Location: .\apport\hookutils.py:772:9
771	
772	    with subprocess.Popen(
773	        ["gsettings", "list-recursively", schema], stdout=subprocess.PIPE
774	    ) as gsettings:
775	        for line in gsettings.stdout:

--------------------------------------------------
>> Issue: [B603:subprocess_without_shell_equals_true] subprocess call - check for execution of untrusted input.
   Severity: Low   Confidence: High
   CWE: CWE-78 (https://cwe.mitre.org/data/definitions/78.html)
   More Info: https://bandit.readthedocs.io/en/1.7.7/plugins/b603_subprocess_without_shell_equals_true.html
   Location: .\apport\hookutils.py:1018:18
1017	    try:
1018	        modinfo = subprocess.run(
1019	            ["/sbin/modinfo", module],
1020	            check=False,
1021	            stdout=subprocess.PIPE,
1022	            stderr=subprocess.PIPE,
1023	        )
1024	        if modinfo.returncode != 0:

--------------------------------------------------
>> Issue: [B404:blacklist] Consider possible security implications associated with the subprocess module.
   Severity: Low   Confidence: High
   CWE: CWE-78 (https://cwe.mitre.org/data/definitions/78.html)
   More Info: https://bandit.readthedocs.io/en/1.7.7/blacklists/blacklist_imports.html#b404-import-subprocess
   Location: .\apport\packaging.py:13:0
12	import re
13	import subprocess
14	import sys

--------------------------------------------------
>> Issue: [B607:start_process_with_partial_path] Starting a process with a partial executable path
   Severity: Low   Confidence: High
   CWE: CWE-78 (https://cwe.mitre.org/data/definitions/78.html)
   More Info: https://bandit.readthedocs.io/en/1.7.7/plugins/b607_start_process_with_partial_path.html
   Location: .\apport\packaging.py:403:22
402	        # fall back to lsb_release
403	        lsb_release = subprocess.run(
404	            ["lsb_release", "-sir"],
405	            check=False,
406	            stdout=subprocess.PIPE,
407	            stderr=subprocess.PIPE,
408	            text=True,
409	        )
410	        (name, version) = lsb_release.stdout.strip().replace("\n", " ").split()

--------------------------------------------------
>> Issue: [B603:subprocess_without_shell_equals_true] subprocess call - check for execution of untrusted input.
   Severity: Low   Confidence: High
   CWE: CWE-78 (https://cwe.mitre.org/data/definitions/78.html)
   More Info: https://bandit.readthedocs.io/en/1.7.7/plugins/b603_subprocess_without_shell_equals_true.html
   Location: .\apport\packaging.py:403:22
402	        # fall back to lsb_release
403	        lsb_release = subprocess.run(
404	            ["lsb_release", "-sir"],
405	            check=False,
406	            stdout=subprocess.PIPE,
407	            stderr=subprocess.PIPE,
408	            text=True,
409	        )
410	        (name, version) = lsb_release.stdout.strip().replace("\n", " ").split()

--------------------------------------------------
>> Issue: [B101:assert_used] Use of assert detected. The enclosed code will be removed when compiling to optimised byte code.
   Severity: Low   Confidence: High
   CWE: CWE-703 (https://cwe.mitre.org/data/definitions/703.html)
   More Info: https://bandit.readthedocs.io/en/1.7.7/plugins/b101_assert_used.html
   Location: .\apport\packaging_impl\__init__.py:10:4
9	    info = freedesktop_os_release()
10	    assert info is not None
11	    ids = set([info["ID"]]) | set(info.get("ID_LIKE", "").split(" "))

--------------------------------------------------
>> Issue: [B403:blacklist] Consider possible security implications associated with pickle module.
   Severity: Low   Confidence: High
   CWE: CWE-502 (https://cwe.mitre.org/data/definitions/502.html)
   More Info: https://bandit.readthedocs.io/en/1.7.7/blacklists/blacklist_imports.html#b403-import-pickle
   Location: .\apport\packaging_impl\apt_dpkg.py:24:0
23	import os
24	import pickle
25	import shutil

--------------------------------------------------
>> Issue: [B404:blacklist] Consider possible security implications associated with the subprocess module.
   Severity: Low   Confidence: High
   CWE: CWE-78 (https://cwe.mitre.org/data/definitions/78.html)
   More Info: https://bandit.readthedocs.io/en/1.7.7/blacklists/blacklist_imports.html#b404-import-subprocess
   Location: .\apport\packaging_impl\apt_dpkg.py:27:0
26	import stat
27	import subprocess
28	import sys

--------------------------------------------------
>> Issue: [B301:blacklist] Pickle and modules that wrap it can be unsafe when used to deserialize untrusted data, possible security issue.
   Severity: Medium   Confidence: High
   CWE: CWE-502 (https://cwe.mitre.org/data/definitions/502.html)
   More Info: https://bandit.readthedocs.io/en/1.7.7/blacklists/blacklist_calls.html#b301-pickle
   Location: .\apport\packaging_impl\apt_dpkg.py:72:44
71	            with open(mapping_file, "rb") as fp:
72	                self._virtual_mapping_obj = pickle.load(fp)
73	        else:

--------------------------------------------------
>> Issue: [B301:blacklist] Pickle and modules that wrap it can be unsafe when used to deserialize untrusted data, possible security issue.
   Severity: Medium   Confidence: High
   CWE: CWE-502 (https://cwe.mitre.org/data/definitions/502.html)
   More Info: https://bandit.readthedocs.io/en/1.7.7/blacklists/blacklist_calls.html#b301-pickle
   Location: .\apport\packaging_impl\apt_dpkg.py:99:45
98	            with open(mapping_file, "rb") as fp:
99	                self._contents_mapping_obj = pickle.load(fp)
100	        else:

--------------------------------------------------
>> Issue: [B310:blacklist] Audit url open for permitted schemes. Allowing use of file:/ or custom schemes is often unexpected.
   Severity: Medium   Confidence: High
   CWE: CWE-22 (https://cwe.mitre.org/data/definitions/22.html)
   More Info: https://bandit.readthedocs.io/en/1.7.7/blacklists/blacklist_calls.html#b310-urllib-urlopen
   Location: .\apport\packaging_impl\apt_dpkg.py:327:17
326	        try:
327	            with urllib.request.urlopen(url) as response:
328	                content = response.read()

--------------------------------------------------
>> Issue: [B607:start_process_with_partial_path] Starting a process with a partial executable path
   Severity: Low   Confidence: High
   CWE: CWE-78 (https://cwe.mitre.org/data/definitions/78.html)
   More Info: https://bandit.readthedocs.io/en/1.7.7/plugins/b607_start_process_with_partial_path.html
   Location: .\apport\packaging_impl\apt_dpkg.py:459:15
458	        """
459	        dpkg = subprocess.run(
460	            ["dpkg-query", "-W", "--showformat=${Conffiles}", "--", package],
461	            check=False,
462	            stdout=subprocess.PIPE,
463	        )
464	

--------------------------------------------------
>> Issue: [B603:subprocess_without_shell_equals_true] subprocess call - check for execution of untrusted input.
   Severity: Low   Confidence: High
   CWE: CWE-78 (https://cwe.mitre.org/data/definitions/78.html)
   More Info: https://bandit.readthedocs.io/en/1.7.7/plugins/b603_subprocess_without_shell_equals_true.html
   Location: .\apport\packaging_impl\apt_dpkg.py:459:15
458	        """
459	        dpkg = subprocess.run(
460	            ["dpkg-query", "-W", "--showformat=${Conffiles}", "--", package],
461	            check=False,
462	            stdout=subprocess.PIPE,
463	        )
464	

--------------------------------------------------
>> Issue: [B324:hashlib] Use of weak MD5 hash for security. Consider usedforsecurity=False
   Severity: High   Confidence: High
   CWE: CWE-327 (https://cwe.mitre.org/data/definitions/327.html)
   More Info: https://bandit.readthedocs.io/en/1.7.7/plugins/b324_hashlib.html
   Location: .\apport\packaging_impl\apt_dpkg.py:480:24
479	                        contents = fd.read()
480	                    m = hashlib.md5()
481	                    m.update(contents)

--------------------------------------------------
>> Issue: [B603:subprocess_without_shell_equals_true] subprocess call - check for execution of untrusted input.
   Severity: Low   Confidence: High
   CWE: CWE-78 (https://cwe.mitre.org/data/definitions/78.html)
   More Info: https://bandit.readthedocs.io/en/1.7.7/plugins/b603_subprocess_without_shell_equals_true.html
   Location: .\apport\packaging_impl\apt_dpkg.py:502:20
501	        while not match and i < len(file_list):
502	            fgrep = subprocess.run(
503	                ["fgrep", "-lxm", "1", "--", pattern]
504	                + file_list[i : (i + slice_size)],
505	                check=False,
506	                stdin=subprocess.PIPE,
507	                stdout=subprocess.PIPE,
508	                stderr=subprocess.PIPE,
509	            )
510	            if fgrep.returncode == 0:

--------------------------------------------------
>> Issue: [B607:start_process_with_partial_path] Starting a process with a partial executable path
   Severity: Low   Confidence: High
   CWE: CWE-78 (https://cwe.mitre.org/data/definitions/78.html)
   More Info: https://bandit.readthedocs.io/en/1.7.7/plugins/b607_start_process_with_partial_path.html
   Location: .\apport\packaging_impl\apt_dpkg.py:540:15
539	        # check if the file is a diversion
540	        dpkg = subprocess.run(
541	            ["dpkg-divert", "--list", file],
542	            check=False,
543	            stdout=subprocess.PIPE,
544	            stderr=subprocess.PIPE,
545	        )
546	        out = dpkg.stdout.decode("UTF-8")

--------------------------------------------------
>> Issue: [B603:subprocess_without_shell_equals_true] subprocess call - check for execution of untrusted input.
   Severity: Low   Confidence: High
   CWE: CWE-78 (https://cwe.mitre.org/data/definitions/78.html)
   More Info: https://bandit.readthedocs.io/en/1.7.7/plugins/b603_subprocess_without_shell_equals_true.html
   Location: .\apport\packaging_impl\apt_dpkg.py:540:15
539	        # check if the file is a diversion
540	        dpkg = subprocess.run(
541	            ["dpkg-divert", "--list", file],
542	            check=False,
543	            stdout=subprocess.PIPE,
544	            stderr=subprocess.PIPE,
545	        )
546	        out = dpkg.stdout.decode("UTF-8")

--------------------------------------------------
>> Issue: [B607:start_process_with_partial_path] Starting a process with a partial executable path
   Severity: Low   Confidence: High
   CWE: CWE-78 (https://cwe.mitre.org/data/definitions/78.html)
   More Info: https://bandit.readthedocs.io/en/1.7.7/plugins/b607_start_process_with_partial_path.html
   Location: .\apport\packaging_impl\apt_dpkg.py:584:15
583	        particular distribution."""
584	        dpkg = subprocess.run(
585	            ["dpkg", "--print-architecture"],
586	            check=True,
587	            stdout=subprocess.PIPE,
588	        )
589	        arch = dpkg.stdout.decode().strip()

--------------------------------------------------
>> Issue: [B603:subprocess_without_shell_equals_true] subprocess call - check for execution of untrusted input.
   Severity: Low   Confidence: High
   CWE: CWE-78 (https://cwe.mitre.org/data/definitions/78.html)
   More Info: https://bandit.readthedocs.io/en/1.7.7/plugins/b603_subprocess_without_shell_equals_true.html
   Location: .\apport\packaging_impl\apt_dpkg.py:584:15
583	        particular distribution."""
584	        dpkg = subprocess.run(
585	            ["dpkg", "--print-architecture"],
586	            check=True,
587	            stdout=subprocess.PIPE,
588	        )
589	        arch = dpkg.stdout.decode().strip()

--------------------------------------------------
>> Issue: [B101:assert_used] Use of assert detected. The enclosed code will be removed when compiling to optimised byte code.
   Severity: Low   Confidence: High
   CWE: CWE-703 (https://cwe.mitre.org/data/definitions/703.html)
   More Info: https://bandit.readthedocs.io/en/1.7.7/plugins/b101_assert_used.html
   Location: .\apport\packaging_impl\apt_dpkg.py:590:8
589	        arch = dpkg.stdout.decode().strip()
590	        assert arch
591	        return arch

--------------------------------------------------
>> Issue: [B607:start_process_with_partial_path] Starting a process with a partial executable path
   Severity: Low   Confidence: High
   CWE: CWE-78 (https://cwe.mitre.org/data/definitions/78.html)
   More Info: https://bandit.readthedocs.io/en/1.7.7/plugins/b607_start_process_with_partial_path.html
   Location: .\apport\packaging_impl\apt_dpkg.py:600:15
599	        """
600	        dpkg = subprocess.run(
601	            ["dpkg-architecture", "-qDEB_HOST_MULTIARCH"],
602	            check=True,
603	            stdout=subprocess.PIPE,
604	        )
605	        multiarch_triple = dpkg.stdout.decode().strip()

--------------------------------------------------
>> Issue: [B603:subprocess_without_shell_equals_true] subprocess call - check for execution of untrusted input.
   Severity: Low   Confidence: High
   CWE: CWE-78 (https://cwe.mitre.org/data/definitions/78.html)
   More Info: https://bandit.readthedocs.io/en/1.7.7/plugins/b603_subprocess_without_shell_equals_true.html
   Location: .\apport\packaging_impl\apt_dpkg.py:600:15
599	        """
600	        dpkg = subprocess.run(
601	            ["dpkg-architecture", "-qDEB_HOST_MULTIARCH"],
602	            check=True,
603	            stdout=subprocess.PIPE,
604	        )
605	        multiarch_triple = dpkg.stdout.decode().strip()

--------------------------------------------------
>> Issue: [B607:start_process_with_partial_path] Starting a process with a partial executable path
   Severity: Low   Confidence: High
   CWE: CWE-78 (https://cwe.mitre.org/data/definitions/78.html)
   More Info: https://bandit.readthedocs.io/en/1.7.7/plugins/b607_start_process_with_partial_path.html
   Location: .\apport\packaging_impl\apt_dpkg.py:662:12
661	        if sandbox and not glob.glob(f"{sandbox}/var/lib/apt/lists/*Sources"):
662	            subprocess.call(["apt-get", "-qq", "update"], env=env)
663	

--------------------------------------------------
>> Issue: [B603:subprocess_without_shell_equals_true] subprocess call - check for execution of untrusted input.
   Severity: Low   Confidence: High
   CWE: CWE-78 (https://cwe.mitre.org/data/definitions/78.html)
   More Info: https://bandit.readthedocs.io/en/1.7.7/plugins/b603_subprocess_without_shell_equals_true.html
   Location: .\apport\packaging_impl\apt_dpkg.py:662:12
661	        if sandbox and not glob.glob(f"{sandbox}/var/lib/apt/lists/*Sources"):
662	            subprocess.call(["apt-get", "-qq", "update"], env=env)
663	

--------------------------------------------------
>> Issue: [B603:subprocess_without_shell_equals_true] subprocess call - check for execution of untrusted input.
   Severity: Low   Confidence: High
   CWE: CWE-78 (https://cwe.mitre.org/data/definitions/78.html)
   More Info: https://bandit.readthedocs.io/en/1.7.7/plugins/b603_subprocess_without_shell_equals_true.html
   Location: .\apport\packaging_impl\apt_dpkg.py:669:15
668	        try:
669	            if subprocess.call(argv, cwd=output_dir, env=env) != 0:
670	                if not version:

--------------------------------------------------
>> Issue: [B607:start_process_with_partial_path] Starting a process with a partial executable path
   Severity: Low   Confidence: High
   CWE: CWE-78 (https://cwe.mitre.org/data/definitions/78.html)
   More Info: https://bandit.readthedocs.io/en/1.7.7/plugins/b607_start_process_with_partial_path.html
   Location: .\apport\packaging_impl\apt_dpkg.py:693:24
692	                    for dsc in glob.glob(os.path.join(output_dir, "*.dsc")):
693	                        subprocess.call(
694	                            ["dpkg-source", "-sn", "-x", dsc],
695	                            stdout=subprocess.PIPE,
696	                            cwd=output_dir,
697	                        )
698	                else:

--------------------------------------------------
>> Issue: [B603:subprocess_without_shell_equals_true] subprocess call - check for execution of untrusted input.
   Severity: Low   Confidence: High
   CWE: CWE-78 (https://cwe.mitre.org/data/definitions/78.html)
   More Info: https://bandit.readthedocs.io/en/1.7.7/plugins/b603_subprocess_without_shell_equals_true.html
   Location: .\apport\packaging_impl\apt_dpkg.py:693:24
692	                    for dsc in glob.glob(os.path.join(output_dir, "*.dsc")):
693	                        subprocess.call(
694	                            ["dpkg-source", "-sn", "-x", dsc],
695	                            stdout=subprocess.PIPE,
696	                            cwd=output_dir,
697	                        )
698	                else:

--------------------------------------------------
>> Issue: [B101:assert_used] Use of assert detected. The enclosed code will be removed when compiling to optimised byte code.
   Severity: Low   Confidence: High
   CWE: CWE-703 (https://cwe.mitre.org/data/definitions/703.html)
   More Info: https://bandit.readthedocs.io/en/1.7.7/plugins/b101_assert_used.html
   Location: .\apport\packaging_impl\apt_dpkg.py:708:8
707	                root = d
708	        assert root, "could not determine source tree root directory"
709	

--------------------------------------------------
>> Issue: [B607:start_process_with_partial_path] Starting a process with a partial executable path
   Severity: Low   Confidence: High
   CWE: CWE-78 (https://cwe.mitre.org/data/definitions/78.html)
   More Info: https://bandit.readthedocs.io/en/1.7.7/plugins/b607_start_process_with_partial_path.html
   Location: .\apport\packaging_impl\apt_dpkg.py:712:12
711	        try:
712	            subprocess.call(
713	                "(debian/rules patch || debian/rules apply-patches "
714	                "|| debian/rules apply-dpatches || "
715	                "debian/rules unpack || debian/rules patch-stamp || "
716	                "debian/rules setup) >/dev/null 2>&1",
717	                shell=True,
718	                cwd=root,
719	            )
720	        except OSError:

--------------------------------------------------
>> Issue: [B602:subprocess_popen_with_shell_equals_true] subprocess call with shell=True seems safe, but may be changed in the future, consider rewriting without shell
   Severity: Low   Confidence: High
   CWE: CWE-78 (https://cwe.mitre.org/data/definitions/78.html)
   More Info: https://bandit.readthedocs.io/en/1.7.7/plugins/b602_subprocess_popen_with_shell_equals_true.html
   Location: .\apport\packaging_impl\apt_dpkg.py:717:12
716	                "debian/rules setup) >/dev/null 2>&1",
717	                shell=True,
718	                cwd=root,
719	            )
720	        except OSError:
721	            pass
722	
723	        return root
724	
725	    def get_kernel_package(self):

--------------------------------------------------
>> Issue: [B607:start_process_with_partial_path] Starting a process with a partial executable path
   Severity: Low   Confidence: High
   CWE: CWE-78 (https://cwe.mitre.org/data/definitions/78.html)
   More Info: https://bandit.readthedocs.io/en/1.7.7/plugins/b607_start_process_with_partial_path.html
   Location: .\apport\packaging_impl\apt_dpkg.py:1289:18
1288	        for i in fetcher.items:  # pylint: disable=not-an-iterable
1289	            out = subprocess.check_output(
1290	                ["dpkg-deb", "--show", i.destfile]
1291	            ).decode()
1292	            (p, v) = out.strip().split()

--------------------------------------------------
>> Issue: [B603:subprocess_without_shell_equals_true] subprocess call - check for execution of untrusted input.
   Severity: Low   Confidence: High
   CWE: CWE-78 (https://cwe.mitre.org/data/definitions/78.html)
   More Info: https://bandit.readthedocs.io/en/1.7.7/plugins/b603_subprocess_without_shell_equals_true.html
   Location: .\apport\packaging_impl\apt_dpkg.py:1289:18
1288	        for i in fetcher.items:  # pylint: disable=not-an-iterable
1289	            out = subprocess.check_output(
1290	                ["dpkg-deb", "--show", i.destfile]
1291	            ).decode()
1292	            (p, v) = out.strip().split()

--------------------------------------------------
>> Issue: [B607:start_process_with_partial_path] Starting a process with a partial executable path
   Severity: Low   Confidence: High
   CWE: CWE-78 (https://cwe.mitre.org/data/definitions/78.html)
   More Info: https://bandit.readthedocs.io/en/1.7.7/plugins/b607_start_process_with_partial_path.html
   Location: .\apport\packaging_impl\apt_dpkg.py:1307:20
1306	                else:
1307	                    subprocess.check_call(["dpkg", "-x", i.destfile, rootdir])
1308	                    pkg_versions[p] = v

--------------------------------------------------
>> Issue: [B603:subprocess_without_shell_equals_true] subprocess call - check for execution of untrusted input.
   Severity: Low   Confidence: High
   CWE: CWE-78 (https://cwe.mitre.org/data/definitions/78.html)
   More Info: https://bandit.readthedocs.io/en/1.7.7/plugins/b603_subprocess_without_shell_equals_true.html
   Location: .\apport\packaging_impl\apt_dpkg.py:1307:20
1306	                else:
1307	                    subprocess.check_call(["dpkg", "-x", i.destfile, rootdir])
1308	                    pkg_versions[p] = v

--------------------------------------------------
>> Issue: [B101:assert_used] Use of assert detected. The enclosed code will be removed when compiling to optimised byte code.
   Severity: Low   Confidence: High
   CWE: CWE-703 (https://cwe.mitre.org/data/definitions/703.html)
   More Info: https://bandit.readthedocs.io/en/1.7.7/plugins/b101_assert_used.html
   Location: .\apport\packaging_impl\apt_dpkg.py:1329:8
1328	        # check bookkeeping that apt fetcher really got everything
1329	        assert (
1330	            not real_pkgs
1331	        ), "apt fetcher did not fetch these packages: " + " ".join(real_pkgs)
1332	

--------------------------------------------------
>> Issue: [B603:subprocess_without_shell_equals_true] subprocess call - check for execution of untrusted input.
   Severity: Low   Confidence: High
   CWE: CWE-78 (https://cwe.mitre.org/data/definitions/78.html)
   More Info: https://bandit.readthedocs.io/en/1.7.7/plugins/b603_subprocess_without_shell_equals_true.html
   Location: .\apport\packaging_impl\apt_dpkg.py:1350:15
1349	        error."""
1350	        dpkg = subprocess.run(
1351	            ["dpkg"] + args,
1352	            check=False,
1353	            stdout=subprocess.PIPE,
1354	            stderr=subprocess.PIPE,
1355	        )
1356	        if dpkg.returncode == 0:

--------------------------------------------------
>> Issue: [B101:assert_used] Use of assert detected. The enclosed code will be removed when compiling to optimised byte code.
   Severity: Low   Confidence: High
   CWE: CWE-703 (https://cwe.mitre.org/data/definitions/703.html)
   More Info: https://bandit.readthedocs.io/en/1.7.7/plugins/b101_assert_used.html
   Location: .\apport\packaging_impl\apt_dpkg.py:1371:12
1370	        else:
1371	            assert isinstance(
1372	                sumfile, bytes
1373	            ), "md5sum list value must be a byte array"
1374	            args = []

--------------------------------------------------
>> Issue: [B603:subprocess_without_shell_equals_true] subprocess call - check for execution of untrusted input.
   Severity: Low   Confidence: High
   CWE: CWE-78 (https://cwe.mitre.org/data/definitions/78.html)
   More Info: https://bandit.readthedocs.io/en/1.7.7/plugins/b603_subprocess_without_shell_equals_true.html
   Location: .\apport\packaging_impl\apt_dpkg.py:1376:17
1375	            stdin = sumfile
1376	        md5sum = subprocess.run(
1377	            ["/usr/bin/md5sum", "-c"] + args,
1378	            check=False,
1379	            input=stdin,
1380	            stdout=subprocess.PIPE,
1381	            stderr=subprocess.PIPE,
1382	            cwd="/",
1383	            env={},
1384	        )
1385	

--------------------------------------------------
>> Issue: [B310:blacklist] Audit url open for permitted schemes. Allowing use of file:/ or custom schemes is often unexpected.
   Severity: Medium   Confidence: High
   CWE: CWE-22 (https://cwe.mitre.org/data/definitions/22.html)
   More Info: https://bandit.readthedocs.io/en/1.7.7/blacklists/blacklist_calls.html#b310-urllib-urlopen
   Location: .\apport\packaging_impl\apt_dpkg.py:1505:30
1504	                        # hard to change, pylint: disable=consider-using-with
1505	                        src = urllib.request.urlopen(url)
1506	                    except OSError:

--------------------------------------------------
>> Issue: [B101:assert_used] Use of assert detected. The enclosed code will be removed when compiling to optimised byte code.
   Severity: Low   Confidence: High
   CWE: CWE-703 (https://cwe.mitre.org/data/definitions/703.html)
   More Info: https://bandit.readthedocs.io/en/1.7.7/plugins/b101_assert_used.html
   Location: .\apport\packaging_impl\apt_dpkg.py:1520:20
1519	                    src.close()
1520	                    assert os.path.exists(contents_filename)
1521	

--------------------------------------------------
>> Issue: [B310:blacklist] Audit url open for permitted schemes. Allowing use of file:/ or custom schemes is often unexpected.
   Severity: Medium   Confidence: High
   CWE: CWE-22 (https://cwe.mitre.org/data/definitions/22.html)
   More Info: https://bandit.readthedocs.io/en/1.7.7/blacklists/blacklist_calls.html#b310-urllib-urlopen
   Location: .\apport\packaging_impl\apt_dpkg.py:1639:24
1638	                    with contextlib.closing(
1639	                        urllib.request.urlopen(
1640	                            self._ppa_archive_url(
1641	                                user=user, distro=distro, ppa_name=ppa_name
1642	                            )
1643	                        )
1644	                    ) as response:

--------------------------------------------------
>> Issue: [B310:blacklist] Audit url open for permitted schemes. Allowing use of file:/ or custom schemes is often unexpected.
   Severity: Medium   Confidence: High
   CWE: CWE-22 (https://cwe.mitre.org/data/definitions/22.html)
   More Info: https://bandit.readthedocs.io/en/1.7.7/blacklists/blacklist_calls.html#b310-urllib-urlopen
   Location: .\apport\packaging_impl\apt_dpkg.py:1670:24
1669	                    with contextlib.closing(
1670	                        urllib.request.urlopen(debug_url)
1671	                    ) as response:

--------------------------------------------------
>> Issue: [B603:subprocess_without_shell_equals_true] subprocess call - check for execution of untrusted input.
   Severity: Low   Confidence: High
   CWE: CWE-78 (https://cwe.mitre.org/data/definitions/78.html)
   More Info: https://bandit.readthedocs.io/en/1.7.7/plugins/b603_subprocess_without_shell_equals_true.html
   Location: .\apport\packaging_impl\apt_dpkg.py:1826:19
1825	
1826	                if subprocess.call(argv) != 0:
1827	                    apport.logging.warning(

--------------------------------------------------
>> Issue: [B607:start_process_with_partial_path] Starting a process with a partial executable path
   Severity: Low   Confidence: High
   CWE: CWE-78 (https://cwe.mitre.org/data/definitions/78.html)
   More Info: https://bandit.readthedocs.io/en/1.7.7/plugins/b607_start_process_with_partial_path.html
   Location: .\apport\packaging_impl\apt_dpkg.py:1834:15
1833	        """Return the version of a .deb file."""
1834	        dpkg = subprocess.run(
1835	            ["dpkg-deb", "-f", pkg, "Version"],
1836	            check=True,
1837	            stdout=subprocess.PIPE,
1838	        )
1839	        out = dpkg.stdout.decode("UTF-8").strip()

--------------------------------------------------
>> Issue: [B603:subprocess_without_shell_equals_true] subprocess call - check for execution of untrusted input.
   Severity: Low   Confidence: High
   CWE: CWE-78 (https://cwe.mitre.org/data/definitions/78.html)
   More Info: https://bandit.readthedocs.io/en/1.7.7/plugins/b603_subprocess_without_shell_equals_true.html
   Location: .\apport\packaging_impl\apt_dpkg.py:1834:15
1833	        """Return the version of a .deb file."""
1834	        dpkg = subprocess.run(
1835	            ["dpkg-deb", "-f", pkg, "Version"],
1836	            check=True,
1837	            stdout=subprocess.PIPE,
1838	        )
1839	        out = dpkg.stdout.decode("UTF-8").strip()

--------------------------------------------------
>> Issue: [B101:assert_used] Use of assert detected. The enclosed code will be removed when compiling to optimised byte code.
   Severity: Low   Confidence: High
   CWE: CWE-703 (https://cwe.mitre.org/data/definitions/703.html)
   More Info: https://bandit.readthedocs.io/en/1.7.7/plugins/b101_assert_used.html
   Location: .\apport\packaging_impl\apt_dpkg.py:1840:8
1839	        out = dpkg.stdout.decode("UTF-8").strip()
1840	        assert out
1841	        return out

--------------------------------------------------
>> Issue: [B607:start_process_with_partial_path] Starting a process with a partial executable path
   Severity: Low   Confidence: High
   CWE: CWE-78 (https://cwe.mitre.org/data/definitions/78.html)
   More Info: https://bandit.readthedocs.io/en/1.7.7/plugins/b607_start_process_with_partial_path.html
   Location: .\apport\packaging_impl\apt_dpkg.py:1860:30
1859	                # Fall back to query lsb_release
1860	                lsb_release = subprocess.run(
1861	                    ["lsb_release", "-sc"],
1862	                    check=True,
1863	                    stdout=subprocess.PIPE,
1864	                    text=True,
1865	                )
1866	                self._distro_codename = lsb_release.stdout.strip()

--------------------------------------------------
>> Issue: [B603:subprocess_without_shell_equals_true] subprocess call - check for execution of untrusted input.
   Severity: Low   Confidence: High
   CWE: CWE-78 (https://cwe.mitre.org/data/definitions/78.html)
   More Info: https://bandit.readthedocs.io/en/1.7.7/plugins/b603_subprocess_without_shell_equals_true.html
   Location: .\apport\packaging_impl\apt_dpkg.py:1860:30
1859	                # Fall back to query lsb_release
1860	                lsb_release = subprocess.run(
1861	                    ["lsb_release", "-sc"],
1862	                    check=True,
1863	                    stdout=subprocess.PIPE,
1864	                    text=True,
1865	                )
1866	                self._distro_codename = lsb_release.stdout.strip()

--------------------------------------------------
>> Issue: [B404:blacklist] Consider possible security implications associated with the subprocess module.
   Severity: Low   Confidence: High
   CWE: CWE-78 (https://cwe.mitre.org/data/definitions/78.html)
   More Info: https://bandit.readthedocs.io/en/1.7.7/blacklists/blacklist_imports.html#b404-import-subprocess
   Location: .\apport\packaging_impl\rpm.py:28:0
27	import stat
28	import subprocess
29	

--------------------------------------------------
>> Issue: [B607:start_process_with_partial_path] Starting a process with a partial executable path
   Severity: Low   Confidence: High
   CWE: CWE-78 (https://cwe.mitre.org/data/definitions/78.html)
   More Info: https://bandit.readthedocs.io/en/1.7.7/plugins/b607_start_process_with_partial_path.html
   Location: .\apport\packaging_impl\rpm.py:170:18
169	        particular distribution."""
170	        rpmarch = subprocess.run(
171	            ["rpm", "--eval", "%_target_cpu"],
172	            check=True,
173	            stdout=subprocess.PIPE,
174	            text=True,
175	        )
176	        arch = rpmarch.stdout.strip()

--------------------------------------------------
>> Issue: [B603:subprocess_without_shell_equals_true] subprocess call - check for execution of untrusted input.
   Severity: Low   Confidence: High
   CWE: CWE-78 (https://cwe.mitre.org/data/definitions/78.html)
   More Info: https://bandit.readthedocs.io/en/1.7.7/plugins/b603_subprocess_without_shell_equals_true.html
   Location: .\apport\packaging_impl\rpm.py:170:18
169	        particular distribution."""
170	        rpmarch = subprocess.run(
171	            ["rpm", "--eval", "%_target_cpu"],
172	            check=True,
173	            stdout=subprocess.PIPE,
174	            text=True,
175	        )
176	        arch = rpmarch.stdout.strip()

--------------------------------------------------
>> Issue: [B324:hashlib] Use of weak MD5 hash for security. Consider usedforsecurity=False
   Severity: High   Confidence: High
   CWE: CWE-327 (https://cwe.mitre.org/data/definitions/327.html)
   More Info: https://bandit.readthedocs.io/en/1.7.7/plugins/b324_hashlib.html
   Location: .\apport\packaging_impl\rpm.py:303:12
302	        """Check a file's md5sum."""
303	        m = hashlib.md5()
304	        with open(filename, encoding="utf-8") as md5_file:

--------------------------------------------------
>> Issue: [B404:blacklist] Consider possible security implications associated with the subprocess module.
   Severity: Low   Confidence: High
   CWE: CWE-78 (https://cwe.mitre.org/data/definitions/78.html)
   More Info: https://bandit.readthedocs.io/en/1.7.7/blacklists/blacklist_imports.html#b404-import-subprocess
   Location: .\apport\report.py:25:0
24	import stat
25	import subprocess
26	import sys

--------------------------------------------------
>> Issue: [B408:blacklist] Using xml.dom.minidom to parse untrusted XML data is known to be vulnerable to XML attacks. Replace xml.dom.minidom with the equivalent defusedxml package, or make sure defusedxml.defuse_stdlib() is called.
   Severity: Low   Confidence: High
   CWE: CWE-20 (https://cwe.mitre.org/data/definitions/20.html)
   More Info: https://bandit.readthedocs.io/en/1.7.7/blacklists/blacklist_imports.html#b408-import-xml-minidom
   Location: .\apport\report.py:34:0
33	import xml.dom
34	import xml.dom.minidom
35	import xml.parsers.expat

--------------------------------------------------
>> Issue: [B603:subprocess_without_shell_equals_true] subprocess call - check for execution of untrusted input.
   Severity: Low   Confidence: High
   CWE: CWE-78 (https://cwe.mitre.org/data/definitions/78.html)
   More Info: https://bandit.readthedocs.io/en/1.7.7/plugins/b603_subprocess_without_shell_equals_true.html
   Location: .\apport\report.py:165:13
164	        # 30 minutes to run should be more than enough.
165	        sp = subprocess.run(
166	            command,
167	            check=False,
168	            encoding="UTF-8",
169	            env=env,
170	            errors="replace",
171	            stdout=subprocess.PIPE,
172	            stderr=subprocess.STDOUT,
173	            timeout=1800,
174	        )
175	    except subprocess.TimeoutExpired as error:

--------------------------------------------------
>> Issue: [B318:blacklist] Using xml.dom.minidom.parseString to parse untrusted XML data is known to be vulnerable to XML attacks. Replace xml.dom.minidom.parseString with its defusedxml equivalent function or make sure defusedxml.defuse_stdlib() is called
   Severity: Medium   Confidence: High
   CWE: CWE-20 (https://cwe.mitre.org/data/definitions/20.html)
   More Info: https://bandit.readthedocs.io/en/1.7.7/blacklists/blacklist_calls.html#b313-b320-xml-bad-minidom
   Location: .\apport\report.py:229:14
228	    try:
229	        dom = xml.dom.minidom.parseString(patterns)
230	    except (xml.parsers.expat.ExpatError, UnicodeEncodeError):

--------------------------------------------------
>> Issue: [B102:exec_used] Use of exec detected.
   Severity: Medium   Confidence: High
   CWE: CWE-78 (https://cwe.mitre.org/data/definitions/78.html)
   More Info: https://bandit.readthedocs.io/en/1.7.7/plugins/b102_exec_used.html
   Location: .\apport\report.py:259:12
258	            # legacy, pylint: disable=exec-used
259	            exec(compile(fd.read(), hook, "exec"), symb)
260	        try:

--------------------------------------------------
>> Issue: [B108:hardcoded_tmp_directory] Probable insecure usage of temp file/directory.
   Severity: Medium   Confidence: Medium
   CWE: CWE-377 (https://cwe.mitre.org/data/definitions/377.html)
   More Info: https://bandit.readthedocs.io/en/1.7.7/plugins/b108_hardcoded_tmp_directory.html
   Location: .\apport\report.py:304:32
303	            del self["PATH"]
304	        elif "/home" in path or "/tmp" in path:
305	            self["PATH"] = "(custom, user)"

--------------------------------------------------
>> Issue: [B603:subprocess_without_shell_equals_true] subprocess call - check for execution of untrusted input.
   Severity: Low   Confidence: High
   CWE: CWE-78 (https://cwe.mitre.org/data/definitions/78.html)
   More Info: https://bandit.readthedocs.io/en/1.7.7/plugins/b603_subprocess_without_shell_equals_true.html
   Location: .\apport\report.py:876:24
875	            try:
876	                crash = subprocess.run(
877	                    command,
878	                    check=False,
879	                    input=b"bt -a -f\nps\nrunq\nquit\n",
880	                    stdout=subprocess.PIPE,
881	                    stderr=subprocess.STDOUT,
882	                )
883	            except OSError:

--------------------------------------------------
>> Issue: [B310:blacklist] Audit url open for permitted schemes. Allowing use of file:/ or custom schemes is often unexpected.
   Severity: Medium   Confidence: High
   CWE: CWE-22 (https://cwe.mitre.org/data/definitions/22.html)
   More Info: https://bandit.readthedocs.io/en/1.7.7/blacklists/blacklist_calls.html#b310-urllib-urlopen
   Location: .\apport\report.py:1233:17
1232	        try:
1233	            with urllib.request.urlopen(url) as request:
1234	                patterns = request.read().decode("UTF-8", errors="replace")

--------------------------------------------------
>> Issue: [B318:blacklist] Using xml.dom.minidom.parseString to parse untrusted XML data is known to be vulnerable to XML attacks. Replace xml.dom.minidom.parseString with its defusedxml equivalent function or make sure defusedxml.defuse_stdlib() is called
   Severity: Medium   Confidence: High
   CWE: CWE-20 (https://cwe.mitre.org/data/definitions/20.html)
   More Info: https://bandit.readthedocs.io/en/1.7.7/blacklists/blacklist_calls.html#b313-b320-xml-bad-minidom
   Location: .\apport\report.py:1286:22
1285	            try:
1286	                dom = xml.dom.minidom.parseString(contents)
1287	            except xml.parsers.expat.ExpatError as error:

--------------------------------------------------
>> Issue: [B101:assert_used] Use of assert detected. The enclosed code will be removed when compiling to optimised byte code.
   Severity: Low   Confidence: High
   CWE: CWE-703 (https://cwe.mitre.org/data/definitions/703.html)
   More Info: https://bandit.readthedocs.io/en/1.7.7/plugins/b101_assert_used.html
   Location: .\apport\report.py:1314:8
1313	        """
1314	        assert "ExecutablePath" in self
1315	

--------------------------------------------------
>> Issue: [B101:assert_used] Use of assert detected. The enclosed code will be removed when compiling to optimised byte code.
   Severity: Low   Confidence: High
   CWE: CWE-703 (https://cwe.mitre.org/data/definitions/703.html)
   More Info: https://bandit.readthedocs.io/en/1.7.7/plugins/b101_assert_used.html
   Location: .\apport\report.py:1366:8
1365	        """
1366	        assert "ExecutablePath" in self
1367	

--------------------------------------------------
>> Issue: [B101:assert_used] Use of assert detected. The enclosed code will be removed when compiling to optimised byte code.
   Severity: Low   Confidence: High
   CWE: CWE-703 (https://cwe.mitre.org/data/definitions/703.html)
   More Info: https://bandit.readthedocs.io/en/1.7.7/plugins/b101_assert_used.html
   Location: .\apport\report.py:1705:24
1704	                        match = parsed.group(1)
1705	                        assert match, (
1706	                            "could not parse expected problem type line: %s"
1707	                            % line
1708	                        )
1709	                        parts.append(match)

--------------------------------------------------
>> Issue: [B101:assert_used] Use of assert detected. The enclosed code will be removed when compiling to optimised byte code.
   Severity: Low   Confidence: High
   CWE: CWE-703 (https://cwe.mitre.org/data/definitions/703.html)
   More Info: https://bandit.readthedocs.io/en/1.7.7/plugins/b101_assert_used.html
   Location: .\apport\report.py:1736:12
1735	            match = parsed.group(1)
1736	            assert match, "could not parse expected call trace line: %s" % line
1737	            if match[0] != "?":

--------------------------------------------------
>> Issue: [B101:assert_used] Use of assert detected. The enclosed code will be removed when compiling to optimised byte code.
   Severity: Low   Confidence: High
   CWE: CWE-703 (https://cwe.mitre.org/data/definitions/703.html)
   More Info: https://bandit.readthedocs.io/en/1.7.7/plugins/b101_assert_used.html
   Location: .\apport\report.py:1886:8
1885	        """
1886	        assert "ExecutablePath" in self
1887	        executable = self.get("InterpreterPath", self["ExecutablePath"])

--------------------------------------------------
>> Issue: [B101:assert_used] Use of assert detected. The enclosed code will be removed when compiling to optimised byte code.
   Severity: Low   Confidence: High
   CWE: CWE-703 (https://cwe.mitre.org/data/definitions/703.html)
   More Info: https://bandit.readthedocs.io/en/1.7.7/plugins/b101_assert_used.html
   Location: .\apport\report.py:2016:8
2015	
2016	        assert "ProcMaps" in self
2017	        self._proc_maps_cache = []

--------------------------------------------------
>> Issue: [B101:assert_used] Use of assert detected. The enclosed code will be removed when compiling to optimised byte code.
   Severity: Low   Confidence: High
   CWE: CWE-703 (https://cwe.mitre.org/data/definitions/703.html)
   More Info: https://bandit.readthedocs.io/en/1.7.7/plugins/b101_assert_used.html
   Location: .\apport\report.py:2036:16
2035	                # architecture or new kernel version where the format changed
2036	                assert m, "cannot parse ProcMaps line: " + line
2037	            self._proc_maps_cache.append(

--------------------------------------------------
>> Issue: [B404:blacklist] Consider possible security implications associated with the subprocess module.
   Severity: Low   Confidence: High
   CWE: CWE-78 (https://cwe.mitre.org/data/definitions/78.html)
   More Info: https://bandit.readthedocs.io/en/1.7.7/blacklists/blacklist_imports.html#b404-import-subprocess
   Location: .\apport\ui.py:33:0
32	import smtplib
33	import subprocess
34	import sys

--------------------------------------------------
>> Issue: [B607:start_process_with_partial_path] Starting a process with a partial executable path
   Severity: Low   Confidence: High
   CWE: CWE-78 (https://cwe.mitre.org/data/definitions/78.html)
   More Info: https://bandit.readthedocs.io/en/1.7.7/plugins/b607_start_process_with_partial_path.html
   Location: .\apport\ui.py:83:14
82	def _get_newest_process_for_user(name: str, uid: int) -> typing.Optional[int]:
83	    process = subprocess.run(
84	        ["pgrep", "-n", "-x", "-u", str(uid), name],
85	        capture_output=True,
86	        check=False,
87	        text=True,
88	    )
89	    if process.returncode != 0 or not process.stdout:

--------------------------------------------------
>> Issue: [B603:subprocess_without_shell_equals_true] subprocess call - check for execution of untrusted input.
   Severity: Low   Confidence: High
   CWE: CWE-78 (https://cwe.mitre.org/data/definitions/78.html)
   More Info: https://bandit.readthedocs.io/en/1.7.7/plugins/b603_subprocess_without_shell_equals_true.html
   Location: .\apport\ui.py:83:14
82	def _get_newest_process_for_user(name: str, uid: int) -> typing.Optional[int]:
83	    process = subprocess.run(
84	        ["pgrep", "-n", "-x", "-u", str(uid), name],
85	        capture_output=True,
86	        check=False,
87	        text=True,
88	    )
89	    if process.returncode != 0 or not process.stdout:

--------------------------------------------------
>> Issue: [B603:subprocess_without_shell_equals_true] subprocess call - check for execution of untrusted input.
   Severity: Low   Confidence: High
   CWE: CWE-78 (https://cwe.mitre.org/data/definitions/78.html)
   More Info: https://bandit.readthedocs.io/en/1.7.7/plugins/b603_subprocess_without_shell_equals_true.html
   Location: .\apport\ui.py:130:8
129	    if uid is None or not get_process_user_and_group().is_root():
130	        subprocess.run(args, check=False)
131	        return

--------------------------------------------------
>> Issue: [B603:subprocess_without_shell_equals_true] subprocess call - check for execution of untrusted input.
   Severity: Low   Confidence: High
   CWE: CWE-78 (https://cwe.mitre.org/data/definitions/78.html)
   More Info: https://bandit.readthedocs.io/en/1.7.7/plugins/b603_subprocess_without_shell_equals_true.html
   Location: .\apport\ui.py:145:4
144	    env["HOME"] = pwuid.pw_dir
145	    subprocess.run(
146	        args,
147	        check=False,
148	        env=env,
149	        user=uid,
150	        group=gid,
151	        extra_groups=os.getgrouplist(pwuid.pw_name, gid),
152	    )
153	

--------------------------------------------------
>> Issue: [B101:assert_used] Use of assert detected. The enclosed code will be removed when compiling to optimised byte code.
   Severity: Low   Confidence: High
   CWE: CWE-703 (https://cwe.mitre.org/data/definitions/703.html)
   More Info: https://bandit.readthedocs.io/en/1.7.7/plugins/b101_assert_used.html
   Location: .\apport\ui.py:183:4
182	    """
183	    assert isinstance(ui, HookUI)
184	    try:

--------------------------------------------------
>> Issue: [B102:exec_used] Use of exec detected.
   Severity: Medium   Confidence: High
   CWE: CWE-78 (https://cwe.mitre.org/data/definitions/78.html)
   More Info: https://bandit.readthedocs.io/en/1.7.7/plugins/b102_exec_used.html
   Location: .\apport\ui.py:197:16
196	                # legacy, pylint: disable=exec-used
197	                exec(compile(f.read(), symptom_script, "exec"), symb)
198	            package = symb["run"](report, ui)

--------------------------------------------------
>> Issue: [B102:exec_used] Use of exec detected.
   Severity: Medium   Confidence: High
   CWE: CWE-78 (https://cwe.mitre.org/data/definitions/78.html)
   More Info: https://bandit.readthedocs.io/en/1.7.7/plugins/b102_exec_used.html
   Location: .\apport\ui.py:889:20
888	                    # legacy, pylint: disable=exec-used
889	                    exec(compile(f.read(), script, "exec"), symb)
890	            except Exception:  # pylint: disable=broad-except

--------------------------------------------------
>> Issue: [B607:start_process_with_partial_path] Starting a process with a partial executable path
   Severity: Low   Confidence: High
   CWE: CWE-78 (https://cwe.mitre.org/data/definitions/78.html)
   More Info: https://bandit.readthedocs.io/en/1.7.7/plugins/b607_start_process_with_partial_path.html
   Location: .\apport\ui.py:994:20
993	            )
994	            xprop = subprocess.run(
995	                ["xprop", "_NET_WM_PID"],
996	                check=False,
997	                stdout=subprocess.PIPE,
998	                stderr=subprocess.PIPE,
999	            )
1000	            if xprop.returncode == 0:

--------------------------------------------------
>> Issue: [B603:subprocess_without_shell_equals_true] subprocess call - check for execution of untrusted input.
   Severity: Low   Confidence: High
   CWE: CWE-78 (https://cwe.mitre.org/data/definitions/78.html)
   More Info: https://bandit.readthedocs.io/en/1.7.7/plugins/b603_subprocess_without_shell_equals_true.html
   Location: .\apport\ui.py:994:20
993	            )
994	            xprop = subprocess.run(
995	                ["xprop", "_NET_WM_PID"],
996	                check=False,
997	                stdout=subprocess.PIPE,
998	                stderr=subprocess.PIPE,
999	            )
1000	            if xprop.returncode == 0:

--------------------------------------------------
>> Issue: [B101:assert_used] Use of assert detected. The enclosed code will be removed when compiling to optimised byte code.
   Severity: Low   Confidence: High
   CWE: CWE-703 (https://cwe.mitre.org/data/definitions/703.html)
   More Info: https://bandit.readthedocs.io/en/1.7.7/plugins/b101_assert_used.html
   Location: .\apport\ui.py:1326:8
1325	        """Reopen the crashed application."""
1326	        assert "ProcCmdline" in self.report
1327	

--------------------------------------------------
>> Issue: [B606:start_process_with_no_shell] Starting a process without a shell.
   Severity: Low   Confidence: Medium
   CWE: CWE-78 (https://cwe.mitre.org/data/definitions/78.html)
   More Info: https://bandit.readthedocs.io/en/1.7.7/plugins/b606_start_process_with_no_shell.html
   Location: .\apport\ui.py:1330:12
1329	            os.setsid()
1330	            os.execlp(
1331	                "sh",
1332	                "sh",
1333	                "-c",
1334	                self.report.get("RespawnCommand", self.report["ProcCmdline"]),
1335	            )
1336	            sys.exit(1)

--------------------------------------------------
>> Issue: [B607:start_process_with_partial_path] Starting a process with a partial executable path
   Severity: Low   Confidence: High
   CWE: CWE-78 (https://cwe.mitre.org/data/definitions/78.html)
   More Info: https://bandit.readthedocs.io/en/1.7.7/plugins/b607_start_process_with_partial_path.html
   Location: .\apport\ui.py:1330:12
1329	            os.setsid()
1330	            os.execlp(
1331	                "sh",
1332	                "sh",
1333	                "-c",
1334	                self.report.get("RespawnCommand", self.report["ProcCmdline"]),
1335	            )
1336	            sys.exit(1)

--------------------------------------------------
>> Issue: [B603:subprocess_without_shell_equals_true] subprocess call - check for execution of untrusted input.
   Severity: Low   Confidence: High
   CWE: CWE-78 (https://cwe.mitre.org/data/definitions/78.html)
   More Info: https://bandit.readthedocs.io/en/1.7.7/plugins/b603_subprocess_without_shell_equals_true.html
   Location: .\apport\ui.py:1380:12
1379	        try:
1380	            subprocess.check_output(
1381	                [
1382	                    "/usr/bin/gdbus",
1383	                    "call",
1384	                    "-y",
1385	                    "-d",
1386	                    "com.ubuntu.WhoopsiePreferences",
1387	                    "-o",
1388	                    "/com/ubuntu/WhoopsiePreferences",
1389	                    "-m",
1390	                    "com.ubuntu.WhoopsiePreferences.SetReportCrashes",
1391	                    send_report,
1392	                ]
1393	            )
1394	            subprocess.check_output(

--------------------------------------------------
>> Issue: [B603:subprocess_without_shell_equals_true] subprocess call - check for execution of untrusted input.
   Severity: Low   Confidence: High
   CWE: CWE-78 (https://cwe.mitre.org/data/definitions/78.html)
   More Info: https://bandit.readthedocs.io/en/1.7.7/plugins/b603_subprocess_without_shell_equals_true.html
   Location: .\apport\ui.py:1394:12
1393	            )
1394	            subprocess.check_output(
1395	                [
1396	                    "/usr/bin/gdbus",
1397	                    "call",
1398	                    "-y",
1399	                    "-d",
1400	                    "com.ubuntu.WhoopsiePreferences",
1401	                    "-o",
1402	                    "/com/ubuntu/WhoopsiePreferences",
1403	                    "-m",
1404	                    "com.ubuntu.WhoopsiePreferences"
1405	                    ".SetAutomaticallyReportCrashes",
1406	                    "true",
1407	                ]
1408	            )
1409	        except (OSError, subprocess.CalledProcessError) as error:

--------------------------------------------------
>> Issue: [B101:assert_used] Use of assert detected. The enclosed code will be removed when compiling to optimised byte code.
   Severity: Low   Confidence: High
   CWE: CWE-703 (https://cwe.mitre.org/data/definitions/703.html)
   More Info: https://bandit.readthedocs.io/en/1.7.7/plugins/b101_assert_used.html
   Location: .\apport\ui.py:1431:16
1430	                spec = ast.literal_eval(self.report["CrashDB"])
1431	                assert isinstance(spec, dict)
1432	                assert "impl" in spec

--------------------------------------------------
>> Issue: [B101:assert_used] Use of assert detected. The enclosed code will be removed when compiling to optimised byte code.
   Severity: Low   Confidence: High
   CWE: CWE-703 (https://cwe.mitre.org/data/definitions/703.html)
   More Info: https://bandit.readthedocs.io/en/1.7.7/plugins/b101_assert_used.html
   Location: .\apport\ui.py:1432:16
1431	                assert isinstance(spec, dict)
1432	                assert "impl" in spec
1433	            except (AssertionError, SyntaxError, ValueError) as error:

--------------------------------------------------
>> Issue: [B101:assert_used] Use of assert detected. The enclosed code will be removed when compiling to optimised byte code.
   Severity: Low   Confidence: High
   CWE: CWE-703 (https://cwe.mitre.org/data/definitions/703.html)
   More Info: https://bandit.readthedocs.io/en/1.7.7/plugins/b101_assert_used.html
   Location: .\apport\ui.py:2064:8
2063	        """Add extra tags to report specified with --tags on CLI."""
2064	        assert self.report
2065	        if self.args.tags:

--------------------------------------------------
>> Issue: [B101:assert_used] Use of assert detected. The enclosed code will be removed when compiling to optimised byte code.
   Severity: Low   Confidence: High
   CWE: CWE-703 (https://cwe.mitre.org/data/definitions/703.html)
   More Info: https://bandit.readthedocs.io/en/1.7.7/plugins/b101_assert_used.html
   Location: .\apport\ui.py:2286:8
2285	        # only one at a time
2286	        assert not self._request_event.is_set()
2287	        assert not self._response_event.is_set()

--------------------------------------------------
>> Issue: [B101:assert_used] Use of assert detected. The enclosed code will be removed when compiling to optimised byte code.
   Severity: Low   Confidence: High
   CWE: CWE-703 (https://cwe.mitre.org/data/definitions/703.html)
   More Info: https://bandit.readthedocs.io/en/1.7.7/plugins/b101_assert_used.html
   Location: .\apport\ui.py:2287:8
2286	        assert not self._request_event.is_set()
2287	        assert not self._response_event.is_set()
2288	        assert self._request_fn is None

--------------------------------------------------
>> Issue: [B101:assert_used] Use of assert detected. The enclosed code will be removed when compiling to optimised byte code.
   Severity: Low   Confidence: High
   CWE: CWE-703 (https://cwe.mitre.org/data/definitions/703.html)
   More Info: https://bandit.readthedocs.io/en/1.7.7/plugins/b101_assert_used.html
   Location: .\apport\ui.py:2288:8
2287	        assert not self._response_event.is_set()
2288	        assert self._request_fn is None
2289	

--------------------------------------------------
>> Issue: [B101:assert_used] Use of assert detected. The enclosed code will be removed when compiling to optimised byte code.
   Severity: Low   Confidence: High
   CWE: CWE-703 (https://cwe.mitre.org/data/definitions/703.html)
   More Info: https://bandit.readthedocs.io/en/1.7.7/plugins/b101_assert_used.html
   Location: .\apport\ui.py:2308:8
2307	
2308	        assert not self._response_event.is_set()
2309	        self._request_event.clear()

--------------------------------------------------
>> Issue: [B404:blacklist] Consider possible security implications associated with the subprocess module.
   Severity: Low   Confidence: High
   CWE: CWE-78 (https://cwe.mitre.org/data/definitions/78.html)
   More Info: https://bandit.readthedocs.io/en/1.7.7/blacklists/blacklist_imports.html#b404-import-subprocess
   Location: .\apport_python_hook.py:151:4
150	    import re
151	    import subprocess
152	    from configparser import ConfigParser, NoOptionError, NoSectionError

--------------------------------------------------
>> Issue: [B607:start_process_with_partial_path] Starting a process with a partial executable path
   Severity: Low   Confidence: High
   CWE: CWE-78 (https://cwe.mitre.org/data/definitions/78.html)
   More Info: https://bandit.readthedocs.io/en/1.7.7/plugins/b607_start_process_with_partial_path.html
   Location: .\apport_python_hook.py:179:20
178	                running = (
179	                    subprocess.call(
180	                        ["pidof", "-sx", exe], stdout=subprocess.PIPE
181	                    )
182	                    == 0

--------------------------------------------------
>> Issue: [B603:subprocess_without_shell_equals_true] subprocess call - check for execution of untrusted input.
   Severity: Low   Confidence: High
   CWE: CWE-78 (https://cwe.mitre.org/data/definitions/78.html)
   More Info: https://bandit.readthedocs.io/en/1.7.7/plugins/b603_subprocess_without_shell_equals_true.html
   Location: .\apport_python_hook.py:179:20
178	                running = (
179	                    subprocess.call(
180	                        ["pidof", "-sx", exe], stdout=subprocess.PIPE
181	                    )
182	                    == 0

--------------------------------------------------
>> Issue: [B108:hardcoded_tmp_directory] Probable insecure usage of temp file/directory.
   Severity: Medium   Confidence: Medium
   CWE: CWE-377 (https://cwe.mitre.org/data/definitions/377.html)
   More Info: https://bandit.readthedocs.io/en/1.7.7/plugins/b108_hardcoded_tmp_directory.html
   Location: .\data\general-hooks\generic.py:27:45
26	    # check for low space
27	    mounts = {"/": "system", "/var": "/var", "/tmp": "/tmp"}
28	

--------------------------------------------------
>> Issue: [B108:hardcoded_tmp_directory] Probable insecure usage of temp file/directory.
   Severity: Medium   Confidence: Medium
   CWE: CWE-377 (https://cwe.mitre.org/data/definitions/377.html)
   More Info: https://bandit.readthedocs.io/en/1.7.7/plugins/b108_hardcoded_tmp_directory.html
   Location: .\data\general-hooks\generic.py:27:53
26	    # check for low space
27	    mounts = {"/": "system", "/var": "/var", "/tmp": "/tmp"}
28	

--------------------------------------------------
>> Issue: [B101:assert_used] Use of assert detected. The enclosed code will be removed when compiling to optimised byte code.
   Severity: Low   Confidence: High
   CWE: CWE-703 (https://cwe.mitre.org/data/definitions/703.html)
   More Info: https://bandit.readthedocs.io/en/1.7.7/plugins/b101_assert_used.html
   Location: .\problem_report.py:79:8
78	        """Write uncompressed value into given file-like object."""
79	        assert self.gzipvalue
80	

--------------------------------------------------
>> Issue: [B101:assert_used] Use of assert detected. The enclosed code will be removed when compiling to optimised byte code.
   Severity: Low   Confidence: High
   CWE: CWE-703 (https://cwe.mitre.org/data/definitions/703.html)
   More Info: https://bandit.readthedocs.io/en/1.7.7/plugins/b101_assert_used.html
   Location: .\problem_report.py:94:8
93	        """Return length of uncompressed value."""
94	        assert self.gzipvalue
95	        if self.legacy_zlib:

--------------------------------------------------
>> Issue: [B101:assert_used] Use of assert detected. The enclosed code will be removed when compiling to optimised byte code.
   Severity: Low   Confidence: High
   CWE: CWE-703 (https://cwe.mitre.org/data/definitions/703.html)
   More Info: https://bandit.readthedocs.io/en/1.7.7/plugins/b101_assert_used.html
   Location: .\problem_report.py:158:16
157	                    continue
158	                assert key is not None and value is not None
159	                if b64_block:

--------------------------------------------------
>> Issue: [B101:assert_used] Use of assert detected. The enclosed code will be removed when compiling to optimised byte code.
   Severity: Low   Confidence: High
   CWE: CWE-703 (https://cwe.mitre.org/data/definitions/703.html)
   More Info: https://bandit.readthedocs.io/en/1.7.7/plugins/b101_assert_used.html
   Location: .\problem_report.py:250:36
249	                                if line.startswith(b" "):
250	                                    assert (
251	                                        key is not None and value is not None
252	                                    )
253	                                    if b64_block[key]:

--------------------------------------------------
>> Issue: [B101:assert_used] Use of assert detected. The enclosed code will be removed when compiling to optimised byte code.
   Severity: Low   Confidence: High
   CWE: CWE-703 (https://cwe.mitre.org/data/definitions/703.html)
   More Info: https://bandit.readthedocs.io/en/1.7.7/plugins/b101_assert_used.html
   Location: .\problem_report.py:675:16
674	                # convert unicode to UTF-8 str
675	                assert isinstance(v, str)
676	

--------------------------------------------------
>> Issue: [B101:assert_used] Use of assert detected. The enclosed code will be removed when compiling to optimised byte code.
   Severity: Low   Confidence: High
   CWE: CWE-703 (https://cwe.mitre.org/data/definitions/703.html)
   More Info: https://bandit.readthedocs.io/en/1.7.7/plugins/b101_assert_used.html
   Location: .\problem_report.py:712:8
711	    def __setitem__(self, k, v):
712	        assert hasattr(k, "isalnum")
713	        if not k.replace(".", "").replace("-", "").replace("_", "").isalnum():

--------------------------------------------------
>> Issue: [B101:assert_used] Use of assert detected. The enclosed code will be removed when compiling to optimised byte code.
   Severity: Low   Confidence: High
   CWE: CWE-703 (https://cwe.mitre.org/data/definitions/703.html)
   More Info: https://bandit.readthedocs.io/en/1.7.7/plugins/b101_assert_used.html
   Location: .\problem_report.py:770:8
769	        """Assert that given file object is in binary mode."""
770	        assert not hasattr(
771	            file, "encoding"
772	        ), "file stream must be in binary mode"

--------------------------------------------------
>> Issue: [B404:blacklist] Consider possible security implications associated with the subprocess module.
   Severity: Low   Confidence: High
   CWE: CWE-78 (https://cwe.mitre.org/data/definitions/78.html)
   More Info: https://bandit.readthedocs.io/en/1.7.7/blacklists/blacklist_imports.html#b404-import-subprocess
   Location: .\setup.py:10:0
9	import os.path
10	import subprocess
11	import sys

--------------------------------------------------
>> Issue: [B101:assert_used] Use of assert detected. The enclosed code will be removed when compiling to optimised byte code.
   Severity: Low   Confidence: High
   CWE: CWE-703 (https://cwe.mitre.org/data/definitions/703.html)
   More Info: https://bandit.readthedocs.io/en/1.7.7/plugins/b101_assert_used.html
   Location: .\setup.py:22:0
21	
22	assert (
23	    distutils.version.StrictVersion(DistUtilsExtra.auto.__version__) >= "2.24"
24	), "needs DistUtilsExtra.auto >= 2.24"
25	

--------------------------------------------------
>> Issue: [B603:subprocess_without_shell_equals_true] subprocess call - check for execution of untrusted input.
   Severity: Low   Confidence: High
   CWE: CWE-78 (https://cwe.mitre.org/data/definitions/78.html)
   More Info: https://bandit.readthedocs.io/en/1.7.7/plugins/b603_subprocess_without_shell_equals_true.html
   Location: .\setup.py:47:8
46	        javac = ["javac", "-source", release, "-target", release]
47	        subprocess.check_call(javac + glob.glob("com/ubuntu/apport/*.java"))
48	        subprocess.check_call(

--------------------------------------------------
>> Issue: [B603:subprocess_without_shell_equals_true] subprocess call - check for execution of untrusted input.
   Severity: Low   Confidence: High
   CWE: CWE-78 (https://cwe.mitre.org/data/definitions/78.html)
   More Info: https://bandit.readthedocs.io/en/1.7.7/plugins/b603_subprocess_without_shell_equals_true.html
   Location: .\setup.py:48:8
47	        subprocess.check_call(javac + glob.glob("com/ubuntu/apport/*.java"))
48	        subprocess.check_call(
49	            ["jar", "cvf", "apport.jar"]
50	            + glob.glob("com/ubuntu/apport/*.class")
51	        )
52	        subprocess.check_call(javac + ["testsuite/crash.java"])

--------------------------------------------------
>> Issue: [B603:subprocess_without_shell_equals_true] subprocess call - check for execution of untrusted input.
   Severity: Low   Confidence: High
   CWE: CWE-78 (https://cwe.mitre.org/data/definitions/78.html)
   More Info: https://bandit.readthedocs.io/en/1.7.7/plugins/b603_subprocess_without_shell_equals_true.html
   Location: .\setup.py:52:8
51	        )
52	        subprocess.check_call(javac + ["testsuite/crash.java"])
53	        subprocess.check_call(

--------------------------------------------------
>> Issue: [B607:start_process_with_partial_path] Starting a process with a partial executable path
   Severity: Low   Confidence: High
   CWE: CWE-78 (https://cwe.mitre.org/data/definitions/78.html)
   More Info: https://bandit.readthedocs.io/en/1.7.7/plugins/b607_start_process_with_partial_path.html
   Location: .\setup.py:53:8
52	        subprocess.check_call(javac + ["testsuite/crash.java"])
53	        subprocess.check_call(
54	            ["jar", "cvf", "crash.jar", "crash.class"], cwd="testsuite"
55	        )
56	

--------------------------------------------------
>> Issue: [B603:subprocess_without_shell_equals_true] subprocess call - check for execution of untrusted input.
   Severity: Low   Confidence: High
   CWE: CWE-78 (https://cwe.mitre.org/data/definitions/78.html)
   More Info: https://bandit.readthedocs.io/en/1.7.7/plugins/b603_subprocess_without_shell_equals_true.html
   Location: .\setup.py:53:8
52	        subprocess.check_call(javac + ["testsuite/crash.java"])
53	        subprocess.check_call(
54	            ["jar", "cvf", "crash.jar", "crash.class"], cwd="testsuite"
55	        )
56	

--------------------------------------------------
>> Issue: [B607:start_process_with_partial_path] Starting a process with a partial executable path
   Severity: Low   Confidence: High
   CWE: CWE-78 (https://cwe.mitre.org/data/definitions/78.html)
   More Info: https://bandit.readthedocs.io/en/1.7.7/plugins/b607_start_process_with_partial_path.html
   Location: .\setup.py:141:4
140	try:
141	    subprocess.check_call(["javac", "-version"], stderr=subprocess.PIPE)
142	

--------------------------------------------------
>> Issue: [B603:subprocess_without_shell_equals_true] subprocess call - check for execution of untrusted input.
   Severity: Low   Confidence: High
   CWE: CWE-78 (https://cwe.mitre.org/data/definitions/78.html)
   More Info: https://bandit.readthedocs.io/en/1.7.7/plugins/b603_subprocess_without_shell_equals_true.html
   Location: .\setup.py:141:4
140	try:
141	    subprocess.check_call(["javac", "-version"], stderr=subprocess.PIPE)
142	

--------------------------------------------------
>> Issue: [B607:start_process_with_partial_path] Starting a process with a partial executable path
   Severity: Low   Confidence: High
   CWE: CWE-78 (https://cwe.mitre.org/data/definitions/78.html)
   More Info: https://bandit.readthedocs.io/en/1.7.7/plugins/b607_start_process_with_partial_path.html
   Location: .\setup.py:157:23
156	try:
157	    systemd_unit_dir = subprocess.check_output(
158	        ["pkg-config", "--variable=systemdsystemunitdir", "systemd"],
159	        universal_newlines=True,
160	    ).strip()
161	    systemd_tmpfiles_dir = subprocess.check_output(

--------------------------------------------------
>> Issue: [B603:subprocess_without_shell_equals_true] subprocess call - check for execution of untrusted input.
   Severity: Low   Confidence: High
   CWE: CWE-78 (https://cwe.mitre.org/data/definitions/78.html)
   More Info: https://bandit.readthedocs.io/en/1.7.7/plugins/b603_subprocess_without_shell_equals_true.html
   Location: .\setup.py:157:23
156	try:
157	    systemd_unit_dir = subprocess.check_output(
158	        ["pkg-config", "--variable=systemdsystemunitdir", "systemd"],
159	        universal_newlines=True,
160	    ).strip()
161	    systemd_tmpfiles_dir = subprocess.check_output(

--------------------------------------------------
>> Issue: [B607:start_process_with_partial_path] Starting a process with a partial executable path
   Severity: Low   Confidence: High
   CWE: CWE-78 (https://cwe.mitre.org/data/definitions/78.html)
   More Info: https://bandit.readthedocs.io/en/1.7.7/plugins/b607_start_process_with_partial_path.html
   Location: .\setup.py:161:27
160	    ).strip()
161	    systemd_tmpfiles_dir = subprocess.check_output(
162	        ["pkg-config", "--variable=tmpfilesdir", "systemd"],
163	        universal_newlines=True,
164	    ).strip()
165	except subprocess.CalledProcessError:

--------------------------------------------------
>> Issue: [B603:subprocess_without_shell_equals_true] subprocess call - check for execution of untrusted input.
   Severity: Low   Confidence: High
   CWE: CWE-78 (https://cwe.mitre.org/data/definitions/78.html)
   More Info: https://bandit.readthedocs.io/en/1.7.7/plugins/b603_subprocess_without_shell_equals_true.html
   Location: .\setup.py:161:27
160	    ).strip()
161	    systemd_tmpfiles_dir = subprocess.check_output(
162	        ["pkg-config", "--variable=tmpfilesdir", "systemd"],
163	        universal_newlines=True,
164	    ).strip()
165	except subprocess.CalledProcessError:

--------------------------------------------------
>> Issue: [B404:blacklist] Consider possible security implications associated with the subprocess module.
   Severity: Low   Confidence: High
   CWE: CWE-78 (https://cwe.mitre.org/data/definitions/78.html)
   More Info: https://bandit.readthedocs.io/en/1.7.7/blacklists/blacklist_imports.html#b404-import-subprocess
   Location: .\tests\helper.py:10:0
9	import shutil
10	import subprocess
11	import typing

--------------------------------------------------
>> Issue: [B310:blacklist] Audit url open for permitted schemes. Allowing use of file:/ or custom schemes is often unexpected.
   Severity: Medium   Confidence: High
   CWE: CWE-22 (https://cwe.mitre.org/data/definitions/22.html)
   More Info: https://bandit.readthedocs.io/en/1.7.7/blacklists/blacklist_calls.html#b310-urllib-urlopen
   Location: .\tests\helper.py:33:13
32	    try:
33	        with urllib.request.urlopen(
34	            "https://api.launchpad.net/devel/ubuntu/", timeout=30
35	        ) as url:
36	            return b"web_link" in url.readline()

--------------------------------------------------
>> Issue: [B101:assert_used] Use of assert detected. The enclosed code will be removed when compiling to optimised byte code.
   Severity: Low   Confidence: High
   CWE: CWE-703 (https://cwe.mitre.org/data/definitions/703.html)
   More Info: https://bandit.readthedocs.io/en/1.7.7/plugins/b101_assert_used.html
   Location: .\tests\helper.py:47:4
46	    )
47	    assert spec is not None and spec.loader is not None
48	    module = importlib.util.module_from_spec(spec)

--------------------------------------------------
>> Issue: [B603:subprocess_without_shell_equals_true] subprocess call - check for execution of untrusted input.
   Severity: Low   Confidence: High
   CWE: CWE-78 (https://cwe.mitre.org/data/definitions/78.html)
   More Info: https://bandit.readthedocs.io/en/1.7.7/plugins/b603_subprocess_without_shell_equals_true.html
   Location: .\tests\helper.py:60:17
59	    try:
60	        stdout = subprocess.check_output(["/bin/pidof", "-nx", program])
61	    except subprocess.CalledProcessError as error:

--------------------------------------------------
>> Issue: [B404:blacklist] Consider possible security implications associated with the subprocess module.
   Severity: Low   Confidence: High
   CWE: CWE-78 (https://cwe.mitre.org/data/definitions/78.html)
   More Info: https://bandit.readthedocs.io/en/1.7.7/blacklists/blacklist_imports.html#b404-import-subprocess
   Location: .\tests\integration\test_apport_checkreports.py:14:0
13	import shutil
14	import subprocess
15	import tempfile

--------------------------------------------------
>> Issue: [B603:subprocess_without_shell_equals_true] subprocess call - check for execution of untrusted input.
   Severity: Low   Confidence: High
   CWE: CWE-78 (https://cwe.mitre.org/data/definitions/78.html)
   More Info: https://bandit.readthedocs.io/en/1.7.7/plugins/b603_subprocess_without_shell_equals_true.html
   Location: .\tests\integration\test_apport_checkreports.py:45:18
44	            cmd += args
45	        process = subprocess.run(
46	            cmd,
47	            check=False,
48	            env=self.env,
49	            stdout=subprocess.PIPE,
50	            stderr=subprocess.PIPE,
51	            text=True,
52	        )
53	        self.assertEqual(process.returncode, expected_returncode)

--------------------------------------------------
>> Issue: [B404:blacklist] Consider possible security implications associated with the subprocess module.
   Severity: Low   Confidence: High
   CWE: CWE-78 (https://cwe.mitre.org/data/definitions/78.html)
   More Info: https://bandit.readthedocs.io/en/1.7.7/blacklists/blacklist_imports.html#b404-import-subprocess
   Location: .\tests\integration\test_apport_unpack.py:14:0
13	import shutil
14	import subprocess
15	import tempfile

--------------------------------------------------
>> Issue: [B603:subprocess_without_shell_equals_true] subprocess call - check for execution of untrusted input.
   Severity: Low   Confidence: High
   CWE: CWE-78 (https://cwe.mitre.org/data/definitions/78.html)
   More Info: https://bandit.readthedocs.io/en/1.7.7/plugins/b603_subprocess_without_shell_equals_true.html
   Location: .\tests\integration\test_apport_unpack.py:110:15
109	    def _call_apport_unpack(self, argv: list) -> subprocess.CompletedProcess:
110	        return subprocess.run(
111	            ["apport-unpack"] + argv,
112	            check=False,
113	            encoding="UTF-8",
114	            env=self.env,
115	            stdout=subprocess.PIPE,
116	            stderr=subprocess.PIPE,
117	        )
118	

--------------------------------------------------
>> Issue: [B404:blacklist] Consider possible security implications associated with the subprocess module.
   Severity: Low   Confidence: High
   CWE: CWE-78 (https://cwe.mitre.org/data/definitions/78.html)
   More Info: https://bandit.readthedocs.io/en/1.7.7/blacklists/blacklist_imports.html#b404-import-subprocess
   Location: .\tests\integration\test_apport_valgrind.py:12:0
11	import shutil
12	import subprocess
13	import tempfile

--------------------------------------------------
>> Issue: [B603:subprocess_without_shell_equals_true] subprocess call - check for execution of untrusted input.
   Severity: Low   Confidence: High
   CWE: CWE-78 (https://cwe.mitre.org/data/definitions/78.html)
   More Info: https://bandit.readthedocs.io/en/1.7.7/plugins/b603_subprocess_without_shell_equals_true.html
   Location: .\tests\integration\test_apport_valgrind.py:44:18
43	    def _call(self, argv):
44	        process = subprocess.run(
45	            argv,
46	            check=False,
47	            env=self.env,
48	            stdout=subprocess.PIPE,
49	            stderr=subprocess.PIPE,
50	            text=True,
51	        )
52	        return (process.returncode, process.stdout, process.stderr)

--------------------------------------------------
>> Issue: [B603:subprocess_without_shell_equals_true] subprocess call - check for execution of untrusted input.
   Severity: Low   Confidence: High
   CWE: CWE-78 (https://cwe.mitre.org/data/definitions/78.html)
   More Info: https://bandit.readthedocs.io/en/1.7.7/plugins/b603_subprocess_without_shell_equals_true.html
   Location: .\tests\integration\test_apport_valgrind.py:109:12
108	        self.assertEqual(
109	            subprocess.call(cmd), 0, "compiling memleak.c failed."
110	        )

--------------------------------------------------
>> Issue: [B404:blacklist] Consider possible security implications associated with the subprocess module.
   Severity: Low   Confidence: High
   CWE: CWE-78 (https://cwe.mitre.org/data/definitions/78.html)
   More Info: https://bandit.readthedocs.io/en/1.7.7/blacklists/blacklist_imports.html#b404-import-subprocess
   Location: .\tests\integration\test_crash_digger.py:14:0
13	import shutil
14	import subprocess
15	import tempfile

--------------------------------------------------
>> Issue: [B103:set_bad_file_permissions] Chmod setting a permissive mask 0o755 on file (apport_retrace).
   Severity: Medium   Confidence: High
   CWE: CWE-732 (https://cwe.mitre.org/data/definitions/732.html)
   More Info: https://bandit.readthedocs.io/en/1.7.7/plugins/b103_set_bad_file_permissions.html
   Location: .\tests\integration\test_crash_digger.py:62:8
61	            f.write(f'#!/bin/sh\necho "$@" >> "{self.apport_retrace_log}"')
62	        os.chmod(self.apport_retrace, 0o755)
63	

--------------------------------------------------
>> Issue: [B603:subprocess_without_shell_equals_true] subprocess call - check for execution of untrusted input.
   Severity: Low   Confidence: High
   CWE: CWE-78 (https://cwe.mitre.org/data/definitions/78.html)
   More Info: https://bandit.readthedocs.io/en/1.7.7/plugins/b603_subprocess_without_shell_equals_true.html
   Location: .\tests\integration\test_crash_digger.py:82:23
81	        """
82	        crash_digger = subprocess.run(
83	            ["crash-digger", "--apport-retrace", self.apport_retrace] + args,
84	            check=False,
85	            encoding="UTF-8",
86	            env=self.env,
87	            stdout=subprocess.PIPE,
88	            stderr=subprocess.PIPE,
89	        )
90	        return (crash_digger.stdout, crash_digger.stderr)

--------------------------------------------------
>> Issue: [B103:set_bad_file_permissions] Chmod setting a permissive mask 0o755 on file (apport_retrace).
   Severity: Medium   Confidence: High
   CWE: CWE-732 (https://cwe.mitre.org/data/definitions/732.html)
   More Info: https://bandit.readthedocs.io/en/1.7.7/plugins/b103_set_bad_file_permissions.html
   Location: .\tests\integration\test_crash_digger.py:150:8
149	            )
150	        os.chmod(self.apport_retrace, 0o755)
151	

--------------------------------------------------
>> Issue: [B103:set_bad_file_permissions] Chmod setting a permissive mask 0o755 on file (apport_retrace).
   Severity: Medium   Confidence: High
   CWE: CWE-732 (https://cwe.mitre.org/data/definitions/732.html)
   More Info: https://bandit.readthedocs.io/en/1.7.7/plugins/b103_set_bad_file_permissions.html
   Location: .\tests\integration\test_crash_digger.py:207:8
206	            )
207	        os.chmod(self.apport_retrace, 0o755)
208	

--------------------------------------------------
>> Issue: [B404:blacklist] Consider possible security implications associated with the subprocess module.
   Severity: Low   Confidence: High
   CWE: CWE-78 (https://cwe.mitre.org/data/definitions/78.html)
   More Info: https://bandit.readthedocs.io/en/1.7.7/blacklists/blacklist_imports.html#b404-import-subprocess
   Location: .\tests\integration\test_dupdb_admin.py:14:0
13	import shutil
14	import subprocess
15	import tempfile

--------------------------------------------------
>> Issue: [B603:subprocess_without_shell_equals_true] subprocess call - check for execution of untrusted input.
   Severity: Low   Confidence: High
   CWE: CWE-78 (https://cwe.mitre.org/data/definitions/78.html)
   More Info: https://bandit.readthedocs.io/en/1.7.7/plugins/b603_subprocess_without_shell_equals_true.html
   Location: .\tests\integration\test_dupdb_admin.py:46:18
45	        cmd = ["dupdb-admin", "-f", self.db_file] + args
46	        process = subprocess.run(
47	            cmd,
48	            check=False,
49	            env=self.env,
50	            stdout=subprocess.PIPE,
51	            stderr=subprocess.PIPE,
52	            text=True,
53	        )
54	        self.assertEqual(

--------------------------------------------------
>> Issue: [B101:assert_used] Use of assert detected. The enclosed code will be removed when compiling to optimised byte code.
   Severity: Low   Confidence: High
   CWE: CWE-703 (https://cwe.mitre.org/data/definitions/703.html)
   More Info: https://bandit.readthedocs.io/en/1.7.7/plugins/b101_assert_used.html
   Location: .\tests\integration\test_fileutils.py:59:8
58	        nodesktop = "bash"
59	        assert (
60	            len(
61	                [
62	                    f
63	                    for f in apport.packaging.get_files(nodesktop)
64	                    if f.endswith(".desktop")
65	                ]
66	            )
67	            == 0
68	        )
69	

--------------------------------------------------
>> Issue: [B105:hardcoded_password_string] Possible hardcoded password: 'token'
   Severity: Low   Confidence: Medium
   CWE: CWE-259 (https://cwe.mitre.org/data/definitions/259.html)
   More Info: https://bandit.readthedocs.io/en/1.7.7/plugins/b105_hardcoded_password_string.html
   Location: .\tests\integration\test_github.py:107:18
106	        mocked[4]["error"] = "slow_down"
107	        mocked[5]["access_token"] = "token"
108	        mocked[6]["expires_in"] = -100

--------------------------------------------------
>> Issue: [B404:blacklist] Consider possible security implications associated with the subprocess module.
   Severity: Low   Confidence: High
   CWE: CWE-78 (https://cwe.mitre.org/data/definitions/78.html)
   More Info: https://bandit.readthedocs.io/en/1.7.7/blacklists/blacklist_imports.html#b404-import-subprocess
   Location: .\tests\integration\test_hooks.py:15:0
14	import shutil
15	import subprocess
16	import tempfile

--------------------------------------------------
>> Issue: [B603:subprocess_without_shell_equals_true] subprocess call - check for execution of untrusted input.
   Severity: Low   Confidence: High
   CWE: CWE-78 (https://cwe.mitre.org/data/definitions/78.html)
   More Info: https://bandit.readthedocs.io/en/1.7.7/plugins/b603_subprocess_without_shell_equals_true.html
   Location: .\tests\integration\test_hooks.py:45:13
44	        """package_hook without any log files."""
45	        ph = subprocess.run(
46	            [self.data_dir / "package_hook", "-p", "bash"],
47	            check=False,
48	            env=self.env,
49	            input=b"something is wrong",
50	        )
51	        self.assertEqual(

--------------------------------------------------
>> Issue: [B603:subprocess_without_shell_equals_true] subprocess call - check for execution of untrusted input.
   Severity: Low   Confidence: High
   CWE: CWE-78 (https://cwe.mitre.org/data/definitions/78.html)
   More Info: https://bandit.readthedocs.io/en/1.7.7/plugins/b603_subprocess_without_shell_equals_true.html
   Location: .\tests\integration\test_hooks.py:71:13
70	        pkg = apport.packaging.get_uninstalled_package()
71	        ph = subprocess.run(
72	            [self.data_dir / "package_hook", "-p", pkg],
73	            check=False,
74	            env=self.env,
75	            input=b"something is wrong",
76	        )
77	        self.assertEqual(

--------------------------------------------------
>> Issue: [B603:subprocess_without_shell_equals_true] subprocess call - check for execution of untrusted input.
   Severity: Low   Confidence: High
   CWE: CWE-78 (https://cwe.mitre.org/data/definitions/78.html)
   More Info: https://bandit.readthedocs.io/en/1.7.7/plugins/b603_subprocess_without_shell_equals_true.html
   Location: .\tests\integration\test_hooks.py:110:13
109	
110	        ph = subprocess.run(
111	            [
112	                self.data_dir / "package_hook",
113	                "-p",
114	                "bash",
115	                "-l",
116	                os.path.realpath(__file__),
117	                "-l",
118	                self.workdir,
119	            ],
120	            check=False,
121	            env=self.env,
122	            input=b"something is wrong",
123	        )
124	        self.assertEqual(

--------------------------------------------------
>> Issue: [B603:subprocess_without_shell_equals_true] subprocess call - check for execution of untrusted input.
   Severity: Low   Confidence: High
   CWE: CWE-78 (https://cwe.mitre.org/data/definitions/78.html)
   More Info: https://bandit.readthedocs.io/en/1.7.7/plugins/b603_subprocess_without_shell_equals_true.html
   Location: .\tests\integration\test_hooks.py:165:13
164	        ]
165	        ph = subprocess.run(
166	            cmd, check=False, env=self.env, input=b"something is wrong"
167	        )
168	        self.assertEqual(

--------------------------------------------------
>> Issue: [B603:subprocess_without_shell_equals_true] subprocess call - check for execution of untrusted input.
   Severity: Low   Confidence: High
   CWE: CWE-78 (https://cwe.mitre.org/data/definitions/78.html)
   More Info: https://bandit.readthedocs.io/en/1.7.7/plugins/b603_subprocess_without_shell_equals_true.html
   Location: .\tests\integration\test_hooks.py:195:12
194	        self.assertEqual(
195	            subprocess.call(self.data_dir / "kernel_crashdump", env=self.env),
196	            0,

--------------------------------------------------
>> Issue: [B603:subprocess_without_shell_equals_true] subprocess call - check for execution of untrusted input.
   Severity: Low   Confidence: High
   CWE: CWE-78 (https://cwe.mitre.org/data/definitions/78.html)
   More Info: https://bandit.readthedocs.io/en/1.7.7/plugins/b603_subprocess_without_shell_equals_true.html
   Location: .\tests\integration\test_hooks.py:241:12
240	        self.assertEqual(
241	            subprocess.call(self.data_dir / "kernel_crashdump", env=self.env),
242	            0,

--------------------------------------------------
>> Issue: [B603:subprocess_without_shell_equals_true] subprocess call - check for execution of untrusted input.
   Severity: Low   Confidence: High
   CWE: CWE-78 (https://cwe.mitre.org/data/definitions/78.html)
   More Info: https://bandit.readthedocs.io/en/1.7.7/plugins/b603_subprocess_without_shell_equals_true.html
   Location: .\tests\integration\test_hooks.py:291:12
290	        self.assertNotEqual(
291	            subprocess.call(
292	                self.data_dir / "kernel_crashdump",
293	                env=self.env,
294	                stderr=subprocess.PIPE,
295	            ),
296	            0,

--------------------------------------------------
>> Issue: [B603:subprocess_without_shell_equals_true] subprocess call - check for execution of untrusted input.
   Severity: Low   Confidence: High
   CWE: CWE-78 (https://cwe.mitre.org/data/definitions/78.html)
   More Info: https://bandit.readthedocs.io/en/1.7.7/plugins/b603_subprocess_without_shell_equals_true.html
   Location: .\tests\integration\test_hooks.py:314:12
313	        self.assertNotEqual(
314	            subprocess.call(
315	                self.data_dir / "kernel_crashdump",
316	                env=self.env,
317	                stderr=subprocess.PIPE,
318	            ),
319	            0,

--------------------------------------------------
>> Issue: [B603:subprocess_without_shell_equals_true] subprocess call - check for execution of untrusted input.
   Severity: Low   Confidence: High
   CWE: CWE-78 (https://cwe.mitre.org/data/definitions/78.html)
   More Info: https://bandit.readthedocs.io/en/1.7.7/plugins/b603_subprocess_without_shell_equals_true.html
   Location: .\tests\integration\test_hooks.py:342:12
341	        self.assertNotEqual(
342	            subprocess.call(
343	                self.data_dir / "kernel_crashdump",
344	                env=self.env,
345	                stderr=subprocess.PIPE,
346	            ),
347	            0,

--------------------------------------------------
>> Issue: [B607:start_process_with_partial_path] Starting a process with a partial executable path
   Severity: Low   Confidence: High
   CWE: CWE-78 (https://cwe.mitre.org/data/definitions/78.html)
   More Info: https://bandit.readthedocs.io/en/1.7.7/plugins/b607_start_process_with_partial_path.html
   Location: .\tests\integration\test_hooks.py:356:18
355	        try:
356	            gcc = subprocess.run(
357	                ["gcc", "--version"],
358	                check=True,
359	                stdout=subprocess.PIPE,
360	                text=True,
361	            )
362	        except FileNotFoundError as error:

--------------------------------------------------
>> Issue: [B603:subprocess_without_shell_equals_true] subprocess call - check for execution of untrusted input.
   Severity: Low   Confidence: High
   CWE: CWE-78 (https://cwe.mitre.org/data/definitions/78.html)
   More Info: https://bandit.readthedocs.io/en/1.7.7/plugins/b603_subprocess_without_shell_equals_true.html
   Location: .\tests\integration\test_hooks.py:356:18
355	        try:
356	            gcc = subprocess.run(
357	                ["gcc", "--version"],
358	                check=True,
359	                stdout=subprocess.PIPE,
360	                text=True,
361	            )
362	        except FileNotFoundError as error:

--------------------------------------------------
>> Issue: [B603:subprocess_without_shell_equals_true] subprocess call - check for execution of untrusted input.
   Severity: Low   Confidence: High
   CWE: CWE-78 (https://cwe.mitre.org/data/definitions/78.html)
   More Info: https://bandit.readthedocs.io/en/1.7.7/plugins/b603_subprocess_without_shell_equals_true.html
   Location: .\tests\integration\test_hooks.py:374:8
373	
374	        subprocess.run(
375	            [gcc_path, "--version"], check=True, stdout=subprocess.PIPE
376	        )
377	

--------------------------------------------------
>> Issue: [B603:subprocess_without_shell_equals_true] subprocess call - check for execution of untrusted input.
   Severity: Low   Confidence: High
   CWE: CWE-78 (https://cwe.mitre.org/data/definitions/78.html)
   More Info: https://bandit.readthedocs.io/en/1.7.7/plugins/b603_subprocess_without_shell_equals_true.html
   Location: .\tests\integration\test_hooks.py:390:16
389	            self.assertEqual(
390	                subprocess.call(
391	                    [
392	                        self.data_dir / "gcc_ice_hook",
393	                        gcc_path,
394	                        test_source.name,
395	                    ],
396	                    env=self.env,
397	                ),
398	                0,

--------------------------------------------------
>> Issue: [B603:subprocess_without_shell_equals_true] subprocess call - check for execution of untrusted input.
   Severity: Low   Confidence: High
   CWE: CWE-78 (https://cwe.mitre.org/data/definitions/78.html)
   More Info: https://bandit.readthedocs.io/en/1.7.7/plugins/b603_subprocess_without_shell_equals_true.html
   Location: .\tests\integration\test_hooks.py:430:16
429	            self.assertEqual(
430	                subprocess.call(
431	                    [
432	                        self.data_dir / "gcc_ice_hook",
433	                        gcc_path,
434	                        test_source.name,
435	                    ],
436	                    env=self.env,
437	                ),
438	                0,

--------------------------------------------------
>> Issue: [B603:subprocess_without_shell_equals_true] subprocess call - check for execution of untrusted input.
   Severity: Low   Confidence: High
   CWE: CWE-78 (https://cwe.mitre.org/data/definitions/78.html)
   More Info: https://bandit.readthedocs.io/en/1.7.7/plugins/b603_subprocess_without_shell_equals_true.html
   Location: .\tests\integration\test_hooks.py:456:15
455	
456	        hook = subprocess.run(
457	            [self.data_dir / "gcc_ice_hook", gcc_path, "-"],
458	            check=False,
459	            env=self.env,
460	            input=test_source.encode(),
461	        )
462	        self.assertEqual(

--------------------------------------------------
>> Issue: [B603:subprocess_without_shell_equals_true] subprocess call - check for execution of untrusted input.
   Severity: Low   Confidence: High
   CWE: CWE-78 (https://cwe.mitre.org/data/definitions/78.html)
   More Info: https://bandit.readthedocs.io/en/1.7.7/plugins/b603_subprocess_without_shell_equals_true.html
   Location: .\tests\integration\test_hooks.py:493:15
492	"""
493	        hook = subprocess.run(
494	            [self.data_dir / "kernel_oops"],
495	            check=False,
496	            env=self.env,
497	            input=test_source.encode(),
498	        )
499	        self.assertEqual(

--------------------------------------------------
>> Issue: [B404:blacklist] Consider possible security implications associated with the subprocess module.
   Severity: Low   Confidence: High
   CWE: CWE-78 (https://cwe.mitre.org/data/definitions/78.html)
   More Info: https://bandit.readthedocs.io/en/1.7.7/blacklists/blacklist_imports.html#b404-import-subprocess
   Location: .\tests\integration\test_hookutils.py:5:0
4	import shutil
5	import subprocess
6	import sys

--------------------------------------------------
>> Issue: [B603:subprocess_without_shell_equals_true] subprocess call - check for execution of untrusted input.
   Severity: Low   Confidence: High
   CWE: CWE-78 (https://cwe.mitre.org/data/definitions/78.html)
   More Info: https://bandit.readthedocs.io/en/1.7.7/plugins/b603_subprocess_without_shell_equals_true.html
   Location: .\tests\integration\test_hookutils.py:38:16
37	                asm.flush()
38	                subprocess.check_call(
39	                    ["/usr/bin/as", asm.name, "-o", ko_filename]
40	                )
41	            return ko_filename

--------------------------------------------------
>> Issue: [B404:blacklist] Consider possible security implications associated with the subprocess module.
   Severity: Low   Confidence: High
   CWE: CWE-78 (https://cwe.mitre.org/data/definitions/78.html)
   More Info: https://bandit.readthedocs.io/en/1.7.7/blacklists/blacklist_imports.html#b404-import-subprocess
   Location: .\tests\integration\test_java_crashes.py:12:0
11	import shutil
12	import subprocess
13	import tempfile

--------------------------------------------------
>> Issue: [B607:start_process_with_partial_path] Starting a process with a partial executable path
   Severity: Low   Confidence: High
   CWE: CWE-78 (https://cwe.mitre.org/data/definitions/78.html)
   More Info: https://bandit.readthedocs.io/en/1.7.7/plugins/b607_start_process_with_partial_path.html
   Location: .\tests\integration\test_java_crashes.py:47:15
46	        self.assertTrue(crash_class.exists(), f"{crash_class} missing")
47	        java = subprocess.run(
48	            [
49	                "java",
50	                "-classpath",
51	                f"{self.apport_jar_path}:{self.crash_jar_path.parent}",
52	                "crash",
53	            ],
54	            check=False,
55	            env=self.env,
56	            stdout=subprocess.PIPE,
57	            stderr=subprocess.PIPE,
58	        )
59	        self.assertNotEqual(

--------------------------------------------------
>> Issue: [B603:subprocess_without_shell_equals_true] subprocess call - check for execution of untrusted input.
   Severity: Low   Confidence: High
   CWE: CWE-78 (https://cwe.mitre.org/data/definitions/78.html)
   More Info: https://bandit.readthedocs.io/en/1.7.7/plugins/b603_subprocess_without_shell_equals_true.html
   Location: .\tests\integration\test_java_crashes.py:47:15
46	        self.assertTrue(crash_class.exists(), f"{crash_class} missing")
47	        java = subprocess.run(
48	            [
49	                "java",
50	                "-classpath",
51	                f"{self.apport_jar_path}:{self.crash_jar_path.parent}",
52	                "crash",
53	            ],
54	            check=False,
55	            env=self.env,
56	            stdout=subprocess.PIPE,
57	            stderr=subprocess.PIPE,
58	        )
59	        self.assertNotEqual(

--------------------------------------------------
>> Issue: [B607:start_process_with_partial_path] Starting a process with a partial executable path
   Severity: Low   Confidence: High
   CWE: CWE-78 (https://cwe.mitre.org/data/definitions/78.html)
   More Info: https://bandit.readthedocs.io/en/1.7.7/plugins/b607_start_process_with_partial_path.html
   Location: .\tests\integration\test_java_crashes.py:71:15
70	        )
71	        java = subprocess.run(
72	            [
73	                "java",
74	                "-classpath",
75	                f"{self.apport_jar_path}:{self.crash_jar_path}",
76	                "crash",
77	            ],
78	            check=False,
79	            env=self.env,
80	            stdout=subprocess.PIPE,
81	            stderr=subprocess.PIPE,
82	        )
83	        self.assertNotEqual(

--------------------------------------------------
>> Issue: [B603:subprocess_without_shell_equals_true] subprocess call - check for execution of untrusted input.
   Severity: Low   Confidence: High
   CWE: CWE-78 (https://cwe.mitre.org/data/definitions/78.html)
   More Info: https://bandit.readthedocs.io/en/1.7.7/plugins/b603_subprocess_without_shell_equals_true.html
   Location: .\tests\integration\test_java_crashes.py:71:15
70	        )
71	        java = subprocess.run(
72	            [
73	                "java",
74	                "-classpath",
75	                f"{self.apport_jar_path}:{self.crash_jar_path}",
76	                "crash",
77	            ],
78	            check=False,
79	            env=self.env,
80	            stdout=subprocess.PIPE,
81	            stderr=subprocess.PIPE,
82	        )
83	        self.assertNotEqual(

--------------------------------------------------
>> Issue: [B404:blacklist] Consider possible security implications associated with the subprocess module.
   Severity: Low   Confidence: High
   CWE: CWE-78 (https://cwe.mitre.org/data/definitions/78.html)
   More Info: https://bandit.readthedocs.io/en/1.7.7/blacklists/blacklist_imports.html#b404-import-subprocess
   Location: .\tests\integration\test_packaging_apt_dpkg.py:5:0
4	import shutil
5	import subprocess
6	import tempfile

--------------------------------------------------
>> Issue: [B607:start_process_with_partial_path] Starting a process with a partial executable path
   Severity: Low   Confidence: High
   CWE: CWE-78 (https://cwe.mitre.org/data/definitions/78.html)
   More Info: https://bandit.readthedocs.io/en/1.7.7/plugins/b607_start_process_with_partial_path.html
   Location: .\tests\integration\test_packaging_apt_dpkg.py:152:15
151	        # just assume that bash uses the native architecture
152	        dpkg = subprocess.run(
153	            ["dpkg", "--print-architecture"],
154	            check=True,
155	            stdout=subprocess.PIPE,
156	            text=True,
157	        )
158	        system_arch = dpkg.stdout.strip()

--------------------------------------------------
>> Issue: [B603:subprocess_without_shell_equals_true] subprocess call - check for execution of untrusted input.
   Severity: Low   Confidence: High
   CWE: CWE-78 (https://cwe.mitre.org/data/definitions/78.html)
   More Info: https://bandit.readthedocs.io/en/1.7.7/plugins/b603_subprocess_without_shell_equals_true.html
   Location: .\tests\integration\test_packaging_apt_dpkg.py:152:15
151	        # just assume that bash uses the native architecture
152	        dpkg = subprocess.run(
153	            ["dpkg", "--print-architecture"],
154	            check=True,
155	            stdout=subprocess.PIPE,
156	            text=True,
157	        )
158	        system_arch = dpkg.stdout.strip()

--------------------------------------------------
>> Issue: [B607:start_process_with_partial_path] Starting a process with a partial executable path
   Severity: Low   Confidence: High
   CWE: CWE-78 (https://cwe.mitre.org/data/definitions/78.html)
   More Info: https://bandit.readthedocs.io/en/1.7.7/plugins/b607_start_process_with_partial_path.html
   Location: .\tests\integration\test_packaging_apt_dpkg.py:474:17
473	        """get_file_package() for a diverted file."""
474	        output = subprocess.check_output(
475	            ["dpkg-divert", "--list"], env={}
476	        ).decode()
477	

--------------------------------------------------
>> Issue: [B603:subprocess_without_shell_equals_true] subprocess call - check for execution of untrusted input.
   Severity: Low   Confidence: High
   CWE: CWE-78 (https://cwe.mitre.org/data/definitions/78.html)
   More Info: https://bandit.readthedocs.io/en/1.7.7/plugins/b603_subprocess_without_shell_equals_true.html
   Location: .\tests\integration\test_packaging_apt_dpkg.py:474:17
473	        """get_file_package() for a diverted file."""
474	        output = subprocess.check_output(
475	            ["dpkg-divert", "--list"], env={}
476	        ).decode()
477	

--------------------------------------------------
>> Issue: [B101:assert_used] Use of assert detected. The enclosed code will be removed when compiling to optimised byte code.
   Severity: Low   Confidence: High
   CWE: CWE-703 (https://cwe.mitre.org/data/definitions/703.html)
   More Info: https://bandit.readthedocs.io/en/1.7.7/plugins/b101_assert_used.html
   Location: .\tests\integration\test_problem_report.py:267:8
266	            pr.write(out)
267	        assert os.wait()[1] == 0
268	

--------------------------------------------------
>> Issue: [B404:blacklist] Consider possible security implications associated with the subprocess module.
   Severity: Low   Confidence: High
   CWE: CWE-78 (https://cwe.mitre.org/data/definitions/78.html)
   More Info: https://bandit.readthedocs.io/en/1.7.7/blacklists/blacklist_imports.html#b404-import-subprocess
   Location: .\tests\integration\test_python_crashes.py:18:0
17	import stat
18	import subprocess
19	import tempfile

--------------------------------------------------
>> Issue: [B108:hardcoded_tmp_directory] Probable insecure usage of temp file/directory.
   Severity: Medium   Confidence: Medium
   CWE: CWE-377 (https://cwe.mitre.org/data/definitions/377.html)
   More Info: https://bandit.readthedocs.io/en/1.7.7/plugins/b108_hardcoded_tmp_directory.html
   Location: .\tests\integration\test_python_crashes.py:56:48
55	        else:
56	            (fd, script) = tempfile.mkstemp(dir="/var/tmp")
57	            self.addCleanup(os.unlink, script)

--------------------------------------------------
>> Issue: [B103:set_bad_file_permissions] Chmod setting a permissive mask 0o755 on file (script).
   Severity: Medium   Confidence: High
   CWE: CWE-732 (https://cwe.mitre.org/data/definitions/732.html)
   More Info: https://bandit.readthedocs.io/en/1.7.7/plugins/b103_set_bad_file_permissions.html
   Location: .\tests\integration\test_python_crashes.py:74:8
73	        os.close(fd)
74	        os.chmod(script, 0o755)
75	

--------------------------------------------------
>> Issue: [B603:subprocess_without_shell_equals_true] subprocess call - check for execution of untrusted input.
   Severity: Low   Confidence: High
   CWE: CWE-78 (https://cwe.mitre.org/data/definitions/78.html)
   More Info: https://bandit.readthedocs.io/en/1.7.7/plugins/b603_subprocess_without_shell_equals_true.html
   Location: .\tests\integration\test_python_crashes.py:86:22
85	        try:
86	            process = subprocess.run(
87	                [binary, "testarg1", "testarg2"],
88	                check=False,
89	                stderr=subprocess.PIPE,
90	                env=env,
91	                text=True,
92	            )
93	        finally:

--------------------------------------------------
>> Issue: [B603:subprocess_without_shell_equals_true] subprocess call - check for execution of untrusted input.
   Severity: Low   Confidence: High
   CWE: CWE-78 (https://cwe.mitre.org/data/definitions/78.html)
   More Info: https://bandit.readthedocs.io/en/1.7.7/plugins/b603_subprocess_without_shell_equals_true.html
   Location: .\tests\integration\test_python_crashes.py:206:18
205	        # run script through symlink name
206	        process = subprocess.run(
207	            [script_link],
208	            check=False,
209	            env=self.env,
210	            stderr=subprocess.PIPE,
211	            text=True,
212	        )
213	        self.assertEqual(

--------------------------------------------------
>> Issue: [B108:hardcoded_tmp_directory] Probable insecure usage of temp file/directory.
   Severity: Medium   Confidence: Medium
   CWE: CWE-377 (https://cwe.mitre.org/data/definitions/377.html)
   More Info: https://bandit.readthedocs.io/en/1.7.7/plugins/b108_hardcoded_tmp_directory.html
   Location: .\tests\integration\test_python_crashes.py:311:49
310	        try:
311	            with tempfile.TemporaryDirectory(dir="/var/tmp") as tmpdir:
312	                deleted_dir = os.path.join(tmpdir, "gone")

--------------------------------------------------
>> Issue: [B607:start_process_with_partial_path] Starting a process with a partial executable path
   Severity: Low   Confidence: High
   CWE: CWE-78 (https://cwe.mitre.org/data/definitions/78.html)
   More Info: https://bandit.readthedocs.io/en/1.7.7/plugins/b607_start_process_with_partial_path.html
   Location: .\tests\integration\test_python_crashes.py:328:26
327	                env["PYTHONPATH"] = orig_cwd
328	                process = subprocess.run(
329	                    ["python3", "../script.py"],
330	                    check=False,
331	                    env=env,
332	                    stdout=subprocess.PIPE,
333	                    stderr=subprocess.PIPE,
334	                )
335	        finally:

--------------------------------------------------
>> Issue: [B603:subprocess_without_shell_equals_true] subprocess call - check for execution of untrusted input.
   Severity: Low   Confidence: High
   CWE: CWE-78 (https://cwe.mitre.org/data/definitions/78.html)
   More Info: https://bandit.readthedocs.io/en/1.7.7/plugins/b603_subprocess_without_shell_equals_true.html
   Location: .\tests\integration\test_python_crashes.py:328:26
327	                env["PYTHONPATH"] = orig_cwd
328	                process = subprocess.run(
329	                    ["python3", "../script.py"],
330	                    check=False,
331	                    env=env,
332	                    stdout=subprocess.PIPE,
333	                    stderr=subprocess.PIPE,
334	                )
335	        finally:

--------------------------------------------------
>> Issue: [B108:hardcoded_tmp_directory] Probable insecure usage of temp file/directory.
   Severity: Medium   Confidence: Medium
   CWE: CWE-377 (https://cwe.mitre.org/data/definitions/377.html)
   More Info: https://bandit.readthedocs.io/en/1.7.7/plugins/b108_hardcoded_tmp_directory.html
   Location: .\tests\integration\test_python_crashes.py:367:22
366	        try:
367	            for d in ("/tmp", "/usr/local", "/usr"):
368	                os.chdir(d)

--------------------------------------------------
>> Issue: [B607:start_process_with_partial_path] Starting a process with a partial executable path
   Severity: Low   Confidence: High
   CWE: CWE-78 (https://cwe.mitre.org/data/definitions/78.html)
   More Info: https://bandit.readthedocs.io/en/1.7.7/plugins/b607_start_process_with_partial_path.html
   Location: .\tests\integration\test_python_crashes.py:371:25
370	                env["PYTHONPATH"] = orig_cwd
371	                python = subprocess.run(
372	                    ["python3"],
373	                    check=False,
374	                    env=env,
375	                    input=b"import apport_python_hook\n"
376	                    b"apport_python_hook.install()\n"
377	                    b"raise ValueError",
378	                    stdout=subprocess.PIPE,
379	                    stderr=subprocess.PIPE,
380	                )
381	                self.assertNotEqual(python.returncode, 0)

--------------------------------------------------
>> Issue: [B603:subprocess_without_shell_equals_true] subprocess call - check for execution of untrusted input.
   Severity: Low   Confidence: High
   CWE: CWE-78 (https://cwe.mitre.org/data/definitions/78.html)
   More Info: https://bandit.readthedocs.io/en/1.7.7/plugins/b603_subprocess_without_shell_equals_true.html
   Location: .\tests\integration\test_python_crashes.py:371:25
370	                env["PYTHONPATH"] = orig_cwd
371	                python = subprocess.run(
372	                    ["python3"],
373	                    check=False,
374	                    env=env,
375	                    input=b"import apport_python_hook\n"
376	                    b"apport_python_hook.install()\n"
377	                    b"raise ValueError",
378	                    stdout=subprocess.PIPE,
379	                    stderr=subprocess.PIPE,
380	                )
381	                self.assertNotEqual(python.returncode, 0)

--------------------------------------------------
>> Issue: [B108:hardcoded_tmp_directory] Probable insecure usage of temp file/directory.
   Severity: Medium   Confidence: Medium
   CWE: CWE-377 (https://cwe.mitre.org/data/definitions/377.html)
   More Info: https://bandit.readthedocs.io/en/1.7.7/plugins/b108_hardcoded_tmp_directory.html
   Location: .\tests\integration\test_python_crashes.py:392:44
391	        # hook
392	        (fd, script) = tempfile.mkstemp(dir="/var/tmp")
393	        try:

--------------------------------------------------
>> Issue: [B103:set_bad_file_permissions] Chmod setting a permissive mask 0o755 on file (script).
   Severity: Medium   Confidence: High
   CWE: CWE-732 (https://cwe.mitre.org/data/definitions/732.html)
   More Info: https://bandit.readthedocs.io/en/1.7.7/plugins/b103_set_bad_file_permissions.html
   Location: .\tests\integration\test_python_crashes.py:417:16
416	                os.close(fd)
417	                os.chmod(script, 0o755)
418	

--------------------------------------------------
>> Issue: [B603:subprocess_without_shell_equals_true] subprocess call - check for execution of untrusted input.
   Severity: Low   Confidence: High
   CWE: CWE-78 (https://cwe.mitre.org/data/definitions/78.html)
   More Info: https://bandit.readthedocs.io/en/1.7.7/plugins/b603_subprocess_without_shell_equals_true.html
   Location: .\tests\integration\test_python_crashes.py:425:26
424	
425	                process = subprocess.run(
426	                    [script, "testarg1", "testarg2"],
427	                    check=False,
428	                    env=self.env,
429	                    stdout=subprocess.PIPE,
430	                    stderr=subprocess.PIPE,
431	                )
432	                err = process.stderr.decode()

--------------------------------------------------
>> Issue: [B108:hardcoded_tmp_directory] Probable insecure usage of temp file/directory.
   Severity: Medium   Confidence: Medium
   CWE: CWE-377 (https://cwe.mitre.org/data/definitions/377.html)
   More Info: https://bandit.readthedocs.io/en/1.7.7/plugins/b108_hardcoded_tmp_directory.html
   Location: .\tests\integration\test_python_crashes.py:453:44
452	            while count < limit:
453	                self._test_crash(scriptname="/var/tmp/pytestcrash")
454	                reports = apport.fileutils.get_new_reports()

--------------------------------------------------
>> Issue: [B108:hardcoded_tmp_directory] Probable insecure usage of temp file/directory.
   Severity: Medium   Confidence: Medium
   CWE: CWE-377 (https://cwe.mitre.org/data/definitions/377.html)
   More Info: https://bandit.readthedocs.io/en/1.7.7/plugins/b108_hardcoded_tmp_directory.html
   Location: .\tests\integration\test_python_crashes.py:465:22
464	        finally:
465	            os.unlink("/var/tmp/pytestcrash")
466	

--------------------------------------------------
>> Issue: [B404:blacklist] Consider possible security implications associated with the subprocess module.
   Severity: Low   Confidence: High
   CWE: CWE-78 (https://cwe.mitre.org/data/definitions/78.html)
   More Info: https://bandit.readthedocs.io/en/1.7.7/blacklists/blacklist_imports.html#b404-import-subprocess
   Location: .\tests\integration\test_recoverable_problem.py:14:0
13	import shutil
14	import subprocess
15	import tempfile

--------------------------------------------------
>> Issue: [B101:assert_used] Use of assert detected. The enclosed code will be removed when compiling to optimised byte code.
   Severity: Low   Confidence: High
   CWE: CWE-703 (https://cwe.mitre.org/data/definitions/703.html)
   More Info: https://bandit.readthedocs.io/en/1.7.7/plugins/b101_assert_used.html
   Location: .\tests\integration\test_recoverable_problem.py:37:16
36	            if crashes:
37	                assert len(crashes) == 1
38	                return os.path.join(self.report_dir, crashes[0])

--------------------------------------------------
>> Issue: [B603:subprocess_without_shell_equals_true] subprocess call - check for execution of untrusted input.
   Severity: Low   Confidence: High
   CWE: CWE-78 (https://cwe.mitre.org/data/definitions/78.html)
   More Info: https://bandit.readthedocs.io/en/1.7.7/plugins/b603_subprocess_without_shell_equals_true.html
   Location: .\tests\integration\test_recoverable_problem.py:60:15
59	        cmd = [self.datadir / "recoverable_problem"]
60	        proc = subprocess.run(
61	            cmd,
62	            check=False,
63	            env=self.env,
64	            input=data,
65	            stderr=subprocess.PIPE,
66	            text=True,
67	        )
68	        if proc.returncode != 0:

--------------------------------------------------
>> Issue: [B404:blacklist] Consider possible security implications associated with the subprocess module.
   Severity: Low   Confidence: High
   CWE: CWE-78 (https://cwe.mitre.org/data/definitions/78.html)
   More Info: https://bandit.readthedocs.io/en/1.7.7/blacklists/blacklist_imports.html#b404-import-subprocess
   Location: .\tests\integration\test_report.py:6:0
5	import shutil
6	import subprocess
7	import sys

--------------------------------------------------
>> Issue: [B101:assert_used] Use of assert detected. The enclosed code will be removed when compiling to optimised byte code.
   Severity: Low   Confidence: High
   CWE: CWE-703 (https://cwe.mitre.org/data/definitions/703.html)
   More Info: https://bandit.readthedocs.io/en/1.7.7/plugins/b101_assert_used.html
   Location: .\tests\integration\test_report.py:33:8
32	    def wait_for_proc_cmdline(self, pid: int, timeout_sec=10.0) -> None:
33	        assert pid
34	        elapsed_time = 0.0

--------------------------------------------------
>> Issue: [B607:start_process_with_partial_path] Starting a process with a partial executable path
   Severity: Low   Confidence: High
   CWE: CWE-78 (https://cwe.mitre.org/data/definitions/78.html)
   More Info: https://bandit.readthedocs.io/en/1.7.7/plugins/b607_start_process_with_partial_path.html
   Location: .\tests\integration\test_report.py:170:13
169	        # check escaping of ProcCmdline
170	        with subprocess.Popen(
171	            ["cat", "/foo bar", "\\h", "\\ \\", "-"],
172	            stdin=subprocess.PIPE,
173	            stdout=subprocess.PIPE,
174	            stderr=subprocess.PIPE,
175	        ) as cat:
176	            self.wait_for_proc_cmdline(cat.pid)

--------------------------------------------------
>> Issue: [B603:subprocess_without_shell_equals_true] subprocess call - check for execution of untrusted input.
   Severity: Low   Confidence: High
   CWE: CWE-78 (https://cwe.mitre.org/data/definitions/78.html)
   More Info: https://bandit.readthedocs.io/en/1.7.7/plugins/b603_subprocess_without_shell_equals_true.html
   Location: .\tests\integration\test_report.py:170:13
169	        # check escaping of ProcCmdline
170	        with subprocess.Popen(
171	            ["cat", "/foo bar", "\\h", "\\ \\", "-"],
172	            stdin=subprocess.PIPE,
173	            stdout=subprocess.PIPE,
174	            stderr=subprocess.PIPE,
175	        ) as cat:
176	            self.wait_for_proc_cmdline(cat.pid)

--------------------------------------------------
>> Issue: [B101:assert_used] Use of assert detected. The enclosed code will be removed when compiling to optimised byte code.
   Severity: Low   Confidence: High
   CWE: CWE-703 (https://cwe.mitre.org/data/definitions/703.html)
   More Info: https://bandit.readthedocs.io/en/1.7.7/plugins/b101_assert_used.html
   Location: .\tests\integration\test_report.py:190:8
189	        # check correct handling of executable symlinks
190	        assert os.path.islink(
191	            "/bin/sh"
192	        ), "/bin/sh needs to be a symlink for this test"
193	        with subprocess.Popen(["sh"], stdin=subprocess.PIPE) as shell:

--------------------------------------------------
>> Issue: [B607:start_process_with_partial_path] Starting a process with a partial executable path
   Severity: Low   Confidence: High
   CWE: CWE-78 (https://cwe.mitre.org/data/definitions/78.html)
   More Info: https://bandit.readthedocs.io/en/1.7.7/plugins/b607_start_process_with_partial_path.html
   Location: .\tests\integration\test_report.py:193:13
192	        ), "/bin/sh needs to be a symlink for this test"
193	        with subprocess.Popen(["sh"], stdin=subprocess.PIPE) as shell:
194	            self.wait_for_proc_cmdline(shell.pid)

--------------------------------------------------
>> Issue: [B603:subprocess_without_shell_equals_true] subprocess call - check for execution of untrusted input.
   Severity: Low   Confidence: High
   CWE: CWE-78 (https://cwe.mitre.org/data/definitions/78.html)
   More Info: https://bandit.readthedocs.io/en/1.7.7/plugins/b603_subprocess_without_shell_equals_true.html
   Location: .\tests\integration\test_report.py:193:13
192	        ), "/bin/sh needs to be a symlink for this test"
193	        with subprocess.Popen(["sh"], stdin=subprocess.PIPE) as shell:
194	            self.wait_for_proc_cmdline(shell.pid)

--------------------------------------------------
>> Issue: [B607:start_process_with_partial_path] Starting a process with a partial executable path
   Severity: Low   Confidence: High
   CWE: CWE-78 (https://cwe.mitre.org/data/definitions/78.html)
   More Info: https://bandit.readthedocs.io/en/1.7.7/plugins/b607_start_process_with_partial_path.html
   Location: .\tests\integration\test_report.py:207:13
206	        # check correct handling of interpreted executables: shell
207	        with subprocess.Popen(
208	            ["zgrep", "foo"], stdin=subprocess.PIPE
209	        ) as zgrep:
210	            self.wait_for_proc_cmdline(zgrep.pid)

--------------------------------------------------
>> Issue: [B603:subprocess_without_shell_equals_true] subprocess call - check for execution of untrusted input.
   Severity: Low   Confidence: High
   CWE: CWE-78 (https://cwe.mitre.org/data/definitions/78.html)
   More Info: https://bandit.readthedocs.io/en/1.7.7/plugins/b603_subprocess_without_shell_equals_true.html
   Location: .\tests\integration\test_report.py:207:13
206	        # check correct handling of interpreted executables: shell
207	        with subprocess.Popen(
208	            ["zgrep", "foo"], stdin=subprocess.PIPE
209	        ) as zgrep:
210	            self.wait_for_proc_cmdline(zgrep.pid)

--------------------------------------------------
>> Issue: [B103:set_bad_file_permissions] Chmod setting a permissive mask 0o755 on file (testscript).
   Severity: Medium   Confidence: High
   CWE: CWE-732 (https://cwe.mitre.org/data/definitions/732.html)
   More Info: https://bandit.readthedocs.io/en/1.7.7/plugins/b103_set_bad_file_permissions.html
   Location: .\tests\integration\test_report.py:239:8
238	        os.close(fd)
239	        os.chmod(testscript, 0o755)
240	        with subprocess.Popen(

--------------------------------------------------
>> Issue: [B603:subprocess_without_shell_equals_true] subprocess call - check for execution of untrusted input.
   Severity: Low   Confidence: High
   CWE: CWE-78 (https://cwe.mitre.org/data/definitions/78.html)
   More Info: https://bandit.readthedocs.io/en/1.7.7/plugins/b603_subprocess_without_shell_equals_true.html
   Location: .\tests\integration\test_report.py:240:13
239	        os.chmod(testscript, 0o755)
240	        with subprocess.Popen(
241	            [testscript], stdin=subprocess.PIPE, stderr=subprocess.PIPE
242	        ) as process:
243	            self.wait_for_proc_cmdline(process.pid)

--------------------------------------------------
>> Issue: [B607:start_process_with_partial_path] Starting a process with a partial executable path
   Severity: Low   Confidence: High
   CWE: CWE-78 (https://cwe.mitre.org/data/definitions/78.html)
   More Info: https://bandit.readthedocs.io/en/1.7.7/plugins/b607_start_process_with_partial_path.html
   Location: .\tests\integration\test_report.py:264:13
263	        # one variable from each category (ignored/filtered/shown)
264	        with subprocess.Popen(
265	            ["cat"],
266	            stdin=subprocess.PIPE,
267	            env={
268	                "MYNAME": b"J\xc3\xbcrgen-Ren\xc3\xa9",
269	                "XDG_RUNTIME_DIR": b"/a\xc3\xafb",
270	                "LANG": lang,
271	            },
272	        ) as cat:
273	            time.sleep(0.1)

--------------------------------------------------
>> Issue: [B603:subprocess_without_shell_equals_true] subprocess call - check for execution of untrusted input.
   Severity: Low   Confidence: High
   CWE: CWE-78 (https://cwe.mitre.org/data/definitions/78.html)
   More Info: https://bandit.readthedocs.io/en/1.7.7/plugins/b603_subprocess_without_shell_equals_true.html
   Location: .\tests\integration\test_report.py:264:13
263	        # one variable from each category (ignored/filtered/shown)
264	        with subprocess.Popen(
265	            ["cat"],
266	            stdin=subprocess.PIPE,
267	            env={
268	                "MYNAME": b"J\xc3\xbcrgen-Ren\xc3\xa9",
269	                "XDG_RUNTIME_DIR": b"/a\xc3\xafb",
270	                "LANG": lang,
271	            },
272	        ) as cat:
273	            time.sleep(0.1)

--------------------------------------------------
>> Issue: [B607:start_process_with_partial_path] Starting a process with a partial executable path
   Severity: Low   Confidence: High
   CWE: CWE-78 (https://cwe.mitre.org/data/definitions/78.html)
   More Info: https://bandit.readthedocs.io/en/1.7.7/plugins/b607_start_process_with_partial_path.html
   Location: .\tests\integration\test_report.py:282:13
281	        """add_proc_info() CurrentDesktop"""
282	        with subprocess.Popen(
283	            ["cat"], stdin=subprocess.PIPE, env={"LANG": "xx_YY.UTF-8"}
284	        ) as cat:
285	            time.sleep(0.1)

--------------------------------------------------
>> Issue: [B603:subprocess_without_shell_equals_true] subprocess call - check for execution of untrusted input.
   Severity: Low   Confidence: High
   CWE: CWE-78 (https://cwe.mitre.org/data/definitions/78.html)
   More Info: https://bandit.readthedocs.io/en/1.7.7/plugins/b603_subprocess_without_shell_equals_true.html
   Location: .\tests\integration\test_report.py:282:13
281	        """add_proc_info() CurrentDesktop"""
282	        with subprocess.Popen(
283	            ["cat"], stdin=subprocess.PIPE, env={"LANG": "xx_YY.UTF-8"}
284	        ) as cat:
285	            time.sleep(0.1)

--------------------------------------------------
>> Issue: [B607:start_process_with_partial_path] Starting a process with a partial executable path
   Severity: Low   Confidence: High
   CWE: CWE-78 (https://cwe.mitre.org/data/definitions/78.html)
   More Info: https://bandit.readthedocs.io/en/1.7.7/plugins/b607_start_process_with_partial_path.html
   Location: .\tests\integration\test_report.py:292:13
291	
292	        with subprocess.Popen(
293	            ["cat"],
294	            stdin=subprocess.PIPE,
295	            env={"LANG": "xx_YY.UTF-8", "XDG_CURRENT_DESKTOP": "Pixel Pusher"},
296	        ) as cat:
297	            time.sleep(0.1)

--------------------------------------------------
>> Issue: [B603:subprocess_without_shell_equals_true] subprocess call - check for execution of untrusted input.
   Severity: Low   Confidence: High
   CWE: CWE-78 (https://cwe.mitre.org/data/definitions/78.html)
   More Info: https://bandit.readthedocs.io/en/1.7.7/plugins/b603_subprocess_without_shell_equals_true.html
   Location: .\tests\integration\test_report.py:292:13
291	
292	        with subprocess.Popen(
293	            ["cat"],
294	            stdin=subprocess.PIPE,
295	            env={"LANG": "xx_YY.UTF-8", "XDG_CURRENT_DESKTOP": "Pixel Pusher"},
296	        ) as cat:
297	            time.sleep(0.1)

--------------------------------------------------
>> Issue: [B607:start_process_with_partial_path] Starting a process with a partial executable path
   Severity: Low   Confidence: High
   CWE: CWE-78 (https://cwe.mitre.org/data/definitions/78.html)
   More Info: https://bandit.readthedocs.io/en/1.7.7/plugins/b607_start_process_with_partial_path.html
   Location: .\tests\integration\test_report.py:307:13
306	        # system default
307	        with subprocess.Popen(
308	            ["cat"],
309	            stdin=subprocess.PIPE,
310	            env={
311	                "PATH": "/usr/local/sbin:/usr/local/bin"
312	                ":/usr/sbin:/usr/bin:/sbin:/bin:/usr/games"
313	            },
314	        ) as cat:
315	            time.sleep(0.1)

--------------------------------------------------
>> Issue: [B603:subprocess_without_shell_equals_true] subprocess call - check for execution of untrusted input.
   Severity: Low   Confidence: High
   CWE: CWE-78 (https://cwe.mitre.org/data/definitions/78.html)
   More Info: https://bandit.readthedocs.io/en/1.7.7/plugins/b603_subprocess_without_shell_equals_true.html
   Location: .\tests\integration\test_report.py:307:13
306	        # system default
307	        with subprocess.Popen(
308	            ["cat"],
309	            stdin=subprocess.PIPE,
310	            env={
311	                "PATH": "/usr/local/sbin:/usr/local/bin"
312	                ":/usr/sbin:/usr/bin:/sbin:/bin:/usr/games"
313	            },
314	        ) as cat:
315	            time.sleep(0.1)

--------------------------------------------------
>> Issue: [B607:start_process_with_partial_path] Starting a process with a partial executable path
   Severity: Low   Confidence: High
   CWE: CWE-78 (https://cwe.mitre.org/data/definitions/78.html)
   More Info: https://bandit.readthedocs.io/en/1.7.7/plugins/b607_start_process_with_partial_path.html
   Location: .\tests\integration\test_report.py:322:13
321	        # no user paths
322	        with subprocess.Popen(
323	            ["cat"],
324	            stdin=subprocess.PIPE,
325	            env={"PATH": "/usr/sbin:/usr/bin:/sbin:/bin"},
326	        ) as cat:
327	            time.sleep(0.1)

--------------------------------------------------
>> Issue: [B603:subprocess_without_shell_equals_true] subprocess call - check for execution of untrusted input.
   Severity: Low   Confidence: High
   CWE: CWE-78 (https://cwe.mitre.org/data/definitions/78.html)
   More Info: https://bandit.readthedocs.io/en/1.7.7/plugins/b603_subprocess_without_shell_equals_true.html
   Location: .\tests\integration\test_report.py:322:13
321	        # no user paths
322	        with subprocess.Popen(
323	            ["cat"],
324	            stdin=subprocess.PIPE,
325	            env={"PATH": "/usr/sbin:/usr/bin:/sbin:/bin"},
326	        ) as cat:
327	            time.sleep(0.1)

--------------------------------------------------
>> Issue: [B607:start_process_with_partial_path] Starting a process with a partial executable path
   Severity: Low   Confidence: High
   CWE: CWE-78 (https://cwe.mitre.org/data/definitions/78.html)
   More Info: https://bandit.readthedocs.io/en/1.7.7/plugins/b607_start_process_with_partial_path.html
   Location: .\tests\integration\test_report.py:334:13
333	        # user paths
334	        with subprocess.Popen(
335	            ["cat"],
336	            stdin=subprocess.PIPE,
337	            env={"PATH": "/home/pitti:/usr/sbin:/usr/bin:/sbin:/bin"},
338	        ) as cat:
339	            time.sleep(0.1)

--------------------------------------------------
>> Issue: [B603:subprocess_without_shell_equals_true] subprocess call - check for execution of untrusted input.
   Severity: Low   Confidence: High
   CWE: CWE-78 (https://cwe.mitre.org/data/definitions/78.html)
   More Info: https://bandit.readthedocs.io/en/1.7.7/plugins/b603_subprocess_without_shell_equals_true.html
   Location: .\tests\integration\test_report.py:334:13
333	        # user paths
334	        with subprocess.Popen(
335	            ["cat"],
336	            stdin=subprocess.PIPE,
337	            env={"PATH": "/home/pitti:/usr/sbin:/usr/bin:/sbin:/bin"},
338	        ) as cat:
339	            time.sleep(0.1)

--------------------------------------------------
>> Issue: [B603:subprocess_without_shell_equals_true] subprocess call - check for execution of untrusted input.
   Severity: Low   Confidence: High
   CWE: CWE-78 (https://cwe.mitre.org/data/definitions/78.html)
   More Info: https://bandit.readthedocs.io/en/1.7.7/plugins/b603_subprocess_without_shell_equals_true.html
   Location: .\tests\integration\test_report.py:652:16
651	            try:
652	                subprocess.run(
653	                    ["gcc"]
654	                    + extra_gcc_args
655	                    + ["-g", "crash.c", "-o", "crash"],
656	                    check=True,
657	                )
658	            except FileNotFoundError as error:

--------------------------------------------------
>> Issue: [B101:assert_used] Use of assert detected. The enclosed code will be removed when compiling to optimised byte code.
   Severity: Low   Confidence: High
   CWE: CWE-703 (https://cwe.mitre.org/data/definitions/703.html)
   More Info: https://bandit.readthedocs.io/en/1.7.7/plugins/b101_assert_used.html
   Location: .\tests\integration\test_report.py:660:12
659	                self.skipTest(f"{error.filename} not available")
660	            assert os.path.exists("crash")
661	

--------------------------------------------------
>> Issue: [B607:start_process_with_partial_path] Starting a process with a partial executable path
   Severity: Low   Confidence: High
   CWE: CWE-78 (https://cwe.mitre.org/data/definitions/78.html)
   More Info: https://bandit.readthedocs.io/en/1.7.7/plugins/b607_start_process_with_partial_path.html
   Location: .\tests\integration\test_report.py:663:12
662	            # call it through gdb and dump core
663	            subprocess.run(
664	                [
665	                    "gdb",
666	                    "--batch",
667	                    "-iex",
668	                    "set debuginfod enable off",
669	                    "--ex",
670	                    f"run{' ' + ' '.join(args) if args else ''}",
671	                    "--ex",
672	                    "generate-core-file core",
673	                    "./crash",
674	                ],
675	                check=False,
676	                env={"HOME": workdir},
677	                stdout=subprocess.PIPE,
678	            )
679	            self._validate_core("core")

--------------------------------------------------
>> Issue: [B603:subprocess_without_shell_equals_true] subprocess call - check for execution of untrusted input.
   Severity: Low   Confidence: High
   CWE: CWE-78 (https://cwe.mitre.org/data/definitions/78.html)
   More Info: https://bandit.readthedocs.io/en/1.7.7/plugins/b603_subprocess_without_shell_equals_true.html
   Location: .\tests\integration\test_report.py:663:12
662	            # call it through gdb and dump core
663	            subprocess.run(
664	                [
665	                    "gdb",
666	                    "--batch",
667	                    "-iex",
668	                    "set debuginfod enable off",
669	                    "--ex",
670	                    f"run{' ' + ' '.join(args) if args else ''}",
671	                    "--ex",
672	                    "generate-core-file core",
673	                    "./crash",
674	                ],
675	                check=False,
676	                env={"HOME": workdir},
677	                stdout=subprocess.PIPE,
678	            )
679	            self._validate_core("core")

--------------------------------------------------
>> Issue: [B607:start_process_with_partial_path] Starting a process with a partial executable path
   Severity: Low   Confidence: High
   CWE: CWE-78 (https://cwe.mitre.org/data/definitions/78.html)
   More Info: https://bandit.readthedocs.io/en/1.7.7/plugins/b607_start_process_with_partial_path.html
   Location: .\tests\integration\test_report.py:696:8
695	    def _validate_core(core_path):
696	        subprocess.check_call(["sync"])
697	        count = 0

--------------------------------------------------
>> Issue: [B603:subprocess_without_shell_equals_true] subprocess call - check for execution of untrusted input.
   Severity: Low   Confidence: High
   CWE: CWE-78 (https://cwe.mitre.org/data/definitions/78.html)
   More Info: https://bandit.readthedocs.io/en/1.7.7/plugins/b603_subprocess_without_shell_equals_true.html
   Location: .\tests\integration\test_report.py:696:8
695	    def _validate_core(core_path):
696	        subprocess.check_call(["sync"])
697	        count = 0

--------------------------------------------------
>> Issue: [B101:assert_used] Use of assert detected. The enclosed code will be removed when compiling to optimised byte code.
   Severity: Low   Confidence: High
   CWE: CWE-703 (https://cwe.mitre.org/data/definitions/703.html)
   More Info: https://bandit.readthedocs.io/en/1.7.7/plugins/b101_assert_used.html
   Location: .\tests\integration\test_report.py:703:8
702	            count += 1
703	        assert os.path.exists(core_path)
704	        subprocess.run(

--------------------------------------------------
>> Issue: [B607:start_process_with_partial_path] Starting a process with a partial executable path
   Severity: Low   Confidence: High
   CWE: CWE-78 (https://cwe.mitre.org/data/definitions/78.html)
   More Info: https://bandit.readthedocs.io/en/1.7.7/plugins/b607_start_process_with_partial_path.html
   Location: .\tests\integration\test_report.py:704:8
703	        assert os.path.exists(core_path)
704	        subprocess.run(
705	            ["readelf", "-n", core_path], check=True, stdout=subprocess.PIPE
706	        )
707	

--------------------------------------------------
>> Issue: [B603:subprocess_without_shell_equals_true] subprocess call - check for execution of untrusted input.
   Severity: Low   Confidence: High
   CWE: CWE-78 (https://cwe.mitre.org/data/definitions/78.html)
   More Info: https://bandit.readthedocs.io/en/1.7.7/plugins/b603_subprocess_without_shell_equals_true.html
   Location: .\tests\integration\test_report.py:704:8
703	        assert os.path.exists(core_path)
704	        subprocess.run(
705	            ["readelf", "-n", core_path], check=True, stdout=subprocess.PIPE
706	        )
707	

--------------------------------------------------
>> Issue: [B103:set_bad_file_permissions] Chmod setting a permissive mask 0o755 on file (script).
   Severity: Medium   Confidence: High
   CWE: CWE-732 (https://cwe.mitre.org/data/definitions/732.html)
   More Info: https://bandit.readthedocs.io/en/1.7.7/plugins/b103_set_bad_file_permissions.html
   Location: .\tests\integration\test_report.py:901:12
900	                )
901	            os.chmod(script, 0o755)
902	

--------------------------------------------------
>> Issue: [B607:start_process_with_partial_path] Starting a process with a partial executable path
   Severity: Low   Confidence: High
   CWE: CWE-78 (https://cwe.mitre.org/data/definitions/78.html)
   More Info: https://bandit.readthedocs.io/en/1.7.7/plugins/b607_start_process_with_partial_path.html
   Location: .\tests\integration\test_report.py:905:16
904	            try:
905	                subprocess.check_call(
906	                    [
907	                        "gdb",
908	                        "--batch",
909	                        "-iex",
910	                        "set debuginfod enable off",
911	                        "--ex",
912	                        f"run {script}",
913	                        "--ex",
914	                        f"generate-core-file {core_path}",
915	                        shell,
916	                    ],
917	                    env={"HOME": workdir},
918	                    stdout=subprocess.PIPE,
919	                )
920	            except FileNotFoundError as error:

--------------------------------------------------
>> Issue: [B603:subprocess_without_shell_equals_true] subprocess call - check for execution of untrusted input.
   Severity: Low   Confidence: High
   CWE: CWE-78 (https://cwe.mitre.org/data/definitions/78.html)
   More Info: https://bandit.readthedocs.io/en/1.7.7/plugins/b603_subprocess_without_shell_equals_true.html
   Location: .\tests\integration\test_report.py:905:16
904	            try:
905	                subprocess.check_call(
906	                    [
907	                        "gdb",
908	                        "--batch",
909	                        "-iex",
910	                        "set debuginfod enable off",
911	                        "--ex",
912	                        f"run {script}",
913	                        "--ex",
914	                        f"generate-core-file {core_path}",
915	                        shell,
916	                    ],
917	                    env={"HOME": workdir},
918	                    stdout=subprocess.PIPE,
919	                )
920	            except FileNotFoundError as error:

--------------------------------------------------
>> Issue: [B101:assert_used] Use of assert detected. The enclosed code will be removed when compiling to optimised byte code.
   Severity: Low   Confidence: High
   CWE: CWE-703 (https://cwe.mitre.org/data/definitions/703.html)
   More Info: https://bandit.readthedocs.io/en/1.7.7/plugins/b101_assert_used.html
   Location: .\tests\integration\test_report.py:1006:8
1005	        (fd, script) = tempfile.mkstemp()
1006	        assert not os.path.exists("core")
1007	        try:

--------------------------------------------------
>> Issue: [B101:assert_used] Use of assert detected. The enclosed code will be removed when compiling to optimised byte code.
   Severity: Low   Confidence: High
   CWE: CWE-703 (https://cwe.mitre.org/data/definitions/703.html)
   More Info: https://bandit.readthedocs.io/en/1.7.7/plugins/b101_assert_used.html
   Location: .\tests\integration\test_report.py:1027:12
1026	            # call script and verify that it gives us a proper ELF core dump
1027	            assert subprocess.call(["/bin/sh", script]) != 0
1028	            self._validate_core("core")

--------------------------------------------------
>> Issue: [B603:subprocess_without_shell_equals_true] subprocess call - check for execution of untrusted input.
   Severity: Low   Confidence: High
   CWE: CWE-78 (https://cwe.mitre.org/data/definitions/78.html)
   More Info: https://bandit.readthedocs.io/en/1.7.7/plugins/b603_subprocess_without_shell_equals_true.html
   Location: .\tests\integration\test_report.py:1027:19
1026	            # call script and verify that it gives us a proper ELF core dump
1027	            assert subprocess.call(["/bin/sh", script]) != 0
1028	            self._validate_core("core")

--------------------------------------------------
>> Issue: [B101:assert_used] Use of assert detected. The enclosed code will be removed when compiling to optimised byte code.
   Severity: Low   Confidence: High
   CWE: CWE-703 (https://cwe.mitre.org/data/definitions/703.html)
   More Info: https://bandit.readthedocs.io/en/1.7.7/plugins/b101_assert_used.html
   Location: .\tests\integration\test_report.py:1051:8
1050	        (fd, script) = tempfile.mkstemp()
1051	        assert not os.path.exists("core")
1052	        try:

--------------------------------------------------
>> Issue: [B101:assert_used] Use of assert detected. The enclosed code will be removed when compiling to optimised byte code.
   Severity: Low   Confidence: High
   CWE: CWE-703 (https://cwe.mitre.org/data/definitions/703.html)
   More Info: https://bandit.readthedocs.io/en/1.7.7/plugins/b101_assert_used.html
   Location: .\tests\integration\test_report.py:1072:12
1071	            # call script and verify that it gives us a proper ELF core dump
1072	            assert subprocess.call(["/bin/sh", script]) != 0
1073	            self._validate_core("core")

--------------------------------------------------
>> Issue: [B603:subprocess_without_shell_equals_true] subprocess call - check for execution of untrusted input.
   Severity: Low   Confidence: High
   CWE: CWE-78 (https://cwe.mitre.org/data/definitions/78.html)
   More Info: https://bandit.readthedocs.io/en/1.7.7/plugins/b603_subprocess_without_shell_equals_true.html
   Location: .\tests\integration\test_report.py:1072:19
1071	            # call script and verify that it gives us a proper ELF core dump
1072	            assert subprocess.call(["/bin/sh", script]) != 0
1073	            self._validate_core("core")

--------------------------------------------------
>> Issue: [B108:hardcoded_tmp_directory] Probable insecure usage of temp file/directory.
   Severity: Medium   Confidence: Medium
   CWE: CWE-377 (https://cwe.mitre.org/data/definitions/377.html)
   More Info: https://bandit.readthedocs.io/en/1.7.7/plugins/b108_hardcoded_tmp_directory.html
   Location: .\tests\integration\test_report.py:1914:34
1913	    def test_command_output_passes_env(self):
1914	        fake_env = {"GCONV_PATH": "/tmp"}
1915	        out = apport.report._command_output(["env"], env=fake_env)

--------------------------------------------------
>> Issue: [B108:hardcoded_tmp_directory] Probable insecure usage of temp file/directory.
   Severity: Medium   Confidence: Medium
   CWE: CWE-377 (https://cwe.mitre.org/data/definitions/377.html)
   More Info: https://bandit.readthedocs.io/en/1.7.7/plugins/b108_hardcoded_tmp_directory.html
   Location: .\tests\integration\test_report.py:1926:32
1925	        # need something to be preferred
1926	        os.symlink("/bin/true", "/tmp/true")
1927	        tmp_true = apport.report._which_extrapath("true", "/tmp")

--------------------------------------------------
>> Issue: [B108:hardcoded_tmp_directory] Probable insecure usage of temp file/directory.
   Severity: Medium   Confidence: Medium
   CWE: CWE-377 (https://cwe.mitre.org/data/definitions/377.html)
   More Info: https://bandit.readthedocs.io/en/1.7.7/plugins/b108_hardcoded_tmp_directory.html
   Location: .\tests\integration\test_report.py:1927:58
1926	        os.symlink("/bin/true", "/tmp/true")
1927	        tmp_true = apport.report._which_extrapath("true", "/tmp")
1928	        os.unlink("/tmp/true")

--------------------------------------------------
>> Issue: [B108:hardcoded_tmp_directory] Probable insecure usage of temp file/directory.
   Severity: Medium   Confidence: Medium
   CWE: CWE-377 (https://cwe.mitre.org/data/definitions/377.html)
   More Info: https://bandit.readthedocs.io/en/1.7.7/plugins/b108_hardcoded_tmp_directory.html
   Location: .\tests\integration\test_report.py:1928:18
1927	        tmp_true = apport.report._which_extrapath("true", "/tmp")
1928	        os.unlink("/tmp/true")
1929	        self.assertEqual(tmp_true, "/tmp/true")

--------------------------------------------------
>> Issue: [B108:hardcoded_tmp_directory] Probable insecure usage of temp file/directory.
   Severity: Medium   Confidence: Medium
   CWE: CWE-377 (https://cwe.mitre.org/data/definitions/377.html)
   More Info: https://bandit.readthedocs.io/en/1.7.7/plugins/b108_hardcoded_tmp_directory.html
   Location: .\tests\integration\test_report.py:1929:35
1928	        os.unlink("/tmp/true")
1929	        self.assertEqual(tmp_true, "/tmp/true")
1930	        self.assertEqual(bin_true, "/usr/bin/true")

--------------------------------------------------
>> Issue: [B404:blacklist] Consider possible security implications associated with the subprocess module.
   Severity: Low   Confidence: High
   CWE: CWE-78 (https://cwe.mitre.org/data/definitions/78.html)
   More Info: https://bandit.readthedocs.io/en/1.7.7/blacklists/blacklist_imports.html#b404-import-subprocess
   Location: .\tests\integration\test_signal_crashes.py:19:0
18	import stat
19	import subprocess
20	import sys

--------------------------------------------------
>> Issue: [B108:hardcoded_tmp_directory] Probable insecure usage of temp file/directory.
   Severity: Medium   Confidence: Medium
   CWE: CWE-377 (https://cwe.mitre.org/data/definitions/377.html)
   More Info: https://bandit.readthedocs.io/en/1.7.7/plugins/b108_hardcoded_tmp_directory.html
   Location: .\tests\integration\test_signal_crashes.py:104:17
103	        # that's the place where to put core dumps, etc.
104	        os.chdir("/tmp")
105	

--------------------------------------------------
>> Issue: [B603:subprocess_without_shell_equals_true] subprocess call - check for execution of untrusted input.
   Severity: Low   Confidence: High
   CWE: CWE-78 (https://cwe.mitre.org/data/definitions/78.html)
   More Info: https://bandit.readthedocs.io/en/1.7.7/plugins/b603_subprocess_without_shell_equals_true.html
   Location: .\tests\integration\test_signal_crashes.py:123:17
122	        try:
123	            with subprocess.Popen(
124	                [
125	                    str(APPORT_PATH),
126	                    "-p",
127	                    str(test_proc.pid),
128	                    "-s",
129	                    "42",
130	                    "-c",
131	                    "0",
132	                    "-d",
133	                    "1",
134	                ],
135	                stdin=subprocess.PIPE,
136	                stderr=subprocess.PIPE,
137	            ) as app:
138	                app.stdin.close()

--------------------------------------------------
>> Issue: [B101:assert_used] Use of assert detected. The enclosed code will be removed when compiling to optimised byte code.
   Severity: Low   Confidence: High
   CWE: CWE-703 (https://cwe.mitre.org/data/definitions/703.html)
   More Info: https://bandit.readthedocs.io/en/1.7.7/plugins/b101_assert_used.html
   Location: .\tests\integration\test_signal_crashes.py:139:16
138	                app.stdin.close()
139	                assert app.wait() == 0, app.stderr.read()
140	                app.stderr.close()

--------------------------------------------------
>> Issue: [B603:subprocess_without_shell_equals_true] subprocess call - check for execution of untrusted input.
   Severity: Low   Confidence: High
   CWE: CWE-78 (https://cwe.mitre.org/data/definitions/78.html)
   More Info: https://bandit.readthedocs.io/en/1.7.7/plugins/b603_subprocess_without_shell_equals_true.html
   Location: .\tests\integration\test_signal_crashes.py:221:17
220	        try:
221	            with subprocess.Popen(
222	                [
223	                    str(APPORT_PATH),
224	                    "-p",
225	                    str(test_proc.pid),
226	                    "-s",
227	                    "42",
228	                    "-c",
229	                    "0",
230	                    "-d",
231	                    "1",
232	                ],
233	                stdin=subprocess.PIPE,
234	                stderr=subprocess.PIPE,
235	            ) as app:
236	                time.sleep(0.5)  # give it some time to grab the lock

--------------------------------------------------
>> Issue: [B603:subprocess_without_shell_equals_true] subprocess call - check for execution of untrusted input.
   Severity: Low   Confidence: High
   CWE: CWE-78 (https://cwe.mitre.org/data/definitions/78.html)
   More Info: https://bandit.readthedocs.io/en/1.7.7/plugins/b603_subprocess_without_shell_equals_true.html
   Location: .\tests\integration\test_signal_crashes.py:238:21
237	
238	                with subprocess.Popen(
239	                    [
240	                        str(APPORT_PATH),
241	                        "-p",
242	                        str(test_proc2.pid),
243	                        "-s",
244	                        "42",
245	                        "-c",
246	                        "0",
247	                        "-d",
248	                        "1",
249	                    ],
250	                    stdin=subprocess.PIPE,
251	                    stderr=subprocess.PIPE,
252	                ) as app2:
253	                    # app should wait indefinitely for stdin, while app2 should

--------------------------------------------------
>> Issue: [B103:set_bad_file_permissions] Chmod setting a permissive mask 0o755 on file (local_exe).
   Severity: Medium   Confidence: High
   CWE: CWE-732 (https://cwe.mitre.org/data/definitions/732.html)
   More Info: https://bandit.readthedocs.io/en/1.7.7/plugins/b103_set_bad_file_permissions.html
   Location: .\tests\integration\test_signal_crashes.py:292:8
291	                dest.write(src.read())
292	        os.chmod(local_exe, 0o755)
293	        self.do_crash(command=local_exe, expect_report=False)

--------------------------------------------------
>> Issue: [B103:set_bad_file_permissions] Chmod setting a permissive mask 0o755 on file (local_exe).
   Severity: Medium   Confidence: High
   CWE: CWE-732 (https://cwe.mitre.org/data/definitions/732.html)
   More Info: https://bandit.readthedocs.io/en/1.7.7/plugins/b103_set_bad_file_permissions.html
   Location: .\tests\integration\test_signal_crashes.py:300:8
299	            f.write("#!/usr/bin/perl\nsleep(86400);\n")
300	        os.chmod(local_exe, 0o755)
301	

--------------------------------------------------
>> Issue: [B603:subprocess_without_shell_equals_true] subprocess call - check for execution of untrusted input.
   Severity: Low   Confidence: High
   CWE: CWE-78 (https://cwe.mitre.org/data/definitions/78.html)
   More Info: https://bandit.readthedocs.io/en/1.7.7/plugins/b603_subprocess_without_shell_equals_true.html
   Location: .\tests\integration\test_signal_crashes.py:324:14
323	        env["APPORT_LOG_FILE"] = log
324	        app = subprocess.run(
325	            [str(APPORT_PATH)],
326	            check=False,
327	            env=env,
328	            preexec_fn=close_stdin_and_stderr,
329	        )
330	

--------------------------------------------------
>> Issue: [B103:set_bad_file_permissions] Chmod setting a permissive mask 0o755 on file (local_exe).
   Severity: Medium   Confidence: High
   CWE: CWE-732 (https://cwe.mitre.org/data/definitions/732.html)
   More Info: https://bandit.readthedocs.io/en/1.7.7/plugins/b103_set_bad_file_permissions.html
   Location: .\tests\integration\test_signal_crashes.py:355:8
354	            )
355	        os.chmod(local_exe, 0o755)
356	        self.do_crash(

--------------------------------------------------
>> Issue: [B108:hardcoded_tmp_directory] Probable insecure usage of temp file/directory.
   Severity: Medium   Confidence: Medium
   CWE: CWE-377 (https://cwe.mitre.org/data/definitions/377.html)
   More Info: https://bandit.readthedocs.io/en/1.7.7/plugins/b108_hardcoded_tmp_directory.html
   Location: .\tests\integration\test_signal_crashes.py:398:43
397	        # regards as likely packaged
398	        (fd, myexe) = tempfile.mkstemp(dir="/var/tmp")
399	        self.addCleanup(os.unlink, myexe)

--------------------------------------------------
>> Issue: [B103:set_bad_file_permissions] Chmod setting a permissive mask 0o111 on file (myexe).
   Severity: Medium   Confidence: High
   CWE: CWE-732 (https://cwe.mitre.org/data/definitions/732.html)
   More Info: https://bandit.readthedocs.io/en/1.7.7/plugins/b103_set_bad_file_permissions.html
   Location: .\tests\integration\test_signal_crashes.py:403:8
402	        os.close(fd)
403	        os.chmod(myexe, 0o111)
404	

--------------------------------------------------
>> Issue: [B103:set_bad_file_permissions] Chmod setting a permissive mask 0o755 on file (local_exe).
   Severity: Medium   Confidence: High
   CWE: CWE-732 (https://cwe.mitre.org/data/definitions/732.html)
   More Info: https://bandit.readthedocs.io/en/1.7.7/plugins/b103_set_bad_file_permissions.html
   Location: .\tests\integration\test_signal_crashes.py:442:8
441	                dest.write(src.read())
442	        os.chmod(local_exe, 0o755)
443	

--------------------------------------------------
>> Issue: [B108:hardcoded_tmp_directory] Probable insecure usage of temp file/directory.
   Severity: Medium   Confidence: Medium
   CWE: CWE-377 (https://cwe.mitre.org/data/definitions/377.html)
   More Info: https://bandit.readthedocs.io/en/1.7.7/plugins/b108_hardcoded_tmp_directory.html
   Location: .\tests\integration\test_signal_crashes.py:525:43
524	        # likely packaged
525	        (fd, myexe) = tempfile.mkstemp(dir="/var/tmp")
526	        self.addCleanup(os.unlink, myexe)

--------------------------------------------------
>> Issue: [B103:set_bad_file_permissions] Chmod setting a permissive mask 0o755 on file (myexe).
   Severity: Medium   Confidence: High
   CWE: CWE-732 (https://cwe.mitre.org/data/definitions/732.html)
   More Info: https://bandit.readthedocs.io/en/1.7.7/plugins/b103_set_bad_file_permissions.html
   Location: .\tests\integration\test_signal_crashes.py:530:8
529	        os.close(fd)
530	        os.chmod(myexe, 0o755)
531	        time.sleep(1)

--------------------------------------------------
>> Issue: [B603:subprocess_without_shell_equals_true] subprocess call - check for execution of untrusted input.
   Severity: Low   Confidence: High
   CWE: CWE-78 (https://cwe.mitre.org/data/definitions/78.html)
   More Info: https://bandit.readthedocs.io/en/1.7.7/plugins/b603_subprocess_without_shell_equals_true.html
   Location: .\tests\integration\test_signal_crashes.py:542:18
541	
542	            app = subprocess.run(
543	                [
544	                    str(APPORT_PATH),
545	                    "-p",
546	                    str(test_proc.pid),
547	                    "-s",
548	                    "42",
549	                    "-c",
550	                    "0",
551	                    "-d",
552	                    "1",
553	                ],
554	                check=False,
555	                input=b"foo",
556	                stderr=subprocess.PIPE,
557	            )
558	            err = app.stderr.decode()

--------------------------------------------------
>> Issue: [B603:subprocess_without_shell_equals_true] subprocess call - check for execution of untrusted input.
   Severity: Low   Confidence: High
   CWE: CWE-78 (https://cwe.mitre.org/data/definitions/78.html)
   More Info: https://bandit.readthedocs.io/en/1.7.7/plugins/b603_subprocess_without_shell_equals_true.html
   Location: .\tests\integration\test_signal_crashes.py:583:18
582	            env["APPORT_LOG_FILE"] = log
583	            app = subprocess.run(
584	                [
585	                    str(APPORT_PATH),
586	                    "-p",
587	                    str(test_proc.pid),
588	                    "-s",
589	                    "42",
590	                    "-c",
591	                    "0",
592	                    "-d",
593	                    "1",
594	                ],
595	                check=False,
596	                env=env,
597	                input="hel\x01lo",
598	                stdout=subprocess.PIPE,
599	                stderr=subprocess.PIPE,
600	                text=True,
601	            )
602	        finally:

--------------------------------------------------
>> Issue: [B603:subprocess_without_shell_equals_true] subprocess call - check for execution of untrusted input.
   Severity: Low   Confidence: High
   CWE: CWE-78 (https://cwe.mitre.org/data/definitions/78.html)
   More Info: https://bandit.readthedocs.io/en/1.7.7/plugins/b603_subprocess_without_shell_equals_true.html
   Location: .\tests\integration\test_signal_crashes.py:636:18
635	            env["APPORT_LOG_FILE"] = "/not/existing/apport.log"
636	            app = subprocess.run(
637	                [
638	                    str(APPORT_PATH),
639	                    "-p",
640	                    str(test_proc.pid),
641	                    "-s",
642	                    "42",
643	                    "-c",
644	                    "0",
645	                    "-d",
646	                    "1",
647	                ],
648	                check=False,
649	                encoding="UTF-8",
650	                env=env,
651	                input="hel\x01lo",
652	                stdout=subprocess.PIPE,
653	                stderr=subprocess.PIPE,
654	                text=True,
655	            )
656	        finally:

--------------------------------------------------
>> Issue: [B108:hardcoded_tmp_directory] Probable insecure usage of temp file/directory.
   Severity: Medium   Confidence: Medium
   CWE: CWE-377 (https://cwe.mitre.org/data/definitions/377.html)
   More Info: https://bandit.readthedocs.io/en/1.7.7/plugins/b108_hardcoded_tmp_directory.html
   Location: .\tests\integration\test_signal_crashes.py:680:43
679	        # regards as likely packaged
680	        (fd, myexe) = tempfile.mkstemp(dir="/var/tmp")
681	        self.addCleanup(os.unlink, myexe)

--------------------------------------------------
>> Issue: [B103:set_bad_file_permissions] Chmod setting a permissive mask 0o4755 on file (myexe).
   Severity: Medium   Confidence: High
   CWE: CWE-732 (https://cwe.mitre.org/data/definitions/732.html)
   More Info: https://bandit.readthedocs.io/en/1.7.7/plugins/b103_set_bad_file_permissions.html
   Location: .\tests\integration\test_signal_crashes.py:685:8
684	        os.close(fd)
685	        os.chmod(myexe, 0o4755)
686	

--------------------------------------------------
>> Issue: [B108:hardcoded_tmp_directory] Probable insecure usage of temp file/directory.
   Severity: Medium   Confidence: Medium
   CWE: CWE-377 (https://cwe.mitre.org/data/definitions/377.html)
   More Info: https://bandit.readthedocs.io/en/1.7.7/plugins/b108_hardcoded_tmp_directory.html
   Location: .\tests\integration\test_signal_crashes.py:717:43
716	        # regards as not packaged
717	        (fd, myexe) = tempfile.mkstemp(dir="/tmp")
718	        self.addCleanup(os.unlink, myexe)

--------------------------------------------------
>> Issue: [B103:set_bad_file_permissions] Chmod setting a permissive mask 0o4755 on file (myexe).
   Severity: Medium   Confidence: High
   CWE: CWE-732 (https://cwe.mitre.org/data/definitions/732.html)
   More Info: https://bandit.readthedocs.io/en/1.7.7/plugins/b103_set_bad_file_permissions.html
   Location: .\tests\integration\test_signal_crashes.py:722:8
721	        os.close(fd)
722	        os.chmod(myexe, 0o4755)
723	

--------------------------------------------------
>> Issue: [B603:subprocess_without_shell_equals_true] subprocess call - check for execution of untrusted input.
   Severity: Low   Confidence: High
   CWE: CWE-78 (https://cwe.mitre.org/data/definitions/78.html)
   More Info: https://bandit.readthedocs.io/en/1.7.7/plugins/b603_subprocess_without_shell_equals_true.html
   Location: .\tests\integration\test_signal_crashes.py:814:8
813	        cmd = [str(APPORT_PATH)] + self._apport_args(process, sig, dump_mode)
814	        subprocess.check_call(cmd, stdin=stdin)
815	

--------------------------------------------------
>> Issue: [B603:subprocess_without_shell_equals_true] subprocess call - check for execution of untrusted input.
   Severity: Low   Confidence: High
   CWE: CWE-78 (https://cwe.mitre.org/data/definitions/78.html)
   More Info: https://bandit.readthedocs.io/en/1.7.7/plugins/b603_subprocess_without_shell_equals_true.html
   Location: .\tests\integration\test_signal_crashes.py:869:12
868	        try:
869	            subprocess.run(
870	                [str(APPORT_PATH)],
871	                check=True,
872	                preexec_fn=child_setup,
873	                pass_fds=[3],
874	                stdin=subprocess.DEVNULL,
875	            )
876	        finally:

--------------------------------------------------
>> Issue: [B607:start_process_with_partial_path] Starting a process with a partial executable path
   Severity: Low   Confidence: High
   CWE: CWE-78 (https://cwe.mitre.org/data/definitions/78.html)
   More Info: https://bandit.readthedocs.io/en/1.7.7/plugins/b607_start_process_with_partial_path.html
   Location: .\tests\integration\test_signal_crashes.py:882:14
881	        self.assertGreater(st.st_size, 10000)
882	        gdb = subprocess.run(
883	            [
884	                "gdb",
885	                "--batch",
886	                "-iex",
887	                "set debuginfod enable off",
888	                "--ex",
889	                "bt",
890	                command,
891	                core_path,
892	            ],
893	            check=True,
894	            stdout=subprocess.PIPE,
895	            stderr=subprocess.PIPE,
896	            text=True,
897	        )
898	        self.assertNotEqual(gdb.stdout.strip(), "")

--------------------------------------------------
>> Issue: [B603:subprocess_without_shell_equals_true] subprocess call - check for execution of untrusted input.
   Severity: Low   Confidence: High
   CWE: CWE-78 (https://cwe.mitre.org/data/definitions/78.html)
   More Info: https://bandit.readthedocs.io/en/1.7.7/plugins/b603_subprocess_without_shell_equals_true.html
   Location: .\tests\integration\test_signal_crashes.py:882:14
881	        self.assertGreater(st.st_size, 10000)
882	        gdb = subprocess.run(
883	            [
884	                "gdb",
885	                "--batch",
886	                "-iex",
887	                "set debuginfod enable off",
888	                "--ex",
889	                "bt",
890	                command,
891	                core_path,
892	            ],
893	            check=True,
894	            stdout=subprocess.PIPE,
895	            stderr=subprocess.PIPE,
896	            text=True,
897	        )
898	        self.assertNotEqual(gdb.stdout.strip(), "")

--------------------------------------------------
>> Issue: [B101:assert_used] Use of assert detected. The enclosed code will be removed when compiling to optimised byte code.
   Severity: Low   Confidence: High
   CWE: CWE-703 (https://cwe.mitre.org/data/definitions/703.html)
   More Info: https://bandit.readthedocs.io/en/1.7.7/plugins/b101_assert_used.html
   Location: .\tests\integration\test_signal_crashes.py:935:8
934	
935	        assert os.access(command, os.X_OK), command + " is not executable"
936	

--------------------------------------------------
>> Issue: [B603:subprocess_without_shell_equals_true] subprocess call - check for execution of untrusted input.
   Severity: Low   Confidence: High
   CWE: CWE-78 (https://cwe.mitre.org/data/definitions/78.html)
   More Info: https://bandit.readthedocs.io/en/1.7.7/plugins/b603_subprocess_without_shell_equals_true.html
   Location: .\tests\integration\test_signal_crashes.py:942:18
941	        # False positive, see https://github.com/PyCQA/pylint/issues/7092
942	        process = subprocess.Popen(  # pylint: disable=unexpected-keyword-arg
943	            [command] + args, env=env, stdout=subprocess.DEVNULL, user=uid
944	        )
945	

--------------------------------------------------
>> Issue: [B101:assert_used] Use of assert detected. The enclosed code will be removed when compiling to optimised byte code.
   Severity: Low   Confidence: High
   CWE: CWE-703 (https://cwe.mitre.org/data/definitions/703.html)
   More Info: https://bandit.readthedocs.io/en/1.7.7/plugins/b101_assert_used.html
   Location: .\tests\integration\test_signal_crashes.py:985:8
984	        """
985	        assert 0 <= suid_dumpable <= 2
986	        if command is None:

--------------------------------------------------
>> Issue: [B603:subprocess_without_shell_equals_true] subprocess call - check for execution of untrusted input.
   Severity: Low   Confidence: High
   CWE: CWE-78 (https://cwe.mitre.org/data/definitions/78.html)
   More Info: https://bandit.readthedocs.io/en/1.7.7/plugins/b603_subprocess_without_shell_equals_true.html
   Location: .\tests\integration\test_signal_crashes.py:1010:18
1009	        try:
1010	            gdb = subprocess.Popen(  # pylint: disable=consider-using-with
1011	                self.gdb_command(command, args, gdb_core_file, uid),
1012	                env={"HOME": self.workdir},
1013	                stdin=subprocess.PIPE,
1014	                stdout=subprocess.DEVNULL,  # ping produces output!
1015	            )
1016	        except FileNotFoundError as error:

--------------------------------------------------
>> Issue: [B404:blacklist] Consider possible security implications associated with the subprocess module.
   Severity: Low   Confidence: High
   CWE: CWE-78 (https://cwe.mitre.org/data/definitions/78.html)
   More Info: https://bandit.readthedocs.io/en/1.7.7/blacklists/blacklist_imports.html#b404-import-subprocess
   Location: .\tests\integration\test_ui.py:11:0
10	import stat
11	import subprocess
12	import tempfile

--------------------------------------------------
>> Issue: [B101:assert_used] Use of assert detected. The enclosed code will be removed when compiling to optimised byte code.
   Severity: Low   Confidence: High
   CWE: CWE-703 (https://cwe.mitre.org/data/definitions/703.html)
   More Info: https://bandit.readthedocs.io/en/1.7.7/plugins/b101_assert_used.html
   Location: .\tests\integration\test_ui.py:121:8
120	        self.present_details_shown = True
121	        assert self.present_details_response
122	        return self.present_details_response

--------------------------------------------------
>> Issue: [B101:assert_used] Use of assert detected. The enclosed code will be removed when compiling to optimised byte code.
   Severity: Low   Confidence: High
   CWE: CWE-703 (https://cwe.mitre.org/data/definitions/703.html)
   More Info: https://bandit.readthedocs.io/en/1.7.7/plugins/b101_assert_used.html
   Location: .\tests\integration\test_ui.py:139:8
138	    def ui_pulse_info_collection_progress(self):
139	        assert self.ic_progress_active
140	        self.ic_progress_pulses += 1

--------------------------------------------------
>> Issue: [B101:assert_used] Use of assert detected. The enclosed code will be removed when compiling to optimised byte code.
   Severity: Low   Confidence: High
   CWE: CWE-703 (https://cwe.mitre.org/data/definitions/703.html)
   More Info: https://bandit.readthedocs.io/en/1.7.7/plugins/b101_assert_used.html
   Location: .\tests\integration\test_ui.py:150:8
149	    def ui_set_upload_progress(self, progress: typing.Optional[float]) -> None:
150	        assert self.upload_progress_active
151	        self.upload_progress_pulses += 1

--------------------------------------------------
>> Issue: [B602:subprocess_popen_with_shell_equals_true] subprocess call with shell=True identified, security issue.
   Severity: High   Confidence: High
   CWE: CWE-78 (https://cwe.mitre.org/data/definitions/78.html)
   More Info: https://bandit.readthedocs.io/en/1.7.7/plugins/b602_subprocess_popen_with_shell_equals_true.html
   Location: .\tests\integration\test_ui.py:161:8
160	    def ui_run_terminal(self, command):
161	        subprocess.call(command, shell=True)
162	

--------------------------------------------------
>> Issue: [B603:subprocess_without_shell_equals_true] subprocess call - check for execution of untrusted input.
   Severity: Low   Confidence: High
   CWE: CWE-78 (https://cwe.mitre.org/data/definitions/78.html)
   More Info: https://bandit.readthedocs.io/en/1.7.7/plugins/b603_subprocess_without_shell_equals_true.html
   Location: .\tests\integration\test_ui.py:285:13
284	
285	        with subprocess.Popen(
286	            [exename] + self.TEST_ARGS, env=env
287	        ) as test_process:
288	            # give the execv() some time to finish

--------------------------------------------------
>> Issue: [B108:hardcoded_tmp_directory] Probable insecure usage of temp file/directory.
   Severity: Medium   Confidence: Medium
   CWE: CWE-377 (https://cwe.mitre.org/data/definitions/377.html)
   More Info: https://bandit.readthedocs.io/en/1.7.7/plugins/b108_hardcoded_tmp_directory.html
   Location: .\tests\integration\test_ui.py:595:40
594	        self.assertIn("package hook", self.ui.report["UnreportableReason"])
595	        self.assertFalse(os.path.exists("/tmp/pwned"))
596	

--------------------------------------------------
>> Issue: [B103:set_bad_file_permissions] Chmod setting a permissive mask 0o755 on file (exename).
   Severity: Medium   Confidence: High
   CWE: CWE-732 (https://cwe.mitre.org/data/definitions/732.html)
   More Info: https://bandit.readthedocs.io/en/1.7.7/plugins/b103_set_bad_file_permissions.html
   Location: .\tests\integration\test_ui.py:809:8
808	        os.close(fd)
809	        os.chmod(exename, 0o755)
810	

--------------------------------------------------
>> Issue: [B607:start_process_with_partial_path] Starting a process with a partial executable path
   Severity: Low   Confidence: High
   CWE: CWE-78 (https://cwe.mitre.org/data/definitions/78.html)
   More Info: https://bandit.readthedocs.io/en/1.7.7/plugins/b607_start_process_with_partial_path.html
   Location: .\tests\integration\test_ui.py:885:17
884	        try:
885	            with subprocess.Popen(
886	                [
887	                    "gdb",
888	                    "--batch",
889	                    "-iex",
890	                    "set debuginfod enable off",
891	                    "--ex",
892	                    f"run {' '.join(self.TEST_ARGS)}",
893	                    "--ex",
894	                    f"generate-core-file {core_path}",
895	                    self.TEST_EXECUTABLE,
896	                ],
897	                env={"HOME": self.workdir},
898	                stdout=subprocess.PIPE,
899	            ) as gdb:
900	                timeout = 10.0

--------------------------------------------------
>> Issue: [B603:subprocess_without_shell_equals_true] subprocess call - check for execution of untrusted input.
   Severity: Low   Confidence: High
   CWE: CWE-78 (https://cwe.mitre.org/data/definitions/78.html)
   More Info: https://bandit.readthedocs.io/en/1.7.7/plugins/b603_subprocess_without_shell_equals_true.html
   Location: .\tests\integration\test_ui.py:885:17
884	        try:
885	            with subprocess.Popen(
886	                [
887	                    "gdb",
888	                    "--batch",
889	                    "-iex",
890	                    "set debuginfod enable off",
891	                    "--ex",
892	                    f"run {' '.join(self.TEST_ARGS)}",
893	                    "--ex",
894	                    f"generate-core-file {core_path}",
895	                    self.TEST_EXECUTABLE,
896	                ],
897	                env={"HOME": self.workdir},
898	                stdout=subprocess.PIPE,
899	            ) as gdb:
900	                timeout = 10.0

--------------------------------------------------
>> Issue: [B101:assert_used] Use of assert detected. The enclosed code will be removed when compiling to optimised byte code.
   Severity: Low   Confidence: High
   CWE: CWE-703 (https://cwe.mitre.org/data/definitions/703.html)
   More Info: https://bandit.readthedocs.io/en/1.7.7/plugins/b101_assert_used.html
   Location: .\tests\integration\test_ui.py:928:16
927	                os.waitpid(gdb.pid, 0)
928	                assert os.path.exists(core_path)
929	                r["CoreDump"] = (core_path,)

--------------------------------------------------
>> Issue: [B108:hardcoded_tmp_directory] Probable insecure usage of temp file/directory.
   Severity: Medium   Confidence: Medium
   CWE: CWE-377 (https://cwe.mitre.org/data/definitions/377.html)
   More Info: https://bandit.readthedocs.io/en/1.7.7/plugins/b108_hardcoded_tmp_directory.html
   Location: .\tests\integration\test_ui.py:1133:40
1132	
1133	        self.assertFalse(os.path.exists("/tmp/pwned"))
1134	        self.assertIn("invalid crash database definition", self.ui.msg_text)

--------------------------------------------------
>> Issue: [B108:hardcoded_tmp_directory] Probable insecure usage of temp file/directory.
   Severity: Medium   Confidence: Medium
   CWE: CWE-377 (https://cwe.mitre.org/data/definitions/377.html)
   More Info: https://bandit.readthedocs.io/en/1.7.7/plugins/b108_hardcoded_tmp_directory.html
   Location: .\tests\integration\test_ui.py:1156:44
1155	
1156	            self.assertFalse(os.path.exists("/tmp/pwned"))
1157	            self.assertIn("invalid Package:", self.ui.msg_text)

--------------------------------------------------
>> Issue: [B108:hardcoded_tmp_directory] Probable insecure usage of temp file/directory.
   Severity: Medium   Confidence: Medium
   CWE: CWE-377 (https://cwe.mitre.org/data/definitions/377.html)
   More Info: https://bandit.readthedocs.io/en/1.7.7/plugins/b108_hardcoded_tmp_directory.html
   Location: .\tests\integration\test_ui.py:1161:19
1160	        """ExecutablePath: path traversal"""
1161	        hook_dir = "/tmp/share/apport/package-hooks"
1162	        os.makedirs(hook_dir, exist_ok=True)

--------------------------------------------------
>> Issue: [B108:hardcoded_tmp_directory] Probable insecure usage of temp file/directory.
   Severity: Medium   Confidence: Medium
   CWE: CWE-377 (https://cwe.mitre.org/data/definitions/377.html)
   More Info: https://bandit.readthedocs.io/en/1.7.7/plugins/b108_hardcoded_tmp_directory.html
   Location: .\tests\integration\test_ui.py:1180:44
1179	
1180	            self.assertFalse(os.path.exists("/tmp/pwned"))
1181	

--------------------------------------------------
>> Issue: [B101:assert_used] Use of assert detected. The enclosed code will be removed when compiling to optimised byte code.
   Severity: Low   Confidence: High
   CWE: CWE-703 (https://cwe.mitre.org/data/definitions/703.html)
   More Info: https://bandit.readthedocs.io/en/1.7.7/plugins/b101_assert_used.html
   Location: .\tests\integration\test_ui.py:1552:12
1551	            )
1552	            assert self.crash_signature_addresses() is not None
1553	

--------------------------------------------------
>> Issue: [B108:hardcoded_tmp_directory] Probable insecure usage of temp file/directory.
   Severity: Medium   Confidence: Medium
   CWE: CWE-377 (https://cwe.mitre.org/data/definitions/377.html)
   More Info: https://bandit.readthedocs.io/en/1.7.7/plugins/b108_hardcoded_tmp_directory.html
   Location: .\tests\integration\test_ui.py:2270:16
2269	                "apport-cli",
2270	                "/tmp/f oo" + suffix,
2271	                {

--------------------------------------------------
>> Issue: [B108:hardcoded_tmp_directory] Probable insecure usage of temp file/directory.
   Severity: Medium   Confidence: Medium
   CWE: CWE-377 (https://cwe.mitre.org/data/definitions/377.html)
   More Info: https://bandit.readthedocs.io/en/1.7.7/plugins/b108_hardcoded_tmp_directory.html
   Location: .\tests\integration\test_ui.py:2275:34
2274	                    "pid": None,
2275	                    "crash_file": "/tmp/f oo" + suffix,
2276	                    "symptom": None,

--------------------------------------------------
>> Issue: [B108:hardcoded_tmp_directory] Probable insecure usage of temp file/directory.
   Severity: Medium   Confidence: Medium
   CWE: CWE-377 (https://cwe.mitre.org/data/definitions/377.html)
   More Info: https://bandit.readthedocs.io/en/1.7.7/plugins/b108_hardcoded_tmp_directory.html
   Location: .\tests\integration\test_ui.py:2429:17
2428	            _chk(
2429	                ["/tmp/f oo" + suffix],
2430	                {

--------------------------------------------------
>> Issue: [B108:hardcoded_tmp_directory] Probable insecure usage of temp file/directory.
   Severity: Medium   Confidence: Medium
   CWE: CWE-377 (https://cwe.mitre.org/data/definitions/377.html)
   More Info: https://bandit.readthedocs.io/en/1.7.7/plugins/b108_hardcoded_tmp_directory.html
   Location: .\tests\integration\test_ui.py:2434:34
2433	                    "pid": None,
2434	                    "crash_file": "/tmp/f oo" + suffix,
2435	                    "symptom": None,

--------------------------------------------------
>> Issue: [B108:hardcoded_tmp_directory] Probable insecure usage of temp file/directory.
   Severity: Medium   Confidence: Medium
   CWE: CWE-377 (https://cwe.mitre.org/data/definitions/377.html)
   More Info: https://bandit.readthedocs.io/en/1.7.7/plugins/b108_hardcoded_tmp_directory.html
   Location: .\tests\integration\test_ui.py:2516:37
2515	        self.assertRaises(
2516	            SystemExit, _chk, ["-c", "/tmp/foo.report", "-u", "1234"], {}
2517	        )

--------------------------------------------------
>> Issue: [B404:blacklist] Consider possible security implications associated with the subprocess module.
   Severity: Low   Confidence: High
   CWE: CWE-78 (https://cwe.mitre.org/data/definitions/78.html)
   More Info: https://bandit.readthedocs.io/en/1.7.7/blacklists/blacklist_imports.html#b404-import-subprocess
   Location: .\tests\integration\test_unkillable_shutdown.py:17:0
16	import signal
17	import subprocess
18	import tempfile

--------------------------------------------------
>> Issue: [B603:subprocess_without_shell_equals_true] subprocess call - check for execution of untrusted input.
   Severity: Low   Confidence: High
   CWE: CWE-78 (https://cwe.mitre.org/data/definitions/78.html)
   More Info: https://bandit.readthedocs.io/en/1.7.7/plugins/b603_subprocess_without_shell_equals_true.html
   Location: .\tests\integration\test_unkillable_shutdown.py:46:18
45	            cmd += [arg for pid in omit for arg in ["-o", str(pid)]]
46	        process = subprocess.run(
47	            cmd,
48	            check=False,
49	            env=self.env,
50	            stdout=subprocess.PIPE,
51	            stderr=subprocess.PIPE,
52	            text=True,
53	        )
54	        self.assertEqual(process.returncode, 0, process.stderr)

--------------------------------------------------
>> Issue: [B603:subprocess_without_shell_equals_true] subprocess call - check for execution of untrusted input.
   Severity: Low   Confidence: High
   CWE: CWE-78 (https://cwe.mitre.org/data/definitions/78.html)
   More Info: https://bandit.readthedocs.io/en/1.7.7/plugins/b603_subprocess_without_shell_equals_true.html
   Location: .\tests\integration\test_unkillable_shutdown.py:73:17
72	            cmd = [self.TEST_EXECUTABLE] + self.TEST_ARGS
73	            with subprocess.Popen(cmd) as test_process:
74	                queue.put(test_process.pid)

--------------------------------------------------
>> Issue: [B404:blacklist] Consider possible security implications associated with the subprocess module.
   Severity: Low   Confidence: High
   CWE: CWE-78 (https://cwe.mitre.org/data/definitions/78.html)
   More Info: https://bandit.readthedocs.io/en/1.7.7/blacklists/blacklist_imports.html#b404-import-subprocess
   Location: .\tests\system\test_apport_valgrind.py:12:0
11	import shutil
12	import subprocess
13	import tempfile

--------------------------------------------------
>> Issue: [B603:subprocess_without_shell_equals_true] subprocess call - check for execution of untrusted input.
   Severity: Low   Confidence: High
   CWE: CWE-78 (https://cwe.mitre.org/data/definitions/78.html)
   More Info: https://bandit.readthedocs.io/en/1.7.7/plugins/b603_subprocess_without_shell_equals_true.html
   Location: .\tests\system\test_apport_valgrind.py:56:8
55	        ]
56	        subprocess.check_call(cmd, env=self.env)
57	

--------------------------------------------------
>> Issue: [B404:blacklist] Consider possible security implications associated with the subprocess module.
   Severity: Low   Confidence: High
   CWE: CWE-78 (https://cwe.mitre.org/data/definitions/78.html)
   More Info: https://bandit.readthedocs.io/en/1.7.7/blacklists/blacklist_imports.html#b404-import-subprocess
   Location: .\tests\system\test_packaging_apt_dpkg.py:5:0
4	import shutil
5	import subprocess
6	import tempfile

--------------------------------------------------
>> Issue: [B607:start_process_with_partial_path] Starting a process with a partial executable path
   Severity: Low   Confidence: High
   CWE: CWE-78 (https://cwe.mitre.org/data/definitions/78.html)
   More Info: https://bandit.readthedocs.io/en/1.7.7/plugins/b607_start_process_with_partial_path.html
   Location: .\tests\system\test_packaging_apt_dpkg.py:190:15
189	        # can interleave with other operations
190	        dpkg = subprocess.run(
191	            ["dpkg-query", "-Wf${Version}", "dash"],
192	            check=True,
193	            stdout=subprocess.PIPE,
194	        )
195	        dash_version = dpkg.stdout.decode()

--------------------------------------------------
>> Issue: [B603:subprocess_without_shell_equals_true] subprocess call - check for execution of untrusted input.
   Severity: Low   Confidence: High
   CWE: CWE-78 (https://cwe.mitre.org/data/definitions/78.html)
   More Info: https://bandit.readthedocs.io/en/1.7.7/plugins/b603_subprocess_without_shell_equals_true.html
   Location: .\tests\system\test_packaging_apt_dpkg.py:190:15
189	        # can interleave with other operations
190	        dpkg = subprocess.run(
191	            ["dpkg-query", "-Wf${Version}", "dash"],
192	            check=True,
193	            stdout=subprocess.PIPE,
194	        )
195	        dash_version = dpkg.stdout.decode()

--------------------------------------------------
>> Issue: [B607:start_process_with_partial_path] Starting a process with a partial executable path
   Severity: Low   Confidence: High
   CWE: CWE-78 (https://cwe.mitre.org/data/definitions/78.html)
   More Info: https://bandit.readthedocs.io/en/1.7.7/plugins/b607_start_process_with_partial_path.html
   Location: .\tests\system\test_packaging_apt_dpkg.py:857:14
856	
857	        gpg = subprocess.run(
858	            [
859	                "gpg",
860	                "--no-options",
861	                "--no-default-keyring",
862	                "--no-auto-check-trustdb",
863	                "--trust-model",
864	                "always",
865	                "--batch",
866	                "--list-keys",
867	                "--keyring",
868	                os.path.join(
869	                    self.rootdir,
870	                    "etc",
871	                    "apt",
872	                    "trusted.gpg.d",
873	                    "LP-PPA-daisy-pluckers-daisy-seeds.gpg",
874	                ),
875	            ],
876	            check=True,
877	            stdout=subprocess.PIPE,
878	        )
879	        apt_keys = gpg.stdout.decode()

--------------------------------------------------
>> Issue: [B603:subprocess_without_shell_equals_true] subprocess call - check for execution of untrusted input.
   Severity: Low   Confidence: High
   CWE: CWE-78 (https://cwe.mitre.org/data/definitions/78.html)
   More Info: https://bandit.readthedocs.io/en/1.7.7/plugins/b603_subprocess_without_shell_equals_true.html
   Location: .\tests\system\test_packaging_apt_dpkg.py:857:14
856	
857	        gpg = subprocess.run(
858	            [
859	                "gpg",
860	                "--no-options",
861	                "--no-default-keyring",
862	                "--no-auto-check-trustdb",
863	                "--trust-model",
864	                "always",
865	                "--batch",
866	                "--list-keys",
867	                "--keyring",
868	                os.path.join(
869	                    self.rootdir,
870	                    "etc",
871	                    "apt",
872	                    "trusted.gpg.d",
873	                    "LP-PPA-daisy-pluckers-daisy-seeds.gpg",
874	                ),
875	            ],
876	            check=True,
877	            stdout=subprocess.PIPE,
878	        )
879	        apt_keys = gpg.stdout.decode()

--------------------------------------------------
>> Issue: [B607:start_process_with_partial_path] Starting a process with a partial executable path
   Severity: Low   Confidence: High
   CWE: CWE-78 (https://cwe.mitre.org/data/definitions/78.html)
   More Info: https://bandit.readthedocs.io/en/1.7.7/plugins/b607_start_process_with_partial_path.html
   Location: .\tests\system\test_packaging_apt_dpkg.py:913:14
912	
913	        gpg = subprocess.run(
914	            [
915	                "gpg",
916	                "--no-options",
917	                "--no-default-keyring",
918	                "--no-auto-check-trustdb",
919	                "--trust-model",
920	                "always",
921	                "--batch",
922	                "--list-keys",
923	                "--keyring",
924	                os.path.join(
925	                    self.rootdir,
926	                    "etc",
927	                    "apt",
928	                    "trusted.gpg.d",
929	                    "LP-PPA-apport-hackers.gpg",
930	                ),
931	            ],
932	            check=True,
933	            stdout=subprocess.PIPE,
934	        )
935	        apt_keys = gpg.stdout.decode()

--------------------------------------------------
>> Issue: [B603:subprocess_without_shell_equals_true] subprocess call - check for execution of untrusted input.
   Severity: Low   Confidence: High
   CWE: CWE-78 (https://cwe.mitre.org/data/definitions/78.html)
   More Info: https://bandit.readthedocs.io/en/1.7.7/plugins/b603_subprocess_without_shell_equals_true.html
   Location: .\tests\system\test_packaging_apt_dpkg.py:913:14
912	
913	        gpg = subprocess.run(
914	            [
915	                "gpg",
916	                "--no-options",
917	                "--no-default-keyring",
918	                "--no-auto-check-trustdb",
919	                "--trust-model",
920	                "always",
921	                "--batch",
922	                "--list-keys",
923	                "--keyring",
924	                os.path.join(
925	                    self.rootdir,
926	                    "etc",
927	                    "apt",
928	                    "trusted.gpg.d",
929	                    "LP-PPA-apport-hackers.gpg",
930	                ),
931	            ],
932	            check=True,
933	            stdout=subprocess.PIPE,
934	        )
935	        apt_keys = gpg.stdout.decode()

--------------------------------------------------
>> Issue: [B603:subprocess_without_shell_equals_true] subprocess call - check for execution of untrusted input.
   Severity: Low   Confidence: High
   CWE: CWE-78 (https://cwe.mitre.org/data/definitions/78.html)
   More Info: https://bandit.readthedocs.io/en/1.7.7/plugins/b603_subprocess_without_shell_equals_true.html
   Location: .\tests\system\test_packaging_apt_dpkg.py:1115:16
1114	                ]
1115	                subprocess.check_call(gpg_cmd, stdout=gpg_key)
1116	        except FileNotFoundError as error:  # pragma: no cover

--------------------------------------------------
>> Issue: [B607:start_process_with_partial_path] Starting a process with a partial executable path
   Severity: Low   Confidence: High
   CWE: CWE-78 (https://cwe.mitre.org/data/definitions/78.html)
   More Info: https://bandit.readthedocs.io/en/1.7.7/plugins/b607_start_process_with_partial_path.html
   Location: .\tests\system\test_packaging_apt_dpkg.py:1152:18
1151	        # get ELF machine type
1152	        readelf = subprocess.run(
1153	            ["readelf", "-e", path],
1154	            check=True,
1155	            env={},
1156	            stdout=subprocess.PIPE,
1157	            text=True,
1158	        )
1159	        for line in readelf.stdout.splitlines():

--------------------------------------------------
>> Issue: [B603:subprocess_without_shell_equals_true] subprocess call - check for execution of untrusted input.
   Severity: Low   Confidence: High
   CWE: CWE-78 (https://cwe.mitre.org/data/definitions/78.html)
   More Info: https://bandit.readthedocs.io/en/1.7.7/plugins/b603_subprocess_without_shell_equals_true.html
   Location: .\tests\system\test_packaging_apt_dpkg.py:1152:18
1151	        # get ELF machine type
1152	        readelf = subprocess.run(
1153	            ["readelf", "-e", path],
1154	            check=True,
1155	            env={},
1156	            stdout=subprocess.PIPE,
1157	            text=True,
1158	        )
1159	        for line in readelf.stdout.splitlines():

--------------------------------------------------
>> Issue: [B404:blacklist] Consider possible security implications associated with the subprocess module.
   Severity: Low   Confidence: High
   CWE: CWE-78 (https://cwe.mitre.org/data/definitions/78.html)
   More Info: https://bandit.readthedocs.io/en/1.7.7/blacklists/blacklist_imports.html#b404-import-subprocess
   Location: .\tests\system\test_python_crashes.py:16:0
15	import shutil
16	import subprocess
17	import tempfile

--------------------------------------------------
>> Issue: [B108:hardcoded_tmp_directory] Probable insecure usage of temp file/directory.
   Severity: Medium   Confidence: Medium
   CWE: CWE-377 (https://cwe.mitre.org/data/definitions/377.html)
   More Info: https://bandit.readthedocs.io/en/1.7.7/plugins/b108_hardcoded_tmp_directory.html
   Location: .\tests\system\test_python_crashes.py:59:48
58	        else:
59	            (fd, script) = tempfile.mkstemp(dir="/var/tmp")
60	            self.addCleanup(os.unlink, script)

--------------------------------------------------
>> Issue: [B103:set_bad_file_permissions] Chmod setting a permissive mask 0o755 on file (script).
   Severity: Medium   Confidence: High
   CWE: CWE-732 (https://cwe.mitre.org/data/definitions/732.html)
   More Info: https://bandit.readthedocs.io/en/1.7.7/plugins/b103_set_bad_file_permissions.html
   Location: .\tests\system\test_python_crashes.py:77:8
76	        os.close(fd)
77	        os.chmod(script, 0o755)
78	        env = self.env.copy()

--------------------------------------------------
>> Issue: [B603:subprocess_without_shell_equals_true] subprocess call - check for execution of untrusted input.
   Severity: Low   Confidence: High
   CWE: CWE-78 (https://cwe.mitre.org/data/definitions/78.html)
   More Info: https://bandit.readthedocs.io/en/1.7.7/plugins/b603_subprocess_without_shell_equals_true.html
   Location: .\tests\system\test_python_crashes.py:81:18
80	
81	        process = subprocess.run(
82	            [script, "testarg1", "testarg2"],
83	            check=False,
84	            stderr=subprocess.PIPE,
85	            env=env,
86	            text=True,
87	        )
88	        self.assertEqual(

--------------------------------------------------
>> Issue: [B607:start_process_with_partial_path] Starting a process with a partial executable path
   Severity: Low   Confidence: High
   CWE: CWE-78 (https://cwe.mitre.org/data/definitions/78.html)
   More Info: https://bandit.readthedocs.io/en/1.7.7/plugins/b607_start_process_with_partial_path.html
   Location: .\tests\system\test_python_crashes.py:126:8
125	        (not running)"""
126	        subprocess.call(["killall", "gvfsd-metadata"])
127	        self._test_crash(

--------------------------------------------------
>> Issue: [B603:subprocess_without_shell_equals_true] subprocess call - check for execution of untrusted input.
   Severity: Low   Confidence: High
   CWE: CWE-78 (https://cwe.mitre.org/data/definitions/78.html)
   More Info: https://bandit.readthedocs.io/en/1.7.7/plugins/b603_subprocess_without_shell_equals_true.html
   Location: .\tests\system\test_python_crashes.py:126:8
125	        (not running)"""
126	        subprocess.call(["killall", "gvfsd-metadata"])
127	        self._test_crash(

--------------------------------------------------
>> Issue: [B607:start_process_with_partial_path] Starting a process with a partial executable path
   Severity: Low   Confidence: High
   CWE: CWE-78 (https://cwe.mitre.org/data/definitions/78.html)
   More Info: https://bandit.readthedocs.io/en/1.7.7/plugins/b607_start_process_with_partial_path.html
   Location: .\tests\system\test_python_crashes.py:187:12
186	        try:
187	            subprocess.call(["killall", "-STOP", "gvfsd-metadata"])
188	            self._test_crash(

--------------------------------------------------
>> Issue: [B603:subprocess_without_shell_equals_true] subprocess call - check for execution of untrusted input.
   Severity: Low   Confidence: High
   CWE: CWE-78 (https://cwe.mitre.org/data/definitions/78.html)
   More Info: https://bandit.readthedocs.io/en/1.7.7/plugins/b603_subprocess_without_shell_equals_true.html
   Location: .\tests\system\test_python_crashes.py:187:12
186	        try:
187	            subprocess.call(["killall", "-STOP", "gvfsd-metadata"])
188	            self._test_crash(

--------------------------------------------------
>> Issue: [B607:start_process_with_partial_path] Starting a process with a partial executable path
   Severity: Low   Confidence: High
   CWE: CWE-78 (https://cwe.mitre.org/data/definitions/78.html)
   More Info: https://bandit.readthedocs.io/en/1.7.7/plugins/b607_start_process_with_partial_path.html
   Location: .\tests\system\test_python_crashes.py:202:12
201	        finally:
202	            subprocess.call(["killall", "-CONT", "gvfsd-metadata"])
203	

--------------------------------------------------
>> Issue: [B603:subprocess_without_shell_equals_true] subprocess call - check for execution of untrusted input.
   Severity: Low   Confidence: High
   CWE: CWE-78 (https://cwe.mitre.org/data/definitions/78.html)
   More Info: https://bandit.readthedocs.io/en/1.7.7/plugins/b603_subprocess_without_shell_equals_true.html
   Location: .\tests\system\test_python_crashes.py:202:12
201	        finally:
202	            subprocess.call(["killall", "-CONT", "gvfsd-metadata"])
203	

--------------------------------------------------
>> Issue: [B404:blacklist] Consider possible security implications associated with the subprocess module.
   Severity: Low   Confidence: High
   CWE: CWE-78 (https://cwe.mitre.org/data/definitions/78.html)
   More Info: https://bandit.readthedocs.io/en/1.7.7/blacklists/blacklist_imports.html#b404-import-subprocess
   Location: .\tests\system\test_signal_crashes.py:6:0
5	import signal
6	import subprocess
7	import sys

--------------------------------------------------
>> Issue: [B108:hardcoded_tmp_directory] Probable insecure usage of temp file/directory.
   Severity: Medium   Confidence: Medium
   CWE: CWE-377 (https://cwe.mitre.org/data/definitions/377.html)
   More Info: https://bandit.readthedocs.io/en/1.7.7/plugins/b108_hardcoded_tmp_directory.html
   Location: .\tests\system\test_signal_crashes.py:107:17
106	        # that's the place where to put core dumps, etc.
107	        os.chdir("/tmp")
108	

--------------------------------------------------
>> Issue: [B603:subprocess_without_shell_equals_true] subprocess call - check for execution of untrusted input.
   Severity: Low   Confidence: High
   CWE: CWE-78 (https://cwe.mitre.org/data/definitions/78.html)
   More Info: https://bandit.readthedocs.io/en/1.7.7/plugins/b603_subprocess_without_shell_equals_true.html
   Location: .\tests\system\test_signal_crashes.py:149:17
148	        try:
149	            with subprocess.Popen(
150	                [
151	                    self.apport_path,
152	                    "-p",
153	                    str(test_proc.pid),
154	                    "-s",
155	                    "42",
156	                    "-c",
157	                    "0",
158	                    "-d",
159	                    "1",
160	                ],
161	                stdin=subprocess.PIPE,
162	                stderr=subprocess.PIPE,
163	            ) as app:
164	                # pipe an entire total memory size worth of spaces into it,

--------------------------------------------------
>> Issue: [B101:assert_used] Use of assert detected. The enclosed code will be removed when compiling to optimised byte code.
   Severity: Low   Confidence: High
   CWE: CWE-703 (https://cwe.mitre.org/data/definitions/703.html)
   More Info: https://bandit.readthedocs.io/en/1.7.7/plugins/b101_assert_used.html
   Location: .\tests\system\test_signal_crashes.py:267:8
266	
267	        assert os.access(command, os.X_OK), command + " is not executable"
268	

--------------------------------------------------
>> Issue: [B603:subprocess_without_shell_equals_true] subprocess call - check for execution of untrusted input.
   Severity: Low   Confidence: High
   CWE: CWE-78 (https://cwe.mitre.org/data/definitions/78.html)
   More Info: https://bandit.readthedocs.io/en/1.7.7/plugins/b603_subprocess_without_shell_equals_true.html
   Location: .\tests\system\test_signal_crashes.py:274:18
273	        # False positive, see https://github.com/PyCQA/pylint/issues/7092
274	        process = subprocess.Popen(  # pylint: disable=unexpected-keyword-arg
275	            [command] + args, env=env, stdout=subprocess.DEVNULL, user=uid
276	        )
277	

--------------------------------------------------
>> Issue: [B404:blacklist] Consider possible security implications associated with the subprocess module.
   Severity: Low   Confidence: High
   CWE: CWE-78 (https://cwe.mitre.org/data/definitions/78.html)
   More Info: https://bandit.readthedocs.io/en/1.7.7/blacklists/blacklist_imports.html#b404-import-subprocess
   Location: .\tests\system\test_ui_gtk.py:14:0
13	import shutil
14	import subprocess
15	import tempfile

--------------------------------------------------
>> Issue: [B108:hardcoded_tmp_directory] Probable insecure usage of temp file/directory.
   Severity: Medium   Confidence: Medium
   CWE: CWE-377 (https://cwe.mitre.org/data/definitions/377.html)
   More Info: https://bandit.readthedocs.io/en/1.7.7/plugins/b108_hardcoded_tmp_directory.html
   Location: .\tests\system\test_ui_gtk.py:630:31
629	        """Bug layout from a loaded report."""
630	        self.app.report_file = "/tmp/foo.apport"
631	        self.app.report = apport.report.Report("Bug")

--------------------------------------------------
>> Issue: [B603:subprocess_without_shell_equals_true] subprocess call - check for execution of untrusted input.
   Severity: Low   Confidence: High
   CWE: CWE-78 (https://cwe.mitre.org/data/definitions/78.html)
   More Info: https://bandit.readthedocs.io/en/1.7.7/plugins/b603_subprocess_without_shell_equals_true.html
   Location: .\tests\system\test_ui_gtk.py:972:8
971	        os.remove(self.app.report_file)
972	        subprocess.run(
973	            [get_data_directory() / "kernel_oops"],
974	            check=True,
975	            input=b"Plasma conduit phase misalignment",
976	        )
977	

--------------------------------------------------
>> Issue: [B101:assert_used] Use of assert detected. The enclosed code will be removed when compiling to optimised byte code.
   Severity: Low   Confidence: High
   CWE: CWE-703 (https://cwe.mitre.org/data/definitions/703.html)
   More Info: https://bandit.readthedocs.io/en/1.7.7/plugins/b101_assert_used.html
   Location: .\tests\unit\test_crashdb.py:27:8
26	        # indeed equal and exist
27	        assert self.crashes.download(
28	            3
29	        ).crash_signature(), (
30	            "test-suite internal check: Python crash sigs exist"
31	        )
32	        self.assertEqual(

--------------------------------------------------
>> Issue: [B108:hardcoded_tmp_directory] Probable insecure usage of temp file/directory.
   Severity: Medium   Confidence: Medium
   CWE: CWE-377 (https://cwe.mitre.org/data/definitions/377.html)
   More Info: https://bandit.readthedocs.io/en/1.7.7/plugins/b108_hardcoded_tmp_directory.html
   Location: .\tests\unit\test_fileutils.py:34:58
33	        )
34	        self.assertEqual(apport.fileutils.likely_packaged("/tmp/foo"), False)
35	        # ignore crashes in /var/lib (LP#122859, LP#414368)

--------------------------------------------------
>> Issue: [B404:blacklist] Consider possible security implications associated with the subprocess module.
   Severity: Low   Confidence: High
   CWE: CWE-78 (https://cwe.mitre.org/data/definitions/78.html)
   More Info: https://bandit.readthedocs.io/en/1.7.7/blacklists/blacklist_imports.html#b404-import-subprocess
   Location: .\tests\unit\test_hookutils.py:2:0
1	import re
2	import subprocess
3	import time

--------------------------------------------------
>> Issue: [B108:hardcoded_tmp_directory] Probable insecure usage of temp file/directory.
   Severity: Medium   Confidence: Medium
   CWE: CWE-377 (https://cwe.mitre.org/data/definitions/377.html)
   More Info: https://bandit.readthedocs.io/en/1.7.7/plugins/b108_hardcoded_tmp_directory.html
   Location: .\tests\unit\test_problem_report.py:92:45
91	        self.assertRaises(
92	            TypeError, pr.__setitem__, "a", ("/tmp/nonexistant", "")
93	        )

--------------------------------------------------
>> Issue: [B108:hardcoded_tmp_directory] Probable insecure usage of temp file/directory.
   Severity: Medium   Confidence: Medium
   CWE: CWE-377 (https://cwe.mitre.org/data/definitions/377.html)
   More Info: https://bandit.readthedocs.io/en/1.7.7/plugins/b108_hardcoded_tmp_directory.html
   Location: .\tests\unit\test_problem_report.py:98:13
97	            "a",
98	            ("/tmp/nonexistant", False, 0, True, "bogus"),
99	        )

--------------------------------------------------
>> Issue: [B108:hardcoded_tmp_directory] Probable insecure usage of temp file/directory.
   Severity: Medium   Confidence: Medium
   CWE: CWE-377 (https://cwe.mitre.org/data/definitions/377.html)
   More Info: https://bandit.readthedocs.io/en/1.7.7/plugins/b108_hardcoded_tmp_directory.html
   Location: .\tests\unit\test_problem_report.py:100:59
99	        )
100	        self.assertRaises(TypeError, pr.__setitem__, "a", ["/tmp/nonexistant"])
101	        self.assertRaises(KeyError, pr.__getitem__, "Nonexistant")

--------------------------------------------------
>> Issue: [B108:hardcoded_tmp_directory] Probable insecure usage of temp file/directory.
   Severity: Medium   Confidence: Medium
   CWE: CWE-377 (https://cwe.mitre.org/data/definitions/377.html)
   More Info: https://bandit.readthedocs.io/en/1.7.7/plugins/b108_hardcoded_tmp_directory.html
   Location: .\tests\unit\test_sandboxutils.py:63:45
62	        packaging_mock.install_packages.return_value = "obsolete\n"
63	        with tempfile.TemporaryDirectory(dir="/var/tmp") as tmpdir:
64	            config_dir = os.path.join(tmpdir, "config")

--------------------------------------------------
>> Issue: [B101:assert_used] Use of assert detected. The enclosed code will be removed when compiling to optimised byte code.
   Severity: Low   Confidence: High
   CWE: CWE-703 (https://cwe.mitre.org/data/definitions/703.html)
   More Info: https://bandit.readthedocs.io/en/1.7.7/plugins/b101_assert_used.html
   Location: .\tests\unit\test_signal_crashes.py:119:8
118	            self.skipTest("systemd Python module not available")
119	        assert listen_fds
120	        self.assertNotIn("LISTEN_FDS", os.environ)

--------------------------------------------------
>> Issue: [B101:assert_used] Use of assert detected. The enclosed code will be removed when compiling to optimised byte code.
   Severity: Low   Confidence: High
   CWE: CWE-703 (https://cwe.mitre.org/data/definitions/703.html)
   More Info: https://bandit.readthedocs.io/en/1.7.7/plugins/b101_assert_used.html
   Location: .\tests\unit\test_signal_crashes.py:248:8
247	        """Test is_closing_session() where D-Bus socket does not exist."""
248	        assert not os.path.exists("/run/user/1337/bus")
249	        with tempfile.TemporaryDirectory() as tmpdir:

--------------------------------------------------
>> Issue: [B101:assert_used] Use of assert detected. The enclosed code will be removed when compiling to optimised byte code.
   Severity: Low   Confidence: High
   CWE: CWE-703 (https://cwe.mitre.org/data/definitions/703.html)
   More Info: https://bandit.readthedocs.io/en/1.7.7/plugins/b101_assert_used.html
   Location: .\tests\unit\test_signal_crashes.py:296:8
295	        fake_pid = 2147483647
296	        assert not os.path.exists(f"/proc/{fake_pid}")
297	        with self.assertLogs(level="ERROR") as error_logs:

--------------------------------------------------

Code scanned:
	Total lines of code: 28012
	Total lines skipped (#nosec): 0
	Total potential issues skipped due to specifically being disabled (e.g., #nosec BXXX): 0

Run metrics:
	Total issues (by severity):
		Undefined: 0
		Low: 319
		Medium: 71
		High: 3
	Total issues (by confidence):
		Undefined: 0
		Low: 0
		Medium: 39
		High: 354
Files skipped (0):
