Working... ---------------------------------------- 100% 0:00:24
Run started:2024-02-10 20:23:15.551005

Test results:
>> Issue: [B307:blacklist] Use of possibly insecure function - consider using safer ast.literal_eval.
   Severity: Medium   Confidence: High
   CWE: CWE-78 (https://cwe.mitre.org/data/definitions/78.html)
   More Info: https://bandit.readthedocs.io/en/1.7.7/blacklists/blacklist_calls.html#b307-eval
   Location: .\scipy\fftpack\__init__.py:103:21
102	for k in ['fft', 'ifft', 'fftn', 'ifftn', 'fft2', 'ifft2']:
103	    register_func(k, eval(k))
104	del k, register_func

--------------------------------------------------
>> Issue: [B404:blacklist] Consider possible security implications associated with the subprocess module.
   Severity: Low   Confidence: High
   CWE: CWE-78 (https://cwe.mitre.org/data/definitions/78.html)
   More Info: https://bandit.readthedocs.io/en/1.7.7/blacklists/blacklist_imports.html#b404-import-subprocess
   Location: .\scipy\fftpack\tests\gen_fftw_ref.py:3:0
2	
3	from subprocess import Popen, PIPE, STDOUT
4	

--------------------------------------------------
>> Issue: [B603:subprocess_without_shell_equals_true] subprocess call - check for execution of untrusted input.
   Severity: Low   Confidence: High
   CWE: CWE-78 (https://cwe.mitre.org/data/definitions/78.html)
   More Info: https://bandit.readthedocs.io/en/1.7.7/plugins/b603_subprocess_without_shell_equals_true.html
   Location: .\scipy\fftpack\tests\gen_fftw_ref.py:22:16
21	        for sz in SZ:
22	            a = Popen([pg, str(type), str(sz)], stdout=PIPE, stderr=STDOUT)
23	            st = [i.strip() for i in a.stdout.readlines()]

--------------------------------------------------
>> Issue: [B307:blacklist] Use of possibly insecure function - consider using safer ast.literal_eval.
   Severity: Medium   Confidence: High
   CWE: CWE-78 (https://cwe.mitre.org/data/definitions/78.html)
   More Info: https://bandit.readthedocs.io/en/1.7.7/blacklists/blacklist_calls.html#b307-eval
   Location: .\scipy\interpolate\interpolate.py:837:15
836	    try:
837	        func = eval('_find_%s' % kind)
838	    except:

--------------------------------------------------
>> Issue: [B403:blacklist] Consider possible security implications associated with pickle module.
   Severity: Low   Confidence: High
   CWE: CWE-502 (https://cwe.mitre.org/data/definitions/502.html)
   More Info: https://bandit.readthedocs.io/en/1.7.7/blacklists/blacklist_imports.html#b403-import-pickle
   Location: .\scipy\interpolate\tests\test_interpnd.py:10:0
9	
10	import pickle
11	

--------------------------------------------------
>> Issue: [B301:blacklist] Pickle and modules that wrap it can be unsafe when used to deserialize untrusted data, possible security issue.
   Severity: Medium   Confidence: High
   CWE: CWE-502 (https://cwe.mitre.org/data/definitions/502.html)
   More Info: https://bandit.readthedocs.io/en/1.7.7/blacklists/blacklist_calls.html#b301-pickle
   Location: .\scipy\interpolate\tests\test_interpnd.py:104:14
103	        ip = interpnd.LinearNDInterpolator(x, y)
104	        ip2 = pickle.loads(pickle.dumps(ip))
105	

--------------------------------------------------
>> Issue: [B301:blacklist] Pickle and modules that wrap it can be unsafe when used to deserialize untrusted data, possible security issue.
   Severity: Medium   Confidence: High
   CWE: CWE-502 (https://cwe.mitre.org/data/definitions/502.html)
   More Info: https://bandit.readthedocs.io/en/1.7.7/blacklists/blacklist_calls.html#b301-pickle
   Location: .\scipy\interpolate\tests\test_interpnd.py:235:14
234	        ip = interpnd.CloughTocher2DInterpolator(x, y)
235	        ip2 = pickle.loads(pickle.dumps(ip))
236	

--------------------------------------------------
>> Issue: [B102:exec_used] Use of exec detected.
   Severity: Medium   Confidence: High
   CWE: CWE-78 (https://cwe.mitre.org/data/definitions/78.html)
   More Info: https://bandit.readthedocs.io/en/1.7.7/plugins/b102_exec_used.html
   Location: .\scipy\interpolate\tests\test_interpolate_wrapper.py:83:12
82	        for test_name in test_list:
83	            exec("self.%s()" % test_name)
84	

--------------------------------------------------
>> Issue: [B306:blacklist] Use of insecure and deprecated function (mktemp).
   Severity: Medium   Confidence: High
   CWE: CWE-377 (https://cwe.mitre.org/data/definitions/377.html)
   More Info: https://bandit.readthedocs.io/en/1.7.7/blacklists/blacklist_calls.html#b306-mktemp-q
   Location: .\scipy\io\tests\test_mmio.py:17:13
16	        a = [[1,2],[3,4]]
17	        fn = mktemp()
18	        mmwrite(fn,a)

--------------------------------------------------
>> Issue: [B306:blacklist] Use of insecure and deprecated function (mktemp).
   Severity: Medium   Confidence: High
   CWE: CWE-377 (https://cwe.mitre.org/data/definitions/377.html)
   More Info: https://bandit.readthedocs.io/en/1.7.7/blacklists/blacklist_calls.html#b306-mktemp-q
   Location: .\scipy\io\tests\test_mmio.py:25:13
24	        a = [[1,2,3],[4,5,6]]
25	        fn = mktemp()
26	        mmwrite(fn,a)

--------------------------------------------------
>> Issue: [B306:blacklist] Use of insecure and deprecated function (mktemp).
   Severity: Medium   Confidence: High
   CWE: CWE-377 (https://cwe.mitre.org/data/definitions/377.html)
   More Info: https://bandit.readthedocs.io/en/1.7.7/blacklists/blacklist_calls.html#b306-mktemp-q
   Location: .\scipy\io\tests\test_mmio.py:33:13
32	        a = [[1,2],[3.5,4],[5,6]]
33	        fn = mktemp()
34	        mmwrite(fn,a)

--------------------------------------------------
>> Issue: [B306:blacklist] Use of insecure and deprecated function (mktemp).
   Severity: Medium   Confidence: High
   CWE: CWE-377 (https://cwe.mitre.org/data/definitions/377.html)
   More Info: https://bandit.readthedocs.io/en/1.7.7/blacklists/blacklist_calls.html#b306-mktemp-q
   Location: .\scipy\io\tests\test_mmio.py:41:13
40	        a = [[1,2],[3,4.0]]
41	        fn = mktemp()
42	        mmwrite(fn,a)

--------------------------------------------------
>> Issue: [B306:blacklist] Use of insecure and deprecated function (mktemp).
   Severity: Medium   Confidence: High
   CWE: CWE-377 (https://cwe.mitre.org/data/definitions/377.html)
   More Info: https://bandit.readthedocs.io/en/1.7.7/blacklists/blacklist_calls.html#b306-mktemp-q
   Location: .\scipy\io\tests\test_mmio.py:49:13
48	        a = [[1,2],[3,4j]]
49	        fn = mktemp()
50	        mmwrite(fn,a)

--------------------------------------------------
>> Issue: [B306:blacklist] Use of insecure and deprecated function (mktemp).
   Severity: Medium   Confidence: High
   CWE: CWE-377 (https://cwe.mitre.org/data/definitions/377.html)
   More Info: https://bandit.readthedocs.io/en/1.7.7/blacklists/blacklist_calls.html#b306-mktemp-q
   Location: .\scipy\io\tests\test_mmio.py:57:13
56	        a = [[1,2],[2,4]]
57	        fn = mktemp()
58	        mmwrite(fn,a)

--------------------------------------------------
>> Issue: [B306:blacklist] Use of insecure and deprecated function (mktemp).
   Severity: Medium   Confidence: High
   CWE: CWE-377 (https://cwe.mitre.org/data/definitions/377.html)
   More Info: https://bandit.readthedocs.io/en/1.7.7/blacklists/blacklist_calls.html#b306-mktemp-q
   Location: .\scipy\io\tests\test_mmio.py:65:13
64	        a = [[1,2],[-2,4]]
65	        fn = mktemp()
66	        mmwrite(fn,a)

--------------------------------------------------
>> Issue: [B306:blacklist] Use of insecure and deprecated function (mktemp).
   Severity: Medium   Confidence: High
   CWE: CWE-377 (https://cwe.mitre.org/data/definitions/377.html)
   More Info: https://bandit.readthedocs.io/en/1.7.7/blacklists/blacklist_calls.html#b306-mktemp-q
   Location: .\scipy\io\tests\test_mmio.py:73:13
72	        a = array([[1,2],[-2.0,4]],'f')
73	        fn = mktemp()
74	        mmwrite(fn,a)

--------------------------------------------------
>> Issue: [B306:blacklist] Use of insecure and deprecated function (mktemp).
   Severity: Medium   Confidence: High
   CWE: CWE-377 (https://cwe.mitre.org/data/definitions/377.html)
   More Info: https://bandit.readthedocs.io/en/1.7.7/blacklists/blacklist_calls.html#b306-mktemp-q
   Location: .\scipy\io\tests\test_mmio.py:81:13
80	        a = [[1,2+3j],[2-3j,4]]
81	        fn = mktemp()
82	        mmwrite(fn,a)

--------------------------------------------------
>> Issue: [B306:blacklist] Use of insecure and deprecated function (mktemp).
   Severity: Medium   Confidence: High
   CWE: CWE-377 (https://cwe.mitre.org/data/definitions/377.html)
   More Info: https://bandit.readthedocs.io/en/1.7.7/blacklists/blacklist_calls.html#b306-mktemp-q
   Location: .\scipy\io\tests\test_mmio.py:91:13
90	        a = a + transpose(a)
91	        fn = mktemp()
92	        mmwrite(fn,a)

--------------------------------------------------
>> Issue: [B306:blacklist] Use of insecure and deprecated function (mktemp).
   Severity: Medium   Confidence: High
   CWE: CWE-377 (https://cwe.mitre.org/data/definitions/377.html)
   More Info: https://bandit.readthedocs.io/en/1.7.7/blacklists/blacklist_calls.html#b306-mktemp-q
   Location: .\scipy\io\tests\test_mmio.py:100:13
99	        a = rand(*sz)
100	        fn = mktemp()
101	        mmwrite(fn,a)

--------------------------------------------------
>> Issue: [B306:blacklist] Use of insecure and deprecated function (mktemp).
   Severity: Medium   Confidence: High
   CWE: CWE-377 (https://cwe.mitre.org/data/definitions/377.html)
   More Info: https://bandit.readthedocs.io/en/1.7.7/blacklists/blacklist_calls.html#b306-mktemp-q
   Location: .\scipy\io\tests\test_mmio.py:191:13
190	        """read a general matrix"""
191	        fn = mktemp()
192	        f = open(fn,'w')

--------------------------------------------------
>> Issue: [B306:blacklist] Use of insecure and deprecated function (mktemp).
   Severity: Medium   Confidence: High
   CWE: CWE-377 (https://cwe.mitre.org/data/definitions/377.html)
   More Info: https://bandit.readthedocs.io/en/1.7.7/blacklists/blacklist_calls.html#b306-mktemp-q
   Location: .\scipy\io\tests\test_mmio.py:206:13
205	        """read a hermitian matrix"""
206	        fn = mktemp()
207	        f = open(fn,'w')

--------------------------------------------------
>> Issue: [B306:blacklist] Use of insecure and deprecated function (mktemp).
   Severity: Medium   Confidence: High
   CWE: CWE-377 (https://cwe.mitre.org/data/definitions/377.html)
   More Info: https://bandit.readthedocs.io/en/1.7.7/blacklists/blacklist_calls.html#b306-mktemp-q
   Location: .\scipy\io\tests\test_mmio.py:221:13
220	        """read a skew-symmetric matrix"""
221	        fn = mktemp()
222	        f = open(fn,'w')

--------------------------------------------------
>> Issue: [B306:blacklist] Use of insecure and deprecated function (mktemp).
   Severity: Medium   Confidence: High
   CWE: CWE-377 (https://cwe.mitre.org/data/definitions/377.html)
   More Info: https://bandit.readthedocs.io/en/1.7.7/blacklists/blacklist_calls.html#b306-mktemp-q
   Location: .\scipy\io\tests\test_mmio.py:236:13
235	        """read a symmetric matrix"""
236	        fn = mktemp()
237	        f = open(fn,'w')

--------------------------------------------------
>> Issue: [B306:blacklist] Use of insecure and deprecated function (mktemp).
   Severity: Medium   Confidence: High
   CWE: CWE-377 (https://cwe.mitre.org/data/definitions/377.html)
   More Info: https://bandit.readthedocs.io/en/1.7.7/blacklists/blacklist_calls.html#b306-mktemp-q
   Location: .\scipy\io\tests\test_mmio.py:251:13
250	        """read a symmetric pattern matrix"""
251	        fn = mktemp()
252	        f = open(fn,'w')

--------------------------------------------------
>> Issue: [B306:blacklist] Use of insecure and deprecated function (mktemp).
   Severity: Medium   Confidence: High
   CWE: CWE-377 (https://cwe.mitre.org/data/definitions/377.html)
   More Info: https://bandit.readthedocs.io/en/1.7.7/blacklists/blacklist_calls.html#b306-mktemp-q
   Location: .\scipy\io\tests\test_mmio.py:268:13
267	        b = scipy.sparse.coo_matrix((10,10))
268	        fn = mktemp()
269	        mmwrite(fn,b)

--------------------------------------------------
>> Issue: [B306:blacklist] Use of insecure and deprecated function (mktemp).
   Severity: Medium   Confidence: High
   CWE: CWE-377 (https://cwe.mitre.org/data/definitions/377.html)
   More Info: https://bandit.readthedocs.io/en/1.7.7/blacklists/blacklist_calls.html#b306-mktemp-q
   Location: .\scipy\io\tests\test_mmio.py:284:13
283	
284	        fn = mktemp()
285	        mmwrite(fn,b)

--------------------------------------------------
>> Issue: [B306:blacklist] Use of insecure and deprecated function (mktemp).
   Severity: Medium   Confidence: High
   CWE: CWE-377 (https://cwe.mitre.org/data/definitions/377.html)
   More Info: https://bandit.readthedocs.io/en/1.7.7/blacklists/blacklist_calls.html#b306-mktemp-q
   Location: .\scipy\io\tests\test_mmio.py:300:13
299	
300	        fn = mktemp()
301	        mmwrite(fn,b)

--------------------------------------------------
>> Issue: [B306:blacklist] Use of insecure and deprecated function (mktemp).
   Severity: Medium   Confidence: High
   CWE: CWE-377 (https://cwe.mitre.org/data/definitions/377.html)
   More Info: https://bandit.readthedocs.io/en/1.7.7/blacklists/blacklist_calls.html#b306-mktemp-q
   Location: .\scipy\io\tests\test_mmio.py:324:21
323	            for fmt in ['csr','csc','coo']:
324	                fn = mktemp()
325	                mmwrite(fn, mat.asformat(fmt))

--------------------------------------------------
>> Issue: [B101:assert_used] Use of assert detected. The enclosed code will be removed when compiling to optimised byte code.
   Severity: Low   Confidence: High
   CWE: CWE-703 (https://cwe.mitre.org/data/definitions/703.html)
   More Info: https://bandit.readthedocs.io/en/1.7.7/plugins/b101_assert_used.html
   Location: .\scipy\lib\blas\setup.py:68:8
67	        name = ext.name.split('.')[-1]
68	        assert name=='cblas', repr(name)
69	        if atlas_version is None:

--------------------------------------------------
>> Issue: [B101:assert_used] Use of assert detected. The enclosed code will be removed when compiling to optimised byte code.
   Severity: Low   Confidence: High
   CWE: CWE-703 (https://cwe.mitre.org/data/definitions/703.html)
   More Info: https://bandit.readthedocs.io/en/1.7.7/plugins/b101_assert_used.html
   Location: .\scipy\lib\blas\setup.py:78:12
77	            target = ext.depends[0]
78	            assert os.path.basename(target)=='cblas.pyf.src'
79	        return target

--------------------------------------------------
>> Issue: [B110:try_except_pass] Try, Except, Pass detected.
   Severity: Low   Confidence: High
   CWE: CWE-703 (https://cwe.mitre.org/data/definitions/703.html)
   More Info: https://bandit.readthedocs.io/en/1.7.7/plugins/b110_try_except_pass.html
   Location: .\scipy\lib\blas\tests\test_fblas.py:409:8
408	            assert_(0)
409	        except:
410	            pass
411	        try:

--------------------------------------------------
>> Issue: [B110:try_except_pass] Try, Except, Pass detected.
   Severity: Low   Confidence: High
   CWE: CWE-703 (https://cwe.mitre.org/data/definitions/703.html)
   More Info: https://bandit.readthedocs.io/en/1.7.7/plugins/b110_try_except_pass.html
   Location: .\scipy\lib\blas\tests\test_fblas.py:414:8
413	            assert_(0)
414	        except:
415	            pass
416	

--------------------------------------------------
>> Issue: [B110:try_except_pass] Try, Except, Pass detected.
   Severity: Low   Confidence: High
   CWE: CWE-703 (https://cwe.mitre.org/data/definitions/703.html)
   More Info: https://bandit.readthedocs.io/en/1.7.7/plugins/b110_try_except_pass.html
   Location: .\scipy\lib\blas\tests\test_fblas.py:437:8
436	            assert_(0)
437	        except:
438	            pass
439	        try:

--------------------------------------------------
>> Issue: [B110:try_except_pass] Try, Except, Pass detected.
   Severity: Low   Confidence: High
   CWE: CWE-703 (https://cwe.mitre.org/data/definitions/703.html)
   More Info: https://bandit.readthedocs.io/en/1.7.7/plugins/b110_try_except_pass.html
   Location: .\scipy\lib\blas\tests\test_fblas.py:442:8
441	            assert_(0)
442	        except:
443	            pass
444	

--------------------------------------------------
>> Issue: [B101:assert_used] Use of assert detected. The enclosed code will be removed when compiling to optimised byte code.
   Severity: Low   Confidence: High
   CWE: CWE-703 (https://cwe.mitre.org/data/definitions/703.html)
   More Info: https://bandit.readthedocs.io/en/1.7.7/plugins/b101_assert_used.html
   Location: .\scipy\lib\decorator.py:124:8
123	        # check existence required attributes
124	        assert hasattr(self, 'name')
125	        if not hasattr(self, 'signature'):

--------------------------------------------------
>> Issue: [B102:exec_used] Use of exec detected.
   Severity: Medium   Confidence: High
   CWE: CWE-78 (https://cwe.mitre.org/data/definitions/78.html)
   More Info: https://bandit.readthedocs.io/en/1.7.7/plugins/b102_exec_used.html
   Location: .\scipy\lib\lapack\__init__.py:224:20
223	                    import new
224	                    exec(_colmajor_func_template % {'func_name':func_name})
225	                    func = new.function(func_code,{'clapack_func':func2},func_name)

--------------------------------------------------
>> Issue: [B101:assert_used] Use of assert detected. The enclosed code will be removed when compiling to optimised byte code.
   Severity: Low   Confidence: High
   CWE: CWE-703 (https://cwe.mitre.org/data/definitions/703.html)
   More Info: https://bandit.readthedocs.io/en/1.7.7/plugins/b101_assert_used.html
   Location: .\scipy\lib\lapack\setup.py:44:8
43	        name = ext.name.split('.')[-1]
44	        assert name=='clapack', repr(name)
45	        if atlas_version is None:

--------------------------------------------------
>> Issue: [B101:assert_used] Use of assert detected. The enclosed code will be removed when compiling to optimised byte code.
   Severity: Low   Confidence: High
   CWE: CWE-703 (https://cwe.mitre.org/data/definitions/703.html)
   More Info: https://bandit.readthedocs.io/en/1.7.7/plugins/b101_assert_used.html
   Location: .\scipy\lib\lapack\setup.py:54:12
53	            target = ext.depends[0]
54	            assert os.path.basename(target)=='clapack.pyf.src'
55	        return target

--------------------------------------------------
>> Issue: [B102:exec_used] Use of exec detected.
   Severity: Medium   Confidence: High
   CWE: CWE-78 (https://cwe.mitre.org/data/definitions/78.html)
   More Info: https://bandit.readthedocs.io/en/1.7.7/plugins/b102_exec_used.html
   Location: .\scipy\lib\six.py:330:8
329	            locs = globs
330	        exec("""exec code in globs, locs""")
331	

--------------------------------------------------
>> Issue: [B307:blacklist] Use of possibly insecure function - consider using safer ast.literal_eval.
   Severity: Medium   Confidence: High
   CWE: CWE-78 (https://cwe.mitre.org/data/definitions/78.html)
   More Info: https://bandit.readthedocs.io/en/1.7.7/blacklists/blacklist_calls.html#b307-eval
   Location: .\scipy\linalg\__init__.py:168:25
167	    try:
168	        register_func(k, eval(k))
169	    except ValueError:

--------------------------------------------------
>> Issue: [B101:assert_used] Use of assert detected. The enclosed code will be removed when compiling to optimised byte code.
   Severity: Low   Confidence: High
   CWE: CWE-703 (https://cwe.mitre.org/data/definitions/703.html)
   More Info: https://bandit.readthedocs.io/en/1.7.7/plugins/b101_assert_used.html
   Location: .\scipy\linalg\_decomp_qz.py:177:8
176	    try:
177	        assert a_m == a_n == b_m == b_n
178	    except AssertionError:

--------------------------------------------------
>> Issue: [B101:assert_used] Use of assert detected. The enclosed code will be removed when compiling to optimised byte code.
   Severity: Low   Confidence: High
   CWE: CWE-703 (https://cwe.mitre.org/data/definitions/703.html)
   More Info: https://bandit.readthedocs.io/en/1.7.7/plugins/b101_assert_used.html
   Location: .\scipy\linalg\tests\test_blas.py:70:4
69	    f, g = get_blas_funcs(('nrm2', 'dot'), dtype=np.complex64)
70	    assert f.typecode == 'c'
71	    assert g.typecode == 'c'

--------------------------------------------------
>> Issue: [B101:assert_used] Use of assert detected. The enclosed code will be removed when compiling to optimised byte code.
   Severity: Low   Confidence: High
   CWE: CWE-703 (https://cwe.mitre.org/data/definitions/703.html)
   More Info: https://bandit.readthedocs.io/en/1.7.7/plugins/b101_assert_used.html
   Location: .\scipy\linalg\tests\test_blas.py:71:4
70	    assert f.typecode == 'c'
71	    assert g.typecode == 'c'
72	

--------------------------------------------------
>> Issue: [B101:assert_used] Use of assert detected. The enclosed code will be removed when compiling to optimised byte code.
   Severity: Low   Confidence: High
   CWE: CWE-703 (https://cwe.mitre.org/data/definitions/703.html)
   More Info: https://bandit.readthedocs.io/en/1.7.7/plugins/b101_assert_used.html
   Location: .\scipy\linalg\tests\test_blas.py:74:4
73	    f, g, h = get_blas_funcs(('dot', 'dotc', 'dotu'), dtype=np.float64)
74	    assert f is g
75	    assert f is h

--------------------------------------------------
>> Issue: [B101:assert_used] Use of assert detected. The enclosed code will be removed when compiling to optimised byte code.
   Severity: Low   Confidence: High
   CWE: CWE-703 (https://cwe.mitre.org/data/definitions/703.html)
   More Info: https://bandit.readthedocs.io/en/1.7.7/plugins/b101_assert_used.html
   Location: .\scipy\linalg\tests\test_blas.py:75:4
74	    assert f is g
75	    assert f is h
76	

--------------------------------------------------
>> Issue: [B404:blacklist] Consider possible security implications associated with the subprocess module.
   Severity: Low   Confidence: High
   CWE: CWE-78 (https://cwe.mitre.org/data/definitions/78.html)
   More Info: https://bandit.readthedocs.io/en/1.7.7/blacklists/blacklist_imports.html#b404-import-subprocess
   Location: .\scipy\linalg\tests\test_build.py:3:0
2	
3	from subprocess import call, PIPE, Popen
4	import sys

--------------------------------------------------
>> Issue: [B603:subprocess_without_shell_equals_true] subprocess call - check for execution of untrusted input.
   Severity: Low   Confidence: High
   CWE: CWE-78 (https://cwe.mitre.org/data/definitions/78.html)
   More Info: https://bandit.readthedocs.io/en/1.7.7/plugins/b603_subprocess_without_shell_equals_true.html
   Location: .\scipy\linalg\tests\test_build.py:19:17
18	        try:
19	            st = call(self.cmd, stdout=PIPE, stderr=PIPE)
20	        except OSError:

--------------------------------------------------
>> Issue: [B603:subprocess_without_shell_equals_true] subprocess call - check for execution of untrusted input.
   Severity: Low   Confidence: High
   CWE: CWE-78 (https://cwe.mitre.org/data/definitions/78.html)
   More Info: https://bandit.readthedocs.io/en/1.7.7/plugins/b603_subprocess_without_shell_equals_true.html
   Location: .\scipy\linalg\tests\test_build.py:24:12
23	    def get_dependencies(self, file):
24	        p = Popen(self.cmd + [file], stdout=PIPE, stderr=PIPE)
25	        stdout, stderr = p.communicate()

--------------------------------------------------
>> Issue: [B110:try_except_pass] Try, Except, Pass detected.
   Severity: Low   Confidence: High
   CWE: CWE-703 (https://cwe.mitre.org/data/definitions/703.html)
   More Info: https://bandit.readthedocs.io/en/1.7.7/plugins/b110_try_except_pass.html
   Location: .\scipy\linalg\tests\test_fblas.py:406:8
405	            assert_(0)
406	        except:
407	            pass
408	        try:

--------------------------------------------------
>> Issue: [B110:try_except_pass] Try, Except, Pass detected.
   Severity: Low   Confidence: High
   CWE: CWE-703 (https://cwe.mitre.org/data/definitions/703.html)
   More Info: https://bandit.readthedocs.io/en/1.7.7/plugins/b110_try_except_pass.html
   Location: .\scipy\linalg\tests\test_fblas.py:411:8
410	            assert_(0)
411	        except:
412	            pass
413	

--------------------------------------------------
>> Issue: [B110:try_except_pass] Try, Except, Pass detected.
   Severity: Low   Confidence: High
   CWE: CWE-703 (https://cwe.mitre.org/data/definitions/703.html)
   More Info: https://bandit.readthedocs.io/en/1.7.7/plugins/b110_try_except_pass.html
   Location: .\scipy\linalg\tests\test_fblas.py:434:8
433	            assert_(0)
434	        except:
435	            pass
436	        try:

--------------------------------------------------
>> Issue: [B110:try_except_pass] Try, Except, Pass detected.
   Severity: Low   Confidence: High
   CWE: CWE-703 (https://cwe.mitre.org/data/definitions/703.html)
   More Info: https://bandit.readthedocs.io/en/1.7.7/plugins/b110_try_except_pass.html
   Location: .\scipy\linalg\tests\test_fblas.py:439:8
438	            assert_(0)
439	        except:
440	            pass
441	

--------------------------------------------------
>> Issue: [B403:blacklist] Consider possible security implications associated with pickle module.
   Severity: Low   Confidence: High
   CWE: CWE-502 (https://cwe.mitre.org/data/definitions/502.html)
   More Info: https://bandit.readthedocs.io/en/1.7.7/blacklists/blacklist_imports.html#b403-import-pickle
   Location: .\scipy\misc\common.py:487:4
486	    """
487	    import pickle, os
488	    fname = os.path.join(os.path.dirname(__file__),'lena.dat')

--------------------------------------------------
>> Issue: [B301:blacklist] Pickle and modules that wrap it can be unsafe when used to deserialize untrusted data, possible security issue.
   Severity: Medium   Confidence: High
   CWE: CWE-502 (https://cwe.mitre.org/data/definitions/502.html)
   More Info: https://bandit.readthedocs.io/en/1.7.7/blacklists/blacklist_calls.html#b301-pickle
   Location: .\scipy\misc\common.py:490:17
489	    f = open(fname,'rb')
490	    lena = array(pickle.load(f))
491	    f.close()

--------------------------------------------------
>> Issue: [B403:blacklist] Consider possible security implications associated with pickle module.
   Severity: Low   Confidence: High
   CWE: CWE-502 (https://cwe.mitre.org/data/definitions/502.html)
   More Info: https://bandit.readthedocs.io/en/1.7.7/blacklists/blacklist_imports.html#b403-import-pickle
   Location: .\scipy\misc\common.py:525:4
524	    """
525	    import pickle, os
526	    fname = os.path.join(os.path.dirname(__file__),'ascent.dat')

--------------------------------------------------
>> Issue: [B301:blacklist] Pickle and modules that wrap it can be unsafe when used to deserialize untrusted data, possible security issue.
   Severity: Medium   Confidence: High
   CWE: CWE-502 (https://cwe.mitre.org/data/definitions/502.html)
   More Info: https://bandit.readthedocs.io/en/1.7.7/blacklists/blacklist_calls.html#b301-pickle
   Location: .\scipy\misc\common.py:528:19
527	    f = open(fname,'rb')
528	    ascent = array(pickle.load(f))
529	    f.close()

--------------------------------------------------
>> Issue: [B605:start_process_with_a_shell] Starting a process with a shell, possible injection detected, security issue.
   Severity: High   Confidence: High
   CWE: CWE-78 (https://cwe.mitre.org/data/definitions/78.html)
   More Info: https://bandit.readthedocs.io/en/1.7.7/plugins/b605_start_process_with_a_shell.html
   Location: .\scipy\misc\pilutil.py:367:13
366	    cmd = os.environ.get('SCIPY_PIL_IMAGE_VIEWER','see')
367	    status = os.system("%s %s" % (cmd,fname))
368	

--------------------------------------------------
>> Issue: [B101:assert_used] Use of assert detected. The enclosed code will be removed when compiling to optimised byte code.
   Severity: Low   Confidence: High
   CWE: CWE-703 (https://cwe.mitre.org/data/definitions/703.html)
   More Info: https://bandit.readthedocs.io/en/1.7.7/plugins/b101_assert_used.html
   Location: .\scipy\ndimage\tests\test_measurements.py:281:8
280	        assert_array_almost_equal(output, 1)
281	        assert output.dtype == t
282	

--------------------------------------------------
>> Issue: [B311:blacklist] Standard pseudo-random generators are not suitable for security/cryptographic purposes.
   Severity: Low   Confidence: High
   CWE: CWE-330 (https://cwe.mitre.org/data/definitions/330.html)
   More Info: https://bandit.readthedocs.io/en/1.7.7/blacklists/blacklist_calls.html#b311-random
   Location: .\scipy\optimize\_tstutils.py:27:24
26	def f6(x) :
27	    if   x > 1 : return random()
28	    elif x < 1 : return -random()

--------------------------------------------------
>> Issue: [B311:blacklist] Standard pseudo-random generators are not suitable for security/cryptographic purposes.
   Severity: Low   Confidence: High
   CWE: CWE-330 (https://cwe.mitre.org/data/definitions/330.html)
   More Info: https://bandit.readthedocs.io/en/1.7.7/blacklists/blacklist_calls.html#b311-random
   Location: .\scipy\optimize\_tstutils.py:28:25
27	    if   x > 1 : return random()
28	    elif x < 1 : return -random()
29	    else : return 0

--------------------------------------------------
>> Issue: [B101:assert_used] Use of assert detected. The enclosed code will be removed when compiling to optimised byte code.
   Severity: Low   Confidence: High
   CWE: CWE-703 (https://cwe.mitre.org/data/definitions/703.html)
   More Info: https://bandit.readthedocs.io/en/1.7.7/plugins/b101_assert_used.html
   Location: .\scipy\optimize\anneal.py:55:8
54	
55	        assert(not self.dims is None)
56	        lrange = self.lower

--------------------------------------------------
>> Issue: [B307:blacklist] Use of possibly insecure function - consider using safer ast.literal_eval.
   Severity: Medium   Confidence: High
   CWE: CWE-78 (https://cwe.mitre.org/data/definitions/78.html)
   More Info: https://bandit.readthedocs.io/en/1.7.7/blacklists/blacklist_calls.html#b307-eval
   Location: .\scipy\optimize\anneal.py:374:15
373	
374	    schedule = eval(schedule+'_sa()')
375	    #   initialize the schedule

--------------------------------------------------
>> Issue: [B101:assert_used] Use of assert detected. The enclosed code will be removed when compiling to optimised byte code.
   Severity: Low   Confidence: High
   CWE: CWE-703 (https://cwe.mitre.org/data/definitions/703.html)
   More Info: https://bandit.readthedocs.io/en/1.7.7/plugins/b101_assert_used.html
   Location: .\scipy\optimize\nonlin.py:783:8
782	            return
783	        assert rank > 0
784	        if len(self.cs) > rank:

--------------------------------------------------
>> Issue: [B101:assert_used] Use of assert detected. The enclosed code will be removed when compiling to optimised byte code.
   Severity: Low   Confidence: High
   CWE: CWE-703 (https://cwe.mitre.org/data/definitions/703.html)
   More Info: https://bandit.readthedocs.io/en/1.7.7/plugins/b101_assert_used.html
   Location: .\scipy\optimize\nonlin.py:794:8
793	            return
794	        assert rank > 0
795	        while len(self.cs) > rank:

--------------------------------------------------
>> Issue: [B101:assert_used] Use of assert detected. The enclosed code will be removed when compiling to optimised byte code.
   Severity: Low   Confidence: High
   CWE: CWE-703 (https://cwe.mitre.org/data/definitions/703.html)
   More Info: https://bandit.readthedocs.io/en/1.7.7/plugins/b101_assert_used.html
   Location: .\scipy\optimize\tests\test__basinhopping.py:306:8
305	        ret = self.met(f_new=0., f_old=1.)
306	        assert isinstance(ret, bool)
307	

--------------------------------------------------
>> Issue: [B307:blacklist] Use of possibly insecure function - consider using safer ast.literal_eval.
   Severity: Medium   Confidence: High
   CWE: CWE-78 (https://cwe.mitre.org/data/definitions/78.html)
   More Info: https://bandit.readthedocs.io/en/1.7.7/blacklists/blacklist_calls.html#b307-eval
   Location: .\scipy\signal\signaltools.py:858:12
857	    for p in range(2):
858	        h = eval("h%d" % (p + 1))
859	        N1 = N[p]

--------------------------------------------------
>> Issue: [B102:exec_used] Use of exec detected.
   Severity: Medium   Confidence: High
   CWE: CWE-78 (https://cwe.mitre.org/data/definitions/78.html)
   More Info: https://bandit.readthedocs.io/en/1.7.7/plugins/b102_exec_used.html
   Location: .\scipy\signal\signaltools.py:866:8
865	            h[1:(N1 + 1) // 2] = 2
866	        exec("h%d = h" % (p + 1), globals(), locals())
867	

--------------------------------------------------
>> Issue: [B110:try_except_pass] Try, Except, Pass detected.
   Severity: Low   Confidence: High
   CWE: CWE-703 (https://cwe.mitre.org/data/definitions/703.html)
   More Info: https://bandit.readthedocs.io/en/1.7.7/plugins/b110_try_except_pass.html
   Location: .\scipy\signal\tests\test_signaltools.py:264:8
263	            signal.medfilt(None)
264	        except:
265	            pass
266	        # Expand on this test to avoid a regression with possible contiguous

--------------------------------------------------
>> Issue: [B307:blacklist] Use of possibly insecure function - consider using safer ast.literal_eval.
   Severity: Medium   Confidence: High
   CWE: CWE-78 (https://cwe.mitre.org/data/definitions/78.html)
   More Info: https://bandit.readthedocs.io/en/1.7.7/blacklists/blacklist_calls.html#b307-eval
   Location: .\scipy\sparse\benchmarks\bench_sparse.py:241:24
240	                while time.clock() < start + 0.5:
241	                    T = eval(format + '_matrix')(A.shape)
242	                    for i,j,v in zip(A.row,A.col,A.data):

--------------------------------------------------
>> Issue: [B307:blacklist] Use of possibly insecure function - consider using safer ast.literal_eval.
   Severity: Medium   Confidence: High
   CWE: CWE-78 (https://cwe.mitre.org/data/definitions/78.html)
   More Info: https://bandit.readthedocs.io/en/1.7.7/blacklists/blacklist_calls.html#b307-eval
   Location: .\scipy\sparse\csgraph\tests\test_graph_laplacian.py:27:14
26	    if not hasattr(mat, 'shape'):
27	        mat = eval(mat, dict(np=np, sparse=sparse))
28	

--------------------------------------------------
>> Issue: [B101:assert_used] Use of assert detected. The enclosed code will be removed when compiling to optimised byte code.
   Severity: Low   Confidence: High
   CWE: CWE-703 (https://cwe.mitre.org/data/definitions/703.html)
   More Info: https://bandit.readthedocs.io/en/1.7.7/plugins/b101_assert_used.html
   Location: .\scipy\sparse\dok.py:123:12
122	            i, j = key
123	            assert isintlike(i) and isintlike(j)
124	        except (AssertionError, TypeError, ValueError):

--------------------------------------------------
>> Issue: [B310:blacklist] Audit url open for permitted schemes. Allowing use of file:/ or custom schemes is often unexpected.
   Severity: Medium   Confidence: High
   CWE: CWE-22 (https://cwe.mitre.org/data/definitions/22.html)
   More Info: https://bandit.readthedocs.io/en/1.7.7/blacklists/blacklist_calls.html#b310-urllib-urlopen
   Location: .\scipy\sparse\linalg\dsolve\umfpack\tests\try_umfpack.py:81:31
80	        if sys.version_info[0] >= 3:
81	            fileName, status = urllib.request.urlretrieve( matrixName )
82	        else:

--------------------------------------------------
>> Issue: [B101:assert_used] Use of assert detected. The enclosed code will be removed when compiling to optimised byte code.
   Severity: Low   Confidence: High
   CWE: CWE-703 (https://cwe.mitre.org/data/definitions/703.html)
   More Info: https://bandit.readthedocs.io/en/1.7.7/plugins/b101_assert_used.html
   Location: .\scipy\sparse\linalg\eigen\lobpcg\lobpcg.py:438:12
437	        try:
438	            assert np.allclose( gramA.T, gramA )
439	        except:

--------------------------------------------------
>> Issue: [B101:assert_used] Use of assert detected. The enclosed code will be removed when compiling to optimised byte code.
   Severity: Low   Confidence: High
   CWE: CWE-703 (https://cwe.mitre.org/data/definitions/703.html)
   More Info: https://bandit.readthedocs.io/en/1.7.7/plugins/b101_assert_used.html
   Location: .\scipy\sparse\linalg\eigen\lobpcg\lobpcg.py:444:12
443	        try:
444	            assert np.allclose( gramB.T, gramB )
445	        except:

--------------------------------------------------
>> Issue: [B311:blacklist] Standard pseudo-random generators are not suitable for security/cryptographic purposes.
   Severity: Low   Confidence: High
   CWE: CWE-330 (https://cwe.mitre.org/data/definitions/330.html)
   More Info: https://bandit.readthedocs.io/en/1.7.7/blacklists/blacklist_calls.html#b311-random
   Location: .\scipy\sparse\tests\test_base.py:538:20
537	            for j in xrange(2):
538	                r = random.random()
539	                if r < frac:

--------------------------------------------------
>> Issue: [B307:blacklist] Use of possibly insecure function - consider using safer ast.literal_eval.
   Severity: Medium   Confidence: High
   CWE: CWE-78 (https://cwe.mitre.org/data/definitions/78.html)
   More Info: https://bandit.readthedocs.io/en/1.7.7/blacklists/blacklist_calls.html#b307-eval
   Location: .\scipy\sparse\tests\test_base.py:580:16
579	
580	            c = eval(format + '_matrix')(A)
581	            assert_equal(c.format,format)

--------------------------------------------------
>> Issue: [B311:blacklist] Standard pseudo-random generators are not suitable for security/cryptographic purposes.
   Severity: Low   Confidence: High
   CWE: CWE-330 (https://cwe.mitre.org/data/definitions/330.html)
   More Info: https://bandit.readthedocs.io/en/1.7.7/blacklists/blacklist_calls.html#b311-random
   Location: .\scipy\sparse\tests\test_base.py:1531:20
1530	            for j in xrange(2):
1531	                r = random.random()
1532	                if r < frac:

--------------------------------------------------
>> Issue: [B404:blacklist] Consider possible security implications associated with the subprocess module.
   Severity: Low   Confidence: High
   CWE: CWE-78 (https://cwe.mitre.org/data/definitions/78.html)
   More Info: https://bandit.readthedocs.io/en/1.7.7/blacklists/blacklist_imports.html#b404-import-subprocess
   Location: .\scipy\special\generate_ufuncs.py:343:0
342	import os
343	import subprocess
344	import optparse

--------------------------------------------------
>> Issue: [B607:start_process_with_partial_path] Starting a process with a partial executable path
   Severity: Low   Confidence: High
   CWE: CWE-78 (https://cwe.mitre.org/data/definitions/78.html)
   More Info: https://bandit.readthedocs.io/en/1.7.7/plugins/b607_start_process_with_partial_path.html
   Location: .\scipy\special\generate_ufuncs.py:875:4
874	
875	    subprocess.call(['cython', '_ufuncs.pyx'])
876	    subprocess.call(['cython', '--cplus', '-o', '_ufuncs_cxx.cxx',

--------------------------------------------------
>> Issue: [B603:subprocess_without_shell_equals_true] subprocess call - check for execution of untrusted input.
   Severity: Low   Confidence: High
   CWE: CWE-78 (https://cwe.mitre.org/data/definitions/78.html)
   More Info: https://bandit.readthedocs.io/en/1.7.7/plugins/b603_subprocess_without_shell_equals_true.html
   Location: .\scipy\special\generate_ufuncs.py:875:4
874	
875	    subprocess.call(['cython', '_ufuncs.pyx'])
876	    subprocess.call(['cython', '--cplus', '-o', '_ufuncs_cxx.cxx',

--------------------------------------------------
>> Issue: [B607:start_process_with_partial_path] Starting a process with a partial executable path
   Severity: Low   Confidence: High
   CWE: CWE-78 (https://cwe.mitre.org/data/definitions/78.html)
   More Info: https://bandit.readthedocs.io/en/1.7.7/plugins/b607_start_process_with_partial_path.html
   Location: .\scipy\special\generate_ufuncs.py:876:4
875	    subprocess.call(['cython', '_ufuncs.pyx'])
876	    subprocess.call(['cython', '--cplus', '-o', '_ufuncs_cxx.cxx',
877	                     '_ufuncs_cxx.pyx'])
878	

--------------------------------------------------
>> Issue: [B603:subprocess_without_shell_equals_true] subprocess call - check for execution of untrusted input.
   Severity: Low   Confidence: High
   CWE: CWE-78 (https://cwe.mitre.org/data/definitions/78.html)
   More Info: https://bandit.readthedocs.io/en/1.7.7/plugins/b603_subprocess_without_shell_equals_true.html
   Location: .\scipy\special\generate_ufuncs.py:876:4
875	    subprocess.call(['cython', '_ufuncs.pyx'])
876	    subprocess.call(['cython', '--cplus', '-o', '_ufuncs_cxx.cxx',
877	                     '_ufuncs_cxx.pyx'])
878	

--------------------------------------------------
>> Issue: [B112:try_except_continue] Try, Except, Continue detected.
   Severity: Low   Confidence: High
   CWE: CWE-703 (https://cwe.mitre.org/data/definitions/703.html)
   More Info: https://bandit.readthedocs.io/en/1.7.7/plugins/b112_try_except_continue.html
   Location: .\scipy\special\tests\test_mpmath.py:133:20
132	                        v = float(mpmath.hyp2f1(a, b, c, z))
133	                    except:
134	                        continue
135	                    dataset.append((a, b, c, z, v))

--------------------------------------------------
>> Issue: [B307:blacklist] Use of possibly insecure function - consider using safer ast.literal_eval.
   Severity: Medium   Confidence: High
   CWE: CWE-78 (https://cwe.mitre.org/data/definitions/78.html)
   More Info: https://bandit.readthedocs.io/en/1.7.7/blacklists/blacklist_calls.html#b307-eval
   Location: .\scipy\special\tests\test_orthogonal.py:260:20
259	            for pstr in poly:
260	                p = eval(pstr)
261	                assert_almost_equal(p(0.315), np.poly1d(p)(0.315), err_msg=pstr)

--------------------------------------------------
>> Issue: [B307:blacklist] Use of possibly insecure function - consider using safer ast.literal_eval.
   Severity: Medium   Confidence: High
   CWE: CWE-78 (https://cwe.mitre.org/data/definitions/78.html)
   More Info: https://bandit.readthedocs.io/en/1.7.7/blacklists/blacklist_calls.html#b307-eval
   Location: .\scipy\stats\_support.py:100:12
99	
100	    lines = eval('filter(lambda x: '+criterion+',a)')
101	    try:

--------------------------------------------------
>> Issue: [B102:exec_used] Use of exec detected.
   Severity: Medium   Confidence: High
   CWE: CWE-78 (https://cwe.mitre.org/data/definitions/78.html)
   More Info: https://bandit.readthedocs.io/en/1.7.7/plugins/b102_exec_used.html
   Location: .\scipy\stats\distributions.py:353:4
352	for obj in [s for s in dir() if s.startswith('_doc_')]:
353	    exec('del ' + obj)
354	del obj

--------------------------------------------------
>> Issue: [B307:blacklist] Use of possibly insecure function - consider using safer ast.literal_eval.
   Severity: Medium   Confidence: High
   CWE: CWE-78 (https://cwe.mitre.org/data/definitions/78.html)
   More Info: https://bandit.readthedocs.io/en/1.7.7/blacklists/blacklist_calls.html#b307-eval
   Location: .\scipy\stats\morestats.py:333:19
332	    try:
333	        ppf_func = eval('distributions.%s.ppf' % dist)
334	    except AttributeError:

--------------------------------------------------
>> Issue: [B307:blacklist] Use of possibly insecure function - consider using safer ast.literal_eval.
   Severity: Medium   Confidence: High
   CWE: CWE-78 (https://cwe.mitre.org/data/definitions/78.html)
   More Info: https://bandit.readthedocs.io/en/1.7.7/blacklists/blacklist_calls.html#b307-eval
   Location: .\scipy\stats\morestats.py:383:19
382	    try:
383	        ppf_func = eval('distributions.%s.ppf'%dist)
384	    except AttributeError:

--------------------------------------------------
>> Issue: [B307:blacklist] Use of possibly insecure function - consider using safer ast.literal_eval.
   Severity: Medium   Confidence: High
   CWE: CWE-78 (https://cwe.mitre.org/data/definitions/78.html)
   More Info: https://bandit.readthedocs.io/en/1.7.7/blacklists/blacklist_calls.html#b307-eval
   Location: .\scipy\stats\tests\test_distributions.py:22:10
21	    qtest = stats.ksoneisf(significance, N)
22	    cdf = eval('stats.'+diststr+'.cdf')
23	    dist = eval('stats.'+diststr)

--------------------------------------------------
>> Issue: [B307:blacklist] Use of possibly insecure function - consider using safer ast.literal_eval.
   Severity: Medium   Confidence: High
   CWE: CWE-78 (https://cwe.mitre.org/data/definitions/78.html)
   More Info: https://bandit.readthedocs.io/en/1.7.7/blacklists/blacklist_calls.html#b307-eval
   Location: .\scipy\stats\tests\test_distributions.py:23:11
22	    cdf = eval('stats.'+diststr+'.cdf')
23	    dist = eval('stats.'+diststr)
24	    # Get random numbers

--------------------------------------------------
>> Issue: [B110:try_except_pass] Try, Except, Pass detected.
   Severity: Low   Confidence: High
   CWE: CWE-703 (https://cwe.mitre.org/data/definitions/703.html)
   More Info: https://bandit.readthedocs.io/en/1.7.7/plugins/b110_try_except_pass.html
   Location: .\scipy\weave\__init__.py:38:0
37	    from .accelerate_tools import accelerate
38	except:
39	    pass
40	

--------------------------------------------------
>> Issue: [B403:blacklist] Consider possible security implications associated with Shelf module.
   Severity: Low   Confidence: High
   CWE: CWE-502 (https://cwe.mitre.org/data/definitions/502.html)
   More Info: https://bandit.readthedocs.io/en/1.7.7/blacklists/blacklist_imports.html#b403-import-pickle
   Location: .\scipy\weave\_dumb_shelve.py:3:0
2	
3	from shelve import Shelf
4	try:

--------------------------------------------------
>> Issue: [B403:blacklist] Consider possible security implications associated with pickle module.
   Severity: Low   Confidence: High
   CWE: CWE-502 (https://cwe.mitre.org/data/definitions/502.html)
   More Info: https://bandit.readthedocs.io/en/1.7.7/blacklists/blacklist_imports.html#b403-import-pickle
   Location: .\scipy\weave\_dumb_shelve.py:10:0
9	
10	import  pickle
11	

--------------------------------------------------
>> Issue: [B301:blacklist] Pickle and modules that wrap it can be unsafe when used to deserialize untrusted data, possible security issue.
   Severity: Medium   Confidence: High
   CWE: CWE-502 (https://cwe.mitre.org/data/definitions/502.html)
   More Info: https://bandit.readthedocs.io/en/1.7.7/blacklists/blacklist_calls.html#b301-pickle
   Location: .\scipy\weave\_dumb_shelve.py:32:15
31	
32	        return pickle.loads(r)
33	

--------------------------------------------------
>> Issue: [B307:blacklist] Use of possibly insecure function - consider using safer ast.literal_eval.
   Severity: Medium   Confidence: High
   CWE: CWE-78 (https://cwe.mitre.org/data/definitions/78.html)
   More Info: https://bandit.readthedocs.io/en/1.7.7/blacklists/blacklist_calls.html#b307-eval
   Location: .\scipy\weave\_dumbdbm_patched.py:61:34
60	                if not line: break
61	                key, (pos, siz) = eval(line)
62	                self._index[key] = (pos, siz)

--------------------------------------------------
>> Issue: [B307:blacklist] Use of possibly insecure function - consider using safer ast.literal_eval.
   Severity: Medium   Confidence: High
   CWE: CWE-78 (https://cwe.mitre.org/data/definitions/78.html)
   More Info: https://bandit.readthedocs.io/en/1.7.7/blacklists/blacklist_calls.html#b307-eval
   Location: .\scipy\weave\base_info.py:107:19
106	        for info in self:
107	            vals = eval('info.'+attribute+'()')
108	            all_values.extend(vals)

--------------------------------------------------
>> Issue: [B110:try_except_pass] Try, Except, Pass detected.
   Severity: Low   Confidence: High
   CWE: CWE-703 (https://cwe.mitre.org/data/definitions/703.html)
   More Info: https://bandit.readthedocs.io/en/1.7.7/plugins/b110_try_except_pass.html
   Location: .\scipy\weave\blitz_tools.py:43:4
42	        return results
43	    except:
44	        pass
45	    try:

--------------------------------------------------
>> Issue: [B102:exec_used] Use of exec detected.
   Severity: Medium   Confidence: High
   CWE: CWE-78 (https://cwe.mitre.org/data/definitions/78.html)
   More Info: https://bandit.readthedocs.io/en/1.7.7/plugins/b102_exec_used.html
   Location: .\scipy\weave\blitz_tools.py:70:12
69	            print('warning: compilation failed. Executing as python code')
70	            exec(expr, global_dict, local_dict)
71	

--------------------------------------------------
>> Issue: [B404:blacklist] Consider possible security implications associated with the subprocess module.
   Severity: Low   Confidence: High
   CWE: CWE-78 (https://cwe.mitre.org/data/definitions/78.html)
   More Info: https://bandit.readthedocs.io/en/1.7.7/blacklists/blacklist_imports.html#b404-import-subprocess
   Location: .\scipy\weave\build_tools.py:26:0
25	import commands
26	import subprocess
27	import warnings

--------------------------------------------------
>> Issue: [B602:subprocess_popen_with_shell_equals_true] subprocess call with shell=True identified, security issue.
   Severity: High   Confidence: High
   CWE: CWE-78 (https://cwe.mitre.org/data/definitions/78.html)
   More Info: https://bandit.readthedocs.io/en/1.7.7/plugins/b602_subprocess_popen_with_shell_equals_true.html
   Location: .\scipy\weave\build_tools.py:346:16
345	        if sys.platform == 'win32':
346	            p = subprocess.Popen(cmd, shell=True, stdout=subprocess.PIPE,
347	                                 stderr=subprocess.STDOUT)
348	        else:

--------------------------------------------------
>> Issue: [B603:subprocess_without_shell_equals_true] subprocess call - check for execution of untrusted input.
   Severity: Low   Confidence: High
   CWE: CWE-78 (https://cwe.mitre.org/data/definitions/78.html)
   More Info: https://bandit.readthedocs.io/en/1.7.7/plugins/b603_subprocess_without_shell_equals_true.html
   Location: .\scipy\weave\build_tools.py:349:16
348	        else:
349	            p = subprocess.Popen(cmd, stdout=subprocess.PIPE,
350	                                 stderr=subprocess.STDOUT)
351	        str_result = p.stdout.read()

--------------------------------------------------
>> Issue: [B605:start_process_with_a_shell] Starting a process with a shell, possible injection detected, security issue.
   Severity: High   Confidence: High
   CWE: CWE-78 (https://cwe.mitre.org/data/definitions/78.html)
   More Info: https://bandit.readthedocs.io/en/1.7.7/plugins/b605_start_process_with_a_shell.html
   Location: .\scipy\weave\build_tools.py:359:21
358	        # scripts)
359	        result = not os.system(" ".join(cmd))
360	    return result

--------------------------------------------------
>> Issue: [B607:start_process_with_partial_path] Starting a process with a partial executable path
   Severity: Low   Confidence: High
   CWE: CWE-78 (https://cwe.mitre.org/data/definitions/78.html)
   More Info: https://bandit.readthedocs.io/en/1.7.7/plugins/b607_start_process_with_partial_path.html
   Location: .\scipy\weave\build_tools.py:367:12
366	    try:
367	        p = subprocess.Popen(['cl'], shell=True, stdout=subprocess.PIPE,
368	                stderr=subprocess.STDOUT)
369	        str_result = p.stdout.read()

--------------------------------------------------
>> Issue: [B602:subprocess_popen_with_shell_equals_true] subprocess call with shell=True identified, security issue.
   Severity: High   Confidence: High
   CWE: CWE-78 (https://cwe.mitre.org/data/definitions/78.html)
   More Info: https://bandit.readthedocs.io/en/1.7.7/plugins/b602_subprocess_popen_with_shell_equals_true.html
   Location: .\scipy\weave\build_tools.py:367:12
366	    try:
367	        p = subprocess.Popen(['cl'], shell=True, stdout=subprocess.PIPE,
368	                stderr=subprocess.STDOUT)
369	        str_result = p.stdout.read()

--------------------------------------------------
>> Issue: [B603:subprocess_without_shell_equals_true] subprocess call - check for execution of untrusted input.
   Severity: Low   Confidence: High
   CWE: CWE-78 (https://cwe.mitre.org/data/definitions/78.html)
   More Info: https://bandit.readthedocs.io/en/1.7.7/plugins/b603_subprocess_without_shell_equals_true.html
   Location: .\scipy\weave\build_tools.py:379:16
378	            cc.initialize()
379	            p = subprocess.Popen([cc.cc])
380	            result = 1

--------------------------------------------------
>> Issue: [B607:start_process_with_partial_path] Starting a process with a partial executable path
   Severity: Low   Confidence: High
   CWE: CWE-78 (https://cwe.mitre.org/data/definitions/78.html)
   More Info: https://bandit.readthedocs.io/en/1.7.7/plugins/b607_start_process_with_partial_path.html
   Location: .\scipy\weave\build_tools.py:390:12
389	        """ not sure how to get exit status on nt. """
390	        p = subprocess.Popen(['cl'], shell=True, stdout=subprocess.PIPE,
391	                stderr=subprocess.STDOUT)
392	        text = p.stdout.read()

--------------------------------------------------
>> Issue: [B602:subprocess_popen_with_shell_equals_true] subprocess call with shell=True identified, security issue.
   Severity: High   Confidence: High
   CWE: CWE-78 (https://cwe.mitre.org/data/definitions/78.html)
   More Info: https://bandit.readthedocs.io/en/1.7.7/plugins/b602_subprocess_popen_with_shell_equals_true.html
   Location: .\scipy\weave\build_tools.py:390:12
389	        """ not sure how to get exit status on nt. """
390	        p = subprocess.Popen(['cl'], shell=True, stdout=subprocess.PIPE,
391	                stderr=subprocess.STDOUT)
392	        text = p.stdout.read()

--------------------------------------------------
>> Issue: [B607:start_process_with_partial_path] Starting a process with a partial executable path
   Severity: Low   Confidence: High
   CWE: CWE-78 (https://cwe.mitre.org/data/definitions/78.html)
   More Info: https://bandit.readthedocs.io/en/1.7.7/plugins/b607_start_process_with_partial_path.html
   Location: .\scipy\weave\build_tools.py:469:20
468	                import re
469	                p = subprocess.Popen(['gcc', ' -dumpversion'], shell=True,
470	                        stdout=subprocess.PIPE)
471	                out_string = p.stdout.read()

--------------------------------------------------
>> Issue: [B602:subprocess_popen_with_shell_equals_true] subprocess call with shell=True identified, security issue.
   Severity: High   Confidence: High
   CWE: CWE-78 (https://cwe.mitre.org/data/definitions/78.html)
   More Info: https://bandit.readthedocs.io/en/1.7.7/plugins/b602_subprocess_popen_with_shell_equals_true.html
   Location: .\scipy\weave\build_tools.py:469:20
468	                import re
469	                p = subprocess.Popen(['gcc', ' -dumpversion'], shell=True,
470	                        stdout=subprocess.PIPE)
471	                out_string = p.stdout.read()

--------------------------------------------------
>> Issue: [B605:start_process_with_a_shell] Starting a process with a shell, possible injection detected, security issue.
   Severity: High   Confidence: High
   CWE: CWE-78 (https://cwe.mitre.org/data/definitions/78.html)
   More Info: https://bandit.readthedocs.io/en/1.7.7/plugins/b605_start_process_with_a_shell.html
   Location: .\scipy\weave\build_tools.py:611:22
610	        cmd = 'dlltool --dllname %s --def %s --output-lib %s' % args
611	        success = not os.system(cmd)
612	        # for now, fail silently

--------------------------------------------------
>> Issue: [B403:blacklist] Consider possible security implications associated with pickle module.
   Severity: Low   Confidence: High
   CWE: CWE-502 (https://cwe.mitre.org/data/definitions/502.html)
   More Info: https://bandit.readthedocs.io/en/1.7.7/blacklists/blacklist_imports.html#b403-import-pickle
   Location: .\scipy\weave\catalog.py:37:0
36	import sys
37	import pickle
38	import socket

--------------------------------------------------
>> Issue: [B403:blacklist] Consider possible security implications associated with shelve module.
   Severity: Low   Confidence: High
   CWE: CWE-502 (https://cwe.mitre.org/data/definitions/502.html)
   More Info: https://bandit.readthedocs.io/en/1.7.7/blacklists/blacklist_imports.html#b403-import-pickle
   Location: .\scipy\weave\catalog.py:43:4
42	    import dbhash
43	    import shelve
44	    dumb = 0

--------------------------------------------------
>> Issue: [B110:try_except_pass] Try, Except, Pass detected.
   Severity: Low   Confidence: High
   CWE: CWE-703 (https://cwe.mitre.org/data/definitions/703.html)
   More Info: https://bandit.readthedocs.io/en/1.7.7/plugins/b110_try_except_pass.html
   Location: .\scipy\weave\catalog.py:694:8
693	            cat[pkey] = [mod_path] + cat.get(pkey,[])
694	        except:
695	            pass
696	        cat.close()

--------------------------------------------------
>> Issue: [B110:try_except_pass] Try, Except, Pass detected.
   Severity: Low   Confidence: High
   CWE: CWE-703 (https://cwe.mitre.org/data/definitions/703.html)
   More Info: https://bandit.readthedocs.io/en/1.7.7/plugins/b110_try_except_pass.html
   Location: .\scipy\weave\catalog.py:713:8
712	                return
713	        except: # KeyError, IndexError
714	            pass
715	        try:

--------------------------------------------------
>> Issue: [B110:try_except_pass] Try, Except, Pass detected.
   Severity: Low   Confidence: High
   CWE: CWE-703 (https://cwe.mitre.org/data/definitions/703.html)
   More Info: https://bandit.readthedocs.io/en/1.7.7/plugins/b110_try_except_pass.html
   Location: .\scipy\weave\converters.py:81:0
80	    blitz.append(c_spec.catchall_converter())
81	except:
82	    pass

--------------------------------------------------
>> Issue: [B110:try_except_pass] Try, Except, Pass detected.
   Severity: Low   Confidence: High
   CWE: CWE-703 (https://cwe.mitre.org/data/definitions/703.html)
   More Info: https://bandit.readthedocs.io/en/1.7.7/plugins/b110_try_except_pass.html
   Location: .\scipy\weave\cpp_namespace_spec.py:82:8
81	                return 1
82	        except:
83	            pass
84	        return 0

--------------------------------------------------
>> Issue: [B101:assert_used] Use of assert detected. The enclosed code will be removed when compiling to optimised byte code.
   Severity: Low   Confidence: High
   CWE: CWE-703 (https://cwe.mitre.org/data/definitions/703.html)
   More Info: https://bandit.readthedocs.io/en/1.7.7/plugins/b101_assert_used.html
   Location: .\scipy\weave\examples\binary_search.py:67:8
66	    if chk:
67	        assert(type(t) is int)
68	        assert(type(seq) is list)

--------------------------------------------------
>> Issue: [B101:assert_used] Use of assert detected. The enclosed code will be removed when compiling to optimised byte code.
   Severity: Low   Confidence: High
   CWE: CWE-703 (https://cwe.mitre.org/data/definitions/703.html)
   More Info: https://bandit.readthedocs.io/en/1.7.7/plugins/b101_assert_used.html
   Location: .\scipy\weave\examples\binary_search.py:68:8
67	        assert(type(t) is int)
68	        assert(type(seq) is list)
69	    code = """

--------------------------------------------------
>> Issue: [B110:try_except_pass] Try, Except, Pass detected.
   Severity: Low   Confidence: High
   CWE: CWE-703 (https://cwe.mitre.org/data/definitions/703.html)
   More Info: https://bandit.readthedocs.io/en/1.7.7/plugins/b110_try_except_pass.html
   Location: .\scipy\weave\examples\binary_search.py:127:0
126	                                   extra_compile_args=['-O2','-G6'])
127	except:
128	    pass
129	

--------------------------------------------------
>> Issue: [B110:try_except_pass] Try, Except, Pass detected.
   Severity: Low   Confidence: High
   CWE: CWE-703 (https://cwe.mitre.org/data/definitions/703.html)
   More Info: https://bandit.readthedocs.io/en/1.7.7/plugins/b110_try_except_pass.html
   Location: .\scipy\weave\examples\binary_search.py:215:4
214	        print(' speed up: %3.2f' % (py/sp))
215	    except:
216	        pass
217	

--------------------------------------------------
>> Issue: [B101:assert_used] Use of assert detected. The enclosed code will be removed when compiling to optimised byte code.
   Severity: Low   Confidence: High
   CWE: CWE-703 (https://cwe.mitre.org/data/definitions/703.html)
   More Info: https://bandit.readthedocs.io/en/1.7.7/plugins/b101_assert_used.html
   Location: .\scipy\weave\examples\cast_copy_transpose.py:27:4
26	def _cast_copy_transpose(type,a_2d):
27	    assert(len(shape(a_2d)) == 2)
28	    new_array = zeros(shape(a_2d),type)

--------------------------------------------------
>> Issue: [B101:assert_used] Use of assert detected. The enclosed code will be removed when compiling to optimised byte code.
   Severity: Low   Confidence: High
   CWE: CWE-703 (https://cwe.mitre.org/data/definitions/703.html)
   More Info: https://bandit.readthedocs.io/en/1.7.7/plugins/b101_assert_used.html
   Location: .\scipy\weave\examples\cast_copy_transpose.py:41:4
40	def _cast_copy_transpose2(type,a_2d):
41	    assert(len(shape(a_2d)) == 2)
42	    new_array = zeros(shape(a_2d),type)

--------------------------------------------------
>> Issue: [B101:assert_used] Use of assert detected. The enclosed code will be removed when compiling to optimised byte code.
   Severity: Low   Confidence: High
   CWE: CWE-703 (https://cwe.mitre.org/data/definitions/703.html)
   More Info: https://bandit.readthedocs.io/en/1.7.7/plugins/b101_assert_used.html
   Location: .\scipy\weave\examples\cast_copy_transpose.py:61:4
60	def _inplace_transpose(a_2d):
61	    assert(len(shape(a_2d)) == 2)
62	    numeric_type = c_spec.num_to_c_types[a_2d.dtype.char]

--------------------------------------------------
>> Issue: [B101:assert_used] Use of assert detected. The enclosed code will be removed when compiling to optimised byte code.
   Severity: Low   Confidence: High
   CWE: CWE-703 (https://cwe.mitre.org/data/definitions/703.html)
   More Info: https://bandit.readthedocs.io/en/1.7.7/plugins/b101_assert_used.html
   Location: .\scipy\weave\examples\dict_sort.py:22:4
21	def c_sort(adict):
22	    assert(type(adict) is dict)
23	    code = """

--------------------------------------------------
>> Issue: [B101:assert_used] Use of assert detected. The enclosed code will be removed when compiling to optimised byte code.
   Severity: Low   Confidence: High
   CWE: CWE-703 (https://cwe.mitre.org/data/definitions/703.html)
   More Info: https://bandit.readthedocs.io/en/1.7.7/plugins/b101_assert_used.html
   Location: .\scipy\weave\examples\dict_sort.py:42:4
41	def c_sort2(adict):
42	    assert(type(adict) is dict)
43	    code = """

--------------------------------------------------
>> Issue: [B311:blacklist] Standard pseudo-random generators are not suitable for security/cryptographic purposes.
   Severity: Low   Confidence: High
   CWE: CWE-330 (https://cwe.mitre.org/data/definitions/330.html)
   More Info: https://bandit.readthedocs.io/en/1.7.7/blacklists/blacklist_calls.html#b311-random
   Location: .\scipy\weave\examples\dict_sort.py:114:14
113	    for i in range(m):
114	        key = random.choice(a)
115	        a.remove(key)

--------------------------------------------------
>> Issue: [B101:assert_used] Use of assert detected. The enclosed code will be removed when compiling to optimised byte code.
   Severity: Low   Confidence: High
   CWE: CWE-703 (https://cwe.mitre.org/data/definitions/703.html)
   More Info: https://bandit.readthedocs.io/en/1.7.7/plugins/b101_assert_used.html
   Location: .\scipy\weave\examples\functional.py:20:4
19	    """
20	    assert(type(func) in [FunctionType,MethodType,type(len)])
21	    code = """

--------------------------------------------------
>> Issue: [B101:assert_used] Use of assert detected. The enclosed code will be removed when compiling to optimised byte code.
   Severity: Low   Confidence: High
   CWE: CWE-703 (https://cwe.mitre.org/data/definitions/703.html)
   More Info: https://bandit.readthedocs.io/en/1.7.7/plugins/b101_assert_used.html
   Location: .\scipy\weave\examples\functional.py:39:4
38	    """
39	    assert(type(func) in [FunctionType,MethodType,type(len)])
40	    code = """

--------------------------------------------------
>> Issue: [B311:blacklist] Standard pseudo-random generators are not suitable for security/cryptographic purposes.
   Severity: Low   Confidence: High
   CWE: CWE-330 (https://cwe.mitre.org/data/definitions/330.html)
   More Info: https://bandit.readthedocs.io/en/1.7.7/blacklists/blacklist_calls.html#b311-random
   Location: .\scipy\weave\examples\md5_speed.py:50:12
49	        new_str = cStringIO.StringIO()
50	        l = random.randrange(lo,hi)
51	        for i in range(l):

--------------------------------------------------
>> Issue: [B311:blacklist] Standard pseudo-random generators are not suitable for security/cryptographic purposes.
   Severity: Low   Confidence: High
   CWE: CWE-330 (https://cwe.mitre.org/data/definitions/330.html)
   More Info: https://bandit.readthedocs.io/en/1.7.7/blacklists/blacklist_calls.html#b311-random
   Location: .\scipy\weave\examples\md5_speed.py:52:26
51	        for i in range(l):
52	            new_str.write(random.choice(alphabet))
53	        all_str.append(new_str.getvalue())

--------------------------------------------------
>> Issue: [B101:assert_used] Use of assert detected. The enclosed code will be removed when compiling to optimised byte code.
   Severity: Low   Confidence: High
   CWE: CWE-703 (https://cwe.mitre.org/data/definitions/703.html)
   More Info: https://bandit.readthedocs.io/en/1.7.7/plugins/b101_assert_used.html
   Location: .\scipy\weave\examples\vq.py:34:4
33	    code_book_sh = shape(code_book)
34	    assert(len(obs_sh) == 2 and len(code_book_sh) == 2)
35	    assert(obs_sh[1] == code_book_sh[1])

--------------------------------------------------
>> Issue: [B101:assert_used] Use of assert detected. The enclosed code will be removed when compiling to optimised byte code.
   Severity: Low   Confidence: High
   CWE: CWE-703 (https://cwe.mitre.org/data/definitions/703.html)
   More Info: https://bandit.readthedocs.io/en/1.7.7/plugins/b101_assert_used.html
   Location: .\scipy\weave\examples\vq.py:35:4
34	    assert(len(obs_sh) == 2 and len(code_book_sh) == 2)
35	    assert(obs_sh[1] == code_book_sh[1])
36	    type = c_spec.num_to_c_types[obs.typecode()]

--------------------------------------------------
>> Issue: [B101:assert_used] Use of assert detected. The enclosed code will be removed when compiling to optimised byte code.
   Severity: Low   Confidence: High
   CWE: CWE-703 (https://cwe.mitre.org/data/definitions/703.html)
   More Info: https://bandit.readthedocs.io/en/1.7.7/plugins/b101_assert_used.html
   Location: .\scipy\weave\examples\vq.py:78:4
77	    code_book_sh = shape(code_book)
78	    assert(len(obs_sh) == 2 and len(code_book_sh) == 2)
79	    assert(obs_sh[1] == code_book_sh[1])

--------------------------------------------------
>> Issue: [B101:assert_used] Use of assert detected. The enclosed code will be removed when compiling to optimised byte code.
   Severity: Low   Confidence: High
   CWE: CWE-703 (https://cwe.mitre.org/data/definitions/703.html)
   More Info: https://bandit.readthedocs.io/en/1.7.7/plugins/b101_assert_used.html
   Location: .\scipy\weave\examples\vq.py:79:4
78	    assert(len(obs_sh) == 2 and len(code_book_sh) == 2)
79	    assert(obs_sh[1] == code_book_sh[1])
80	    assert(obs.typecode() == code_book.typecode())

--------------------------------------------------
>> Issue: [B101:assert_used] Use of assert detected. The enclosed code will be removed when compiling to optimised byte code.
   Severity: Low   Confidence: High
   CWE: CWE-703 (https://cwe.mitre.org/data/definitions/703.html)
   More Info: https://bandit.readthedocs.io/en/1.7.7/plugins/b101_assert_used.html
   Location: .\scipy\weave\examples\vq.py:80:4
79	    assert(obs_sh[1] == code_book_sh[1])
80	    assert(obs.typecode() == code_book.typecode())
81	    type = c_spec.num_to_c_types[obs.typecode()]

--------------------------------------------------
>> Issue: [B101:assert_used] Use of assert detected. The enclosed code will be removed when compiling to optimised byte code.
   Severity: Low   Confidence: High
   CWE: CWE-703 (https://cwe.mitre.org/data/definitions/703.html)
   More Info: https://bandit.readthedocs.io/en/1.7.7/plugins/b101_assert_used.html
   Location: .\scipy\weave\examples\vq.py:143:4
142	    code_book_sh = shape(code_book)
143	    assert(len(obs_sh) == 2 and len(code_book_sh) == 2)
144	    assert(obs_sh[1] == code_book_sh[1])

--------------------------------------------------
>> Issue: [B101:assert_used] Use of assert detected. The enclosed code will be removed when compiling to optimised byte code.
   Severity: Low   Confidence: High
   CWE: CWE-703 (https://cwe.mitre.org/data/definitions/703.html)
   More Info: https://bandit.readthedocs.io/en/1.7.7/plugins/b101_assert_used.html
   Location: .\scipy\weave\examples\vq.py:144:4
143	    assert(len(obs_sh) == 2 and len(code_book_sh) == 2)
144	    assert(obs_sh[1] == code_book_sh[1])
145	    assert(obs.typecode() == code_book.typecode())

--------------------------------------------------
>> Issue: [B101:assert_used] Use of assert detected. The enclosed code will be removed when compiling to optimised byte code.
   Severity: Low   Confidence: High
   CWE: CWE-703 (https://cwe.mitre.org/data/definitions/703.html)
   More Info: https://bandit.readthedocs.io/en/1.7.7/plugins/b101_assert_used.html
   Location: .\scipy\weave\examples\vq.py:145:4
144	    assert(obs_sh[1] == code_book_sh[1])
145	    assert(obs.typecode() == code_book.typecode())
146	    type = c_spec.num_to_c_types[obs.typecode()]

--------------------------------------------------
>> Issue: [B101:assert_used] Use of assert detected. The enclosed code will be removed when compiling to optimised byte code.
   Severity: Low   Confidence: High
   CWE: CWE-703 (https://cwe.mitre.org/data/definitions/703.html)
   More Info: https://bandit.readthedocs.io/en/1.7.7/plugins/b101_assert_used.html
   Location: .\scipy\weave\examples\vtk_example.py:111:8
110	        val = (v_arr.GetValue(i) -arr[i] )
111	        assert (val < 1e-6), "i = %d, val= %f"%(i, val)
112	    print("OK.")

--------------------------------------------------
>> Issue: [B101:assert_used] Use of assert detected. The enclosed code will be removed when compiling to optimised byte code.
   Severity: Low   Confidence: High
   CWE: CWE-703 (https://cwe.mitre.org/data/definitions/703.html)
   More Info: https://bandit.readthedocs.io/en/1.7.7/plugins/b101_assert_used.html
   Location: .\scipy\weave\examples\wx_speed.py:48:4
47	    shp = line.shape
48	    assert(len(shp)==2 and shp[1] == 2)
49	

--------------------------------------------------
>> Issue: [B110:try_except_pass] Try, Except, Pass detected.
   Severity: Low   Confidence: High
   CWE: CWE-703 (https://cwe.mitre.org/data/definitions/703.html)
   More Info: https://bandit.readthedocs.io/en/1.7.7/plugins/b110_try_except_pass.html
   Location: .\scipy\weave\inline_tools.py:418:8
417	            return results
418	        except: # should specify argument types here.
419	            pass
420	    # if we get here, the function wasn't found

--------------------------------------------------
>> Issue: [B102:exec_used] Use of exec detected.
   Severity: Medium   Confidence: High
   CWE: CWE-78 (https://cwe.mitre.org/data/definitions/78.html)
   More Info: https://bandit.readthedocs.io/en/1.7.7/plugins/b102_exec_used.html
   Location: .\scipy\weave\inline_tools.py:490:8
489	        sys.path.insert(0,storage_dir)
490	        exec('import ' + module_name)
491	        func = eval(module_name+'.compiled_func')

--------------------------------------------------
>> Issue: [B307:blacklist] Use of possibly insecure function - consider using safer ast.literal_eval.
   Severity: Medium   Confidence: High
   CWE: CWE-78 (https://cwe.mitre.org/data/definitions/78.html)
   More Info: https://bandit.readthedocs.io/en/1.7.7/blacklists/blacklist_calls.html#b307-eval
   Location: .\scipy\weave\inline_tools.py:491:15
490	        exec('import ' + module_name)
491	        func = eval(module_name+'.compiled_func')
492	    finally:

--------------------------------------------------
>> Issue: [B404:blacklist] Consider possible security implications associated with the subprocess module.
   Severity: Low   Confidence: High
   CWE: CWE-78 (https://cwe.mitre.org/data/definitions/78.html)
   More Info: https://bandit.readthedocs.io/en/1.7.7/blacklists/blacklist_imports.html#b404-import-subprocess
   Location: .\scipy\weave\platform_info.py:9:0
8	
9	import os, sys, subprocess
10	

--------------------------------------------------
>> Issue: [B602:subprocess_popen_with_shell_equals_true] subprocess call with shell=True identified, security issue.
   Severity: High   Confidence: High
   CWE: CWE-78 (https://cwe.mitre.org/data/definitions/78.html)
   More Info: https://bandit.readthedocs.io/en/1.7.7/plugins/b602_subprocess_popen_with_shell_equals_true.html
   Location: .\scipy\weave\platform_info.py:172:12
171	    try:
172	        p = subprocess.Popen([str(name), '-v'], shell=True,
173	                stdout=subprocess.PIPE, stderr=subprocess.STDOUT)
174	        str_result = p.stdout.read()

--------------------------------------------------
>> Issue: [B605:start_process_with_a_shell] Starting a process with a shell, possible injection detected, security issue.
   Severity: High   Confidence: High
   CWE: CWE-78 (https://cwe.mitre.org/data/definitions/78.html)
   More Info: https://bandit.readthedocs.io/en/1.7.7/plugins/b605_start_process_with_a_shell.html
   Location: .\scipy\weave\platform_info.py:182:21
181	        # scripts)
182	        result = not os.system(cmd)
183	    return result

--------------------------------------------------
>> Issue: [B607:start_process_with_partial_path] Starting a process with a partial executable path
   Severity: Low   Confidence: High
   CWE: CWE-78 (https://cwe.mitre.org/data/definitions/78.html)
   More Info: https://bandit.readthedocs.io/en/1.7.7/plugins/b607_start_process_with_partial_path.html
   Location: .\scipy\weave\platform_info.py:190:12
189	    try:
190	        p = subprocess.Popen(['cl'], shell=True,
191	                stdout=subprocess.PIPE, stderr=subprocess.STDOUT)
192	        str_result = p.stdout.read()

--------------------------------------------------
>> Issue: [B602:subprocess_popen_with_shell_equals_true] subprocess call with shell=True identified, security issue.
   Severity: High   Confidence: High
   CWE: CWE-78 (https://cwe.mitre.org/data/definitions/78.html)
   More Info: https://bandit.readthedocs.io/en/1.7.7/plugins/b602_subprocess_popen_with_shell_equals_true.html
   Location: .\scipy\weave\platform_info.py:190:12
189	    try:
190	        p = subprocess.Popen(['cl'], shell=True,
191	                stdout=subprocess.PIPE, stderr=subprocess.STDOUT)
192	        str_result = p.stdout.read()

--------------------------------------------------
>> Issue: [B102:exec_used] Use of exec detected.
   Severity: Medium   Confidence: High
   CWE: CWE-78 (https://cwe.mitre.org/data/definitions/78.html)
   More Info: https://bandit.readthedocs.io/en/1.7.7/plugins/b102_exec_used.html
   Location: .\scipy\weave\size_check.py:53:4
52	            values[var] = val
53	    exec(expr,values)
54	    try:

--------------------------------------------------
>> Issue: [B102:exec_used] Use of exec detected.
   Severity: Medium   Confidence: High
   CWE: CWE-78 (https://cwe.mitre.org/data/definitions/78.html)
   More Info: https://bandit.readthedocs.io/en/1.7.7/plugins/b102_exec_used.html
   Location: .\scipy\weave\size_check.py:55:8
54	    try:
55	        exec(expr,values)
56	    except:

--------------------------------------------------
>> Issue: [B307:blacklist] Use of possibly insecure function - consider using safer ast.literal_eval.
   Severity: Medium   Confidence: High
   CWE: CWE-78 (https://cwe.mitre.org/data/definitions/78.html)
   More Info: https://bandit.readthedocs.io/en/1.7.7/blacklists/blacklist_calls.html#b307-eval
   Location: .\scipy\weave\size_check.py:58:12
57	        try:
58	            eval(expr,values)
59	        except:

--------------------------------------------------
>> Issue: [B110:try_except_pass] Try, Except, Pass detected.
   Severity: Low   Confidence: High
   CWE: CWE-703 (https://cwe.mitre.org/data/definitions/703.html)
   More Info: https://bandit.readthedocs.io/en/1.7.7/plugins/b110_try_except_pass.html
   Location: .\scipy\weave\swig2_spec.py:362:8
361	                  cmp(self.type_name,other.type_name)
362	        except:
363	            pass
364	        return res

--------------------------------------------------
>> Issue: [B102:exec_used] Use of exec detected.
   Severity: Medium   Confidence: High
   CWE: CWE-78 (https://cwe.mitre.org/data/definitions/78.html)
   More Info: https://bandit.readthedocs.io/en/1.7.7/plugins/b102_exec_used.html
   Location: .\scipy\weave\tests\test_blitz_tools.py:67:8
66	        t1 = time.time()
67	        exec(expr, globals(),arg_dict)
68	        t2 = time.time()

--------------------------------------------------
>> Issue: [B110:try_except_pass] Try, Except, Pass detected.
   Severity: Low   Confidence: High
   CWE: CWE-703 (https://cwe.mitre.org/data/definitions/703.html)
   More Info: https://bandit.readthedocs.io/en/1.7.7/plugins/b110_try_except_pass.html
   Location: .\scipy\weave\tests\test_blitz_tools.py:113:16
112	                try:     arg_dict[arg].imag = arg_dict[arg].real
113	                except:  pass
114	            print('Run:', size,typ)

--------------------------------------------------
>> Issue: [B102:exec_used] Use of exec detected.
   Severity: Medium   Confidence: High
   CWE: CWE-78 (https://cwe.mitre.org/data/definitions/78.html)
   More Info: https://bandit.readthedocs.io/en/1.7.7/plugins/b102_exec_used.html
   Location: .\scipy\weave\tests\test_c_spec.py:86:8
85	        mod.compile(location = test_dir, compiler = self.compiler)
86	        exec('from ' + mod_name + ' import test')
87	        b=1

--------------------------------------------------
>> Issue: [B102:exec_used] Use of exec detected.
   Severity: Medium   Confidence: High
   CWE: CWE-78 (https://cwe.mitre.org/data/definitions/78.html)
   More Info: https://bandit.readthedocs.io/en/1.7.7/plugins/b102_exec_used.html
   Location: .\scipy\weave\tests\test_c_spec.py:113:8
112	        mod.compile(location = test_dir, compiler = self.compiler)
113	        exec('from ' + mod_name + ' import test')
114	        b=1

--------------------------------------------------
>> Issue: [B102:exec_used] Use of exec detected.
   Severity: Medium   Confidence: High
   CWE: CWE-78 (https://cwe.mitre.org/data/definitions/78.html)
   More Info: https://bandit.readthedocs.io/en/1.7.7/plugins/b102_exec_used.html
   Location: .\scipy\weave\tests\test_c_spec.py:154:8
153	        mod.compile(location = test_dir, compiler = self.compiler)
154	        exec('from ' + mod_name + ' import test')
155	        b=1.

--------------------------------------------------
>> Issue: [B102:exec_used] Use of exec detected.
   Severity: Medium   Confidence: High
   CWE: CWE-78 (https://cwe.mitre.org/data/definitions/78.html)
   More Info: https://bandit.readthedocs.io/en/1.7.7/plugins/b102_exec_used.html
   Location: .\scipy\weave\tests\test_c_spec.py:181:8
180	        mod.compile(location = test_dir, compiler = self.compiler)
181	        exec('from ' + mod_name + ' import test')
182	        b=1.

--------------------------------------------------
>> Issue: [B102:exec_used] Use of exec detected.
   Severity: Medium   Confidence: High
   CWE: CWE-78 (https://cwe.mitre.org/data/definitions/78.html)
   More Info: https://bandit.readthedocs.io/en/1.7.7/plugins/b102_exec_used.html
   Location: .\scipy\weave\tests\test_c_spec.py:221:8
220	        mod.compile(location = test_dir, compiler = self.compiler)
221	        exec('from ' + mod_name + ' import test')
222	        b=1.+1j

--------------------------------------------------
>> Issue: [B102:exec_used] Use of exec detected.
   Severity: Medium   Confidence: High
   CWE: CWE-78 (https://cwe.mitre.org/data/definitions/78.html)
   More Info: https://bandit.readthedocs.io/en/1.7.7/plugins/b102_exec_used.html
   Location: .\scipy\weave\tests\test_c_spec.py:248:8
247	        mod.compile(location = test_dir, compiler = self.compiler)
248	        exec('from ' + mod_name + ' import test')
249	        b=1.+1j

--------------------------------------------------
>> Issue: [B306:blacklist] Use of insecure and deprecated function (mktemp).
   Severity: Medium   Confidence: High
   CWE: CWE-377 (https://cwe.mitre.org/data/definitions/377.html)
   More Info: https://bandit.readthedocs.io/en/1.7.7/blacklists/blacklist_calls.html#b306-mktemp-q
   Location: .\scipy\weave\tests\test_c_spec.py:265:20
264	        import tempfile
265	        file_name = tempfile.mktemp()
266	        file = open(file_name,'w')

--------------------------------------------------
>> Issue: [B306:blacklist] Use of insecure and deprecated function (mktemp).
   Severity: Medium   Confidence: High
   CWE: CWE-377 (https://cwe.mitre.org/data/definitions/377.html)
   More Info: https://bandit.readthedocs.io/en/1.7.7/blacklists/blacklist_calls.html#b306-mktemp-q
   Location: .\scipy\weave\tests\test_c_spec.py:278:20
277	        import tempfile
278	        file_name = tempfile.mktemp()
279	        # not sure I like Py::String as default -- might move to std::sting

--------------------------------------------------
>> Issue: [B102:exec_used] Use of exec detected.
   Severity: Medium   Confidence: High
   CWE: CWE-78 (https://cwe.mitre.org/data/definitions/78.html)
   More Info: https://bandit.readthedocs.io/en/1.7.7/plugins/b102_exec_used.html
   Location: .\scipy\weave\tests\test_c_spec.py:390:8
389	
390	        exec('from ' + mod_name + ' import test')
391	        b='bub'

--------------------------------------------------
>> Issue: [B102:exec_used] Use of exec detected.
   Severity: Medium   Confidence: High
   CWE: CWE-78 (https://cwe.mitre.org/data/definitions/78.html)
   More Info: https://bandit.readthedocs.io/en/1.7.7/plugins/b102_exec_used.html
   Location: .\scipy\weave\tests\test_c_spec.py:417:8
416	        mod.compile(location = test_dir, compiler = self.compiler)
417	        exec('from ' + mod_name + ' import test')
418	        b='bub'

--------------------------------------------------
>> Issue: [B102:exec_used] Use of exec detected.
   Severity: Medium   Confidence: High
   CWE: CWE-78 (https://cwe.mitre.org/data/definitions/78.html)
   More Info: https://bandit.readthedocs.io/en/1.7.7/plugins/b102_exec_used.html
   Location: .\scipy\weave\tests\test_c_spec.py:449:8
448	        mod.compile(location = test_dir, compiler = self.compiler)
449	        exec('from ' + mod_name + ' import test')
450	        b=[1,2]

--------------------------------------------------
>> Issue: [B102:exec_used] Use of exec detected.
   Severity: Medium   Confidence: High
   CWE: CWE-78 (https://cwe.mitre.org/data/definitions/78.html)
   More Info: https://bandit.readthedocs.io/en/1.7.7/plugins/b102_exec_used.html
   Location: .\scipy\weave\tests\test_c_spec.py:477:8
476	        mod.compile(location = test_dir, compiler = self.compiler)
477	        exec('from ' + mod_name + ' import test')
478	        b=[1,2]

--------------------------------------------------
>> Issue: [B102:exec_used] Use of exec detected.
   Severity: Medium   Confidence: High
   CWE: CWE-78 (https://cwe.mitre.org/data/definitions/78.html)
   More Info: https://bandit.readthedocs.io/en/1.7.7/plugins/b102_exec_used.html
   Location: .\scipy\weave\tests\test_c_spec.py:520:8
519	        mod.compile(location = test_dir, compiler = self.compiler)
520	        exec('from ' + mod_name + ' import with_cxx, no_checking')
521	        import time

--------------------------------------------------
>> Issue: [B102:exec_used] Use of exec detected.
   Severity: Medium   Confidence: High
   CWE: CWE-78 (https://cwe.mitre.org/data/definitions/78.html)
   More Info: https://bandit.readthedocs.io/en/1.7.7/plugins/b102_exec_used.html
   Location: .\scipy\weave\tests\test_c_spec.py:570:8
569	        mod.compile(location = test_dir, compiler = self.compiler)
570	        exec('from ' + mod_name + ' import test')
571	        b=(1,2)

--------------------------------------------------
>> Issue: [B102:exec_used] Use of exec detected.
   Severity: Medium   Confidence: High
   CWE: CWE-78 (https://cwe.mitre.org/data/definitions/78.html)
   More Info: https://bandit.readthedocs.io/en/1.7.7/plugins/b102_exec_used.html
   Location: .\scipy\weave\tests\test_c_spec.py:599:8
598	        mod.compile(location = test_dir, compiler = self.compiler)
599	        exec('from ' + mod_name + ' import test')
600	        b=(1,2)

--------------------------------------------------
>> Issue: [B102:exec_used] Use of exec detected.
   Severity: Medium   Confidence: High
   CWE: CWE-78 (https://cwe.mitre.org/data/definitions/78.html)
   More Info: https://bandit.readthedocs.io/en/1.7.7/plugins/b102_exec_used.html
   Location: .\scipy\weave\tests\test_c_spec.py:637:8
636	        mod.compile(location = test_dir, compiler = self.compiler)
637	        exec('from ' + mod_name + ' import test')
638	        b={'y':2}

--------------------------------------------------
>> Issue: [B102:exec_used] Use of exec detected.
   Severity: Medium   Confidence: High
   CWE: CWE-78 (https://cwe.mitre.org/data/definitions/78.html)
   More Info: https://bandit.readthedocs.io/en/1.7.7/plugins/b102_exec_used.html
   Location: .\scipy\weave\tests\test_c_spec.py:665:8
664	        mod.compile(location = test_dir, compiler = self.compiler)
665	        exec('from ' + mod_name + ' import test')
666	        b = {'z':2}

--------------------------------------------------
>> Issue: [B102:exec_used] Use of exec detected.
   Severity: Medium   Confidence: High
   CWE: CWE-78 (https://cwe.mitre.org/data/definitions/78.html)
   More Info: https://bandit.readthedocs.io/en/1.7.7/plugins/b102_exec_used.html
   Location: .\scipy\weave\tests\test_c_spec.py:679:12
678	        if msvc_exists():
679	            exec("class Test%sMsvc(%s):\n    compiler = 'msvc'"%(_n,_n))
680	        else:

--------------------------------------------------
>> Issue: [B102:exec_used] Use of exec detected.
   Severity: Medium   Confidence: High
   CWE: CWE-78 (https://cwe.mitre.org/data/definitions/78.html)
   More Info: https://bandit.readthedocs.io/en/1.7.7/plugins/b102_exec_used.html
   Location: .\scipy\weave\tests\test_c_spec.py:681:12
680	        else:
681	            exec("class Test%sUnix(%s):\n    compiler = ''"%(_n,_n))
682	        if gcc_exists():

--------------------------------------------------
>> Issue: [B102:exec_used] Use of exec detected.
   Severity: Medium   Confidence: High
   CWE: CWE-78 (https://cwe.mitre.org/data/definitions/78.html)
   More Info: https://bandit.readthedocs.io/en/1.7.7/plugins/b102_exec_used.html
   Location: .\scipy\weave\tests\test_c_spec.py:683:12
682	        if gcc_exists():
683	            exec("class Test%sGcc(%s):\n    compiler = 'gcc'"%(_n,_n))
684	

--------------------------------------------------
>> Issue: [B306:blacklist] Use of insecure and deprecated function (mktemp).
   Severity: Medium   Confidence: High
   CWE: CWE-377 (https://cwe.mitre.org/data/definitions/377.html)
   More Info: https://bandit.readthedocs.io/en/1.7.7/blacklists/blacklist_calls.html#b306-mktemp-q
   Location: .\scipy\weave\tests\test_c_spec.py:768:15
767	    #test_dir = os.path.join(tempfile.gettempdir(),'test_files')
768	    test_dir = tempfile.mktemp()
769	    if not os.path.exists(test_dir):

--------------------------------------------------
>> Issue: [B306:blacklist] Use of insecure and deprecated function (mktemp).
   Severity: Medium   Confidence: High
   CWE: CWE-377 (https://cwe.mitre.org/data/definitions/377.html)
   More Info: https://bandit.readthedocs.io/en/1.7.7/blacklists/blacklist_calls.html#b306-mktemp-q
   Location: .\scipy\weave\tests\test_catalog.py:86:17
85	        #temp = tempfile.gettempdir()
86	        pardir = tempfile.mktemp(suffix='cat_test')
87	        if not os.path.exists(pardir):

--------------------------------------------------
>> Issue: [B102:exec_used] Use of exec detected.
   Severity: Medium   Confidence: High
   CWE: CWE-78 (https://cwe.mitre.org/data/definitions/78.html)
   More Info: https://bandit.readthedocs.io/en/1.7.7/plugins/b102_exec_used.html
   Location: .\scipy\weave\tests\test_numpy_scalar_spec.py:70:8
69	        mod.compile(location = test_dir, compiler = self.compiler)
70	        exec('from ' + mod_name + ' import test')
71	        b=numpy.complex128(1.+1j)

--------------------------------------------------
>> Issue: [B102:exec_used] Use of exec detected.
   Severity: Medium   Confidence: High
   CWE: CWE-78 (https://cwe.mitre.org/data/definitions/78.html)
   More Info: https://bandit.readthedocs.io/en/1.7.7/plugins/b102_exec_used.html
   Location: .\scipy\weave\tests\test_numpy_scalar_spec.py:97:8
96	        mod.compile(location = test_dir, compiler = self.compiler)
97	        exec('from ' + mod_name + ' import test')
98	        b=1.+1j

--------------------------------------------------
>> Issue: [B102:exec_used] Use of exec detected.
   Severity: Medium   Confidence: High
   CWE: CWE-78 (https://cwe.mitre.org/data/definitions/78.html)
   More Info: https://bandit.readthedocs.io/en/1.7.7/plugins/b102_exec_used.html
   Location: .\scipy\weave\tests\test_numpy_scalar_spec.py:120:12
119	        if msvc_exists():
120	            exec("class Test%sMsvc(%s):\n    compiler = 'msvc'"%(_n,_n))
121	        else:

--------------------------------------------------
>> Issue: [B102:exec_used] Use of exec detected.
   Severity: Medium   Confidence: High
   CWE: CWE-78 (https://cwe.mitre.org/data/definitions/78.html)
   More Info: https://bandit.readthedocs.io/en/1.7.7/plugins/b102_exec_used.html
   Location: .\scipy\weave\tests\test_numpy_scalar_spec.py:122:12
121	        else:
122	            exec("class Test%sUnix(%s):\n    compiler = ''"%(_n,_n))
123	        if gcc_exists():

--------------------------------------------------
>> Issue: [B102:exec_used] Use of exec detected.
   Severity: Medium   Confidence: High
   CWE: CWE-78 (https://cwe.mitre.org/data/definitions/78.html)
   More Info: https://bandit.readthedocs.io/en/1.7.7/plugins/b102_exec_used.html
   Location: .\scipy\weave\tests\test_numpy_scalar_spec.py:124:12
123	        if gcc_exists():
124	            exec("class Test%sGcc(%s):\n    compiler = 'gcc'"%(_n,_n))
125	

--------------------------------------------------
>> Issue: [B306:blacklist] Use of insecure and deprecated function (mktemp).
   Severity: Medium   Confidence: High
   CWE: CWE-377 (https://cwe.mitre.org/data/definitions/377.html)
   More Info: https://bandit.readthedocs.io/en/1.7.7/blacklists/blacklist_calls.html#b306-mktemp-q
   Location: .\scipy\weave\tests\test_numpy_scalar_spec.py:130:15
129	    #test_dir = os.path.join(tempfile.gettempdir(),'test_files')
130	    test_dir = tempfile.mktemp()
131	    if not os.path.exists(test_dir):

--------------------------------------------------
>> Issue: [B102:exec_used] Use of exec detected.
   Severity: Medium   Confidence: High
   CWE: CWE-78 (https://cwe.mitre.org/data/definitions/78.html)
   More Info: https://bandit.readthedocs.io/en/1.7.7/plugins/b102_exec_used.html
   Location: .\scipy\weave\tests\test_numpy_scalar_spec.py:150:31
149	    for _n in dir():
150	        if _n[:8]=='TestMsvc': exec('del '+_n)
151	else:

--------------------------------------------------
>> Issue: [B102:exec_used] Use of exec detected.
   Severity: Medium   Confidence: High
   CWE: CWE-78 (https://cwe.mitre.org/data/definitions/78.html)
   More Info: https://bandit.readthedocs.io/en/1.7.7/plugins/b102_exec_used.html
   Location: .\scipy\weave\tests\test_numpy_scalar_spec.py:153:31
152	    for _n in dir():
153	        if _n[:8]=='TestUnix': exec('del '+_n)
154	

--------------------------------------------------
>> Issue: [B102:exec_used] Use of exec detected.
   Severity: Medium   Confidence: High
   CWE: CWE-78 (https://cwe.mitre.org/data/definitions/78.html)
   More Info: https://bandit.readthedocs.io/en/1.7.7/plugins/b102_exec_used.html
   Location: .\scipy\weave\tests\test_numpy_scalar_spec.py:157:30
156	    for _n in dir():
157	        if _n[:7]=='TestGcc': exec('del '+_n)
158	

--------------------------------------------------
>> Issue: [B110:try_except_pass] Try, Except, Pass detected.
   Severity: Low   Confidence: High
   CWE: CWE-703 (https://cwe.mitre.org/data/definitions/703.html)
   More Info: https://bandit.readthedocs.io/en/1.7.7/plugins/b110_try_except_pass.html
   Location: .\scipy\weave\tests\test_scxx_object.py:348:8
347	            self.generic_new(code,"hello")
348	        except:
349	            pass
350	

--------------------------------------------------
>> Issue: [B307:blacklist] Use of possibly insecure function - consider using safer ast.literal_eval.
   Severity: Medium   Confidence: High
   CWE: CWE-78 (https://cwe.mitre.org/data/definitions/78.html)
   More Info: https://bandit.readthedocs.io/en/1.7.7/blacklists/blacklist_calls.html#b307-eval
   Location: .\scipy\weave\tests\test_size_check.py:108:21
107	        for op in ops:
108	            actual = eval('xx' + op + 'yy')
109	            desired = desired

--------------------------------------------------
>> Issue: [B307:blacklist] Use of possibly insecure function - consider using safer ast.literal_eval.
   Severity: Medium   Confidence: High
   CWE: CWE-78 (https://cwe.mitre.org/data/definitions/78.html)
   More Info: https://bandit.readthedocs.io/en/1.7.7/blacklists/blacklist_calls.html#b307-eval
   Location: .\scipy\weave\tests\test_size_check.py:118:17
117	        a = size_check.dummy_array(ary)
118	        actual = eval(expr).shape
119	        #print desired, actual

--------------------------------------------------
>> Issue: [B307:blacklist] Use of possibly insecure function - consider using safer ast.literal_eval.
   Severity: Medium   Confidence: High
   CWE: CWE-78 (https://cwe.mitre.org/data/definitions/78.html)
   More Info: https://bandit.readthedocs.io/en/1.7.7/blacklists/blacklist_calls.html#b307-eval
   Location: .\scipy\weave\tests\test_size_check.py:122:27
121	    def generic_wrap(self,a,expr):
122	        desired = np.array(eval(expr).shape)
123	        try:

--------------------------------------------------
>> Issue: [B311:blacklist] Standard pseudo-random generators are not suitable for security/cryptographic purposes.
   Severity: Low   Confidence: High
   CWE: CWE-330 (https://cwe.mitre.org/data/definitions/330.html)
   More Info: https://bandit.readthedocs.io/en/1.7.7/blacklists/blacklist_calls.html#b311-random
   Location: .\scipy\weave\tests\test_size_check.py:216:22
215	            try:
216	                beg = random.choice(choices)
217	                end = random.choice(choices)

--------------------------------------------------
>> Issue: [B311:blacklist] Standard pseudo-random generators are not suitable for security/cryptographic purposes.
   Severity: Low   Confidence: High
   CWE: CWE-330 (https://cwe.mitre.org/data/definitions/330.html)
   More Info: https://bandit.readthedocs.io/en/1.7.7/blacklists/blacklist_calls.html#b311-random
   Location: .\scipy\weave\tests\test_size_check.py:217:22
216	                beg = random.choice(choices)
217	                end = random.choice(choices)
218	                step = random.choice(choices)

--------------------------------------------------
>> Issue: [B311:blacklist] Standard pseudo-random generators are not suitable for security/cryptographic purposes.
   Severity: Low   Confidence: High
   CWE: CWE-330 (https://cwe.mitre.org/data/definitions/330.html)
   More Info: https://bandit.readthedocs.io/en/1.7.7/blacklists/blacklist_calls.html#b311-random
   Location: .\scipy\weave\tests\test_size_check.py:218:23
217	                end = random.choice(choices)
218	                step = random.choice(choices)
219	                if step in ['0',0]: step = 'None'

--------------------------------------------------
>> Issue: [B311:blacklist] Standard pseudo-random generators are not suitable for security/cryptographic purposes.
   Severity: Low   Confidence: High
   CWE: CWE-330 (https://cwe.mitre.org/data/definitions/330.html)
   More Info: https://bandit.readthedocs.io/en/1.7.7/blacklists/blacklist_calls.html#b311-random
   Location: .\scipy\weave\tests\test_size_check.py:237:22
236	            try:
237	                beg = random.choice(choices)
238	                end = random.choice(choices)

--------------------------------------------------
>> Issue: [B311:blacklist] Standard pseudo-random generators are not suitable for security/cryptographic purposes.
   Severity: Low   Confidence: High
   CWE: CWE-330 (https://cwe.mitre.org/data/definitions/330.html)
   More Info: https://bandit.readthedocs.io/en/1.7.7/blacklists/blacklist_calls.html#b311-random
   Location: .\scipy\weave\tests\test_size_check.py:238:22
237	                beg = random.choice(choices)
238	                end = random.choice(choices)
239	                step = random.choice(choices)

--------------------------------------------------
>> Issue: [B311:blacklist] Standard pseudo-random generators are not suitable for security/cryptographic purposes.
   Severity: Low   Confidence: High
   CWE: CWE-330 (https://cwe.mitre.org/data/definitions/330.html)
   More Info: https://bandit.readthedocs.io/en/1.7.7/blacklists/blacklist_calls.html#b311-random
   Location: .\scipy\weave\tests\test_size_check.py:239:23
238	                end = random.choice(choices)
239	                step = random.choice(choices)
240	                beg2 = random.choice(choices)

--------------------------------------------------
>> Issue: [B311:blacklist] Standard pseudo-random generators are not suitable for security/cryptographic purposes.
   Severity: Low   Confidence: High
   CWE: CWE-330 (https://cwe.mitre.org/data/definitions/330.html)
   More Info: https://bandit.readthedocs.io/en/1.7.7/blacklists/blacklist_calls.html#b311-random
   Location: .\scipy\weave\tests\test_size_check.py:240:23
239	                step = random.choice(choices)
240	                beg2 = random.choice(choices)
241	                end2 = random.choice(choices)

--------------------------------------------------
>> Issue: [B311:blacklist] Standard pseudo-random generators are not suitable for security/cryptographic purposes.
   Severity: Low   Confidence: High
   CWE: CWE-330 (https://cwe.mitre.org/data/definitions/330.html)
   More Info: https://bandit.readthedocs.io/en/1.7.7/blacklists/blacklist_calls.html#b311-random
   Location: .\scipy\weave\tests\test_size_check.py:241:23
240	                beg2 = random.choice(choices)
241	                end2 = random.choice(choices)
242	                step2 = random.choice(choices)

--------------------------------------------------
>> Issue: [B311:blacklist] Standard pseudo-random generators are not suitable for security/cryptographic purposes.
   Severity: Low   Confidence: High
   CWE: CWE-330 (https://cwe.mitre.org/data/definitions/330.html)
   More Info: https://bandit.readthedocs.io/en/1.7.7/blacklists/blacklist_calls.html#b311-random
   Location: .\scipy\weave\tests\test_size_check.py:242:24
241	                end2 = random.choice(choices)
242	                step2 = random.choice(choices)
243	                if step in ['0',0]: step = 'None'

--------------------------------------------------
>> Issue: [B311:blacklist] Standard pseudo-random generators are not suitable for security/cryptographic purposes.
   Severity: Low   Confidence: High
   CWE: CWE-330 (https://cwe.mitre.org/data/definitions/330.html)
   More Info: https://bandit.readthedocs.io/en/1.7.7/blacklists/blacklist_calls.html#b311-random
   Location: .\scipy\weave\tests\test_size_check.py:258:26
257	                for i in range(9):
258	                    val = random.choice(choices)
259	                    if (i+1) % 3 == 0 and val in ['0',0]:

--------------------------------------------------
>> Issue: [B102:exec_used] Use of exec detected.
   Severity: Medium   Confidence: High
   CWE: CWE-78 (https://cwe.mitre.org/data/definitions/78.html)
   More Info: https://bandit.readthedocs.io/en/1.7.7/plugins/b102_exec_used.html
   Location: .\scipy\weave\tests\test_size_check.py:309:12
308	            s='%s = size_check.dummy_array(%s)'% (var,var)
309	            exec(s,loc)
310	        try:

--------------------------------------------------
>> Issue: [B307:blacklist] Use of possibly insecure function - consider using safer ast.literal_eval.
   Severity: Medium   Confidence: High
   CWE: CWE-78 (https://cwe.mitre.org/data/definitions/78.html)
   More Info: https://bandit.readthedocs.io/en/1.7.7/blacklists/blacklist_calls.html#b307-eval
   Location: .\scipy\weave\tests\test_size_check.py:311:21
310	        try:
311	            actual = eval(expr,locals()).shape
312	        except:

--------------------------------------------------
>> Issue: [B307:blacklist] Use of possibly insecure function - consider using safer ast.literal_eval.
   Severity: Medium   Confidence: High
   CWE: CWE-78 (https://cwe.mitre.org/data/definitions/78.html)
   More Info: https://bandit.readthedocs.io/en/1.7.7/blacklists/blacklist_calls.html#b307-eval
   Location: .\scipy\weave\tests\test_size_check.py:324:25
323	        try:
324	            x = np.array(eval(expr,kw))
325	            try:

--------------------------------------------------
>> Issue: [B306:blacklist] Use of insecure and deprecated function (mktemp).
   Severity: Medium   Confidence: High
   CWE: CWE-377 (https://cwe.mitre.org/data/definitions/377.html)
   More Info: https://bandit.readthedocs.io/en/1.7.7/blacklists/blacklist_calls.html#b306-mktemp-q
   Location: .\scipy\weave\tests\weave_test_utils.py:32:16
31	    global backup_dir
32	    backup_dir =tempfile.mktemp()
33	    os.mkdir(backup_dir)

--------------------------------------------------
>> Issue: [B110:try_except_pass] Try, Except, Pass detected.
   Severity: Low   Confidence: High
   CWE: CWE-703 (https://cwe.mitre.org/data/definitions/703.html)
   More Info: https://bandit.readthedocs.io/en/1.7.7/plugins/b110_try_except_pass.html
   Location: .\scipy\weave\vtk_spec.py:128:8
127	                  cmp(self.type_name,other.type_name)
128	        except:
129	            pass
130	        return res

--------------------------------------------------
>> Issue: [B404:blacklist] Consider possible security implications associated with the subprocess module.
   Severity: Low   Confidence: High
   CWE: CWE-78 (https://cwe.mitre.org/data/definitions/78.html)
   More Info: https://bandit.readthedocs.io/en/1.7.7/blacklists/blacklist_imports.html#b404-import-subprocess
   Location: .\setup.py:23:0
22	import sys
23	import subprocess
24	import shutil

--------------------------------------------------
>> Issue: [B603:subprocess_without_shell_equals_true] subprocess call - check for execution of untrusted input.
   Severity: Low   Confidence: High
   CWE: CWE-78 (https://cwe.mitre.org/data/definitions/78.html)
   More Info: https://bandit.readthedocs.io/en/1.7.7/plugins/b603_subprocess_without_shell_equals_true.html
   Location: .\setup.py:68:14
67	        env['LC_ALL'] = 'C'
68	        out = subprocess.Popen(cmd, stdout = subprocess.PIPE, env=env).communicate()[0]
69	        return out

--------------------------------------------------
>> Issue: [B102:exec_used] Use of exec detected.
   Severity: Medium   Confidence: High
   CWE: CWE-78 (https://cwe.mitre.org/data/definitions/78.html)
   More Info: https://bandit.readthedocs.io/en/1.7.7/plugins/b102_exec_used.html
   Location: .\setupegg.py:7:0
6	from setuptools import setup
7	exec(compile(open('setup.py').read(), 'setup.py', 'exec'))

--------------------------------------------------
>> Issue: [B102:exec_used] Use of exec detected.
   Severity: Medium   Confidence: High
   CWE: CWE-78 (https://cwe.mitre.org/data/definitions/78.html)
   More Info: https://bandit.readthedocs.io/en/1.7.7/plugins/b102_exec_used.html
   Location: .\setupeggscons.py:7:0
6	from setuptools import setup
7	exec(compile(open('setupscons.py').read(), 'setupscons.py', 'exec'))

--------------------------------------------------
>> Issue: [B102:exec_used] Use of exec detected.
   Severity: Medium   Confidence: High
   CWE: CWE-78 (https://cwe.mitre.org/data/definitions/78.html)
   More Info: https://bandit.readthedocs.io/en/1.7.7/plugins/b102_exec_used.html
   Location: .\setupsconsegg.py:7:0
6	from setuptools import setup
7	exec(compile(open('setupscons.py').read(), 'setupscons.py', 'exec'))

--------------------------------------------------
>> Issue: [B404:blacklist] Consider possible security implications associated with the subprocess module.
   Severity: Low   Confidence: High
   CWE: CWE-78 (https://cwe.mitre.org/data/definitions/78.html)
   More Info: https://bandit.readthedocs.io/en/1.7.7/blacklists/blacklist_imports.html#b404-import-subprocess
   Location: .\tools\authors.py:13:0
12	
13	from subprocess import Popen, PIPE, call
14	import tempfile

--------------------------------------------------
>> Issue: [B404:blacklist] Consider possible security implications associated with the subprocess module.
   Severity: Low   Confidence: High
   CWE: CWE-78 (https://cwe.mitre.org/data/definitions/78.html)
   More Info: https://bandit.readthedocs.io/en/1.7.7/blacklists/blacklist_imports.html#b404-import-subprocess
   Location: .\tools\authors.py:19:0
18	import os
19	import subprocess
20	

--------------------------------------------------
>> Issue: [B603:subprocess_without_shell_equals_true] subprocess call - check for execution of untrusted input.
   Severity: Low   Confidence: High
   CWE: CWE-78 (https://cwe.mitre.org/data/definitions/78.html)
   More Info: https://bandit.readthedocs.io/en/1.7.7/plugins/b603_subprocess_without_shell_equals_true.html
   Location: .\tools\authors.py:196:23
195	            if call:
196	                return subprocess.call(cmd, **kw)
197	            else:

--------------------------------------------------
>> Issue: [B603:subprocess_without_shell_equals_true] subprocess call - check for execution of untrusted input.
   Severity: Low   Confidence: High
   CWE: CWE-78 (https://cwe.mitre.org/data/definitions/78.html)
   More Info: https://bandit.readthedocs.io/en/1.7.7/plugins/b603_subprocess_without_shell_equals_true.html
   Location: .\tools\authors.py:198:23
197	            else:
198	                return subprocess.Popen(cmd, **kw)
199	        finally:

--------------------------------------------------
>> Issue: [B404:blacklist] Consider possible security implications associated with the subprocess module.
   Severity: Low   Confidence: High
   CWE: CWE-78 (https://cwe.mitre.org/data/definitions/78.html)
   More Info: https://bandit.readthedocs.io/en/1.7.7/blacklists/blacklist_imports.html#b404-import-subprocess
   Location: .\tools\win32\build_scripts\lib.py:3:0
2	import re
3	import subprocess
4	

--------------------------------------------------
>> Issue: [B607:start_process_with_partial_path] Starting a process with a partial executable path
   Severity: Low   Confidence: High
   CWE: CWE-78 (https://cwe.mitre.org/data/definitions/78.html)
   More Info: https://bandit.readthedocs.io/en/1.7.7/plugins/b607_start_process_with_partial_path.html
   Location: .\tools\win32\build_scripts\lib.py:11:10
10	def get_svn_version(chdir):
11	    out = subprocess.Popen(['svn', 'info'],
12	                           stdout = subprocess.PIPE,
13	                           cwd = chdir).communicate()[0]
14	    r = re.compile('Revision: ([0-9]+)')

--------------------------------------------------
>> Issue: [B603:subprocess_without_shell_equals_true] subprocess call - check for execution of untrusted input.
   Severity: Low   Confidence: High
   CWE: CWE-78 (https://cwe.mitre.org/data/definitions/78.html)
   More Info: https://bandit.readthedocs.io/en/1.7.7/plugins/b603_subprocess_without_shell_equals_true.html
   Location: .\tools\win32\build_scripts\lib.py:11:10
10	def get_svn_version(chdir):
11	    out = subprocess.Popen(['svn', 'info'],
12	                           stdout = subprocess.PIPE,
13	                           cwd = chdir).communicate()[0]
14	    r = re.compile('Revision: ([0-9]+)')

--------------------------------------------------

Code scanned:
	Total lines of code: 132841
	Total lines skipped (#nosec): 0
	Total potential issues skipped due to specifically being disabled (e.g., #nosec BXXX): 0

Run metrics:
	Total issues (by severity):
		Undefined: 0
		Low: 111
		Medium: 95
		High: 10
	Total issues (by confidence):
		Undefined: 0
		Low: 0
		Medium: 0
		High: 216
Files skipped (7):
	.\doc\source\conf.py (syntax error while parsing AST from file)
	.\doc\source\tutorial\examples\newton_krylov_preconditioning.py (syntax error while parsing AST from file)
	.\pavement.py (syntax error while parsing AST from file)
	.\tools\osx\build.py (syntax error while parsing AST from file)
	.\tools\osx\install_and_test.py (syntax error while parsing AST from file)
	.\tools\win32\build_scripts\pavement.py (syntax error while parsing AST from file)
	.\tools\win32\detect_cpu_extensions_wine.py (syntax error while parsing AST from file)
