Working... ---------------------------------------- 100% 0:00:02
Run started:2024-02-10 21:18:51.967777

Test results:
>> Issue: [B110:try_except_pass] Try, Except, Pass detected.
   Severity: Low   Confidence: High
   CWE: CWE-703 (https://cwe.mitre.org/data/definitions/703.html)
   More Info: https://bandit.readthedocs.io/en/1.7.7/plugins/b110_try_except_pass.html
   Location: .\demos\demo.py:178:4
177	        t.close()
178	    except:
179	        pass
180	    sys.exit(1)

--------------------------------------------------
>> Issue: [B105:hardcoded_password_string] Possible hardcoded password: 'foo'
   Severity: Low   Confidence: Medium
   CWE: CWE-259 (https://cwe.mitre.org/data/definitions/259.html)
   More Info: https://bandit.readthedocs.io/en/1.7.7/plugins/b105_hardcoded_password_string.html
   Location: .\demos\demo_server.py:60:50
59	    def check_auth_password(self, username, password):
60	        if (username == 'robey') and (password == 'foo'):
61	            return paramiko.AUTH_SUCCESSFUL

--------------------------------------------------
>> Issue: [B110:try_except_pass] Try, Except, Pass detected.
   Severity: Low   Confidence: High
   CWE: CWE-703 (https://cwe.mitre.org/data/definitions/703.html)
   More Info: https://bandit.readthedocs.io/en/1.7.7/plugins/b110_try_except_pass.html
   Location: .\demos\demo_server.py:178:4
177	        t.close()
178	    except:
179	        pass
180	    sys.exit(1)

--------------------------------------------------
>> Issue: [B110:try_except_pass] Try, Except, Pass detected.
   Severity: Low   Confidence: High
   CWE: CWE-703 (https://cwe.mitre.org/data/definitions/703.html)
   More Info: https://bandit.readthedocs.io/en/1.7.7/plugins/b110_try_except_pass.html
   Location: .\demos\demo_sftp.py:131:4
130	        t.close()
131	    except:
132	        pass
133	    sys.exit(1)

--------------------------------------------------
>> Issue: [B507:ssh_no_host_key_verification] Paramiko call with policy set to automatically trust the unknown host key.
   Severity: High   Confidence: Medium
   CWE: CWE-295 (https://cwe.mitre.org/data/definitions/295.html)
   More Info: https://bandit.readthedocs.io/en/1.7.7/plugins/b507_ssh_no_host_key_verification.html
   Location: .\demos\demo_simple.py:77:4
76	    client.load_system_host_keys()
77	    client.set_missing_host_key_policy(paramiko.WarningPolicy())
78	    print('*** Connecting...')

--------------------------------------------------
>> Issue: [B110:try_except_pass] Try, Except, Pass detected.
   Severity: Low   Confidence: High
   CWE: CWE-703 (https://cwe.mitre.org/data/definitions/703.html)
   More Info: https://bandit.readthedocs.io/en/1.7.7/plugins/b110_try_except_pass.html
   Location: .\demos\demo_simple.py:104:4
103	        client.close()
104	    except:
105	        pass
106	    sys.exit(1)

--------------------------------------------------
>> Issue: [B507:ssh_no_host_key_verification] Paramiko call with policy set to automatically trust the unknown host key.
   Severity: High   Confidence: Medium
   CWE: CWE-295 (https://cwe.mitre.org/data/definitions/295.html)
   More Info: https://bandit.readthedocs.io/en/1.7.7/plugins/b507_ssh_no_host_key_verification.html
   Location: .\demos\forward.py:166:4
165	    client.load_system_host_keys()
166	    client.set_missing_host_key_policy(paramiko.WarningPolicy())
167	

--------------------------------------------------
>> Issue: [B507:ssh_no_host_key_verification] Paramiko call with policy set to automatically trust the unknown host key.
   Severity: High   Confidence: Medium
   CWE: CWE-295 (https://cwe.mitre.org/data/definitions/295.html)
   More Info: https://bandit.readthedocs.io/en/1.7.7/plugins/b507_ssh_no_host_key_verification.html
   Location: .\demos\rforward.py:147:4
146	    client.load_system_host_keys()
147	    client.set_missing_host_key_policy(paramiko.WarningPolicy())
148	

--------------------------------------------------
>> Issue: [B101:assert_used] Use of assert detected. The enclosed code will be removed when compiling to optimised byte code.
   Severity: Low   Confidence: High
   CWE: CWE-703 (https://cwe.mitre.org/data/definitions/703.html)
   More Info: https://bandit.readthedocs.io/en/1.7.7/plugins/b101_assert_used.html
   Location: .\paramiko\_winapi.py:171:8
170	    def write(self, msg):
171	        assert isinstance(msg, bytes)
172	        n = len(msg)

--------------------------------------------------
>> Issue: [B101:assert_used] Use of assert detected. The enclosed code will be removed when compiling to optimised byte code.
   Severity: Low   Confidence: High
   CWE: CWE-703 (https://cwe.mitre.org/data/definitions/703.html)
   More Info: https://bandit.readthedocs.io/en/1.7.7/plugins/b101_assert_used.html
   Location: .\paramiko\_winapi.py:383:4
382	
383	    assert isinstance(user, TOKEN_USER), "user must be TOKEN_USER instance"
384	

--------------------------------------------------
>> Issue: [B110:try_except_pass] Try, Except, Pass detected.
   Severity: Low   Confidence: High
   CWE: CWE-703 (https://cwe.mitre.org/data/definitions/703.html)
   More Info: https://bandit.readthedocs.io/en/1.7.7/plugins/b110_try_except_pass.html
   Location: .\paramiko\channel.py:130:8
129	            self.close()
130	        except:
131	            pass
132	

--------------------------------------------------
>> Issue: [B101:assert_used] Use of assert detected. The enclosed code will be removed when compiling to optimised byte code.
   Severity: Low   Confidence: High
   CWE: CWE-703 (https://cwe.mitre.org/data/definitions/703.html)
   More Info: https://bandit.readthedocs.io/en/1.7.7/plugins/b101_assert_used.html
   Location: .\paramiko\channel.py:333:8
332	        self.status_event.wait()
333	        assert self.status_event.is_set()
334	        return self.exit_status

--------------------------------------------------
>> Issue: [B101:assert_used] Use of assert detected. The enclosed code will be removed when compiling to optimised byte code.
   Severity: Low   Confidence: High
   CWE: CWE-703 (https://cwe.mitre.org/data/definitions/703.html)
   More Info: https://bandit.readthedocs.io/en/1.7.7/plugins/b101_assert_used.html
   Location: .\paramiko\channel.py:1137:8
1136	        self.event.wait()
1137	        assert self.event.is_set()
1138	        if self.event_ready:

--------------------------------------------------
>> Issue: [B110:try_except_pass] Try, Except, Pass detected.
   Severity: Low   Confidence: High
   CWE: CWE-703 (https://cwe.mitre.org/data/definitions/703.html)
   More Info: https://bandit.readthedocs.io/en/1.7.7/plugins/b110_try_except_pass.html
   Location: .\paramiko\client.py:307:24
306	                            sock.settimeout(timeout)
307	                        except:
308	                            pass
309	                    retry_on_signal(lambda: sock.connect(addr))

--------------------------------------------------
>> Issue: [B601:paramiko_calls] Possible shell injection via Paramiko call, check inputs are properly sanitized.
   Severity: Medium   Confidence: Medium
   CWE: CWE-78 (https://cwe.mitre.org/data/definitions/78.html)
   More Info: https://bandit.readthedocs.io/en/1.7.7/plugins/b601_paramiko_calls.html
   Location: .\paramiko\client.py:429:8
428	        chan.settimeout(timeout)
429	        chan.exec_command(command)
430	        stdin = chan.makefile('wb', bufsize)

--------------------------------------------------
>> Issue: [B303:blacklist] Use of insecure MD2, MD4, MD5, or SHA1 hash function.
   Severity: Medium   Confidence: High
   CWE: CWE-327 (https://cwe.mitre.org/data/definitions/327.html)
   More Info: https://bandit.readthedocs.io/en/1.7.7/blacklists/blacklist_calls.html#b303-md5
   Location: .\paramiko\dsskey.py:115:28
114	        ).private_key(backend=default_backend())
115	        signer = key.signer(hashes.SHA1())
116	        signer.update(data)

--------------------------------------------------
>> Issue: [B303:blacklist] Use of insecure MD2, MD4, MD5, or SHA1 hash function.
   Severity: Medium   Confidence: High
   CWE: CWE-327 (https://cwe.mitre.org/data/definitions/327.html)
   More Info: https://bandit.readthedocs.io/en/1.7.7/blacklists/blacklist_calls.html#b303-md5
   Location: .\paramiko\dsskey.py:155:43
154	        ).public_key(backend=default_backend())
155	        verifier = key.verifier(signature, hashes.SHA1())
156	        verifier.update(data)

--------------------------------------------------
>> Issue: [B324:hashlib] Use of weak SHA1 hash for security. Consider usedforsecurity=False
   Severity: High   Confidence: High
   CWE: CWE-327 (https://cwe.mitre.org/data/definitions/327.html)
   More Info: https://bandit.readthedocs.io/en/1.7.7/plugins/b324_hashlib.html
   Location: .\paramiko\hostkeys.py:295:30
294	        if salt is None:
295	            salt = os.urandom(sha1().digest_size)
296	        else:

--------------------------------------------------
>> Issue: [B101:assert_used] Use of assert detected. The enclosed code will be removed when compiling to optimised byte code.
   Severity: Low   Confidence: High
   CWE: CWE-703 (https://cwe.mitre.org/data/definitions/703.html)
   More Info: https://bandit.readthedocs.io/en/1.7.7/plugins/b101_assert_used.html
   Location: .\paramiko\hostkeys.py:300:8
299	            salt = decodebytes(b(salt))
300	        assert len(salt) == sha1().digest_size
301	        hmac = HMAC(salt, b(hostname), sha1).digest()

--------------------------------------------------
>> Issue: [B324:hashlib] Use of weak SHA1 hash for security. Consider usedforsecurity=False
   Severity: High   Confidence: High
   CWE: CWE-327 (https://cwe.mitre.org/data/definitions/327.html)
   More Info: https://bandit.readthedocs.io/en/1.7.7/plugins/b324_hashlib.html
   Location: .\paramiko\hostkeys.py:300:28
299	            salt = decodebytes(b(salt))
300	        assert len(salt) == sha1().digest_size
301	        hmac = HMAC(salt, b(hostname), sha1).digest()

--------------------------------------------------
>> Issue: [B324:hashlib] Use of weak SHA1 hash for security. Consider usedforsecurity=False
   Severity: High   Confidence: High
   CWE: CWE-327 (https://cwe.mitre.org/data/definitions/327.html)
   More Info: https://bandit.readthedocs.io/en/1.7.7/plugins/b324_hashlib.html
   Location: .\paramiko\kex_group1.py:112:35
111	        hm.add_mpint(K)
112	        self.transport._set_K_H(K, sha1(hm.asbytes()).digest())
113	        self.transport._verify_key(host_key, sig)

--------------------------------------------------
>> Issue: [B324:hashlib] Use of weak SHA1 hash for security. Consider usedforsecurity=False
   Severity: High   Confidence: High
   CWE: CWE-327 (https://cwe.mitre.org/data/definitions/327.html)
   More Info: https://bandit.readthedocs.io/en/1.7.7/plugins/b324_hashlib.html
   Location: .\paramiko\kex_group1.py:132:12
131	        hm.add_mpint(K)
132	        H = sha1(hm.asbytes()).digest()
133	        self.transport._set_K_H(K, H)

--------------------------------------------------
>> Issue: [B324:hashlib] Use of weak SHA1 hash for security. Consider usedforsecurity=False
   Severity: High   Confidence: High
   CWE: CWE-327 (https://cwe.mitre.org/data/definitions/327.html)
   More Info: https://bandit.readthedocs.io/en/1.7.7/plugins/b324_hashlib.html
   Location: .\paramiko\kex_gss.py:210:35
209	        hm.add_mpint(K)
210	        self.transport._set_K_H(K, sha1(str(hm)).digest())
211	        if srv_token is not None:

--------------------------------------------------
>> Issue: [B324:hashlib] Use of weak SHA1 hash for security. Consider usedforsecurity=False
   Severity: High   Confidence: High
   CWE: CWE-327 (https://cwe.mitre.org/data/definitions/327.html)
   More Info: https://bandit.readthedocs.io/en/1.7.7/plugins/b324_hashlib.html
   Location: .\paramiko\kex_gss.py:244:12
243	        hm.add_mpint(K)
244	        H = sha1(hm.asbytes()).digest()
245	        self.transport._set_K_H(K, H)

--------------------------------------------------
>> Issue: [B324:hashlib] Use of weak SHA1 hash for security. Consider usedforsecurity=False
   Severity: High   Confidence: High
   CWE: CWE-327 (https://cwe.mitre.org/data/definitions/327.html)
   More Info: https://bandit.readthedocs.io/en/1.7.7/plugins/b324_hashlib.html
   Location: .\paramiko\kex_gss.py:487:12
486	        hm.add_mpint(K)
487	        H = sha1(hm.asbytes()).digest()
488	        self.transport._set_K_H(K, H)

--------------------------------------------------
>> Issue: [B324:hashlib] Use of weak SHA1 hash for security. Consider usedforsecurity=False
   Severity: High   Confidence: High
   CWE: CWE-327 (https://cwe.mitre.org/data/definitions/327.html)
   More Info: https://bandit.readthedocs.io/en/1.7.7/plugins/b324_hashlib.html
   Location: .\paramiko\kex_gss.py:580:12
579	        hm.add_mpint(K)
580	        H = sha1(hm.asbytes()).digest()
581	        self.transport._set_K_H(K, H)

--------------------------------------------------
>> Issue: [B324:hashlib] Use of weak MD5 hash for security. Consider usedforsecurity=False
   Severity: High   Confidence: High
   CWE: CWE-327 (https://cwe.mitre.org/data/definitions/327.html)
   More Info: https://bandit.readthedocs.io/en/1.7.7/plugins/b324_hashlib.html
   Location: .\paramiko\pkey.py:150:15
149	        """
150	        return md5(self.asbytes()).digest()
151	

--------------------------------------------------
>> Issue: [B112:try_except_continue] Try, Except, Continue detected.
   Severity: Low   Confidence: High
   CWE: CWE-703 (https://cwe.mitre.org/data/definitions/703.html)
   More Info: https://bandit.readthedocs.io/en/1.7.7/plugins/b112_try_except_continue.html
   Location: .\paramiko\primes.py:112:16
111	                    self._parse_modulus(line)
112	                except:
113	                    continue
114	

--------------------------------------------------
>> Issue: [B404:blacklist] Consider possible security implications associated with the subprocess module.
   Severity: Low   Confidence: High
   CWE: CWE-78 (https://cwe.mitre.org/data/definitions/78.html)
   More Info: https://bandit.readthedocs.io/en/1.7.7/blacklists/blacklist_imports.html#b404-import-subprocess
   Location: .\paramiko\proxy.py:52:8
51	        # GAE) can still import us during overall Paramiko load.
52	        from subprocess import Popen, PIPE
53	        self.cmd = shlsplit(command_line)

--------------------------------------------------
>> Issue: [B603:subprocess_without_shell_equals_true] subprocess call - check for execution of untrusted input.
   Severity: Low   Confidence: High
   CWE: CWE-78 (https://cwe.mitre.org/data/definitions/78.html)
   More Info: https://bandit.readthedocs.io/en/1.7.7/plugins/b603_subprocess_without_shell_equals_true.html
   Location: .\paramiko\proxy.py:54:23
53	        self.cmd = shlsplit(command_line)
54	        self.process = Popen(self.cmd, stdin=PIPE, stdout=PIPE, stderr=PIPE,
55	                             bufsize=0)
56	        self.timeout = None

--------------------------------------------------
>> Issue: [B101:assert_used] Use of assert detected. The enclosed code will be removed when compiling to optimised byte code.
   Severity: Low   Confidence: High
   CWE: CWE-703 (https://cwe.mitre.org/data/definitions/703.html)
   More Info: https://bandit.readthedocs.io/en/1.7.7/plugins/b101_assert_used.html
   Location: .\paramiko\py3compat.py:124:8
123	    def byte_chr(c):
124	        assert isinstance(c, int)
125	        return struct.pack('B', c)

--------------------------------------------------
>> Issue: [B101:assert_used] Use of assert detected. The enclosed code will be removed when compiling to optimised byte code.
   Severity: Low   Confidence: High
   CWE: CWE-703 (https://cwe.mitre.org/data/definitions/703.html)
   More Info: https://bandit.readthedocs.io/en/1.7.7/plugins/b101_assert_used.html
   Location: .\paramiko\py3compat.py:128:8
127	    def byte_mask(c, mask):
128	        assert isinstance(c, int)
129	        return struct.pack('B', c & mask)

--------------------------------------------------
>> Issue: [B303:blacklist] Use of insecure MD2, MD4, MD5, or SHA1 hash function.
   Severity: Medium   Confidence: High
   CWE: CWE-327 (https://cwe.mitre.org/data/definitions/327.html)
   More Info: https://bandit.readthedocs.io/en/1.7.7/blacklists/blacklist_calls.html#b303-md5
   Location: .\paramiko\rsakey.py:110:22
109	            padding=padding.PKCS1v15(),
110	            algorithm=hashes.SHA1(),
111	        )

--------------------------------------------------
>> Issue: [B303:blacklist] Use of insecure MD2, MD4, MD5, or SHA1 hash function.
   Severity: Medium   Confidence: High
   CWE: CWE-327 (https://cwe.mitre.org/data/definitions/327.html)
   More Info: https://bandit.readthedocs.io/en/1.7.7/blacklists/blacklist_calls.html#b303-md5
   Location: .\paramiko\rsakey.py:130:22
129	            padding=padding.PKCS1v15(),
130	            algorithm=hashes.SHA1(),
131	        )

--------------------------------------------------
>> Issue: [B101:assert_used] Use of assert detected. The enclosed code will be removed when compiling to optimised byte code.
   Severity: Low   Confidence: High
   CWE: CWE-703 (https://cwe.mitre.org/data/definitions/703.html)
   More Info: https://bandit.readthedocs.io/en/1.7.7/plugins/b101_assert_used.html
   Location: .\paramiko\rsakey.py:189:8
188	
189	        assert isinstance(key, rsa.RSAPrivateKey)
190	        self.key = key

--------------------------------------------------
>> Issue: [B110:try_except_pass] Try, Except, Pass detected.
   Severity: Low   Confidence: High
   CWE: CWE-703 (https://cwe.mitre.org/data/definitions/703.html)
   More Info: https://bandit.readthedocs.io/en/1.7.7/plugins/b110_try_except_pass.html
   Location: .\paramiko\server.py:669:8
668	            self.finish_subsystem()
669	        except:
670	            pass
671	

--------------------------------------------------
>> Issue: [B110:try_except_pass] Try, Except, Pass detected.
   Severity: Low   Confidence: High
   CWE: CWE-703 (https://cwe.mitre.org/data/definitions/703.html)
   More Info: https://bandit.readthedocs.io/en/1.7.7/plugins/b110_try_except_pass.html
   Location: .\paramiko\sftp_server.py:126:16
125	                    self._send_status(request_number, SFTP_FAILURE)
126	                except:
127	                    pass
128	

--------------------------------------------------
>> Issue: [B102:exec_used] Use of exec detected.
   Severity: Medium   Confidence: High
   CWE: CWE-78 (https://cwe.mitre.org/data/definitions/78.html)
   More Info: https://bandit.readthedocs.io/en/1.7.7/plugins/b102_exec_used.html
   Location: .\setup.py:44:4
43	with open('paramiko/_version.py') as fp:
44	    exec(fp.read(), None, _locals)
45	version = _locals['__version__']

--------------------------------------------------
>> Issue: [B105:hardcoded_password_string] Possible hardcoded password: 'pygmalion'
   Severity: Low   Confidence: Medium
   CWE: CWE-259 (https://cwe.mitre.org/data/definitions/259.html)
   More Info: https://bandit.readthedocs.io/en/1.7.7/plugins/b105_hardcoded_password_string.html
   Location: .\tests\test_auth.py:63:53
62	    def check_auth_password(self, username, password):
63	        if (username == 'slowdive') and (password == 'pygmalion'):
64	            return AUTH_SUCCESSFUL

--------------------------------------------------
>> Issue: [B105:hardcoded_password_string] Possible hardcoded password: 'paranoid'
   Severity: Low   Confidence: Medium
   CWE: CWE-259 (https://cwe.mitre.org/data/definitions/259.html)
   More Info: https://bandit.readthedocs.io/en/1.7.7/plugins/b105_hardcoded_password_string.html
   Location: .\tests\test_auth.py:65:53
64	            return AUTH_SUCCESSFUL
65	        if (username == 'paranoid') and (password == 'paranoid'):
66	            # 2-part auth (even openssh doesn't support this)

--------------------------------------------------
>> Issue: [B105:hardcoded_password_string] Possible hardcoded password: 'ÿ'
   Severity: Low   Confidence: Medium
   CWE: CWE-259 (https://cwe.mitre.org/data/definitions/259.html)
   More Info: https://bandit.readthedocs.io/en/1.7.7/plugins/b105_hardcoded_password_string.html
   Location: .\tests\test_auth.py:73:53
72	            return AUTH_SUCCESSFUL
73	        if (username == 'non-utf8') and (password == '\xff'):
74	            return AUTH_SUCCESSFUL

--------------------------------------------------
>> Issue: [B106:hardcoded_password_funcarg] Possible hardcoded password: 'error'
   Severity: Low   Confidence: Medium
   CWE: CWE-259 (https://cwe.mitre.org/data/definitions/259.html)
   More Info: https://bandit.readthedocs.io/en/1.7.7/plugins/b106_hardcoded_password_funcarg.html
   Location: .\tests\test_auth.py:137:12
136	        try:
137	            self.tc.connect(hostkey=self.public_host_key,
138	                            username='unknown', password='error')
139	            self.assertTrue(False)

--------------------------------------------------
>> Issue: [B106:hardcoded_password_funcarg] Possible hardcoded password: 'error'
   Severity: Low   Confidence: Medium
   CWE: CWE-259 (https://cwe.mitre.org/data/definitions/259.html)
   More Info: https://bandit.readthedocs.io/en/1.7.7/plugins/b106_hardcoded_password_funcarg.html
   Location: .\tests\test_auth.py:153:12
152	        try:
153	            self.tc.auth_password(username='slowdive', password='error')
154	            self.assertTrue(False)

--------------------------------------------------
>> Issue: [B106:hardcoded_password_funcarg] Possible hardcoded password: 'pygmalion'
   Severity: Low   Confidence: Medium
   CWE: CWE-259 (https://cwe.mitre.org/data/definitions/259.html)
   More Info: https://bandit.readthedocs.io/en/1.7.7/plugins/b106_hardcoded_password_funcarg.html
   Location: .\tests\test_auth.py:158:8
157	            self.assertTrue(issubclass(etype, AuthenticationException))
158	        self.tc.auth_password(username='slowdive', password='pygmalion')
159	        self.verify_finished()

--------------------------------------------------
>> Issue: [B106:hardcoded_password_funcarg] Possible hardcoded password: 'paranoid'
   Severity: Low   Confidence: Medium
   CWE: CWE-259 (https://cwe.mitre.org/data/definitions/259.html)
   More Info: https://bandit.readthedocs.io/en/1.7.7/plugins/b106_hardcoded_password_funcarg.html
   Location: .\tests\test_auth.py:167:17
166	        self.tc.connect(hostkey=self.public_host_key)
167	        remain = self.tc.auth_password(username='paranoid', password='paranoid')
168	        self.assertEqual(['publickey'], remain)

--------------------------------------------------
>> Issue: [B105:hardcoded_password_string] Possible hardcoded password: 'pygmalion'
   Severity: Low   Confidence: Medium
   CWE: CWE-259 (https://cwe.mitre.org/data/definitions/259.html)
   More Info: https://bandit.readthedocs.io/en/1.7.7/plugins/b105_hardcoded_password_string.html
   Location: .\tests\test_client.py:61:53
60	    def check_auth_password(self, username, password):
61	        if (username == 'slowdive') and (password == 'pygmalion'):
62	            return paramiko.AUTH_SUCCESSFUL

--------------------------------------------------
>> Issue: [B601:paramiko_calls] Possible shell injection via Paramiko call, check inputs are properly sanitized.
   Severity: Medium   Confidence: Medium
   CWE: CWE-78 (https://cwe.mitre.org/data/definitions/78.html)
   More Info: https://bandit.readthedocs.io/en/1.7.7/plugins/b601_paramiko_calls.html
   Location: .\tests\test_client.py:147:32
146	        # Command execution functions?
147	        stdin, stdout, stderr = self.tc.exec_command('yes')
148	        schan = self.ts.accept(1.0)

--------------------------------------------------
>> Issue: [B106:hardcoded_password_funcarg] Possible hardcoded password: 'pygmalion'
   Severity: Low   Confidence: Medium
   CWE: CWE-259 (https://cwe.mitre.org/data/definitions/259.html)
   More Info: https://bandit.readthedocs.io/en/1.7.7/plugins/b106_hardcoded_password_funcarg.html
   Location: .\tests\test_client.py:168:8
167	        """
168	        self._test_connection(password='pygmalion')
169	

--------------------------------------------------
>> Issue: [B507:ssh_no_host_key_verification] Paramiko call with policy set to automatically trust the unknown host key.
   Severity: High   Confidence: Medium
   CWE: CWE-295 (https://cwe.mitre.org/data/definitions/295.html)
   More Info: https://bandit.readthedocs.io/en/1.7.7/plugins/b507_ssh_no_host_key_verification.html
   Location: .\tests\test_client.py:240:8
239	        self.tc = paramiko.SSHClient()
240	        self.tc.set_missing_host_key_policy(paramiko.AutoAddPolicy())
241	        self.assertEqual(0, len(self.tc.get_host_keys()))

--------------------------------------------------
>> Issue: [B106:hardcoded_password_funcarg] Possible hardcoded password: 'pygmalion'
   Severity: Low   Confidence: Medium
   CWE: CWE-259 (https://cwe.mitre.org/data/definitions/259.html)
   More Info: https://bandit.readthedocs.io/en/1.7.7/plugins/b106_hardcoded_password_funcarg.html
   Location: .\tests\test_client.py:242:8
241	        self.assertEqual(0, len(self.tc.get_host_keys()))
242	        self.tc.connect(password='pygmalion', **self.connect_kwargs)
243	

--------------------------------------------------
>> Issue: [B101:assert_used] Use of assert detected. The enclosed code will be removed when compiling to optimised byte code.
   Severity: Low   Confidence: High
   CWE: CWE-703 (https://cwe.mitre.org/data/definitions/703.html)
   More Info: https://bandit.readthedocs.io/en/1.7.7/plugins/b101_assert_used.html
   Location: .\tests\test_client.py:275:12
274	        with open(localname) as fd:
275	            assert host_id in fd.read()
276	

--------------------------------------------------
>> Issue: [B507:ssh_no_host_key_verification] Paramiko call with policy set to automatically trust the unknown host key.
   Severity: High   Confidence: Medium
   CWE: CWE-295 (https://cwe.mitre.org/data/definitions/295.html)
   More Info: https://bandit.readthedocs.io/en/1.7.7/plugins/b507_ssh_no_host_key_verification.html
   Location: .\tests\test_client.py:291:8
290	        self.tc = paramiko.SSHClient()
291	        self.tc.set_missing_host_key_policy(paramiko.AutoAddPolicy())
292	        self.assertEqual(0, len(self.tc.get_host_keys()))

--------------------------------------------------
>> Issue: [B106:hardcoded_password_funcarg] Possible hardcoded password: 'pygmalion'
   Severity: Low   Confidence: Medium
   CWE: CWE-259 (https://cwe.mitre.org/data/definitions/259.html)
   More Info: https://bandit.readthedocs.io/en/1.7.7/plugins/b106_hardcoded_password_funcarg.html
   Location: .\tests\test_client.py:293:26
292	        self.assertEqual(0, len(self.tc.get_host_keys()))
293	        self.tc.connect(**dict(self.connect_kwargs, password='pygmalion'))
294	

--------------------------------------------------
>> Issue: [B507:ssh_no_host_key_verification] Paramiko call with policy set to automatically trust the unknown host key.
   Severity: High   Confidence: Medium
   CWE: CWE-295 (https://cwe.mitre.org/data/definitions/295.html)
   More Info: https://bandit.readthedocs.io/en/1.7.7/plugins/b507_ssh_no_host_key_verification.html
   Location: .\tests\test_client.py:320:12
319	            self.tc = tc
320	            self.tc.set_missing_host_key_policy(paramiko.AutoAddPolicy())
321	            self.assertEquals(0, len(self.tc.get_host_keys()))

--------------------------------------------------
>> Issue: [B106:hardcoded_password_funcarg] Possible hardcoded password: 'pygmalion'
   Severity: Low   Confidence: Medium
   CWE: CWE-259 (https://cwe.mitre.org/data/definitions/259.html)
   More Info: https://bandit.readthedocs.io/en/1.7.7/plugins/b106_hardcoded_password_funcarg.html
   Location: .\tests\test_client.py:322:30
321	            self.assertEquals(0, len(self.tc.get_host_keys()))
322	            self.tc.connect(**dict(self.connect_kwargs, password='pygmalion'))
323	

--------------------------------------------------
>> Issue: [B106:hardcoded_password_funcarg] Possible hardcoded password: 'pygmalion'
   Severity: Low   Confidence: Medium
   CWE: CWE-259 (https://cwe.mitre.org/data/definitions/259.html)
   More Info: https://bandit.readthedocs.io/en/1.7.7/plugins/b106_hardcoded_password_funcarg.html
   Location: .\tests\test_client.py:360:17
359	        # instead of succeeding (at password step)
360	        kwargs = dict(
361	            # Password-protected key whose passphrase is not 'pygmalion' (it's
362	            # 'television' as per tests/test_pkey.py). NOTE: must use
363	            # key_filename, loading the actual key here with PKey will except
364	            # immediately; we're testing the try/except crap within Client.
365	            key_filename=[test_path('test_rsa_password.key')],
366	            # Actual password for default 'slowdive' user
367	            password='pygmalion',
368	        )
369	        self._test_connection(**kwargs)

--------------------------------------------------
>> Issue: [B106:hardcoded_password_funcarg] Possible hardcoded password: 'pygmalion'
   Severity: Low   Confidence: Medium
   CWE: CWE-259 (https://cwe.mitre.org/data/definitions/259.html)
   More Info: https://bandit.readthedocs.io/en/1.7.7/plugins/b106_hardcoded_password_funcarg.html
   Location: .\tests\test_client.py:404:8
403	        self.assertEqual(0, len(self.tc.get_host_keys()))
404	        self.assertRaises(
405	            paramiko.SSHException,
406	            self.tc.connect,
407	            password='pygmalion', **self.connect_kwargs
408	        )
409	

--------------------------------------------------
>> Issue: [B106:hardcoded_password_funcarg] Possible hardcoded password: 'pygmalion'
   Severity: Low   Confidence: Medium
   CWE: CWE-259 (https://cwe.mitre.org/data/definitions/259.html)
   More Info: https://bandit.readthedocs.io/en/1.7.7/plugins/b106_hardcoded_password_funcarg.html
   Location: .\tests\test_client.py:423:8
422	        self.assertEqual(0, len(self.tc.get_host_keys()))
423	        self.assertRaises(
424	            paramiko.SSHException,
425	            self.tc.connect,
426	            password='pygmalion',
427	            gss_kex=True,
428	             **self.connect_kwargs
429	        )

--------------------------------------------------
>> Issue: [B110:try_except_pass] Try, Except, Pass detected.
   Severity: Low   Confidence: High
   CWE: CWE-703 (https://cwe.mitre.org/data/definitions/703.html)
   More Info: https://bandit.readthedocs.io/en/1.7.7/plugins/b110_try_except_pass.html
   Location: .\tests\test_file.py:60:8
59	            self.assertTrue(False, 'no exception on write to read-only file')
60	        except:
61	            pass
62	        f.close()

--------------------------------------------------
>> Issue: [B110:try_except_pass] Try, Except, Pass detected.
   Severity: Low   Confidence: High
   CWE: CWE-703 (https://cwe.mitre.org/data/definitions/703.html)
   More Info: https://bandit.readthedocs.io/en/1.7.7/plugins/b110_try_except_pass.html
   Location: .\tests\test_file.py:68:8
67	            self.assertTrue(False, 'no exception to read from write-only file')
68	        except:
69	            pass
70	        f.close()

--------------------------------------------------
>> Issue: [B101:assert_used] Use of assert detected. The enclosed code will be removed when compiling to optimised byte code.
   Severity: Low   Confidence: High
   CWE: CWE-703 (https://cwe.mitre.org/data/definitions/703.html)
   More Info: https://bandit.readthedocs.io/en/1.7.7/plugins/b101_assert_used.html
   Location: .\tests\test_hostkeys.py:129:12
128	        else:
129	            assert False, "Entry was not deleted from HostKeys on delitem!"

--------------------------------------------------
>> Issue: [B601:paramiko_calls] Possible shell injection via Paramiko call, check inputs are properly sanitized.
   Severity: Medium   Confidence: Medium
   CWE: CWE-78 (https://cwe.mitre.org/data/definitions/78.html)
   More Info: https://bandit.readthedocs.io/en/1.7.7/plugins/b601_paramiko_calls.html
   Location: .\tests\test_kex_gss.py:117:32
116	
117	        stdin, stdout, stderr = self.tc.exec_command('yes')
118	        schan = self.ts.accept(1.0)

--------------------------------------------------
>> Issue: [B105:hardcoded_password_string] Possible hardcoded password: 'television'
   Severity: Low   Confidence: Medium
   CWE: CWE-259 (https://cwe.mitre.org/data/definitions/259.html)
   More Info: https://bandit.readthedocs.io/en/1.7.7/plugins/b105_hardcoded_password_string.html
   Location: .\tests\test_pkey.py:433:19
432	        file_ = test_path('test_rsa_password.key')
433	        password = 'television'
434	        newfile = file_ + '.new'

--------------------------------------------------
>> Issue: [B105:hardcoded_password_string] Possible hardcoded password: 'television'
   Severity: Low   Confidence: Medium
   CWE: CWE-259 (https://cwe.mitre.org/data/definitions/259.html)
   More Info: https://bandit.readthedocs.io/en/1.7.7/plugins/b105_hardcoded_password_string.html
   Location: .\tests\test_pkey.py:456:19
455	        file_ = test_path('test_rsa_password.key')
456	        password = 'television'
457	        newfile = file_ + '.new'

--------------------------------------------------
>> Issue: [B307:blacklist] Use of possibly insecure function - consider using safer ast.literal_eval.
   Severity: Medium   Confidence: High
   CWE: CWE-78 (https://cwe.mitre.org/data/definitions/78.html)
   More Info: https://bandit.readthedocs.io/en/1.7.7/blacklists/blacklist_calls.html#b307-eval
   Location: .\tests\test_sftp.py:91:17
90	# this test is the only line in the entire program that has to be treated specially to support Py3.2
91	unicode_folder = eval(compile(r"u'\u00fcnic\u00f8de'" if PY2 else r"'\u00fcnic\u00f8de'", 'test_sftp.py', 'eval'))
92	utf8_folder = b'/\xc3\xbcnic\xc3\xb8\x64\x65'

--------------------------------------------------
>> Issue: [B106:hardcoded_password_funcarg] Possible hardcoded password: 'pygmalion'
   Severity: Low   Confidence: Medium
   CWE: CWE-259 (https://cwe.mitre.org/data/definitions/259.html)
   More Info: https://bandit.readthedocs.io/en/1.7.7/plugins/b106_hardcoded_password_funcarg.html
   Location: .\tests\test_sftp.py:150:8
149	        ts.start_server(event, server)
150	        tc.connect(username='slowdive', password='pygmalion')
151	        event.wait(1.0)

--------------------------------------------------
>> Issue: [B110:try_except_pass] Try, Except, Pass detected.
   Severity: Low   Confidence: High
   CWE: CWE-703 (https://cwe.mitre.org/data/definitions/703.html)
   More Info: https://bandit.readthedocs.io/en/1.7.7/plugins/b110_try_except_pass.html
   Location: .\tests\test_sftp.py:195:8
194	            self.fail('expected exception')
195	        except:
196	            pass
197	        sftp = paramiko.SFTP.from_transport(tc)

--------------------------------------------------
>> Issue: [B110:try_except_pass] Try, Except, Pass detected.
   Severity: Low   Confidence: High
   CWE: CWE-703 (https://cwe.mitre.org/data/definitions/703.html)
   More Info: https://bandit.readthedocs.io/en/1.7.7/plugins/b110_try_except_pass.html
   Location: .\tests\test_sftp.py:273:12
272	                sftp.remove(FOLDER + '/first.txt')
273	            except:
274	                pass
275	            try:

--------------------------------------------------
>> Issue: [B110:try_except_pass] Try, Except, Pass detected.
   Severity: Low   Confidence: High
   CWE: CWE-703 (https://cwe.mitre.org/data/definitions/703.html)
   More Info: https://bandit.readthedocs.io/en/1.7.7/plugins/b110_try_except_pass.html
   Location: .\tests\test_sftp.py:277:12
276	                sftp.remove(FOLDER + '/second.txt')
277	            except:
278	                pass
279	

--------------------------------------------------
>> Issue: [B110:try_except_pass] Try, Except, Pass detected.
   Severity: Low   Confidence: High
   CWE: CWE-703 (https://cwe.mitre.org/data/definitions/703.html)
   More Info: https://bandit.readthedocs.io/en/1.7.7/plugins/b110_try_except_pass.html
   Location: .\tests\test_sftp.py:495:12
494	                sftp.remove(FOLDER + '/link.txt')
495	            except:
496	                pass
497	            try:

--------------------------------------------------
>> Issue: [B110:try_except_pass] Try, Except, Pass detected.
   Severity: Low   Confidence: High
   CWE: CWE-703 (https://cwe.mitre.org/data/definitions/703.html)
   More Info: https://bandit.readthedocs.io/en/1.7.7/plugins/b110_try_except_pass.html
   Location: .\tests\test_sftp.py:499:12
498	                sftp.remove(FOLDER + '/link2.txt')
499	            except:
500	                pass
501	            try:

--------------------------------------------------
>> Issue: [B110:try_except_pass] Try, Except, Pass detected.
   Severity: Low   Confidence: High
   CWE: CWE-703 (https://cwe.mitre.org/data/definitions/703.html)
   More Info: https://bandit.readthedocs.io/en/1.7.7/plugins/b110_try_except_pass.html
   Location: .\tests\test_sftp.py:503:12
502	                sftp.remove(FOLDER + '/original.txt')
503	            except:
504	                pass
505	

--------------------------------------------------
>> Issue: [B110:try_except_pass] Try, Except, Pass detected.
   Severity: Low   Confidence: High
   CWE: CWE-703 (https://cwe.mitre.org/data/definitions/703.html)
   More Info: https://bandit.readthedocs.io/en/1.7.7/plugins/b110_try_except_pass.html
   Location: .\tests\test_sftp.py:523:12
522	                sftp.remove(FOLDER + '/happy.txt')
523	            except:
524	                pass
525	

--------------------------------------------------
>> Issue: [B110:try_except_pass] Try, Except, Pass detected.
   Severity: Low   Confidence: High
   CWE: CWE-703 (https://cwe.mitre.org/data/definitions/703.html)
   More Info: https://bandit.readthedocs.io/en/1.7.7/plugins/b110_try_except_pass.html
   Location: .\tests\test_sftp.py:585:12
584	                sftp.unlink(FOLDER + '/alpha/beta/fish')
585	            except:
586	                pass
587	            try:

--------------------------------------------------
>> Issue: [B110:try_except_pass] Try, Except, Pass detected.
   Severity: Low   Confidence: High
   CWE: CWE-703 (https://cwe.mitre.org/data/definitions/703.html)
   More Info: https://bandit.readthedocs.io/en/1.7.7/plugins/b110_try_except_pass.html
   Location: .\tests\test_sftp.py:589:12
588	                sftp.rmdir(FOLDER + '/alpha/beta')
589	            except:
590	                pass
591	            try:

--------------------------------------------------
>> Issue: [B110:try_except_pass] Try, Except, Pass detected.
   Severity: Low   Confidence: High
   CWE: CWE-703 (https://cwe.mitre.org/data/definitions/703.html)
   More Info: https://bandit.readthedocs.io/en/1.7.7/plugins/b110_try_except_pass.html
   Location: .\tests\test_sftp.py:593:12
592	                sftp.rmdir(FOLDER + '/alpha')
593	            except:
594	                pass
595	

--------------------------------------------------
>> Issue: [B110:try_except_pass] Try, Except, Pass detected.
   Severity: Low   Confidence: High
   CWE: CWE-703 (https://cwe.mitre.org/data/definitions/703.html)
   More Info: https://bandit.readthedocs.io/en/1.7.7/plugins/b110_try_except_pass.html
   Location: .\tests\test_sftp.py:749:12
748	                sftp.rmdir(FOLDER + '/alpha')
749	            except:
750	                pass
751	

--------------------------------------------------
>> Issue: [B311:blacklist] Standard pseudo-random generators are not suitable for security/cryptographic purposes.
   Severity: Low   Confidence: High
   CWE: CWE-330 (https://cwe.mitre.org/data/definitions/330.html)
   More Info: https://bandit.readthedocs.io/en/1.7.7/blacklists/blacklist_calls.html#b311-random
   Location: .\tests\test_sftp_big.py:72:28
71	            while len(numlist) > 0:
72	                r = numlist[random.randint(0, len(numlist) - 1)]
73	                with sftp.open('%s/file%d.txt' % (FOLDER, r)) as f:

--------------------------------------------------
>> Issue: [B110:try_except_pass] Try, Except, Pass detected.
   Severity: Low   Confidence: High
   CWE: CWE-703 (https://cwe.mitre.org/data/definitions/703.html)
   More Info: https://bandit.readthedocs.io/en/1.7.7/plugins/b110_try_except_pass.html
   Location: .\tests\test_sftp_big.py:80:16
79	                    sftp.remove('%s/file%d.txt' % (FOLDER, i))
80	                except:
81	                    pass
82	

--------------------------------------------------
>> Issue: [B311:blacklist] Standard pseudo-random generators are not suitable for security/cryptographic purposes.
   Severity: Low   Confidence: High
   CWE: CWE-330 (https://cwe.mitre.org/data/definitions/330.html)
   More Info: https://bandit.readthedocs.io/en/1.7.7/blacklists/blacklist_calls.html#b311-random
   Location: .\tests\test_sftp_big.py:177:54
176	                    f.prefetch(file_size)
177	                    base_offset = (512 * 1024) + 17 * random.randint(1000, 2000)
178	                    offsets = [base_offset + j * chunk for j in range(100)]

--------------------------------------------------
>> Issue: [B311:blacklist] Standard pseudo-random generators are not suitable for security/cryptographic purposes.
   Severity: Low   Confidence: High
   CWE: CWE-330 (https://cwe.mitre.org/data/definitions/330.html)
   More Info: https://bandit.readthedocs.io/en/1.7.7/blacklists/blacklist_calls.html#b311-random
   Location: .\tests\test_sftp_big.py:181:41
180	                    for j in range(100):
181	                        offset = offsets[random.randint(0, len(offsets) - 1)]
182	                        offsets.remove(offset)

--------------------------------------------------
>> Issue: [B311:blacklist] Standard pseudo-random generators are not suitable for security/cryptographic purposes.
   Severity: Low   Confidence: High
   CWE: CWE-330 (https://cwe.mitre.org/data/definitions/330.html)
   More Info: https://bandit.readthedocs.io/en/1.7.7/blacklists/blacklist_calls.html#b311-random
   Location: .\tests\test_sftp_big.py:212:54
211	                with sftp.open('%s/hongry.txt' % FOLDER, 'rb') as f:
212	                    base_offset = (512 * 1024) + 17 * random.randint(1000, 2000)
213	                    # make a bunch of offsets and put them in random order

--------------------------------------------------
>> Issue: [B311:blacklist] Standard pseudo-random generators are not suitable for security/cryptographic purposes.
   Severity: Low   Confidence: High
   CWE: CWE-330 (https://cwe.mitre.org/data/definitions/330.html)
   More Info: https://bandit.readthedocs.io/en/1.7.7/blacklists/blacklist_calls.html#b311-random
   Location: .\tests\test_sftp_big.py:217:36
216	                    for j in range(100):
217	                        o = offsets[random.randint(0, len(offsets) - 1)]
218	                        offsets.remove(o)

--------------------------------------------------
>> Issue: [B403:blacklist] Consider possible security implications associated with pickle module.
   Severity: Low   Confidence: High
   CWE: CWE-502 (https://cwe.mitre.org/data/definitions/502.html)
   More Info: https://bandit.readthedocs.io/en/1.7.7/blacklists/blacklist_imports.html#b403-import-pickle
   Location: .\tests\test_ssh_exception.py:1:0
1	import pickle
2	import unittest
3	

--------------------------------------------------
>> Issue: [B301:blacklist] Pickle and modules that wrap it can be unsafe when used to deserialize untrusted data, possible security issue.
   Severity: Medium   Confidence: High
   CWE: CWE-502 (https://cwe.mitre.org/data/definitions/502.html)
   More Info: https://bandit.readthedocs.io/en/1.7.7/blacklists/blacklist_calls.html#b301-pickle
   Location: .\tests\test_ssh_exception.py:12:18
11	        exc = NoValidConnectionsError({('127.0.0.1', '22'): Exception()})
12	        new_exc = pickle.loads(pickle.dumps(exc))
13	        self.assertEqual(type(exc), type(new_exc))

--------------------------------------------------
>> Issue: [B101:assert_used] Use of assert detected. The enclosed code will be removed when compiling to optimised byte code.
   Severity: Low   Confidence: High
   CWE: CWE-703 (https://cwe.mitre.org/data/definitions/703.html)
   More Info: https://bandit.readthedocs.io/en/1.7.7/plugins/b101_assert_used.html
   Location: .\tests\test_ssh_exception.py:19:8
18	        exc = NoValidConnectionsError({('127.0.0.1', '22'): Exception()})
19	        assert "Unable to connect to port 22 on 127.0.0.1" in str(exc)
20	

--------------------------------------------------
>> Issue: [B101:assert_used] Use of assert detected. The enclosed code will be removed when compiling to optimised byte code.
   Severity: Low   Confidence: High
   CWE: CWE-703 (https://cwe.mitre.org/data/definitions/703.html)
   More Info: https://bandit.readthedocs.io/en/1.7.7/plugins/b101_assert_used.html
   Location: .\tests\test_ssh_exception.py:24:8
23	                                       ('::1', '22'): Exception()})
24	        assert "Unable to connect to port 22 on 127.0.0.1 or ::1" in str(exc)
25	

--------------------------------------------------
>> Issue: [B101:assert_used] Use of assert detected. The enclosed code will be removed when compiling to optimised byte code.
   Severity: Low   Confidence: High
   CWE: CWE-703 (https://cwe.mitre.org/data/definitions/703.html)
   More Info: https://bandit.readthedocs.io/en/1.7.7/plugins/b101_assert_used.html
   Location: .\tests\test_ssh_exception.py:31:8
30	        exp = "Unable to connect to port 22 on 10.0.0.42, 127.0.0.1 or ::1"
31	        assert exp in str(exc)

--------------------------------------------------
>> Issue: [B507:ssh_no_host_key_verification] Paramiko call with policy set to automatically trust the unknown host key.
   Severity: High   Confidence: Medium
   CWE: CWE-295 (https://cwe.mitre.org/data/definitions/295.html)
   More Info: https://bandit.readthedocs.io/en/1.7.7/plugins/b507_ssh_no_host_key_verification.html
   Location: .\tests\test_ssh_gss.py:110:8
109	        self.tc = paramiko.SSHClient()
110	        self.tc.set_missing_host_key_policy(paramiko.WarningPolicy())
111	        self.tc.get_host_keys().add('[%s]:%d' % (self.addr, self.port),

--------------------------------------------------
>> Issue: [B601:paramiko_calls] Possible shell injection via Paramiko call, check inputs are properly sanitized.
   Severity: Medium   Confidence: Medium
   CWE: CWE-78 (https://cwe.mitre.org/data/definitions/78.html)
   More Info: https://bandit.readthedocs.io/en/1.7.7/plugins/b601_paramiko_calls.html
   Location: .\tests\test_ssh_gss.py:122:32
121	
122	        stdin, stdout, stderr = self.tc.exec_command('yes')
123	        schan = self.ts.accept(1.0)

--------------------------------------------------
>> Issue: [B105:hardcoded_password_string] Possible hardcoded password: 'pygmalion'
   Severity: Low   Confidence: Medium
   CWE: CWE-259 (https://cwe.mitre.org/data/definitions/259.html)
   More Info: https://bandit.readthedocs.io/en/1.7.7/plugins/b105_hardcoded_password_string.html
   Location: .\tests\test_transport.py:75:53
74	    def check_auth_password(self, username, password):
75	        if (username == 'slowdive') and (password == 'pygmalion'):
76	            return AUTH_SUCCESSFUL

--------------------------------------------------
>> Issue: [B106:hardcoded_password_funcarg] Possible hardcoded password: 'pygmalion'
   Severity: Low   Confidence: Medium
   CWE: CWE-259 (https://cwe.mitre.org/data/definitions/259.html)
   More Info: https://bandit.readthedocs.io/en/1.7.7/plugins/b106_hardcoded_password_funcarg.html
   Location: .\tests\test_transport.py:153:29
152	        if connect_kwargs is None:
153	            connect_kwargs = dict(
154	                hostkey=public_host_key,
155	                username='slowdive',
156	                password='pygmalion',
157	            )
158	        self.tc.connect(**connect_kwargs)

--------------------------------------------------
>> Issue: [B106:hardcoded_password_funcarg] Possible hardcoded password: 'pygmalion'
   Severity: Low   Confidence: Medium
   CWE: CWE-259 (https://cwe.mitre.org/data/definitions/259.html)
   More Info: https://bandit.readthedocs.io/en/1.7.7/plugins/b106_hardcoded_password_funcarg.html
   Location: .\tests\test_transport.py:214:8
213	        self.ts.start_server(event, server)
214	        self.tc.connect(hostkey=public_host_key,
215	                        username='slowdive', password='pygmalion')
216	        event.wait(1.0)

--------------------------------------------------
>> Issue: [B106:hardcoded_password_funcarg] Possible hardcoded password: 'pygmalion'
   Severity: Low   Confidence: Medium
   CWE: CWE-259 (https://cwe.mitre.org/data/definitions/259.html)
   More Info: https://bandit.readthedocs.io/en/1.7.7/plugins/b106_hardcoded_password_funcarg.html
   Location: .\tests\test_transport.py:236:8
235	        self.ts.start_server(event, server)
236	        self.tc.connect(hostkey=public_host_key,
237	                        username='slowdive', password='pygmalion')
238	        event.wait(1.0)

--------------------------------------------------
>> Issue: [B601:paramiko_calls] Possible shell injection via Paramiko call, check inputs are properly sanitized.
   Severity: Medium   Confidence: Medium
   CWE: CWE-78 (https://cwe.mitre.org/data/definitions/78.html)
   More Info: https://bandit.readthedocs.io/en/1.7.7/plugins/b601_paramiko_calls.html
   Location: .\tests\test_transport.py:279:12
278	        try:
279	            chan.exec_command(b'command contains \xfc and is not a valid UTF-8 string')
280	            self.assertTrue(False)

--------------------------------------------------
>> Issue: [B601:paramiko_calls] Possible shell injection via Paramiko call, check inputs are properly sanitized.
   Severity: Medium   Confidence: Medium
   CWE: CWE-78 (https://cwe.mitre.org/data/definitions/78.html)
   More Info: https://bandit.readthedocs.io/en/1.7.7/plugins/b601_paramiko_calls.html
   Location: .\tests\test_transport.py:285:8
284	        chan = self.tc.open_session()
285	        chan.exec_command('yes')
286	        schan = self.ts.accept(1.0)

--------------------------------------------------
>> Issue: [B601:paramiko_calls] Possible shell injection via Paramiko call, check inputs are properly sanitized.
   Severity: Medium   Confidence: Medium
   CWE: CWE-78 (https://cwe.mitre.org/data/definitions/78.html)
   More Info: https://bandit.readthedocs.io/en/1.7.7/plugins/b601_paramiko_calls.html
   Location: .\tests\test_transport.py:300:8
299	        chan = self.tc.open_session()
300	        chan.exec_command('yes')
301	        schan = self.ts.accept(1.0)

--------------------------------------------------
>> Issue: [B601:paramiko_calls] Possible shell injection via Paramiko call, check inputs are properly sanitized.
   Severity: Medium   Confidence: Medium
   CWE: CWE-78 (https://cwe.mitre.org/data/definitions/78.html)
   More Info: https://bandit.readthedocs.io/en/1.7.7/plugins/b601_paramiko_calls.html
   Location: .\tests\test_transport.py:320:16
319	            with self.ts.accept(1.0) as schan:
320	                chan.exec_command('yes')
321	                schan.send('Hello there.\n')

--------------------------------------------------
>> Issue: [B601:paramiko_calls] Possible shell injection via Paramiko call, check inputs are properly sanitized.
   Severity: Medium   Confidence: Medium
   CWE: CWE-78 (https://cwe.mitre.org/data/definitions/78.html)
   More Info: https://bandit.readthedocs.io/en/1.7.7/plugins/b601_paramiko_calls.html
   Location: .\tests\test_transport.py:361:8
360	        schan = self.ts.accept(1.0)
361	        chan.exec_command('yes')
362	        schan.send('Hello there.\n')

--------------------------------------------------
>> Issue: [B601:paramiko_calls] Possible shell injection via Paramiko call, check inputs are properly sanitized.
   Severity: Medium   Confidence: Medium
   CWE: CWE-78 (https://cwe.mitre.org/data/definitions/78.html)
   More Info: https://bandit.readthedocs.io/en/1.7.7/plugins/b601_paramiko_calls.html
   Location: .\tests\test_transport.py:444:8
443	        chan = self.tc.open_session()
444	        chan.exec_command('yes')
445	        schan = self.ts.accept(1.0)

--------------------------------------------------
>> Issue: [B601:paramiko_calls] Possible shell injection via Paramiko call, check inputs are properly sanitized.
   Severity: Medium   Confidence: Medium
   CWE: CWE-78 (https://cwe.mitre.org/data/definitions/78.html)
   More Info: https://bandit.readthedocs.io/en/1.7.7/plugins/b601_paramiko_calls.html
   Location: .\tests\test_transport.py:469:8
468	        chan = self.tc.open_session()
469	        chan.exec_command('yes')
470	        schan = self.ts.accept(1.0)

--------------------------------------------------
>> Issue: [B601:paramiko_calls] Possible shell injection via Paramiko call, check inputs are properly sanitized.
   Severity: Medium   Confidence: Medium
   CWE: CWE-78 (https://cwe.mitre.org/data/definitions/78.html)
   More Info: https://bandit.readthedocs.io/en/1.7.7/plugins/b601_paramiko_calls.html
   Location: .\tests\test_transport.py:490:8
489	        chan = self.tc.open_session()
490	        chan.exec_command('yes')
491	        schan = self.ts.accept(1.0)

--------------------------------------------------
>> Issue: [B601:paramiko_calls] Possible shell injection via Paramiko call, check inputs are properly sanitized.
   Severity: Medium   Confidence: Medium
   CWE: CWE-78 (https://cwe.mitre.org/data/definitions/78.html)
   More Info: https://bandit.readthedocs.io/en/1.7.7/plugins/b601_paramiko_calls.html
   Location: .\tests\test_transport.py:526:8
525	        chan = self.tc.open_session()
526	        chan.exec_command('yes')
527	        schan = self.ts.accept(1.0)

--------------------------------------------------
>> Issue: [B601:paramiko_calls] Possible shell injection via Paramiko call, check inputs are properly sanitized.
   Severity: Medium   Confidence: Medium
   CWE: CWE-78 (https://cwe.mitre.org/data/definitions/78.html)
   More Info: https://bandit.readthedocs.io/en/1.7.7/plugins/b601_paramiko_calls.html
   Location: .\tests\test_transport.py:562:8
561	        chan = self.tc.open_session()
562	        chan.exec_command('yes')
563	        schan = self.ts.accept(1.0)

--------------------------------------------------
>> Issue: [B311:blacklist] Standard pseudo-random generators are not suitable for security/cryptographic purposes.
   Severity: Low   Confidence: High
   CWE: CWE-330 (https://cwe.mitre.org/data/definitions/330.html)
   More Info: https://bandit.readthedocs.io/en/1.7.7/blacklists/blacklist_calls.html#b311-random
   Location: .\tests\test_transport.py:734:31
733	                        else:
734	                            if random.randint(0, 1):
735	                                time.sleep(random.randint(0, 500) / 1000.0)

--------------------------------------------------
>> Issue: [B311:blacklist] Standard pseudo-random generators are not suitable for security/cryptographic purposes.
   Severity: Low   Confidence: High
   CWE: CWE-330 (https://cwe.mitre.org/data/definitions/330.html)
   More Info: https://bandit.readthedocs.io/en/1.7.7/blacklists/blacklist_calls.html#b311-random
   Location: .\tests\test_transport.py:735:43
734	                            if random.randint(0, 1):
735	                                time.sleep(random.randint(0, 500) / 1000.0)
736	                finally:

--------------------------------------------------
>> Issue: [B601:paramiko_calls] Possible shell injection via Paramiko call, check inputs are properly sanitized.
   Severity: Medium   Confidence: Medium
   CWE: CWE-78 (https://cwe.mitre.org/data/definitions/78.html)
   More Info: https://bandit.readthedocs.io/en/1.7.7/plugins/b601_paramiko_calls.html
   Location: .\tests\test_transport.py:744:8
743	        chan = self.tc.open_session()
744	        chan.exec_command('yes')
745	        schan = self.ts.accept(1.0)

--------------------------------------------------
>> Issue: [B106:hardcoded_password_funcarg] Possible hardcoded password: 'pygmalion'
   Severity: Low   Confidence: Medium
   CWE: CWE-259 (https://cwe.mitre.org/data/definitions/259.html)
   More Info: https://bandit.readthedocs.io/en/1.7.7/plugins/b106_hardcoded_password_funcarg.html
   Location: .\tests\test_transport.py:851:8
850	        self.ts.start_server(event, server)
851	        self.assertRaises(EOFError, self.tc.connect,
852	                          hostkey=public_host_key,
853	                          username='slowdive',
854	                          password='pygmalion')
855	

--------------------------------------------------
>> Issue: [B101:assert_used] Use of assert detected. The enclosed code will be removed when compiling to optimised byte code.
   Severity: Low   Confidence: High
   CWE: CWE-703 (https://cwe.mitre.org/data/definitions/703.html)
   More Info: https://bandit.readthedocs.io/en/1.7.7/plugins/b101_assert_used.html
   Location: .\tests\test_transport.py:947:12
946	        except ChannelException as e:
947	            assert e.code == OPEN_FAILED_ADMINISTRATIVELY_PROHIBITED
948	        else:

--------------------------------------------------
>> Issue: [B101:assert_used] Use of assert detected. The enclosed code will be removed when compiling to optimised byte code.
   Severity: Low   Confidence: High
   CWE: CWE-703 (https://cwe.mitre.org/data/definitions/703.html)
   More Info: https://bandit.readthedocs.io/en/1.7.7/plugins/b101_assert_used.html
   Location: .\tests\test_transport.py:949:12
948	        else:
949	            assert False, "Did not raise ChannelException!"
950	

--------------------------------------------------
>> Issue: [B101:assert_used] Use of assert detected. The enclosed code will be removed when compiling to optimised byte code.
   Severity: Low   Confidence: High
   CWE: CWE-703 (https://cwe.mitre.org/data/definitions/703.html)
   More Info: https://bandit.readthedocs.io/en/1.7.7/plugins/b101_assert_used.html
   Location: .\tests\test_transport.py:961:8
960	        err = "Unauthed global response incorrectly succeeded!"
961	        assert self.tc.global_response is None, err
962	

--------------------------------------------------
>> Issue: [B101:assert_used] Use of assert detected. The enclosed code will be removed when compiling to optimised byte code.
   Severity: Low   Confidence: High
   CWE: CWE-703 (https://cwe.mitre.org/data/definitions/703.html)
   More Info: https://bandit.readthedocs.io/en/1.7.7/plugins/b101_assert_used.html
   Location: .\tests\test_transport.py:972:12
971	        except SSHException as e:
972	            assert "forwarding request denied" in str(e)
973	        else:

--------------------------------------------------
>> Issue: [B101:assert_used] Use of assert detected. The enclosed code will be removed when compiling to optimised byte code.
   Severity: Low   Confidence: High
   CWE: CWE-703 (https://cwe.mitre.org/data/definitions/703.html)
   More Info: https://bandit.readthedocs.io/en/1.7.7/plugins/b101_assert_used.html
   Location: .\tests\test_transport.py:974:12
973	        else:
974	            assert False, "Did not raise SSHException!"

--------------------------------------------------
>> Issue: [B101:assert_used] Use of assert detected. The enclosed code will be removed when compiling to optimised byte code.
   Severity: Low   Confidence: High
   CWE: CWE-703 (https://cwe.mitre.org/data/definitions/703.html)
   More Info: https://bandit.readthedocs.io/en/1.7.7/plugins/b101_assert_used.html
   Location: .\tests\test_util.py:353:8
352	        config = paramiko.util.parse_ssh_config(StringIO(test_config))
353	        assert config.lookup('meh')  # will die during lookup() if bug regresses
354	

--------------------------------------------------
>> Issue: [B101:assert_used] Use of assert detected. The enclosed code will be removed when compiling to optimised byte code.
   Severity: Low   Confidence: High
   CWE: CWE-703 (https://cwe.mitre.org/data/definitions/703.html)
   More Info: https://bandit.readthedocs.io/en/1.7.7/plugins/b101_assert_used.html
   Location: .\tests\test_util.py:479:8
478	        msg = err.format(safe_vanilla, vanilla)
479	        assert safe_vanilla == vanilla, msg
480	        msg = err.format(safe_has_bytes, expected_bytes)

--------------------------------------------------
>> Issue: [B101:assert_used] Use of assert detected. The enclosed code will be removed when compiling to optimised byte code.
   Severity: Low   Confidence: High
   CWE: CWE-703 (https://cwe.mitre.org/data/definitions/703.html)
   More Info: https://bandit.readthedocs.io/en/1.7.7/plugins/b101_assert_used.html
   Location: .\tests\test_util.py:481:8
480	        msg = err.format(safe_has_bytes, expected_bytes)
481	        assert safe_has_bytes == expected_bytes, msg
482	

--------------------------------------------------

Code scanned:
	Total lines of code: 18628
	Total lines skipped (#nosec): 0
	Total potential issues skipped due to specifically being disabled (e.g., #nosec BXXX): 0

Run metrics:
	Total issues (by severity):
		Undefined: 0
		Low: 78
		Medium: 22
		High: 16
	Total issues (by confidence):
		Undefined: 0
		Low: 0
		Medium: 46
		High: 70
Files skipped (0):
