Run started:2024-02-10 23:15:22.324328

Test results:
>> Issue: [B311:blacklist] Standard pseudo-random generators are not suitable for security/cryptographic purposes.
   Severity: Low   Confidence: High
   CWE: CWE-330 (https://cwe.mitre.org/data/definitions/330.html)
   More Info: https://bandit.readthedocs.io/en/1.7.7/blacklists/blacklist_calls.html#b311-random
   Location: .\src\pydash\collections.py:945:11
944	    """
945	    return random.choice(collection)
946	

--------------------------------------------------
>> Issue: [B101:assert_used] Use of assert detected. The enclosed code will be removed when compiling to optimised byte code.
   Severity: Low   Confidence: High
   CWE: CWE-703 (https://cwe.mitre.org/data/definitions/703.html)
   More Info: https://bandit.readthedocs.io/en/1.7.7/plugins/b101_assert_used.html
   Location: .\src\pydash\functions.py:48:12
47	            n = int(n)
48	            assert n >= 0
49	        except (ValueError, TypeError, AssertionError):

--------------------------------------------------
>> Issue: [B101:assert_used] Use of assert detected. The enclosed code will be removed when compiling to optimised byte code.
   Severity: Low   Confidence: High
   CWE: CWE-703 (https://cwe.mitre.org/data/definitions/703.html)
   More Info: https://bandit.readthedocs.io/en/1.7.7/plugins/b101_assert_used.html
   Location: .\src\pydash\functions.py:69:12
68	            n = int(n)
69	            assert n >= 0
70	        except (ValueError, TypeError, AssertionError):

--------------------------------------------------
>> Issue: [B110:try_except_pass] Try, Except, Pass detected.
   Severity: Low   Confidence: High
   CWE: CWE-703 (https://cwe.mitre.org/data/definitions/703.html)
   More Info: https://bandit.readthedocs.io/en/1.7.7/plugins/b110_try_except_pass.html
   Location: .\src\pydash\helpers.py:158:12
157	                value = obj.get(int(key), default)
158	            except Exception:
159	                pass
160	    return value

--------------------------------------------------
>> Issue: [B110:try_except_pass] Try, Except, Pass detected.
   Severity: Low   Confidence: High
   CWE: CWE-703 (https://cwe.mitre.org/data/definitions/703.html)
   More Info: https://bandit.readthedocs.io/en/1.7.7/plugins/b110_try_except_pass.html
   Location: .\src\pydash\helpers.py:166:4
165	        return obj[key]
166	    except Exception:
167	        pass
168	

--------------------------------------------------
>> Issue: [B110:try_except_pass] Try, Except, Pass detected.
   Severity: Low   Confidence: High
   CWE: CWE-703 (https://cwe.mitre.org/data/definitions/703.html)
   More Info: https://bandit.readthedocs.io/en/1.7.7/plugins/b110_try_except_pass.html
   Location: .\src\pydash\helpers.py:172:8
171	            return obj[int(key)]
172	        except Exception:
173	            pass
174	

--------------------------------------------------
>> Issue: [B110:try_except_pass] Try, Except, Pass detected.
   Severity: Low   Confidence: High
   CWE: CWE-703 (https://cwe.mitre.org/data/definitions/703.html)
   More Info: https://bandit.readthedocs.io/en/1.7.7/plugins/b110_try_except_pass.html
   Location: .\src\pydash\helpers.py:184:8
183	            value = getattr(obj, key)
184	        except Exception:
185	            pass
186	    return value

--------------------------------------------------
>> Issue: [B110:try_except_pass] Try, Except, Pass detected.
   Severity: Low   Confidence: High
   CWE: CWE-703 (https://cwe.mitre.org/data/definitions/703.html)
   More Info: https://bandit.readthedocs.io/en/1.7.7/plugins/b110_try_except_pass.html
   Location: .\src\pydash\numerical.py:751:8
750	            value1 = float(value1)
751	        except Exception:
752	            pass
753	

--------------------------------------------------
>> Issue: [B110:try_except_pass] Try, Except, Pass detected.
   Severity: Low   Confidence: High
   CWE: CWE-703 (https://cwe.mitre.org/data/definitions/703.html)
   More Info: https://bandit.readthedocs.io/en/1.7.7/plugins/b110_try_except_pass.html
   Location: .\src\pydash\numerical.py:757:8
756	            value2 = float(value2)
757	        except Exception:
758	            pass
759	

--------------------------------------------------
>> Issue: [B110:try_except_pass] Try, Except, Pass detected.
   Severity: Low   Confidence: High
   CWE: CWE-703 (https://cwe.mitre.org/data/definitions/703.html)
   More Info: https://bandit.readthedocs.io/en/1.7.7/plugins/b110_try_except_pass.html
   Location: .\src\pydash\objects.py:1750:8
1749	                did_unset = True
1750	        except Exception:
1751	            pass
1752	

--------------------------------------------------
>> Issue: [B110:try_except_pass] Try, Except, Pass detected.
   Severity: Low   Confidence: High
   CWE: CWE-703 (https://cwe.mitre.org/data/definitions/703.html)
   More Info: https://bandit.readthedocs.io/en/1.7.7/plugins/b110_try_except_pass.html
   Location: .\src\pydash\utilities.py:137:8
136	            is_valid = len(pair) == 2
137	        except Exception:
138	            pass
139	

--------------------------------------------------
>> Issue: [B311:blacklist] Standard pseudo-random generators are not suitable for security/cryptographic purposes.
   Severity: Low   Confidence: High
   CWE: CWE-330 (https://cwe.mitre.org/data/definitions/330.html)
   More Info: https://bandit.readthedocs.io/en/1.7.7/blacklists/blacklist_calls.html#b311-random
   Location: .\src\pydash\utilities.py:830:14
829	    if floating:
830	        rnd = uniform(start, stop)
831	    else:

--------------------------------------------------
>> Issue: [B311:blacklist] Standard pseudo-random generators are not suitable for security/cryptographic purposes.
   Severity: Low   Confidence: High
   CWE: CWE-330 (https://cwe.mitre.org/data/definitions/330.html)
   More Info: https://bandit.readthedocs.io/en/1.7.7/blacklists/blacklist_calls.html#b311-random
   Location: .\src\pydash\utilities.py:832:14
831	    else:
832	        rnd = randint(start, stop)
833	

--------------------------------------------------
>> Issue: [B101:assert_used] Use of assert detected. The enclosed code will be removed when compiling to optimised byte code.
   Severity: Low   Confidence: High
   CWE: CWE-703 (https://cwe.mitre.org/data/definitions/703.html)
   More Info: https://bandit.readthedocs.io/en/1.7.7/plugins/b101_assert_used.html
   Location: .\tests\test_annotations.py:9:4
8	def test_annotated_iteratee():
9	    assert _.map_([1, 2], typed_function) == [2, 3]

--------------------------------------------------
>> Issue: [B101:assert_used] Use of assert detected. The enclosed code will be removed when compiling to optimised byte code.
   Severity: Low   Confidence: High
   CWE: CWE-703 (https://cwe.mitre.org/data/definitions/703.html)
   More Info: https://bandit.readthedocs.io/en/1.7.7/plugins/b101_assert_used.html
   Location: .\tests\test_arrays.py:23:4
22	def test_chunk(case, expected):
23	    assert _.chunk(*case) == expected
24	

--------------------------------------------------
>> Issue: [B101:assert_used] Use of assert detected. The enclosed code will be removed when compiling to optimised byte code.
   Severity: Low   Confidence: High
   CWE: CWE-703 (https://cwe.mitre.org/data/definitions/703.html)
   More Info: https://bandit.readthedocs.io/en/1.7.7/plugins/b101_assert_used.html
   Location: .\tests\test_arrays.py:31:4
30	def test_compact(case, expected):
31	    assert _.compact(case) == expected
32	

--------------------------------------------------
>> Issue: [B101:assert_used] Use of assert detected. The enclosed code will be removed when compiling to optimised byte code.
   Severity: Low   Confidence: High
   CWE: CWE-703 (https://cwe.mitre.org/data/definitions/703.html)
   More Info: https://bandit.readthedocs.io/en/1.7.7/plugins/b101_assert_used.html
   Location: .\tests\test_arrays.py:46:4
45	def test_concat(case, expected):
46	    assert _.concat(*case) == expected
47	

--------------------------------------------------
>> Issue: [B101:assert_used] Use of assert detected. The enclosed code will be removed when compiling to optimised byte code.
   Severity: Low   Confidence: High
   CWE: CWE-703 (https://cwe.mitre.org/data/definitions/703.html)
   More Info: https://bandit.readthedocs.io/en/1.7.7/plugins/b101_assert_used.html
   Location: .\tests\test_arrays.py:59:4
58	def test_difference(case, expected):
59	    assert _.difference(*case) == expected
60	

--------------------------------------------------
>> Issue: [B101:assert_used] Use of assert detected. The enclosed code will be removed when compiling to optimised byte code.
   Severity: Low   Confidence: High
   CWE: CWE-703 (https://cwe.mitre.org/data/definitions/703.html)
   More Info: https://bandit.readthedocs.io/en/1.7.7/plugins/b101_assert_used.html
   Location: .\tests\test_arrays.py:71:4
70	def test_difference_by(case, expected):
71	    assert _.difference_by(*case) == expected
72	

--------------------------------------------------
>> Issue: [B101:assert_used] Use of assert detected. The enclosed code will be removed when compiling to optimised byte code.
   Severity: Low   Confidence: High
   CWE: CWE-703 (https://cwe.mitre.org/data/definitions/703.html)
   More Info: https://bandit.readthedocs.io/en/1.7.7/plugins/b101_assert_used.html
   Location: .\tests\test_arrays.py:86:4
85	def test_difference_with(case, expected):
86	    assert _.difference_with(*case) == expected
87	

--------------------------------------------------
>> Issue: [B101:assert_used] Use of assert detected. The enclosed code will be removed when compiling to optimised byte code.
   Severity: Low   Confidence: High
   CWE: CWE-703 (https://cwe.mitre.org/data/definitions/703.html)
   More Info: https://bandit.readthedocs.io/en/1.7.7/plugins/b101_assert_used.html
   Location: .\tests\test_arrays.py:100:4
99	def test_drop(case, expected):
100	    assert _.drop(*case) == expected
101	

--------------------------------------------------
>> Issue: [B101:assert_used] Use of assert detected. The enclosed code will be removed when compiling to optimised byte code.
   Severity: Low   Confidence: High
   CWE: CWE-703 (https://cwe.mitre.org/data/definitions/703.html)
   More Info: https://bandit.readthedocs.io/en/1.7.7/plugins/b101_assert_used.html
   Location: .\tests\test_arrays.py:110:4
109	def test_drop_while(case, expected):
110	    assert _.drop_while(*case) == expected
111	

--------------------------------------------------
>> Issue: [B101:assert_used] Use of assert detected. The enclosed code will be removed when compiling to optimised byte code.
   Severity: Low   Confidence: High
   CWE: CWE-703 (https://cwe.mitre.org/data/definitions/703.html)
   More Info: https://bandit.readthedocs.io/en/1.7.7/plugins/b101_assert_used.html
   Location: .\tests\test_arrays.py:124:4
123	def test_drop_right(case, expected):
124	    assert _.drop_right(*case) == expected
125	

--------------------------------------------------
>> Issue: [B101:assert_used] Use of assert detected. The enclosed code will be removed when compiling to optimised byte code.
   Severity: Low   Confidence: High
   CWE: CWE-703 (https://cwe.mitre.org/data/definitions/703.html)
   More Info: https://bandit.readthedocs.io/en/1.7.7/plugins/b101_assert_used.html
   Location: .\tests\test_arrays.py:134:4
133	def test_drop_right_while(case, expected):
134	    assert _.drop_right_while(*case) == expected
135	

--------------------------------------------------
>> Issue: [B101:assert_used] Use of assert detected. The enclosed code will be removed when compiling to optimised byte code.
   Severity: Low   Confidence: High
   CWE: CWE-703 (https://cwe.mitre.org/data/definitions/703.html)
   More Info: https://bandit.readthedocs.io/en/1.7.7/plugins/b101_assert_used.html
   Location: .\tests\test_arrays.py:145:4
144	def test_duplicates(case, expected):
145	    assert _.duplicates(*case) == expected
146	

--------------------------------------------------
>> Issue: [B101:assert_used] Use of assert detected. The enclosed code will be removed when compiling to optimised byte code.
   Severity: Low   Confidence: High
   CWE: CWE-703 (https://cwe.mitre.org/data/definitions/703.html)
   More Info: https://bandit.readthedocs.io/en/1.7.7/plugins/b101_assert_used.html
   Location: .\tests\test_arrays.py:161:4
160	    array = case[0]
161	    assert _.fill(*case) == expected
162	    assert array == expected

--------------------------------------------------
>> Issue: [B101:assert_used] Use of assert detected. The enclosed code will be removed when compiling to optimised byte code.
   Severity: Low   Confidence: High
   CWE: CWE-703 (https://cwe.mitre.org/data/definitions/703.html)
   More Info: https://bandit.readthedocs.io/en/1.7.7/plugins/b101_assert_used.html
   Location: .\tests\test_arrays.py:162:4
161	    assert _.fill(*case) == expected
162	    assert array == expected
163	

--------------------------------------------------
>> Issue: [B101:assert_used] Use of assert detected. The enclosed code will be removed when compiling to optimised byte code.
   Severity: Low   Confidence: High
   CWE: CWE-703 (https://cwe.mitre.org/data/definitions/703.html)
   More Info: https://bandit.readthedocs.io/en/1.7.7/plugins/b101_assert_used.html
   Location: .\tests\test_arrays.py:182:4
181	def test_find_index(case, filter_by, expected):
182	    assert _.find_index(case, filter_by) == expected
183	

--------------------------------------------------
>> Issue: [B101:assert_used] Use of assert detected. The enclosed code will be removed when compiling to optimised byte code.
   Severity: Low   Confidence: High
   CWE: CWE-703 (https://cwe.mitre.org/data/definitions/703.html)
   More Info: https://bandit.readthedocs.io/en/1.7.7/plugins/b101_assert_used.html
   Location: .\tests\test_arrays.py:202:4
201	def test_find_last_index(case, filter_by, expected):
202	    assert _.find_last_index(case, filter_by) == expected
203	

--------------------------------------------------
>> Issue: [B101:assert_used] Use of assert detected. The enclosed code will be removed when compiling to optimised byte code.
   Severity: Low   Confidence: High
   CWE: CWE-703 (https://cwe.mitre.org/data/definitions/703.html)
   More Info: https://bandit.readthedocs.io/en/1.7.7/plugins/b101_assert_used.html
   Location: .\tests\test_arrays.py:212:4
211	def test_flatten(case, expected):
212	    assert _.flatten(case) == expected
213	

--------------------------------------------------
>> Issue: [B101:assert_used] Use of assert detected. The enclosed code will be removed when compiling to optimised byte code.
   Severity: Low   Confidence: High
   CWE: CWE-703 (https://cwe.mitre.org/data/definitions/703.html)
   More Info: https://bandit.readthedocs.io/en/1.7.7/plugins/b101_assert_used.html
   Location: .\tests\test_arrays.py:222:4
221	def test_flatten_deep(case, expected):
222	    assert _.flatten_deep(case) == expected
223	

--------------------------------------------------
>> Issue: [B101:assert_used] Use of assert detected. The enclosed code will be removed when compiling to optimised byte code.
   Severity: Low   Confidence: High
   CWE: CWE-703 (https://cwe.mitre.org/data/definitions/703.html)
   More Info: https://bandit.readthedocs.io/en/1.7.7/plugins/b101_assert_used.html
   Location: .\tests\test_arrays.py:235:4
234	def test_flatten_depth(case, expected):
235	    assert _.flatten_depth(*case) == expected
236	

--------------------------------------------------
>> Issue: [B101:assert_used] Use of assert detected. The enclosed code will be removed when compiling to optimised byte code.
   Severity: Low   Confidence: High
   CWE: CWE-703 (https://cwe.mitre.org/data/definitions/703.html)
   More Info: https://bandit.readthedocs.io/en/1.7.7/plugins/b101_assert_used.html
   Location: .\tests\test_arrays.py:246:4
245	def test_from_pairs(case, expected):
246	    assert _.from_pairs(case) == expected
247	

--------------------------------------------------
>> Issue: [B101:assert_used] Use of assert detected. The enclosed code will be removed when compiling to optimised byte code.
   Severity: Low   Confidence: High
   CWE: CWE-703 (https://cwe.mitre.org/data/definitions/703.html)
   More Info: https://bandit.readthedocs.io/en/1.7.7/plugins/b101_assert_used.html
   Location: .\tests\test_arrays.py:251:4
250	def test_head(case, expected):
251	    assert _.head(case) == expected
252	

--------------------------------------------------
>> Issue: [B101:assert_used] Use of assert detected. The enclosed code will be removed when compiling to optimised byte code.
   Severity: Low   Confidence: High
   CWE: CWE-703 (https://cwe.mitre.org/data/definitions/703.html)
   More Info: https://bandit.readthedocs.io/en/1.7.7/plugins/b101_assert_used.html
   Location: .\tests\test_arrays.py:266:4
265	def test_index_of(case, value, from_index, expected):
266	    assert _.index_of(case, value, from_index) == expected
267	

--------------------------------------------------
>> Issue: [B101:assert_used] Use of assert detected. The enclosed code will be removed when compiling to optimised byte code.
   Severity: Low   Confidence: High
   CWE: CWE-703 (https://cwe.mitre.org/data/definitions/703.html)
   More Info: https://bandit.readthedocs.io/en/1.7.7/plugins/b101_assert_used.html
   Location: .\tests\test_arrays.py:271:4
270	def test_initial(case, expected):
271	    assert _.initial(case) == expected
272	

--------------------------------------------------
>> Issue: [B101:assert_used] Use of assert detected. The enclosed code will be removed when compiling to optimised byte code.
   Severity: Low   Confidence: High
   CWE: CWE-703 (https://cwe.mitre.org/data/definitions/703.html)
   More Info: https://bandit.readthedocs.io/en/1.7.7/plugins/b101_assert_used.html
   Location: .\tests\test_arrays.py:285:4
284	def test_intercalate(case, expected):
285	    assert _.intercalate(*case) == expected
286	

--------------------------------------------------
>> Issue: [B101:assert_used] Use of assert detected. The enclosed code will be removed when compiling to optimised byte code.
   Severity: Low   Confidence: High
   CWE: CWE-703 (https://cwe.mitre.org/data/definitions/703.html)
   More Info: https://bandit.readthedocs.io/en/1.7.7/plugins/b101_assert_used.html
   Location: .\tests\test_arrays.py:298:4
297	def test_interleave(case, expected):
298	    assert _.interleave(*case) == expected
299	

--------------------------------------------------
>> Issue: [B101:assert_used] Use of assert detected. The enclosed code will be removed when compiling to optimised byte code.
   Severity: Low   Confidence: High
   CWE: CWE-703 (https://cwe.mitre.org/data/definitions/703.html)
   More Info: https://bandit.readthedocs.io/en/1.7.7/plugins/b101_assert_used.html
   Location: .\tests\test_arrays.py:313:4
312	def test_intersection(case, expected):
313	    assert _.intersection(*case) == expected
314	

--------------------------------------------------
>> Issue: [B101:assert_used] Use of assert detected. The enclosed code will be removed when compiling to optimised byte code.
   Severity: Low   Confidence: High
   CWE: CWE-703 (https://cwe.mitre.org/data/definitions/703.html)
   More Info: https://bandit.readthedocs.io/en/1.7.7/plugins/b101_assert_used.html
   Location: .\tests\test_arrays.py:329:4
328	def test_intersection_by(case, expected):
329	    assert _.intersection_by(*case) == expected
330	

--------------------------------------------------
>> Issue: [B101:assert_used] Use of assert detected. The enclosed code will be removed when compiling to optimised byte code.
   Severity: Low   Confidence: High
   CWE: CWE-703 (https://cwe.mitre.org/data/definitions/703.html)
   More Info: https://bandit.readthedocs.io/en/1.7.7/plugins/b101_assert_used.html
   Location: .\tests\test_arrays.py:347:4
346	def test_intersection_with(case, expected):
347	    assert _.intersection_with(*case) == expected
348	

--------------------------------------------------
>> Issue: [B101:assert_used] Use of assert detected. The enclosed code will be removed when compiling to optimised byte code.
   Severity: Low   Confidence: High
   CWE: CWE-703 (https://cwe.mitre.org/data/definitions/703.html)
   More Info: https://bandit.readthedocs.io/en/1.7.7/plugins/b101_assert_used.html
   Location: .\tests\test_arrays.py:362:4
361	def test_intersperse(case, expected):
362	    assert _.intersperse(*case) == expected
363	

--------------------------------------------------
>> Issue: [B101:assert_used] Use of assert detected. The enclosed code will be removed when compiling to optimised byte code.
   Severity: Low   Confidence: High
   CWE: CWE-703 (https://cwe.mitre.org/data/definitions/703.html)
   More Info: https://bandit.readthedocs.io/en/1.7.7/plugins/b101_assert_used.html
   Location: .\tests\test_arrays.py:367:4
366	def test_last(case, expected):
367	    assert _.last(case) == expected
368	

--------------------------------------------------
>> Issue: [B101:assert_used] Use of assert detected. The enclosed code will be removed when compiling to optimised byte code.
   Severity: Low   Confidence: High
   CWE: CWE-703 (https://cwe.mitre.org/data/definitions/703.html)
   More Info: https://bandit.readthedocs.io/en/1.7.7/plugins/b101_assert_used.html
   Location: .\tests\test_arrays.py:393:4
392	def test_last_index_of(case, value, from_index, expected):
393	    assert _.last_index_of(case, value, from_index) == expected
394	

--------------------------------------------------
>> Issue: [B101:assert_used] Use of assert detected. The enclosed code will be removed when compiling to optimised byte code.
   Severity: Low   Confidence: High
   CWE: CWE-703 (https://cwe.mitre.org/data/definitions/703.html)
   More Info: https://bandit.readthedocs.io/en/1.7.7/plugins/b101_assert_used.html
   Location: .\tests\test_arrays.py:401:4
400	def test_mapcat(case, expected):
401	    assert _.mapcat(*case) == expected
402	

--------------------------------------------------
>> Issue: [B101:assert_used] Use of assert detected. The enclosed code will be removed when compiling to optimised byte code.
   Severity: Low   Confidence: High
   CWE: CWE-703 (https://cwe.mitre.org/data/definitions/703.html)
   More Info: https://bandit.readthedocs.io/en/1.7.7/plugins/b101_assert_used.html
   Location: .\tests\test_arrays.py:409:4
408	def test_nth(case, pos, expected):
409	    assert _.nth(case, pos) == expected
410	

--------------------------------------------------
>> Issue: [B101:assert_used] Use of assert detected. The enclosed code will be removed when compiling to optimised byte code.
   Severity: Low   Confidence: High
   CWE: CWE-703 (https://cwe.mitre.org/data/definitions/703.html)
   More Info: https://bandit.readthedocs.io/en/1.7.7/plugins/b101_assert_used.html
   Location: .\tests\test_arrays.py:422:4
421	    array = case[0]
422	    assert _.pop(*case) == expected
423	    assert array == after

--------------------------------------------------
>> Issue: [B101:assert_used] Use of assert detected. The enclosed code will be removed when compiling to optimised byte code.
   Severity: Low   Confidence: High
   CWE: CWE-703 (https://cwe.mitre.org/data/definitions/703.html)
   More Info: https://bandit.readthedocs.io/en/1.7.7/plugins/b101_assert_used.html
   Location: .\tests\test_arrays.py:423:4
422	    assert _.pop(*case) == expected
423	    assert array == after
424	

--------------------------------------------------
>> Issue: [B101:assert_used] Use of assert detected. The enclosed code will be removed when compiling to optimised byte code.
   Severity: Low   Confidence: High
   CWE: CWE-703 (https://cwe.mitre.org/data/definitions/703.html)
   More Info: https://bandit.readthedocs.io/en/1.7.7/plugins/b101_assert_used.html
   Location: .\tests\test_arrays.py:428:4
427	def test_pull(case, values, expected):
428	    assert _.pull(case, *values) == expected
429	

--------------------------------------------------
>> Issue: [B101:assert_used] Use of assert detected. The enclosed code will be removed when compiling to optimised byte code.
   Severity: Low   Confidence: High
   CWE: CWE-703 (https://cwe.mitre.org/data/definitions/703.html)
   More Info: https://bandit.readthedocs.io/en/1.7.7/plugins/b101_assert_used.html
   Location: .\tests\test_arrays.py:440:4
439	def test_pull_all(case, values, expected):
440	    assert _.pull_all(case, values) == expected
441	

--------------------------------------------------
>> Issue: [B101:assert_used] Use of assert detected. The enclosed code will be removed when compiling to optimised byte code.
   Severity: Low   Confidence: High
   CWE: CWE-703 (https://cwe.mitre.org/data/definitions/703.html)
   More Info: https://bandit.readthedocs.io/en/1.7.7/plugins/b101_assert_used.html
   Location: .\tests\test_arrays.py:451:4
450	def test_pull_all_by(case, values, iteratee, expected):
451	    assert _.pull_all_by(case, values, iteratee) == expected
452	

--------------------------------------------------
>> Issue: [B101:assert_used] Use of assert detected. The enclosed code will be removed when compiling to optimised byte code.
   Severity: Low   Confidence: High
   CWE: CWE-703 (https://cwe.mitre.org/data/definitions/703.html)
   More Info: https://bandit.readthedocs.io/en/1.7.7/plugins/b101_assert_used.html
   Location: .\tests\test_arrays.py:463:4
462	def test_pull_all_with(case, values, iteratee, expected):
463	    assert _.pull_all_with(case, values, iteratee) == expected
464	

--------------------------------------------------
>> Issue: [B101:assert_used] Use of assert detected. The enclosed code will be removed when compiling to optimised byte code.
   Severity: Low   Confidence: High
   CWE: CWE-703 (https://cwe.mitre.org/data/definitions/703.html)
   More Info: https://bandit.readthedocs.io/en/1.7.7/plugins/b101_assert_used.html
   Location: .\tests\test_arrays.py:475:4
474	def test_pull_at(case, expected):
475	    assert _.pull_at(*case) == expected
476	

--------------------------------------------------
>> Issue: [B101:assert_used] Use of assert detected. The enclosed code will be removed when compiling to optimised byte code.
   Severity: Low   Confidence: High
   CWE: CWE-703 (https://cwe.mitre.org/data/definitions/703.html)
   More Info: https://bandit.readthedocs.io/en/1.7.7/plugins/b101_assert_used.html
   Location: .\tests\test_arrays.py:487:4
486	def test_push(case, expected):
487	    assert _.push(*case) == expected
488	

--------------------------------------------------
>> Issue: [B101:assert_used] Use of assert detected. The enclosed code will be removed when compiling to optimised byte code.
   Severity: Low   Confidence: High
   CWE: CWE-703 (https://cwe.mitre.org/data/definitions/703.html)
   More Info: https://bandit.readthedocs.io/en/1.7.7/plugins/b101_assert_used.html
   Location: .\tests\test_arrays.py:499:4
498	    original = list(case)
499	    assert _.remove(case, filter_by) == expected
500	    assert set(case).intersection(expected) == set([])

--------------------------------------------------
>> Issue: [B101:assert_used] Use of assert detected. The enclosed code will be removed when compiling to optimised byte code.
   Severity: Low   Confidence: High
   CWE: CWE-703 (https://cwe.mitre.org/data/definitions/703.html)
   More Info: https://bandit.readthedocs.io/en/1.7.7/plugins/b101_assert_used.html
   Location: .\tests\test_arrays.py:500:4
499	    assert _.remove(case, filter_by) == expected
500	    assert set(case).intersection(expected) == set([])
501	    assert set(original) == set(case + expected)

--------------------------------------------------
>> Issue: [B101:assert_used] Use of assert detected. The enclosed code will be removed when compiling to optimised byte code.
   Severity: Low   Confidence: High
   CWE: CWE-703 (https://cwe.mitre.org/data/definitions/703.html)
   More Info: https://bandit.readthedocs.io/en/1.7.7/plugins/b101_assert_used.html
   Location: .\tests\test_arrays.py:501:4
500	    assert set(case).intersection(expected) == set([])
501	    assert set(original) == set(case + expected)
502	

--------------------------------------------------
>> Issue: [B101:assert_used] Use of assert detected. The enclosed code will be removed when compiling to optimised byte code.
   Severity: Low   Confidence: High
   CWE: CWE-703 (https://cwe.mitre.org/data/definitions/703.html)
   More Info: https://bandit.readthedocs.io/en/1.7.7/plugins/b101_assert_used.html
   Location: .\tests\test_arrays.py:512:4
511	def test_reverse(case, expected):
512	    assert _.reverse(case) == expected
513	

--------------------------------------------------
>> Issue: [B101:assert_used] Use of assert detected. The enclosed code will be removed when compiling to optimised byte code.
   Severity: Low   Confidence: High
   CWE: CWE-703 (https://cwe.mitre.org/data/definitions/703.html)
   More Info: https://bandit.readthedocs.io/en/1.7.7/plugins/b101_assert_used.html
   Location: .\tests\test_arrays.py:522:4
521	def test_shift(case, expected, after):
522	    assert _.shift(case) == expected
523	    assert case == after

--------------------------------------------------
>> Issue: [B101:assert_used] Use of assert detected. The enclosed code will be removed when compiling to optimised byte code.
   Severity: Low   Confidence: High
   CWE: CWE-703 (https://cwe.mitre.org/data/definitions/703.html)
   More Info: https://bandit.readthedocs.io/en/1.7.7/plugins/b101_assert_used.html
   Location: .\tests\test_arrays.py:523:4
522	    assert _.shift(case) == expected
523	    assert case == after
524	

--------------------------------------------------
>> Issue: [B101:assert_used] Use of assert detected. The enclosed code will be removed when compiling to optimised byte code.
   Severity: Low   Confidence: High
   CWE: CWE-703 (https://cwe.mitre.org/data/definitions/703.html)
   More Info: https://bandit.readthedocs.io/en/1.7.7/plugins/b101_assert_used.html
   Location: .\tests\test_arrays.py:542:4
541	def test_slice_(case, expected):
542	    assert _.slice_(*case) == expected
543	

--------------------------------------------------
>> Issue: [B101:assert_used] Use of assert detected. The enclosed code will be removed when compiling to optimised byte code.
   Severity: Low   Confidence: High
   CWE: CWE-703 (https://cwe.mitre.org/data/definitions/703.html)
   More Info: https://bandit.readthedocs.io/en/1.7.7/plugins/b101_assert_used.html
   Location: .\tests\test_arrays.py:556:4
555	    array = case[0]
556	    assert _.sort(*case) == expected
557	    assert array == expected

--------------------------------------------------
>> Issue: [B101:assert_used] Use of assert detected. The enclosed code will be removed when compiling to optimised byte code.
   Severity: Low   Confidence: High
   CWE: CWE-703 (https://cwe.mitre.org/data/definitions/703.html)
   More Info: https://bandit.readthedocs.io/en/1.7.7/plugins/b101_assert_used.html
   Location: .\tests\test_arrays.py:557:4
556	    assert _.sort(*case) == expected
557	    assert array == expected
558	

--------------------------------------------------
>> Issue: [B101:assert_used] Use of assert detected. The enclosed code will be removed when compiling to optimised byte code.
   Severity: Low   Confidence: High
   CWE: CWE-703 (https://cwe.mitre.org/data/definitions/703.html)
   More Info: https://bandit.readthedocs.io/en/1.7.7/plugins/b101_assert_used.html
   Location: .\tests\test_arrays.py:575:4
574	def test_sorted_index(case, expected):
575	    assert _.sorted_index(*case) == expected
576	

--------------------------------------------------
>> Issue: [B101:assert_used] Use of assert detected. The enclosed code will be removed when compiling to optimised byte code.
   Severity: Low   Confidence: High
   CWE: CWE-703 (https://cwe.mitre.org/data/definitions/703.html)
   More Info: https://bandit.readthedocs.io/en/1.7.7/plugins/b101_assert_used.html
   Location: .\tests\test_arrays.py:593:4
592	def test_sorted_index_by(case, expected):
593	    assert _.sorted_index_by(*case) == expected
594	

--------------------------------------------------
>> Issue: [B101:assert_used] Use of assert detected. The enclosed code will be removed when compiling to optimised byte code.
   Severity: Low   Confidence: High
   CWE: CWE-703 (https://cwe.mitre.org/data/definitions/703.html)
   More Info: https://bandit.readthedocs.io/en/1.7.7/plugins/b101_assert_used.html
   Location: .\tests\test_arrays.py:604:4
603	def test_sorted_index_of(array, value, expected):
604	    assert _.sorted_index_of(array, value) == expected
605	

--------------------------------------------------
>> Issue: [B101:assert_used] Use of assert detected. The enclosed code will be removed when compiling to optimised byte code.
   Severity: Low   Confidence: High
   CWE: CWE-703 (https://cwe.mitre.org/data/definitions/703.html)
   More Info: https://bandit.readthedocs.io/en/1.7.7/plugins/b101_assert_used.html
   Location: .\tests\test_arrays.py:616:4
615	def test_sorted_last_index(case, expected):
616	    assert _.sorted_last_index(*case) == expected
617	

--------------------------------------------------
>> Issue: [B101:assert_used] Use of assert detected. The enclosed code will be removed when compiling to optimised byte code.
   Severity: Low   Confidence: High
   CWE: CWE-703 (https://cwe.mitre.org/data/definitions/703.html)
   More Info: https://bandit.readthedocs.io/en/1.7.7/plugins/b101_assert_used.html
   Location: .\tests\test_arrays.py:634:4
633	def test_sorted_last_index_by(case, expected):
634	    assert _.sorted_last_index_by(*case) == expected
635	

--------------------------------------------------
>> Issue: [B101:assert_used] Use of assert detected. The enclosed code will be removed when compiling to optimised byte code.
   Severity: Low   Confidence: High
   CWE: CWE-703 (https://cwe.mitre.org/data/definitions/703.html)
   More Info: https://bandit.readthedocs.io/en/1.7.7/plugins/b101_assert_used.html
   Location: .\tests\test_arrays.py:645:4
644	def test_sorted_last_index_of(array, value, expected):
645	    assert _.sorted_last_index_of(array, value) == expected
646	

--------------------------------------------------
>> Issue: [B101:assert_used] Use of assert detected. The enclosed code will be removed when compiling to optimised byte code.
   Severity: Low   Confidence: High
   CWE: CWE-703 (https://cwe.mitre.org/data/definitions/703.html)
   More Info: https://bandit.readthedocs.io/en/1.7.7/plugins/b101_assert_used.html
   Location: .\tests\test_arrays.py:652:4
651	def test_sorted_uniq(case, expected):
652	    assert _.sorted_uniq(case) == expected
653	

--------------------------------------------------
>> Issue: [B101:assert_used] Use of assert detected. The enclosed code will be removed when compiling to optimised byte code.
   Severity: Low   Confidence: High
   CWE: CWE-703 (https://cwe.mitre.org/data/definitions/703.html)
   More Info: https://bandit.readthedocs.io/en/1.7.7/plugins/b101_assert_used.html
   Location: .\tests\test_arrays.py:663:4
662	def test_sorted_uniq_by(case, iteratee, expected):
663	    assert _.sorted_uniq_by(case, iteratee) == expected
664	

--------------------------------------------------
>> Issue: [B101:assert_used] Use of assert detected. The enclosed code will be removed when compiling to optimised byte code.
   Severity: Low   Confidence: High
   CWE: CWE-703 (https://cwe.mitre.org/data/definitions/703.html)
   More Info: https://bandit.readthedocs.io/en/1.7.7/plugins/b101_assert_used.html
   Location: .\tests\test_arrays.py:678:4
677	    array = case[0]
678	    assert _.splice(*case) == expected
679	    assert array == after

--------------------------------------------------
>> Issue: [B101:assert_used] Use of assert detected. The enclosed code will be removed when compiling to optimised byte code.
   Severity: Low   Confidence: High
   CWE: CWE-703 (https://cwe.mitre.org/data/definitions/703.html)
   More Info: https://bandit.readthedocs.io/en/1.7.7/plugins/b101_assert_used.html
   Location: .\tests\test_arrays.py:679:4
678	    assert _.splice(*case) == expected
679	    assert array == after
680	

--------------------------------------------------
>> Issue: [B101:assert_used] Use of assert detected. The enclosed code will be removed when compiling to optimised byte code.
   Severity: Low   Confidence: High
   CWE: CWE-703 (https://cwe.mitre.org/data/definitions/703.html)
   More Info: https://bandit.readthedocs.io/en/1.7.7/plugins/b101_assert_used.html
   Location: .\tests\test_arrays.py:689:4
688	def test_splice_string(case, expected):
689	    assert _.splice(*case) == expected
690	

--------------------------------------------------
>> Issue: [B101:assert_used] Use of assert detected. The enclosed code will be removed when compiling to optimised byte code.
   Severity: Low   Confidence: High
   CWE: CWE-703 (https://cwe.mitre.org/data/definitions/703.html)
   More Info: https://bandit.readthedocs.io/en/1.7.7/plugins/b101_assert_used.html
   Location: .\tests\test_arrays.py:700:4
699	def test_split_at(case, expected):
700	    assert _.split_at(*case) == expected
701	

--------------------------------------------------
>> Issue: [B101:assert_used] Use of assert detected. The enclosed code will be removed when compiling to optimised byte code.
   Severity: Low   Confidence: High
   CWE: CWE-703 (https://cwe.mitre.org/data/definitions/703.html)
   More Info: https://bandit.readthedocs.io/en/1.7.7/plugins/b101_assert_used.html
   Location: .\tests\test_arrays.py:705:4
704	def test_tail(case, expected):
705	    assert _.tail(case) == expected
706	

--------------------------------------------------
>> Issue: [B101:assert_used] Use of assert detected. The enclosed code will be removed when compiling to optimised byte code.
   Severity: Low   Confidence: High
   CWE: CWE-703 (https://cwe.mitre.org/data/definitions/703.html)
   More Info: https://bandit.readthedocs.io/en/1.7.7/plugins/b101_assert_used.html
   Location: .\tests\test_arrays.py:719:4
718	def test_take(case, expected):
719	    assert _.take(*case) == expected
720	

--------------------------------------------------
>> Issue: [B101:assert_used] Use of assert detected. The enclosed code will be removed when compiling to optimised byte code.
   Severity: Low   Confidence: High
   CWE: CWE-703 (https://cwe.mitre.org/data/definitions/703.html)
   More Info: https://bandit.readthedocs.io/en/1.7.7/plugins/b101_assert_used.html
   Location: .\tests\test_arrays.py:729:4
728	def test_take_while(case, expected):
729	    assert _.take_while(*case) == expected
730	

--------------------------------------------------
>> Issue: [B101:assert_used] Use of assert detected. The enclosed code will be removed when compiling to optimised byte code.
   Severity: Low   Confidence: High
   CWE: CWE-703 (https://cwe.mitre.org/data/definitions/703.html)
   More Info: https://bandit.readthedocs.io/en/1.7.7/plugins/b101_assert_used.html
   Location: .\tests\test_arrays.py:743:4
742	def test_take_right(case, expected):
743	    assert _.take_right(*case) == expected
744	

--------------------------------------------------
>> Issue: [B101:assert_used] Use of assert detected. The enclosed code will be removed when compiling to optimised byte code.
   Severity: Low   Confidence: High
   CWE: CWE-703 (https://cwe.mitre.org/data/definitions/703.html)
   More Info: https://bandit.readthedocs.io/en/1.7.7/plugins/b101_assert_used.html
   Location: .\tests\test_arrays.py:753:4
752	def test_take_right_while(case, expected):
753	    assert _.take_right_while(*case) == expected
754	

--------------------------------------------------
>> Issue: [B101:assert_used] Use of assert detected. The enclosed code will be removed when compiling to optimised byte code.
   Severity: Low   Confidence: High
   CWE: CWE-703 (https://cwe.mitre.org/data/definitions/703.html)
   More Info: https://bandit.readthedocs.io/en/1.7.7/plugins/b101_assert_used.html
   Location: .\tests\test_arrays.py:764:4
763	def test_uniq(case, expected):
764	    assert _.uniq(case) == expected
765	

--------------------------------------------------
>> Issue: [B101:assert_used] Use of assert detected. The enclosed code will be removed when compiling to optimised byte code.
   Severity: Low   Confidence: High
   CWE: CWE-703 (https://cwe.mitre.org/data/definitions/703.html)
   More Info: https://bandit.readthedocs.io/en/1.7.7/plugins/b101_assert_used.html
   Location: .\tests\test_arrays.py:792:4
791	def test_uniq_by(case, iteratee, expected):
792	    assert _.uniq_by(case, iteratee) == expected
793	

--------------------------------------------------
>> Issue: [B101:assert_used] Use of assert detected. The enclosed code will be removed when compiling to optimised byte code.
   Severity: Low   Confidence: High
   CWE: CWE-703 (https://cwe.mitre.org/data/definitions/703.html)
   More Info: https://bandit.readthedocs.io/en/1.7.7/plugins/b101_assert_used.html
   Location: .\tests\test_arrays.py:803:4
802	def test_uniq_with(case, iteratee, expected):
803	    assert _.uniq_with(case, iteratee) == expected
804	

--------------------------------------------------
>> Issue: [B101:assert_used] Use of assert detected. The enclosed code will be removed when compiling to optimised byte code.
   Severity: Low   Confidence: High
   CWE: CWE-703 (https://cwe.mitre.org/data/definitions/703.html)
   More Info: https://bandit.readthedocs.io/en/1.7.7/plugins/b101_assert_used.html
   Location: .\tests\test_arrays.py:811:4
810	def test_union(case, expected):
811	    assert _.union(*case) == expected
812	

--------------------------------------------------
>> Issue: [B101:assert_used] Use of assert detected. The enclosed code will be removed when compiling to optimised byte code.
   Severity: Low   Confidence: High
   CWE: CWE-703 (https://cwe.mitre.org/data/definitions/703.html)
   More Info: https://bandit.readthedocs.io/en/1.7.7/plugins/b101_assert_used.html
   Location: .\tests\test_arrays.py:824:4
823	def test_union_by(case, iteratee, expected):
824	    assert _.union_by(*case, iteratee=iteratee) == expected
825	

--------------------------------------------------
>> Issue: [B101:assert_used] Use of assert detected. The enclosed code will be removed when compiling to optimised byte code.
   Severity: Low   Confidence: High
   CWE: CWE-703 (https://cwe.mitre.org/data/definitions/703.html)
   More Info: https://bandit.readthedocs.io/en/1.7.7/plugins/b101_assert_used.html
   Location: .\tests\test_arrays.py:836:4
835	def test_union_with(case, expected):
836	    assert _.union_with(*case) == expected
837	

--------------------------------------------------
>> Issue: [B101:assert_used] Use of assert detected. The enclosed code will be removed when compiling to optimised byte code.
   Severity: Low   Confidence: High
   CWE: CWE-703 (https://cwe.mitre.org/data/definitions/703.html)
   More Info: https://bandit.readthedocs.io/en/1.7.7/plugins/b101_assert_used.html
   Location: .\tests\test_arrays.py:848:4
847	def test_unshift(case, expected):
848	    assert _.unshift(*case) == expected
849	    assert case[0] == expected

--------------------------------------------------
>> Issue: [B101:assert_used] Use of assert detected. The enclosed code will be removed when compiling to optimised byte code.
   Severity: Low   Confidence: High
   CWE: CWE-703 (https://cwe.mitre.org/data/definitions/703.html)
   More Info: https://bandit.readthedocs.io/en/1.7.7/plugins/b101_assert_used.html
   Location: .\tests\test_arrays.py:849:4
848	    assert _.unshift(*case) == expected
849	    assert case[0] == expected
850	

--------------------------------------------------
>> Issue: [B101:assert_used] Use of assert detected. The enclosed code will be removed when compiling to optimised byte code.
   Severity: Low   Confidence: High
   CWE: CWE-703 (https://cwe.mitre.org/data/definitions/703.html)
   More Info: https://bandit.readthedocs.io/en/1.7.7/plugins/b101_assert_used.html
   Location: .\tests\test_arrays.py:862:4
861	def test_unzip(case, expected):
862	    assert _.unzip(case) == expected
863	

--------------------------------------------------
>> Issue: [B101:assert_used] Use of assert detected. The enclosed code will be removed when compiling to optimised byte code.
   Severity: Low   Confidence: High
   CWE: CWE-703 (https://cwe.mitre.org/data/definitions/703.html)
   More Info: https://bandit.readthedocs.io/en/1.7.7/plugins/b101_assert_used.html
   Location: .\tests\test_arrays.py:874:4
873	def test_unzip_with(case, expected):
874	    assert _.unzip_with(*case) == expected
875	

--------------------------------------------------
>> Issue: [B101:assert_used] Use of assert detected. The enclosed code will be removed when compiling to optimised byte code.
   Severity: Low   Confidence: High
   CWE: CWE-703 (https://cwe.mitre.org/data/definitions/703.html)
   More Info: https://bandit.readthedocs.io/en/1.7.7/plugins/b101_assert_used.html
   Location: .\tests\test_arrays.py:879:4
878	def test_without(case, expected):
879	    assert _.without(*case) == expected
880	

--------------------------------------------------
>> Issue: [B101:assert_used] Use of assert detected. The enclosed code will be removed when compiling to optimised byte code.
   Severity: Low   Confidence: High
   CWE: CWE-703 (https://cwe.mitre.org/data/definitions/703.html)
   More Info: https://bandit.readthedocs.io/en/1.7.7/plugins/b101_assert_used.html
   Location: .\tests\test_arrays.py:887:4
886	def test_xor(case, expected):
887	    assert _.xor(*case) == expected
888	

--------------------------------------------------
>> Issue: [B101:assert_used] Use of assert detected. The enclosed code will be removed when compiling to optimised byte code.
   Severity: Low   Confidence: High
   CWE: CWE-703 (https://cwe.mitre.org/data/definitions/703.html)
   More Info: https://bandit.readthedocs.io/en/1.7.7/plugins/b101_assert_used.html
   Location: .\tests\test_arrays.py:892:4
891	def test_xor_by(case, expected):
892	    assert _.xor_by(*case) == expected
893	

--------------------------------------------------
>> Issue: [B101:assert_used] Use of assert detected. The enclosed code will be removed when compiling to optimised byte code.
   Severity: Low   Confidence: High
   CWE: CWE-703 (https://cwe.mitre.org/data/definitions/703.html)
   More Info: https://bandit.readthedocs.io/en/1.7.7/plugins/b101_assert_used.html
   Location: .\tests\test_arrays.py:897:4
896	def test_xor_with(case, expected):
897	    assert _.xor_with(*case) == expected
898	

--------------------------------------------------
>> Issue: [B101:assert_used] Use of assert detected. The enclosed code will be removed when compiling to optimised byte code.
   Severity: Low   Confidence: High
   CWE: CWE-703 (https://cwe.mitre.org/data/definitions/703.html)
   More Info: https://bandit.readthedocs.io/en/1.7.7/plugins/b101_assert_used.html
   Location: .\tests\test_arrays.py:910:4
909	def test_zip_(case, expected):
910	    assert _.zip_(*case) == expected
911	

--------------------------------------------------
>> Issue: [B101:assert_used] Use of assert detected. The enclosed code will be removed when compiling to optimised byte code.
   Severity: Low   Confidence: High
   CWE: CWE-703 (https://cwe.mitre.org/data/definitions/703.html)
   More Info: https://bandit.readthedocs.io/en/1.7.7/plugins/b101_assert_used.html
   Location: .\tests\test_arrays.py:921:4
920	def test_zip_object(case, expected):
921	    assert _.zip_object(*case) == expected
922	

--------------------------------------------------
>> Issue: [B101:assert_used] Use of assert detected. The enclosed code will be removed when compiling to optimised byte code.
   Severity: Low   Confidence: High
   CWE: CWE-703 (https://cwe.mitre.org/data/definitions/703.html)
   More Info: https://bandit.readthedocs.io/en/1.7.7/plugins/b101_assert_used.html
   Location: .\tests\test_arrays.py:932:4
931	def test_zip_object_deep(case, expected):
932	    assert _.zip_object_deep(*case) == expected
933	

--------------------------------------------------
>> Issue: [B101:assert_used] Use of assert detected. The enclosed code will be removed when compiling to optimised byte code.
   Severity: Low   Confidence: High
   CWE: CWE-703 (https://cwe.mitre.org/data/definitions/703.html)
   More Info: https://bandit.readthedocs.io/en/1.7.7/plugins/b101_assert_used.html
   Location: .\tests\test_arrays.py:943:4
942	def test_zip_with(case, expected):
943	    assert _.zip_with(*case) == expected

--------------------------------------------------
>> Issue: [B101:assert_used] Use of assert detected. The enclosed code will be removed when compiling to optimised byte code.
   Severity: Low   Confidence: High
   CWE: CWE-703 (https://cwe.mitre.org/data/definitions/703.html)
   More Info: https://bandit.readthedocs.io/en/1.7.7/plugins/b101_assert_used.html
   Location: .\tests\test_chaining.py:22:8
21	        chained = getattr(chain, method)
22	        assert chained.method is getattr(_, method)
23	

--------------------------------------------------
>> Issue: [B101:assert_used] Use of assert detected. The enclosed code will be removed when compiling to optimised byte code.
   Severity: Low   Confidence: High
   CWE: CWE-703 (https://cwe.mitre.org/data/definitions/703.html)
   More Info: https://bandit.readthedocs.io/en/1.7.7/plugins/b101_assert_used.html
   Location: .\tests\test_chaining.py:36:4
35	
36	    assert actual.value() == expected
37	

--------------------------------------------------
>> Issue: [B101:assert_used] Use of assert detected. The enclosed code will be removed when compiling to optimised byte code.
   Severity: Low   Confidence: High
   CWE: CWE-703 (https://cwe.mitre.org/data/definitions/703.html)
   More Info: https://bandit.readthedocs.io/en/1.7.7/plugins/b101_assert_used.html
   Location: .\tests\test_chaining.py:47:4
46	
47	    assert raised
48	

--------------------------------------------------
>> Issue: [B101:assert_used] Use of assert detected. The enclosed code will be removed when compiling to optimised byte code.
   Severity: Low   Confidence: High
   CWE: CWE-703 (https://cwe.mitre.org/data/definitions/703.html)
   More Info: https://bandit.readthedocs.io/en/1.7.7/plugins/b101_assert_used.html
   Location: .\tests\test_chaining.py:53:4
52	    #  runtime_checkable. See https://github.com/dgilland/pydash/issues/165
53	    assert issubclass(_.InvalidMethod, AttributeError)
54	

--------------------------------------------------
>> Issue: [B101:assert_used] Use of assert detected. The enclosed code will be removed when compiling to optimised byte code.
   Severity: Low   Confidence: High
   CWE: CWE-703 (https://cwe.mitre.org/data/definitions/703.html)
   More Info: https://bandit.readthedocs.io/en/1.7.7/plugins/b101_assert_used.html
   Location: .\tests\test_chaining.py:65:4
64	
65	    assert not tracker["called"]
66	

--------------------------------------------------
>> Issue: [B101:assert_used] Use of assert detected. The enclosed code will be removed when compiling to optimised byte code.
   Severity: Low   Confidence: High
   CWE: CWE-703 (https://cwe.mitre.org/data/definitions/703.html)
   More Info: https://bandit.readthedocs.io/en/1.7.7/plugins/b101_assert_used.html
   Location: .\tests\test_chaining.py:69:4
68	
69	    assert not tracker["called"]
70	

--------------------------------------------------
>> Issue: [B101:assert_used] Use of assert detected. The enclosed code will be removed when compiling to optimised byte code.
   Severity: Low   Confidence: High
   CWE: CWE-703 (https://cwe.mitre.org/data/definitions/703.html)
   More Info: https://bandit.readthedocs.io/en/1.7.7/plugins/b101_assert_used.html
   Location: .\tests\test_chaining.py:73:4
72	
73	    assert tracker["called"]
74	    assert result == 3

--------------------------------------------------
>> Issue: [B101:assert_used] Use of assert detected. The enclosed code will be removed when compiling to optimised byte code.
   Severity: Low   Confidence: High
   CWE: CWE-703 (https://cwe.mitre.org/data/definitions/703.html)
   More Info: https://bandit.readthedocs.io/en/1.7.7/plugins/b101_assert_used.html
   Location: .\tests\test_chaining.py:74:4
73	    assert tracker["called"]
74	    assert result == 3
75	

--------------------------------------------------
>> Issue: [B101:assert_used] Use of assert detected. The enclosed code will be removed when compiling to optimised byte code.
   Severity: Low   Confidence: High
   CWE: CWE-703 (https://cwe.mitre.org/data/definitions/703.html)
   More Info: https://bandit.readthedocs.io/en/1.7.7/plugins/b101_assert_used.html
   Location: .\tests\test_chaining.py:79:4
78	    square_sum = _.chain().power(2).sum()
79	    assert square_sum([1, 2, 3, 4]) == 30
80	

--------------------------------------------------
>> Issue: [B101:assert_used] Use of assert detected. The enclosed code will be removed when compiling to optimised byte code.
   Severity: Low   Confidence: High
   CWE: CWE-703 (https://cwe.mitre.org/data/definitions/703.html)
   More Info: https://bandit.readthedocs.io/en/1.7.7/plugins/b101_assert_used.html
   Location: .\tests\test_chaining.py:84:4
83	    square_sum = _.chain().power(2).sum()
84	    assert square_sum([1, 2, 3, 4]) == 30
85	    assert square_sum([2]) == 4

--------------------------------------------------
>> Issue: [B101:assert_used] Use of assert detected. The enclosed code will be removed when compiling to optimised byte code.
   Severity: Low   Confidence: High
   CWE: CWE-703 (https://cwe.mitre.org/data/definitions/703.html)
   More Info: https://bandit.readthedocs.io/en/1.7.7/plugins/b101_assert_used.html
   Location: .\tests\test_chaining.py:85:4
84	    assert square_sum([1, 2, 3, 4]) == 30
85	    assert square_sum([2]) == 4
86	

--------------------------------------------------
>> Issue: [B101:assert_used] Use of assert detected. The enclosed code will be removed when compiling to optimised byte code.
   Severity: Low   Confidence: High
   CWE: CWE-703 (https://cwe.mitre.org/data/definitions/703.html)
   More Info: https://bandit.readthedocs.io/en/1.7.7/plugins/b101_assert_used.html
   Location: .\tests\test_chaining.py:90:4
89	    square_sum = _.chain([1, 2, 3, 4]).power(2).sum()
90	    assert square_sum([5, 6, 7, 8]) == 174
91	

--------------------------------------------------
>> Issue: [B101:assert_used] Use of assert detected. The enclosed code will be removed when compiling to optimised byte code.
   Severity: Low   Confidence: High
   CWE: CWE-703 (https://cwe.mitre.org/data/definitions/703.html)
   More Info: https://bandit.readthedocs.io/en/1.7.7/plugins/b101_assert_used.html
   Location: .\tests\test_chaining.py:102:4
101	
102	    assert root_value(square_sum1._value) == value
103	

--------------------------------------------------
>> Issue: [B101:assert_used] Use of assert detected. The enclosed code will be removed when compiling to optimised byte code.
   Severity: Low   Confidence: High
   CWE: CWE-703 (https://cwe.mitre.org/data/definitions/703.html)
   More Info: https://bandit.readthedocs.io/en/1.7.7/plugins/b101_assert_used.html
   Location: .\tests\test_chaining.py:107:4
106	
107	    assert root_value(square_sum1._value) == value
108	    assert root_value(square_sum2._value) == test_value

--------------------------------------------------
>> Issue: [B101:assert_used] Use of assert detected. The enclosed code will be removed when compiling to optimised byte code.
   Severity: Low   Confidence: High
   CWE: CWE-703 (https://cwe.mitre.org/data/definitions/703.html)
   More Info: https://bandit.readthedocs.io/en/1.7.7/plugins/b101_assert_used.html
   Location: .\tests\test_chaining.py:108:4
107	    assert root_value(square_sum1._value) == value
108	    assert root_value(square_sum2._value) == test_value
109	

--------------------------------------------------
>> Issue: [B101:assert_used] Use of assert detected. The enclosed code will be removed when compiling to optimised byte code.
   Severity: Low   Confidence: High
   CWE: CWE-703 (https://cwe.mitre.org/data/definitions/703.html)
   More Info: https://bandit.readthedocs.io/en/1.7.7/plugins/b101_assert_used.html
   Location: .\tests\test_chaining.py:110:4
109	
110	    assert square_sum1.value() == 30
111	    assert square_sum2.value() == 174

--------------------------------------------------
>> Issue: [B101:assert_used] Use of assert detected. The enclosed code will be removed when compiling to optimised byte code.
   Severity: Low   Confidence: High
   CWE: CWE-703 (https://cwe.mitre.org/data/definitions/703.html)
   More Info: https://bandit.readthedocs.io/en/1.7.7/plugins/b101_assert_used.html
   Location: .\tests\test_chaining.py:111:4
110	    assert square_sum1.value() == 30
111	    assert square_sum2.value() == 174
112	

--------------------------------------------------
>> Issue: [B101:assert_used] Use of assert detected. The enclosed code will be removed when compiling to optimised byte code.
   Severity: Low   Confidence: High
   CWE: CWE-703 (https://cwe.mitre.org/data/definitions/703.html)
   More Info: https://bandit.readthedocs.io/en/1.7.7/plugins/b101_assert_used.html
   Location: .\tests\test_chaining.py:118:4
117	
118	    assert chain is not committed
119	    assert chain.value() == committed.value()

--------------------------------------------------
>> Issue: [B101:assert_used] Use of assert detected. The enclosed code will be removed when compiling to optimised byte code.
   Severity: Low   Confidence: High
   CWE: CWE-703 (https://cwe.mitre.org/data/definitions/703.html)
   More Info: https://bandit.readthedocs.io/en/1.7.7/plugins/b101_assert_used.html
   Location: .\tests\test_chaining.py:119:4
118	    assert chain is not committed
119	    assert chain.value() == committed.value()
120	

--------------------------------------------------
>> Issue: [B101:assert_used] Use of assert detected. The enclosed code will be removed when compiling to optimised byte code.
   Severity: Low   Confidence: High
   CWE: CWE-703 (https://cwe.mitre.org/data/definitions/703.html)
   More Info: https://bandit.readthedocs.io/en/1.7.7/plugins/b101_assert_used.html
   Location: .\tests\test_chaining.py:127:4
126	
127	    assert from__.value() == from_chain.value()
128	

--------------------------------------------------
>> Issue: [B101:assert_used] Use of assert detected. The enclosed code will be removed when compiling to optimised byte code.
   Severity: Low   Confidence: High
   CWE: CWE-703 (https://cwe.mitre.org/data/definitions/703.html)
   More Info: https://bandit.readthedocs.io/en/1.7.7/plugins/b101_assert_used.html
   Location: .\tests\test_chaining.py:131:4
130	def test_dash_instance_methods():
131	    assert pydash_methods
132	

--------------------------------------------------
>> Issue: [B101:assert_used] Use of assert detected. The enclosed code will be removed when compiling to optimised byte code.
   Severity: Low   Confidence: High
   CWE: CWE-703 (https://cwe.mitre.org/data/definitions/703.html)
   More Info: https://bandit.readthedocs.io/en/1.7.7/plugins/b101_assert_used.html
   Location: .\tests\test_chaining.py:134:8
133	    for method in pydash_methods:
134	        assert getattr(_._, method) is getattr(_, method)
135	

--------------------------------------------------
>> Issue: [B101:assert_used] Use of assert detected. The enclosed code will be removed when compiling to optimised byte code.
   Severity: Low   Confidence: High
   CWE: CWE-703 (https://cwe.mitre.org/data/definitions/703.html)
   More Info: https://bandit.readthedocs.io/en/1.7.7/plugins/b101_assert_used.html
   Location: .\tests\test_chaining.py:139:4
138	    methods = _.filter_(pydash_methods, lambda m: m.endswith("_"))
139	    assert methods
140	

--------------------------------------------------
>> Issue: [B101:assert_used] Use of assert detected. The enclosed code will be removed when compiling to optimised byte code.
   Severity: Low   Confidence: High
   CWE: CWE-703 (https://cwe.mitre.org/data/definitions/703.html)
   More Info: https://bandit.readthedocs.io/en/1.7.7/plugins/b101_assert_used.html
   Location: .\tests\test_chaining.py:142:8
141	    for method in methods:
142	        assert getattr(_._, method[:-1]) is getattr(_, method)
143	

--------------------------------------------------
>> Issue: [B101:assert_used] Use of assert detected. The enclosed code will be removed when compiling to optimised byte code.
   Severity: Low   Confidence: High
   CWE: CWE-703 (https://cwe.mitre.org/data/definitions/703.html)
   More Info: https://bandit.readthedocs.io/en/1.7.7/plugins/b101_assert_used.html
   Location: .\tests\test_chaining.py:147:4
146	    value = [1, 2, 3, 4, 5]
147	    assert _._.initial(value) == _.initial(value)
148	

--------------------------------------------------
>> Issue: [B101:assert_used] Use of assert detected. The enclosed code will be removed when compiling to optimised byte code.
   Severity: Low   Confidence: High
   CWE: CWE-703 (https://cwe.mitre.org/data/definitions/703.html)
   More Info: https://bandit.readthedocs.io/en/1.7.7/plugins/b101_assert_used.html
   Location: .\tests\test_chaining.py:151:4
150	def test_dash_alias():
151	    assert _.py_ is _._
152	

--------------------------------------------------
>> Issue: [B101:assert_used] Use of assert detected. The enclosed code will be removed when compiling to optimised byte code.
   Severity: Low   Confidence: High
   CWE: CWE-703 (https://cwe.mitre.org/data/definitions/703.html)
   More Info: https://bandit.readthedocs.io/en/1.7.7/plugins/b101_assert_used.html
   Location: .\tests\test_chaining.py:161:4
160	def test_chaining_value_to_string(case, expected):
161	    assert _.chain(case).to_string() == expected
162	

--------------------------------------------------
>> Issue: [B101:assert_used] Use of assert detected. The enclosed code will be removed when compiling to optimised byte code.
   Severity: Low   Confidence: High
   CWE: CWE-703 (https://cwe.mitre.org/data/definitions/703.html)
   More Info: https://bandit.readthedocs.io/en/1.7.7/plugins/b101_assert_used.html
   Location: .\tests\test_chaining.py:167:4
166	    actual = _.chain(value).initial().tap(interceptor).last().value()
167	    assert actual == expected
168	

--------------------------------------------------
>> Issue: [B101:assert_used] Use of assert detected. The enclosed code will be removed when compiling to optimised byte code.
   Severity: Low   Confidence: High
   CWE: CWE-703 (https://cwe.mitre.org/data/definitions/703.html)
   More Info: https://bandit.readthedocs.io/en/1.7.7/plugins/b101_assert_used.html
   Location: .\tests\test_chaining.py:172:4
171	def test_thru(value, func, expected):
172	    assert _.chain(value).initial().thru(func).last().value()

--------------------------------------------------
>> Issue: [B101:assert_used] Use of assert detected. The enclosed code will be removed when compiling to optimised byte code.
   Severity: Low   Confidence: High
   CWE: CWE-703 (https://cwe.mitre.org/data/definitions/703.html)
   More Info: https://bandit.readthedocs.io/en/1.7.7/plugins/b101_assert_used.html
   Location: .\tests\test_collections.py:24:4
23	def test_at(case, expected):
24	    assert _.at(*case) == expected
25	

--------------------------------------------------
>> Issue: [B101:assert_used] Use of assert detected. The enclosed code will be removed when compiling to optimised byte code.
   Severity: Low   Confidence: High
   CWE: CWE-703 (https://cwe.mitre.org/data/definitions/703.html)
   More Info: https://bandit.readthedocs.io/en/1.7.7/plugins/b101_assert_used.html
   Location: .\tests\test_collections.py:37:4
36	def test_count_by(case, expected):
37	    assert _.count_by(*case) == expected
38	

--------------------------------------------------
>> Issue: [B101:assert_used] Use of assert detected. The enclosed code will be removed when compiling to optimised byte code.
   Severity: Low   Confidence: High
   CWE: CWE-703 (https://cwe.mitre.org/data/definitions/703.html)
   More Info: https://bandit.readthedocs.io/en/1.7.7/plugins/b101_assert_used.html
   Location: .\tests\test_collections.py:50:4
49	def test_every(case, expected):
50	    assert _.every(*case) == expected
51	

--------------------------------------------------
>> Issue: [B101:assert_used] Use of assert detected. The enclosed code will be removed when compiling to optimised byte code.
   Severity: Low   Confidence: High
   CWE: CWE-703 (https://cwe.mitre.org/data/definitions/703.html)
   More Info: https://bandit.readthedocs.io/en/1.7.7/plugins/b101_assert_used.html
   Location: .\tests\test_collections.py:85:4
84	def test_filter_(case, expected):
85	    assert _.filter_(*case) == expected
86	

--------------------------------------------------
>> Issue: [B101:assert_used] Use of assert detected. The enclosed code will be removed when compiling to optimised byte code.
   Severity: Low   Confidence: High
   CWE: CWE-703 (https://cwe.mitre.org/data/definitions/703.html)
   More Info: https://bandit.readthedocs.io/en/1.7.7/plugins/b101_assert_used.html
   Location: .\tests\test_collections.py:139:4
138	def test_find(case, expected):
139	    assert _.find(*case) == expected
140	

--------------------------------------------------
>> Issue: [B101:assert_used] Use of assert detected. The enclosed code will be removed when compiling to optimised byte code.
   Severity: Low   Confidence: High
   CWE: CWE-703 (https://cwe.mitre.org/data/definitions/703.html)
   More Info: https://bandit.readthedocs.io/en/1.7.7/plugins/b101_assert_used.html
   Location: .\tests\test_collections.py:144:4
143	    obj = helpers.Object(a=1, b=2)
144	    assert _.find([None, {}, obj], {"b": 2}) == obj
145	

--------------------------------------------------
>> Issue: [B101:assert_used] Use of assert detected. The enclosed code will be removed when compiling to optimised byte code.
   Severity: Low   Confidence: High
   CWE: CWE-703 (https://cwe.mitre.org/data/definitions/703.html)
   More Info: https://bandit.readthedocs.io/en/1.7.7/plugins/b101_assert_used.html
   Location: .\tests\test_collections.py:150:4
149	    obj = User(first_name="Bob", last_name="Smith")
150	    assert _.find([None, {}, obj], {"first_name": "Bob"}) == obj
151	

--------------------------------------------------
>> Issue: [B101:assert_used] Use of assert detected. The enclosed code will be removed when compiling to optimised byte code.
   Severity: Low   Confidence: High
   CWE: CWE-703 (https://cwe.mitre.org/data/definitions/703.html)
   More Info: https://bandit.readthedocs.io/en/1.7.7/plugins/b101_assert_used.html
   Location: .\tests\test_collections.py:158:4
157	def test_find_using_callable_class(case, expected):
158	    assert _.find(*case) == expected
159	

--------------------------------------------------
>> Issue: [B101:assert_used] Use of assert detected. The enclosed code will be removed when compiling to optimised byte code.
   Severity: Low   Confidence: High
   CWE: CWE-703 (https://cwe.mitre.org/data/definitions/703.html)
   More Info: https://bandit.readthedocs.io/en/1.7.7/plugins/b101_assert_used.html
   Location: .\tests\test_collections.py:170:4
169	def test_find_last(case, expected):
170	    assert _.find_last(*case) == expected
171	

--------------------------------------------------
>> Issue: [B101:assert_used] Use of assert detected. The enclosed code will be removed when compiling to optimised byte code.
   Severity: Low   Confidence: High
   CWE: CWE-703 (https://cwe.mitre.org/data/definitions/703.html)
   More Info: https://bandit.readthedocs.io/en/1.7.7/plugins/b101_assert_used.html
   Location: .\tests\test_collections.py:184:4
183	def test_flat_map(case, expected):
184	    assert _.flat_map(*case) == expected
185	

--------------------------------------------------
>> Issue: [B101:assert_used] Use of assert detected. The enclosed code will be removed when compiling to optimised byte code.
   Severity: Low   Confidence: High
   CWE: CWE-703 (https://cwe.mitre.org/data/definitions/703.html)
   More Info: https://bandit.readthedocs.io/en/1.7.7/plugins/b101_assert_used.html
   Location: .\tests\test_collections.py:198:4
197	def test_flat_map_deep(case, expected):
198	    assert _.flat_map_deep(*case) == expected
199	

--------------------------------------------------
>> Issue: [B101:assert_used] Use of assert detected. The enclosed code will be removed when compiling to optimised byte code.
   Severity: Low   Confidence: High
   CWE: CWE-703 (https://cwe.mitre.org/data/definitions/703.html)
   More Info: https://bandit.readthedocs.io/en/1.7.7/plugins/b101_assert_used.html
   Location: .\tests\test_collections.py:212:4
211	def test_flat_map_depth(case, expected):
212	    assert _.flat_map_depth(*case) == expected
213	

--------------------------------------------------
>> Issue: [B101:assert_used] Use of assert detected. The enclosed code will be removed when compiling to optimised byte code.
   Severity: Low   Confidence: High
   CWE: CWE-703 (https://cwe.mitre.org/data/definitions/703.html)
   More Info: https://bandit.readthedocs.io/en/1.7.7/plugins/b101_assert_used.html
   Location: .\tests\test_collections.py:224:4
223	def test_for_each(case, expected):
224	    assert _.for_each(*case) == expected
225	

--------------------------------------------------
>> Issue: [B101:assert_used] Use of assert detected. The enclosed code will be removed when compiling to optimised byte code.
   Severity: Low   Confidence: High
   CWE: CWE-703 (https://cwe.mitre.org/data/definitions/703.html)
   More Info: https://bandit.readthedocs.io/en/1.7.7/plugins/b101_assert_used.html
   Location: .\tests\test_collections.py:236:4
235	def test_for_each_right(case, expected):
236	    assert _.for_each_right(*case) == expected
237	

--------------------------------------------------
>> Issue: [B101:assert_used] Use of assert detected. The enclosed code will be removed when compiling to optimised byte code.
   Severity: Low   Confidence: High
   CWE: CWE-703 (https://cwe.mitre.org/data/definitions/703.html)
   More Info: https://bandit.readthedocs.io/en/1.7.7/plugins/b101_assert_used.html
   Location: .\tests\test_collections.py:246:4
245	def test_group_by(case, expected):
246	    assert _.group_by(*case) == expected
247	

--------------------------------------------------
>> Issue: [B101:assert_used] Use of assert detected. The enclosed code will be removed when compiling to optimised byte code.
   Severity: Low   Confidence: High
   CWE: CWE-703 (https://cwe.mitre.org/data/definitions/703.html)
   More Info: https://bandit.readthedocs.io/en/1.7.7/plugins/b101_assert_used.html
   Location: .\tests\test_collections.py:259:4
258	def test_includes(case, expected):
259	    assert _.includes(*case) == expected
260	

--------------------------------------------------
>> Issue: [B101:assert_used] Use of assert detected. The enclosed code will be removed when compiling to optimised byte code.
   Severity: Low   Confidence: High
   CWE: CWE-703 (https://cwe.mitre.org/data/definitions/703.html)
   More Info: https://bandit.readthedocs.io/en/1.7.7/plugins/b101_assert_used.html
   Location: .\tests\test_collections.py:273:4
272	def test_invoke_map(case, expected):
273	    assert _.invoke_map(*case) == expected
274	

--------------------------------------------------
>> Issue: [B101:assert_used] Use of assert detected. The enclosed code will be removed when compiling to optimised byte code.
   Severity: Low   Confidence: High
   CWE: CWE-703 (https://cwe.mitre.org/data/definitions/703.html)
   More Info: https://bandit.readthedocs.io/en/1.7.7/plugins/b101_assert_used.html
   Location: .\tests\test_collections.py:286:4
285	def test_key_by(case, expected):
286	    assert _.key_by(*case) == expected
287	

--------------------------------------------------
>> Issue: [B101:assert_used] Use of assert detected. The enclosed code will be removed when compiling to optimised byte code.
   Severity: Low   Confidence: High
   CWE: CWE-703 (https://cwe.mitre.org/data/definitions/703.html)
   More Info: https://bandit.readthedocs.io/en/1.7.7/plugins/b101_assert_used.html
   Location: .\tests\test_collections.py:334:4
333	
334	    assert actual == expected
335	

--------------------------------------------------
>> Issue: [B101:assert_used] Use of assert detected. The enclosed code will be removed when compiling to optimised byte code.
   Severity: Low   Confidence: High
   CWE: CWE-703 (https://cwe.mitre.org/data/definitions/703.html)
   More Info: https://bandit.readthedocs.io/en/1.7.7/plugins/b101_assert_used.html
   Location: .\tests\test_collections.py:431:4
430	def test_nest(case, expected):
431	    assert _.nest(*case) == expected
432	

--------------------------------------------------
>> Issue: [B101:assert_used] Use of assert detected. The enclosed code will be removed when compiling to optimised byte code.
   Severity: Low   Confidence: High
   CWE: CWE-703 (https://cwe.mitre.org/data/definitions/703.html)
   More Info: https://bandit.readthedocs.io/en/1.7.7/plugins/b101_assert_used.html
   Location: .\tests\test_collections.py:716:4
715	def test_order_by(case, expected):
716	    assert _.order_by(*case) == expected
717	

--------------------------------------------------
>> Issue: [B101:assert_used] Use of assert detected. The enclosed code will be removed when compiling to optimised byte code.
   Severity: Low   Confidence: High
   CWE: CWE-703 (https://cwe.mitre.org/data/definitions/703.html)
   More Info: https://bandit.readthedocs.io/en/1.7.7/plugins/b101_assert_used.html
   Location: .\tests\test_collections.py:755:4
754	def test_partition(case, expected):
755	    assert _.partition(*case) == expected
756	

--------------------------------------------------
>> Issue: [B101:assert_used] Use of assert detected. The enclosed code will be removed when compiling to optimised byte code.
   Severity: Low   Confidence: High
   CWE: CWE-703 (https://cwe.mitre.org/data/definitions/703.html)
   More Info: https://bandit.readthedocs.io/en/1.7.7/plugins/b101_assert_used.html
   Location: .\tests\test_collections.py:779:4
778	def test_pluck(case, expected):
779	    assert _.pluck(*case) == expected
780	

--------------------------------------------------
>> Issue: [B101:assert_used] Use of assert detected. The enclosed code will be removed when compiling to optimised byte code.
   Severity: Low   Confidence: High
   CWE: CWE-703 (https://cwe.mitre.org/data/definitions/703.html)
   More Info: https://bandit.readthedocs.io/en/1.7.7/plugins/b101_assert_used.html
   Location: .\tests\test_collections.py:791:4
790	def test_reduce_(case, expected):
791	    assert _.reduce_(*case) == expected
792	

--------------------------------------------------
>> Issue: [B101:assert_used] Use of assert detected. The enclosed code will be removed when compiling to optimised byte code.
   Severity: Low   Confidence: High
   CWE: CWE-703 (https://cwe.mitre.org/data/definitions/703.html)
   More Info: https://bandit.readthedocs.io/en/1.7.7/plugins/b101_assert_used.html
   Location: .\tests\test_collections.py:803:4
802	
803	    assert raised
804	

--------------------------------------------------
>> Issue: [B101:assert_used] Use of assert detected. The enclosed code will be removed when compiling to optimised byte code.
   Severity: Low   Confidence: High
   CWE: CWE-703 (https://cwe.mitre.org/data/definitions/703.html)
   More Info: https://bandit.readthedocs.io/en/1.7.7/plugins/b101_assert_used.html
   Location: .\tests\test_collections.py:816:4
815	def test_reduce_right(case, expected):
816	    assert _.reduce_right(*case) == expected
817	

--------------------------------------------------
>> Issue: [B101:assert_used] Use of assert detected. The enclosed code will be removed when compiling to optimised byte code.
   Severity: Low   Confidence: High
   CWE: CWE-703 (https://cwe.mitre.org/data/definitions/703.html)
   More Info: https://bandit.readthedocs.io/en/1.7.7/plugins/b101_assert_used.html
   Location: .\tests\test_collections.py:828:4
827	
828	    assert raised
829	

--------------------------------------------------
>> Issue: [B101:assert_used] Use of assert detected. The enclosed code will be removed when compiling to optimised byte code.
   Severity: Low   Confidence: High
   CWE: CWE-703 (https://cwe.mitre.org/data/definitions/703.html)
   More Info: https://bandit.readthedocs.io/en/1.7.7/plugins/b101_assert_used.html
   Location: .\tests\test_collections.py:840:4
839	def test_reductions(case, expected):
840	    assert _.reductions(*case) == expected
841	

--------------------------------------------------
>> Issue: [B101:assert_used] Use of assert detected. The enclosed code will be removed when compiling to optimised byte code.
   Severity: Low   Confidence: High
   CWE: CWE-703 (https://cwe.mitre.org/data/definitions/703.html)
   More Info: https://bandit.readthedocs.io/en/1.7.7/plugins/b101_assert_used.html
   Location: .\tests\test_collections.py:855:4
854	def test_reductions_right(case, expected):
855	    assert _.reductions_right(*case) == expected
856	

--------------------------------------------------
>> Issue: [B101:assert_used] Use of assert detected. The enclosed code will be removed when compiling to optimised byte code.
   Severity: Low   Confidence: High
   CWE: CWE-703 (https://cwe.mitre.org/data/definitions/703.html)
   More Info: https://bandit.readthedocs.io/en/1.7.7/plugins/b101_assert_used.html
   Location: .\tests\test_collections.py:886:4
885	def test_reject(case, expected):
886	    assert _.reject(*case) == expected
887	

--------------------------------------------------
>> Issue: [B101:assert_used] Use of assert detected. The enclosed code will be removed when compiling to optimised byte code.
   Severity: Low   Confidence: High
   CWE: CWE-703 (https://cwe.mitre.org/data/definitions/703.html)
   More Info: https://bandit.readthedocs.io/en/1.7.7/plugins/b101_assert_used.html
   Location: .\tests\test_collections.py:896:4
895	def test_sample(case):
896	    assert _.sample(case) in case
897	

--------------------------------------------------
>> Issue: [B101:assert_used] Use of assert detected. The enclosed code will be removed when compiling to optimised byte code.
   Severity: Low   Confidence: High
   CWE: CWE-703 (https://cwe.mitre.org/data/definitions/703.html)
   More Info: https://bandit.readthedocs.io/en/1.7.7/plugins/b101_assert_used.html
   Location: .\tests\test_collections.py:911:4
910	
911	    assert isinstance(sample_n, list)
912	    assert len(sample_n) == min(n, len(collection))

--------------------------------------------------
>> Issue: [B101:assert_used] Use of assert detected. The enclosed code will be removed when compiling to optimised byte code.
   Severity: Low   Confidence: High
   CWE: CWE-703 (https://cwe.mitre.org/data/definitions/703.html)
   More Info: https://bandit.readthedocs.io/en/1.7.7/plugins/b101_assert_used.html
   Location: .\tests\test_collections.py:912:4
911	    assert isinstance(sample_n, list)
912	    assert len(sample_n) == min(n, len(collection))
913	    assert set(sample_n).issubset(collection)

--------------------------------------------------
>> Issue: [B101:assert_used] Use of assert detected. The enclosed code will be removed when compiling to optimised byte code.
   Severity: Low   Confidence: High
   CWE: CWE-703 (https://cwe.mitre.org/data/definitions/703.html)
   More Info: https://bandit.readthedocs.io/en/1.7.7/plugins/b101_assert_used.html
   Location: .\tests\test_collections.py:913:4
912	    assert len(sample_n) == min(n, len(collection))
913	    assert set(sample_n).issubset(collection)
914	

--------------------------------------------------
>> Issue: [B101:assert_used] Use of assert detected. The enclosed code will be removed when compiling to optimised byte code.
   Severity: Low   Confidence: High
   CWE: CWE-703 (https://cwe.mitre.org/data/definitions/703.html)
   More Info: https://bandit.readthedocs.io/en/1.7.7/plugins/b101_assert_used.html
   Location: .\tests\test_collections.py:920:4
919	
920	    assert len(shuffled) == len(case)
921	

--------------------------------------------------
>> Issue: [B101:assert_used] Use of assert detected. The enclosed code will be removed when compiling to optimised byte code.
   Severity: Low   Confidence: High
   CWE: CWE-703 (https://cwe.mitre.org/data/definitions/703.html)
   More Info: https://bandit.readthedocs.io/en/1.7.7/plugins/b101_assert_used.html
   Location: .\tests\test_collections.py:923:8
922	    if isinstance(case, dict):
923	        assert set(shuffled) == set(case.values())
924	    else:

--------------------------------------------------
>> Issue: [B101:assert_used] Use of assert detected. The enclosed code will be removed when compiling to optimised byte code.
   Severity: Low   Confidence: High
   CWE: CWE-703 (https://cwe.mitre.org/data/definitions/703.html)
   More Info: https://bandit.readthedocs.io/en/1.7.7/plugins/b101_assert_used.html
   Location: .\tests\test_collections.py:925:8
924	    else:
925	        assert set(shuffled) == set(case)
926	

--------------------------------------------------
>> Issue: [B101:assert_used] Use of assert detected. The enclosed code will be removed when compiling to optimised byte code.
   Severity: Low   Confidence: High
   CWE: CWE-703 (https://cwe.mitre.org/data/definitions/703.html)
   More Info: https://bandit.readthedocs.io/en/1.7.7/plugins/b101_assert_used.html
   Location: .\tests\test_collections.py:930:4
929	def test_size(case):
930	    assert _.size(case) == len(case)
931	

--------------------------------------------------
>> Issue: [B101:assert_used] Use of assert detected. The enclosed code will be removed when compiling to optimised byte code.
   Severity: Low   Confidence: High
   CWE: CWE-703 (https://cwe.mitre.org/data/definitions/703.html)
   More Info: https://bandit.readthedocs.io/en/1.7.7/plugins/b101_assert_used.html
   Location: .\tests\test_collections.py:961:4
960	def test_some(case, expected):
961	    assert _.some(*case) == expected
962	

--------------------------------------------------
>> Issue: [B101:assert_used] Use of assert detected. The enclosed code will be removed when compiling to optimised byte code.
   Severity: Low   Confidence: High
   CWE: CWE-703 (https://cwe.mitre.org/data/definitions/703.html)
   More Info: https://bandit.readthedocs.io/en/1.7.7/plugins/b101_assert_used.html
   Location: .\tests\test_collections.py:1009:4
1008	def test_sort_by(case, expected):
1009	    assert _.sort_by(*case) == expected
1010	

--------------------------------------------------
>> Issue: [B101:assert_used] Use of assert detected. The enclosed code will be removed when compiling to optimised byte code.
   Severity: Low   Confidence: High
   CWE: CWE-703 (https://cwe.mitre.org/data/definitions/703.html)
   More Info: https://bandit.readthedocs.io/en/1.7.7/plugins/b101_assert_used.html
   Location: .\tests\test_collections.py:1025:4
1024	def test_to_list(case, expected):
1025	    assert set(_.to_list(*case)) == set(expected)

--------------------------------------------------
>> Issue: [B101:assert_used] Use of assert detected. The enclosed code will be removed when compiling to optimised byte code.
   Severity: Low   Confidence: High
   CWE: CWE-703 (https://cwe.mitre.org/data/definitions/703.html)
   More Info: https://bandit.readthedocs.io/en/1.7.7/plugins/b101_assert_used.html
   Location: .\tests\test_functions.py:24:8
23	        ret = done()
24	        assert ret is None
25	

--------------------------------------------------
>> Issue: [B101:assert_used] Use of assert detected. The enclosed code will be removed when compiling to optimised byte code.
   Severity: Low   Confidence: High
   CWE: CWE-703 (https://cwe.mitre.org/data/definitions/703.html)
   More Info: https://bandit.readthedocs.io/en/1.7.7/plugins/b101_assert_used.html
   Location: .\tests\test_functions.py:27:4
26	    ret = done()
27	    assert ret == expected
28	

--------------------------------------------------
>> Issue: [B101:assert_used] Use of assert detected. The enclosed code will be removed when compiling to optimised byte code.
   Severity: Low   Confidence: High
   CWE: CWE-703 (https://cwe.mitre.org/data/definitions/703.html)
   More Info: https://bandit.readthedocs.io/en/1.7.7/plugins/b101_assert_used.html
   Location: .\tests\test_functions.py:43:4
42	def test_ary(case, args, kwargs, expected):
43	    assert _.ary(*case)(*args, **kwargs) == expected
44	

--------------------------------------------------
>> Issue: [B101:assert_used] Use of assert detected. The enclosed code will be removed when compiling to optimised byte code.
   Severity: Low   Confidence: High
   CWE: CWE-703 (https://cwe.mitre.org/data/definitions/703.html)
   More Info: https://bandit.readthedocs.io/en/1.7.7/plugins/b101_assert_used.html
   Location: .\tests\test_functions.py:58:8
57	        ret = done()
58	        assert ret == expected
59	

--------------------------------------------------
>> Issue: [B101:assert_used] Use of assert detected. The enclosed code will be removed when compiling to optimised byte code.
   Severity: Low   Confidence: High
   CWE: CWE-703 (https://cwe.mitre.org/data/definitions/703.html)
   More Info: https://bandit.readthedocs.io/en/1.7.7/plugins/b101_assert_used.html
   Location: .\tests\test_functions.py:61:4
60	    ret = done()
61	    assert ret is None
62	

--------------------------------------------------
>> Issue: [B101:assert_used] Use of assert detected. The enclosed code will be removed when compiling to optimised byte code.
   Severity: Low   Confidence: High
   CWE: CWE-703 (https://cwe.mitre.org/data/definitions/703.html)
   More Info: https://bandit.readthedocs.io/en/1.7.7/plugins/b101_assert_used.html
   Location: .\tests\test_functions.py:72:4
71	def test_conjoin(case, arg, expected):
72	    assert _.conjoin(*case)(arg) == expected
73	

--------------------------------------------------
>> Issue: [B101:assert_used] Use of assert detected. The enclosed code will be removed when compiling to optimised byte code.
   Severity: Low   Confidence: High
   CWE: CWE-703 (https://cwe.mitre.org/data/definitions/703.html)
   More Info: https://bandit.readthedocs.io/en/1.7.7/plugins/b101_assert_used.html
   Location: .\tests\test_functions.py:94:8
93	
94	        assert ret == expected
95	

--------------------------------------------------
>> Issue: [B101:assert_used] Use of assert detected. The enclosed code will be removed when compiling to optimised byte code.
   Severity: Low   Confidence: High
   CWE: CWE-703 (https://cwe.mitre.org/data/definitions/703.html)
   More Info: https://bandit.readthedocs.io/en/1.7.7/plugins/b101_assert_used.html
   Location: .\tests\test_functions.py:108:4
107	
108	    assert result == {1: 3}
109	

--------------------------------------------------
>> Issue: [B101:assert_used] Use of assert detected. The enclosed code will be removed when compiling to optimised byte code.
   Severity: Low   Confidence: High
   CWE: CWE-703 (https://cwe.mitre.org/data/definitions/703.html)
   More Info: https://bandit.readthedocs.io/en/1.7.7/plugins/b101_assert_used.html
   Location: .\tests\test_functions.py:130:8
129	
130	        assert ret == expected
131	

--------------------------------------------------
>> Issue: [B101:assert_used] Use of assert detected. The enclosed code will be removed when compiling to optimised byte code.
   Severity: Low   Confidence: High
   CWE: CWE-703 (https://cwe.mitre.org/data/definitions/703.html)
   More Info: https://bandit.readthedocs.io/en/1.7.7/plugins/b101_assert_used.html
   Location: .\tests\test_functions.py:149:4
148	
149	    assert result == expected
150	

--------------------------------------------------
>> Issue: [B101:assert_used] Use of assert detected. The enclosed code will be removed when compiling to optimised byte code.
   Severity: Low   Confidence: High
   CWE: CWE-703 (https://cwe.mitre.org/data/definitions/703.html)
   More Info: https://bandit.readthedocs.io/en/1.7.7/plugins/b101_assert_used.html
   Location: .\tests\test_functions.py:154:4
153	
154	    assert result > expected
155	

--------------------------------------------------
>> Issue: [B101:assert_used] Use of assert detected. The enclosed code will be removed when compiling to optimised byte code.
   Severity: Low   Confidence: High
   CWE: CWE-703 (https://cwe.mitre.org/data/definitions/703.html)
   More Info: https://bandit.readthedocs.io/en/1.7.7/plugins/b101_assert_used.html
   Location: .\tests\test_functions.py:174:4
173	
174	    assert result > expected
175	

--------------------------------------------------
>> Issue: [B101:assert_used] Use of assert detected. The enclosed code will be removed when compiling to optimised byte code.
   Severity: Low   Confidence: High
   CWE: CWE-703 (https://cwe.mitre.org/data/definitions/703.html)
   More Info: https://bandit.readthedocs.io/en/1.7.7/plugins/b101_assert_used.html
   Location: .\tests\test_functions.py:183:4
182	    result = _.delay(func, wait, *args, **kwargs)
183	    assert result == expected
184	    assert mock_sleep.call_args_list == [mock.call(pytest.approx(wait / 1000.0))]

--------------------------------------------------
>> Issue: [B101:assert_used] Use of assert detected. The enclosed code will be removed when compiling to optimised byte code.
   Severity: Low   Confidence: High
   CWE: CWE-703 (https://cwe.mitre.org/data/definitions/703.html)
   More Info: https://bandit.readthedocs.io/en/1.7.7/plugins/b101_assert_used.html
   Location: .\tests\test_functions.py:184:4
183	    assert result == expected
184	    assert mock_sleep.call_args_list == [mock.call(pytest.approx(wait / 1000.0))]
185	

--------------------------------------------------
>> Issue: [B101:assert_used] Use of assert detected. The enclosed code will be removed when compiling to optimised byte code.
   Severity: Low   Confidence: High
   CWE: CWE-703 (https://cwe.mitre.org/data/definitions/703.html)
   More Info: https://bandit.readthedocs.io/en/1.7.7/plugins/b101_assert_used.html
   Location: .\tests\test_functions.py:197:4
196	def test_disjoin(case, arg, expected):
197	    assert _.disjoin(*case)(arg) == expected
198	

--------------------------------------------------
>> Issue: [B101:assert_used] Use of assert detected. The enclosed code will be removed when compiling to optimised byte code.
   Severity: Low   Confidence: High
   CWE: CWE-703 (https://cwe.mitre.org/data/definitions/703.html)
   More Info: https://bandit.readthedocs.io/en/1.7.7/plugins/b101_assert_used.html
   Location: .\tests\test_functions.py:209:4
208	    func = _.flip(case)
209	    assert func(args) == expected
210	

--------------------------------------------------
>> Issue: [B101:assert_used] Use of assert detected. The enclosed code will be removed when compiling to optimised byte code.
   Severity: Low   Confidence: High
   CWE: CWE-703 (https://cwe.mitre.org/data/definitions/703.html)
   More Info: https://bandit.readthedocs.io/en/1.7.7/plugins/b101_assert_used.html
   Location: .\tests\test_functions.py:220:4
219	def test_flow(case, args, expected):
220	    assert _.flow(*case)(*args) == expected
221	

--------------------------------------------------
>> Issue: [B101:assert_used] Use of assert detected. The enclosed code will be removed when compiling to optimised byte code.
   Severity: Low   Confidence: High
   CWE: CWE-703 (https://cwe.mitre.org/data/definitions/703.html)
   More Info: https://bandit.readthedocs.io/en/1.7.7/plugins/b101_assert_used.html
   Location: .\tests\test_functions.py:231:4
230	def test_flow_right(case, args, expected):
231	    assert _.flow_right(*case)(*args) == expected
232	

--------------------------------------------------
>> Issue: [B101:assert_used] Use of assert detected. The enclosed code will be removed when compiling to optimised byte code.
   Severity: Low   Confidence: High
   CWE: CWE-703 (https://cwe.mitre.org/data/definitions/703.html)
   More Info: https://bandit.readthedocs.io/en/1.7.7/plugins/b101_assert_used.html
   Location: .\tests\test_functions.py:244:4
243	def test_iterated(func, args, expected):
244	    assert _.iterated(func)(*args) == expected
245	

--------------------------------------------------
>> Issue: [B101:assert_used] Use of assert detected. The enclosed code will be removed when compiling to optimised byte code.
   Severity: Low   Confidence: High
   CWE: CWE-703 (https://cwe.mitre.org/data/definitions/703.html)
   More Info: https://bandit.readthedocs.io/en/1.7.7/plugins/b101_assert_used.html
   Location: .\tests\test_functions.py:259:4
258	def test_juxtapose(funcs, args, expected):
259	    assert _.juxtapose(*funcs)(*args) == expected
260	

--------------------------------------------------
>> Issue: [B101:assert_used] Use of assert detected. The enclosed code will be removed when compiling to optimised byte code.
   Severity: Low   Confidence: High
   CWE: CWE-703 (https://cwe.mitre.org/data/definitions/703.html)
   More Info: https://bandit.readthedocs.io/en/1.7.7/plugins/b101_assert_used.html
   Location: .\tests\test_functions.py:270:4
269	def test_negate(func, args):
270	    assert _.negate(func)(*args) == (not func(*args))
271	

--------------------------------------------------
>> Issue: [B101:assert_used] Use of assert detected. The enclosed code will be removed when compiling to optimised byte code.
   Severity: Low   Confidence: High
   CWE: CWE-703 (https://cwe.mitre.org/data/definitions/703.html)
   More Info: https://bandit.readthedocs.io/en/1.7.7/plugins/b101_assert_used.html
   Location: .\tests\test_functions.py:277:8
276	    for args in arglist:
277	        assert fn(*args) == expected
278	

--------------------------------------------------
>> Issue: [B101:assert_used] Use of assert detected. The enclosed code will be removed when compiling to optimised byte code.
   Severity: Low   Confidence: High
   CWE: CWE-703 (https://cwe.mitre.org/data/definitions/703.html)
   More Info: https://bandit.readthedocs.io/en/1.7.7/plugins/b101_assert_used.html
   Location: .\tests\test_functions.py:288:4
287	def test_over_args(func, transforms, args, expected):
288	    assert _.over_args(func, *transforms)(*args) == expected
289	

--------------------------------------------------
>> Issue: [B101:assert_used] Use of assert detected. The enclosed code will be removed when compiling to optimised byte code.
   Severity: Low   Confidence: High
   CWE: CWE-703 (https://cwe.mitre.org/data/definitions/703.html)
   More Info: https://bandit.readthedocs.io/en/1.7.7/plugins/b101_assert_used.html
   Location: .\tests\test_functions.py:299:4
298	def test_partial(case, case_args, case_kwargs, args, expected):
299	    assert _.partial(case, *case_args, **case_kwargs)(*args) == expected
300	

--------------------------------------------------
>> Issue: [B101:assert_used] Use of assert detected. The enclosed code will be removed when compiling to optimised byte code.
   Severity: Low   Confidence: High
   CWE: CWE-703 (https://cwe.mitre.org/data/definitions/703.html)
   More Info: https://bandit.readthedocs.io/en/1.7.7/plugins/b101_assert_used.html
   Location: .\tests\test_functions.py:306:4
305	    expected = [6, 7, 8]
306	    assert _.map_(case, func) == expected
307	

--------------------------------------------------
>> Issue: [B101:assert_used] Use of assert detected. The enclosed code will be removed when compiling to optimised byte code.
   Severity: Low   Confidence: High
   CWE: CWE-703 (https://cwe.mitre.org/data/definitions/703.html)
   More Info: https://bandit.readthedocs.io/en/1.7.7/plugins/b101_assert_used.html
   Location: .\tests\test_functions.py:317:4
316	def test_partial_right(case, case_args, case_kwargs, args, expected):
317	    assert _.partial_right(case, *case_args, **case_kwargs)(*args) == expected
318	

--------------------------------------------------
>> Issue: [B101:assert_used] Use of assert detected. The enclosed code will be removed when compiling to optimised byte code.
   Severity: Low   Confidence: High
   CWE: CWE-703 (https://cwe.mitre.org/data/definitions/703.html)
   More Info: https://bandit.readthedocs.io/en/1.7.7/plugins/b101_assert_used.html
   Location: .\tests\test_functions.py:331:4
330	def test_rearg(case, args, kwargs, expected):
331	    assert _.rearg(*case)(*args, **kwargs) == expected
332	

--------------------------------------------------
>> Issue: [B101:assert_used] Use of assert detected. The enclosed code will be removed when compiling to optimised byte code.
   Severity: Low   Confidence: High
   CWE: CWE-703 (https://cwe.mitre.org/data/definitions/703.html)
   More Info: https://bandit.readthedocs.io/en/1.7.7/plugins/b101_assert_used.html
   Location: .\tests\test_functions.py:343:4
342	def test_spread(case, args, expected):
343	    assert _.spread(case)(args) == expected
344	

--------------------------------------------------
>> Issue: [B101:assert_used] Use of assert detected. The enclosed code will be removed when compiling to optimised byte code.
   Severity: Low   Confidence: High
   CWE: CWE-703 (https://cwe.mitre.org/data/definitions/703.html)
   More Info: https://bandit.readthedocs.io/en/1.7.7/plugins/b101_assert_used.html
   Location: .\tests\test_functions.py:362:4
361	
362	    assert result == expected
363	

--------------------------------------------------
>> Issue: [B101:assert_used] Use of assert detected. The enclosed code will be removed when compiling to optimised byte code.
   Severity: Low   Confidence: High
   CWE: CWE-703 (https://cwe.mitre.org/data/definitions/703.html)
   More Info: https://bandit.readthedocs.io/en/1.7.7/plugins/b101_assert_used.html
   Location: .\tests\test_functions.py:365:4
364	    time.sleep(100 / 1000.0)
365	    assert throttled() > expected
366	

--------------------------------------------------
>> Issue: [B101:assert_used] Use of assert detected. The enclosed code will be removed when compiling to optimised byte code.
   Severity: Low   Confidence: High
   CWE: CWE-703 (https://cwe.mitre.org/data/definitions/703.html)
   More Info: https://bandit.readthedocs.io/en/1.7.7/plugins/b101_assert_used.html
   Location: .\tests\test_functions.py:376:4
375	def test_unary(case, args, kwargs, expected):
376	    assert _.unary(case)(*args, **kwargs) == expected
377	

--------------------------------------------------
>> Issue: [B101:assert_used] Use of assert detected. The enclosed code will be removed when compiling to optimised byte code.
   Severity: Low   Confidence: High
   CWE: CWE-703 (https://cwe.mitre.org/data/definitions/703.html)
   More Info: https://bandit.readthedocs.io/en/1.7.7/plugins/b101_assert_used.html
   Location: .\tests\test_functions.py:390:4
389	def test_wrap(case, args, expected):
390	    assert _.wrap(*case)(*args) == expected

--------------------------------------------------
>> Issue: [B101:assert_used] Use of assert detected. The enclosed code will be removed when compiling to optimised byte code.
   Severity: Low   Confidence: High
   CWE: CWE-703 (https://cwe.mitre.org/data/definitions/703.html)
   More Info: https://bandit.readthedocs.io/en/1.7.7/plugins/b101_assert_used.html
   Location: .\tests\test_numerical.py:16:4
15	def test_add(case, expected):
16	    assert _.add(*case) == expected
17	

--------------------------------------------------
>> Issue: [B101:assert_used] Use of assert detected. The enclosed code will be removed when compiling to optimised byte code.
   Severity: Low   Confidence: High
   CWE: CWE-703 (https://cwe.mitre.org/data/definitions/703.html)
   More Info: https://bandit.readthedocs.io/en/1.7.7/plugins/b101_assert_used.html
   Location: .\tests\test_numerical.py:29:4
28	def test_ceil(case, expected):
29	    assert _.ceil(*case) == expected
30	

--------------------------------------------------
>> Issue: [B101:assert_used] Use of assert detected. The enclosed code will be removed when compiling to optimised byte code.
   Severity: Low   Confidence: High
   CWE: CWE-703 (https://cwe.mitre.org/data/definitions/703.html)
   More Info: https://bandit.readthedocs.io/en/1.7.7/plugins/b101_assert_used.html
   Location: .\tests\test_numerical.py:44:4
43	def test_clamp(case, expected):
44	    assert _.clamp(*case) == expected
45	

--------------------------------------------------
>> Issue: [B101:assert_used] Use of assert detected. The enclosed code will be removed when compiling to optimised byte code.
   Severity: Low   Confidence: High
   CWE: CWE-703 (https://cwe.mitre.org/data/definitions/703.html)
   More Info: https://bandit.readthedocs.io/en/1.7.7/plugins/b101_assert_used.html
   Location: .\tests\test_numerical.py:52:4
51	def test_divide(dividend, divisor, expected):
52	    assert _.divide(dividend, divisor) == expected
53	

--------------------------------------------------
>> Issue: [B101:assert_used] Use of assert detected. The enclosed code will be removed when compiling to optimised byte code.
   Severity: Low   Confidence: High
   CWE: CWE-703 (https://cwe.mitre.org/data/definitions/703.html)
   More Info: https://bandit.readthedocs.io/en/1.7.7/plugins/b101_assert_used.html
   Location: .\tests\test_numerical.py:65:4
64	def test_floor(case, expected):
65	    assert _.floor(*case) == expected
66	

--------------------------------------------------
>> Issue: [B101:assert_used] Use of assert detected. The enclosed code will be removed when compiling to optimised byte code.
   Severity: Low   Confidence: High
   CWE: CWE-703 (https://cwe.mitre.org/data/definitions/703.html)
   More Info: https://bandit.readthedocs.io/en/1.7.7/plugins/b101_assert_used.html
   Location: .\tests\test_numerical.py:76:4
75	def test_max_(case, expected):
76	    assert _.max_(*case) == expected
77	

--------------------------------------------------
>> Issue: [B101:assert_used] Use of assert detected. The enclosed code will be removed when compiling to optimised byte code.
   Severity: Low   Confidence: High
   CWE: CWE-703 (https://cwe.mitre.org/data/definitions/703.html)
   More Info: https://bandit.readthedocs.io/en/1.7.7/plugins/b101_assert_used.html
   Location: .\tests\test_numerical.py:99:4
98	def test_max_by(case, expected):
99	    assert _.max_by(*case) == expected
100	

--------------------------------------------------
>> Issue: [B101:assert_used] Use of assert detected. The enclosed code will be removed when compiling to optimised byte code.
   Severity: Low   Confidence: High
   CWE: CWE-703 (https://cwe.mitre.org/data/definitions/703.html)
   More Info: https://bandit.readthedocs.io/en/1.7.7/plugins/b101_assert_used.html
   Location: .\tests\test_numerical.py:107:4
106	def test_max_default(collection, default, expected):
107	    assert _.max_(collection, default=default) == expected
108	

--------------------------------------------------
>> Issue: [B101:assert_used] Use of assert detected. The enclosed code will be removed when compiling to optimised byte code.
   Severity: Low   Confidence: High
   CWE: CWE-703 (https://cwe.mitre.org/data/definitions/703.html)
   More Info: https://bandit.readthedocs.io/en/1.7.7/plugins/b101_assert_used.html
   Location: .\tests\test_numerical.py:118:4
117	def test_mean(case, expected):
118	    assert _.mean(case) == expected
119	

--------------------------------------------------
>> Issue: [B101:assert_used] Use of assert detected. The enclosed code will be removed when compiling to optimised byte code.
   Severity: Low   Confidence: High
   CWE: CWE-703 (https://cwe.mitre.org/data/definitions/703.html)
   More Info: https://bandit.readthedocs.io/en/1.7.7/plugins/b101_assert_used.html
   Location: .\tests\test_numerical.py:131:4
130	def test_mean_by(case, expected):
131	    assert _.mean_by(*case) == expected
132	

--------------------------------------------------
>> Issue: [B101:assert_used] Use of assert detected. The enclosed code will be removed when compiling to optimised byte code.
   Severity: Low   Confidence: High
   CWE: CWE-703 (https://cwe.mitre.org/data/definitions/703.html)
   More Info: https://bandit.readthedocs.io/en/1.7.7/plugins/b101_assert_used.html
   Location: .\tests\test_numerical.py:144:4
143	def test_median(case, expected):
144	    assert _.median(*case) == expected
145	

--------------------------------------------------
>> Issue: [B101:assert_used] Use of assert detected. The enclosed code will be removed when compiling to optimised byte code.
   Severity: Low   Confidence: High
   CWE: CWE-703 (https://cwe.mitre.org/data/definitions/703.html)
   More Info: https://bandit.readthedocs.io/en/1.7.7/plugins/b101_assert_used.html
   Location: .\tests\test_numerical.py:155:4
154	def test_min_(case, expected):
155	    assert _.min_(*case) == expected
156	

--------------------------------------------------
>> Issue: [B101:assert_used] Use of assert detected. The enclosed code will be removed when compiling to optimised byte code.
   Severity: Low   Confidence: High
   CWE: CWE-703 (https://cwe.mitre.org/data/definitions/703.html)
   More Info: https://bandit.readthedocs.io/en/1.7.7/plugins/b101_assert_used.html
   Location: .\tests\test_numerical.py:178:4
177	def test_min_by(case, expected):
178	    assert _.min_by(*case) == expected
179	

--------------------------------------------------
>> Issue: [B101:assert_used] Use of assert detected. The enclosed code will be removed when compiling to optimised byte code.
   Severity: Low   Confidence: High
   CWE: CWE-703 (https://cwe.mitre.org/data/definitions/703.html)
   More Info: https://bandit.readthedocs.io/en/1.7.7/plugins/b101_assert_used.html
   Location: .\tests\test_numerical.py:186:4
185	def test_min_default(collection, default, expected):
186	    assert _.min_(collection, default=default) == expected
187	

--------------------------------------------------
>> Issue: [B101:assert_used] Use of assert detected. The enclosed code will be removed when compiling to optimised byte code.
   Severity: Low   Confidence: High
   CWE: CWE-703 (https://cwe.mitre.org/data/definitions/703.html)
   More Info: https://bandit.readthedocs.io/en/1.7.7/plugins/b101_assert_used.html
   Location: .\tests\test_numerical.py:198:4
197	def test_moving_mean(case, expected):
198	    assert _.moving_mean(*case) == expected
199	

--------------------------------------------------
>> Issue: [B101:assert_used] Use of assert detected. The enclosed code will be removed when compiling to optimised byte code.
   Severity: Low   Confidence: High
   CWE: CWE-703 (https://cwe.mitre.org/data/definitions/703.html)
   More Info: https://bandit.readthedocs.io/en/1.7.7/plugins/b101_assert_used.html
   Location: .\tests\test_numerical.py:206:4
205	def test_multiply(multiplier, multiplicand, expected):
206	    assert _.multiply(multiplier, multiplicand) == expected
207	

--------------------------------------------------
>> Issue: [B101:assert_used] Use of assert detected. The enclosed code will be removed when compiling to optimised byte code.
   Severity: Low   Confidence: High
   CWE: CWE-703 (https://cwe.mitre.org/data/definitions/703.html)
   More Info: https://bandit.readthedocs.io/en/1.7.7/plugins/b101_assert_used.html
   Location: .\tests\test_numerical.py:219:4
218	def test_power(case, expected):
219	    assert _.power(*case) == expected
220	

--------------------------------------------------
>> Issue: [B101:assert_used] Use of assert detected. The enclosed code will be removed when compiling to optimised byte code.
   Severity: Low   Confidence: High
   CWE: CWE-703 (https://cwe.mitre.org/data/definitions/703.html)
   More Info: https://bandit.readthedocs.io/en/1.7.7/plugins/b101_assert_used.html
   Location: .\tests\test_numerical.py:233:4
232	def test_round_(case, expected):
233	    assert _.round_(*case) == expected
234	

--------------------------------------------------
>> Issue: [B101:assert_used] Use of assert detected. The enclosed code will be removed when compiling to optimised byte code.
   Severity: Low   Confidence: High
   CWE: CWE-703 (https://cwe.mitre.org/data/definitions/703.html)
   More Info: https://bandit.readthedocs.io/en/1.7.7/plugins/b101_assert_used.html
   Location: .\tests\test_numerical.py:246:4
245	def test_scale(case, expected):
246	    assert _.scale(*case) == expected
247	

--------------------------------------------------
>> Issue: [B101:assert_used] Use of assert detected. The enclosed code will be removed when compiling to optimised byte code.
   Severity: Low   Confidence: High
   CWE: CWE-703 (https://cwe.mitre.org/data/definitions/703.html)
   More Info: https://bandit.readthedocs.io/en/1.7.7/plugins/b101_assert_used.html
   Location: .\tests\test_numerical.py:259:4
258	def test_slope(case, expected):
259	    assert _.slope(*case) == expected
260	

--------------------------------------------------
>> Issue: [B101:assert_used] Use of assert detected. The enclosed code will be removed when compiling to optimised byte code.
   Severity: Low   Confidence: High
   CWE: CWE-703 (https://cwe.mitre.org/data/definitions/703.html)
   More Info: https://bandit.readthedocs.io/en/1.7.7/plugins/b101_assert_used.html
   Location: .\tests\test_numerical.py:269:4
268	def test_std_deviation(case, expected):
269	    assert _.std_deviation(case) == expected
270	

--------------------------------------------------
>> Issue: [B101:assert_used] Use of assert detected. The enclosed code will be removed when compiling to optimised byte code.
   Severity: Low   Confidence: High
   CWE: CWE-703 (https://cwe.mitre.org/data/definitions/703.html)
   More Info: https://bandit.readthedocs.io/en/1.7.7/plugins/b101_assert_used.html
   Location: .\tests\test_numerical.py:285:4
284	def test_subtract(minuend, subtrahend, expected):
285	    assert _.subtract(minuend, subtrahend) == expected
286	

--------------------------------------------------
>> Issue: [B101:assert_used] Use of assert detected. The enclosed code will be removed when compiling to optimised byte code.
   Severity: Low   Confidence: High
   CWE: CWE-703 (https://cwe.mitre.org/data/definitions/703.html)
   More Info: https://bandit.readthedocs.io/en/1.7.7/plugins/b101_assert_used.html
   Location: .\tests\test_numerical.py:310:4
309	def test_sum_(case, expected):
310	    assert _.sum_(case) == expected
311	

--------------------------------------------------
>> Issue: [B101:assert_used] Use of assert detected. The enclosed code will be removed when compiling to optimised byte code.
   Severity: Low   Confidence: High
   CWE: CWE-703 (https://cwe.mitre.org/data/definitions/703.html)
   More Info: https://bandit.readthedocs.io/en/1.7.7/plugins/b101_assert_used.html
   Location: .\tests\test_numerical.py:322:4
321	def test_sum_by(case, expected):
322	    assert _.sum_by(*case) == expected
323	

--------------------------------------------------
>> Issue: [B101:assert_used] Use of assert detected. The enclosed code will be removed when compiling to optimised byte code.
   Severity: Low   Confidence: High
   CWE: CWE-703 (https://cwe.mitre.org/data/definitions/703.html)
   More Info: https://bandit.readthedocs.io/en/1.7.7/plugins/b101_assert_used.html
   Location: .\tests\test_numerical.py:332:4
331	def test_transpose(case, expected):
332	    assert _.transpose(case) == expected
333	

--------------------------------------------------
>> Issue: [B101:assert_used] Use of assert detected. The enclosed code will be removed when compiling to optimised byte code.
   Severity: Low   Confidence: High
   CWE: CWE-703 (https://cwe.mitre.org/data/definitions/703.html)
   More Info: https://bandit.readthedocs.io/en/1.7.7/plugins/b101_assert_used.html
   Location: .\tests\test_numerical.py:342:4
341	def test_variance(case, expected):
342	    assert _.variance(case) == expected
343	

--------------------------------------------------
>> Issue: [B101:assert_used] Use of assert detected. The enclosed code will be removed when compiling to optimised byte code.
   Severity: Low   Confidence: High
   CWE: CWE-703 (https://cwe.mitre.org/data/definitions/703.html)
   More Info: https://bandit.readthedocs.io/en/1.7.7/plugins/b101_assert_used.html
   Location: .\tests\test_numerical.py:353:4
352	def test_zscore(case, expected):
353	    assert _.map_(_.zscore(*case), lambda v: round(v, 3)) == expected

--------------------------------------------------
>> Issue: [B101:assert_used] Use of assert detected. The enclosed code will be removed when compiling to optimised byte code.
   Severity: Low   Confidence: High
   CWE: CWE-703 (https://cwe.mitre.org/data/definitions/703.html)
   More Info: https://bandit.readthedocs.io/en/1.7.7/plugins/b101_assert_used.html
   Location: .\tests\test_objects.py:28:4
27	def test_assign(case, expected):
28	    assert _.assign(*case) == expected
29	

--------------------------------------------------
>> Issue: [B101:assert_used] Use of assert detected. The enclosed code will be removed when compiling to optimised byte code.
   Severity: Low   Confidence: High
   CWE: CWE-703 (https://cwe.mitre.org/data/definitions/703.html)
   More Info: https://bandit.readthedocs.io/en/1.7.7/plugins/b101_assert_used.html
   Location: .\tests\test_objects.py:38:4
37	def test_assign_with(case, expected):
38	    assert _.assign_with(*case) == expected
39	

--------------------------------------------------
>> Issue: [B101:assert_used] Use of assert detected. The enclosed code will be removed when compiling to optimised byte code.
   Severity: Low   Confidence: High
   CWE: CWE-703 (https://cwe.mitre.org/data/definitions/703.html)
   More Info: https://bandit.readthedocs.io/en/1.7.7/plugins/b101_assert_used.html
   Location: .\tests\test_objects.py:49:4
48	def test_callables(case, expected):
49	    assert _.callables(*case) == expected
50	

--------------------------------------------------
>> Issue: [B101:assert_used] Use of assert detected. The enclosed code will be removed when compiling to optimised byte code.
   Severity: Low   Confidence: High
   CWE: CWE-703 (https://cwe.mitre.org/data/definitions/703.html)
   More Info: https://bandit.readthedocs.io/en/1.7.7/plugins/b101_assert_used.html
   Location: .\tests\test_objects.py:62:4
61	
62	    assert result is not case
63	

--------------------------------------------------
>> Issue: [B101:assert_used] Use of assert detected. The enclosed code will be removed when compiling to optimised byte code.
   Severity: Low   Confidence: High
   CWE: CWE-703 (https://cwe.mitre.org/data/definitions/703.html)
   More Info: https://bandit.readthedocs.io/en/1.7.7/plugins/b101_assert_used.html
   Location: .\tests\test_objects.py:65:8
64	    for key, value in _.helpers.iterator(result):
65	        assert value is case[key]
66	

--------------------------------------------------
>> Issue: [B101:assert_used] Use of assert detected. The enclosed code will be removed when compiling to optimised byte code.
   Severity: Low   Confidence: High
   CWE: CWE-703 (https://cwe.mitre.org/data/definitions/703.html)
   More Info: https://bandit.readthedocs.io/en/1.7.7/plugins/b101_assert_used.html
   Location: .\tests\test_objects.py:82:4
81	
82	    assert result == expected
83	

--------------------------------------------------
>> Issue: [B101:assert_used] Use of assert detected. The enclosed code will be removed when compiling to optimised byte code.
   Severity: Low   Confidence: High
   CWE: CWE-703 (https://cwe.mitre.org/data/definitions/703.html)
   More Info: https://bandit.readthedocs.io/en/1.7.7/plugins/b101_assert_used.html
   Location: .\tests\test_objects.py:96:4
95	
96	    assert result is not case
97	

--------------------------------------------------
>> Issue: [B101:assert_used] Use of assert detected. The enclosed code will be removed when compiling to optimised byte code.
   Severity: Low   Confidence: High
   CWE: CWE-703 (https://cwe.mitre.org/data/definitions/703.html)
   More Info: https://bandit.readthedocs.io/en/1.7.7/plugins/b101_assert_used.html
   Location: .\tests\test_objects.py:99:8
98	    for key, value in _.helpers.iterator(result):
99	        assert value is not case[key]
100	

--------------------------------------------------
>> Issue: [B101:assert_used] Use of assert detected. The enclosed code will be removed when compiling to optimised byte code.
   Severity: Low   Confidence: High
   CWE: CWE-703 (https://cwe.mitre.org/data/definitions/703.html)
   More Info: https://bandit.readthedocs.io/en/1.7.7/plugins/b101_assert_used.html
   Location: .\tests\test_objects.py:118:4
117	
118	    assert result == expected
119	

--------------------------------------------------
>> Issue: [B101:assert_used] Use of assert detected. The enclosed code will be removed when compiling to optimised byte code.
   Severity: Low   Confidence: High
   CWE: CWE-703 (https://cwe.mitre.org/data/definitions/703.html)
   More Info: https://bandit.readthedocs.io/en/1.7.7/plugins/b101_assert_used.html
   Location: .\tests\test_objects.py:131:4
130	def test_defaults(case, expected):
131	    assert _.defaults(*case) == expected
132	

--------------------------------------------------
>> Issue: [B101:assert_used] Use of assert detected. The enclosed code will be removed when compiling to optimised byte code.
   Severity: Low   Confidence: High
   CWE: CWE-703 (https://cwe.mitre.org/data/definitions/703.html)
   More Info: https://bandit.readthedocs.io/en/1.7.7/plugins/b101_assert_used.html
   Location: .\tests\test_objects.py:165:4
164	def test_defaults_deep(case, expected):
165	    assert _.defaults_deep(*case) == expected
166	

--------------------------------------------------
>> Issue: [B101:assert_used] Use of assert detected. The enclosed code will be removed when compiling to optimised byte code.
   Severity: Low   Confidence: High
   CWE: CWE-703 (https://cwe.mitre.org/data/definitions/703.html)
   More Info: https://bandit.readthedocs.io/en/1.7.7/plugins/b101_assert_used.html
   Location: .\tests\test_objects.py:176:4
175	def test_to_dict(case, expected):
176	    assert _.to_dict(case) == expected
177	

--------------------------------------------------
>> Issue: [B101:assert_used] Use of assert detected. The enclosed code will be removed when compiling to optimised byte code.
   Severity: Low   Confidence: High
   CWE: CWE-703 (https://cwe.mitre.org/data/definitions/703.html)
   More Info: https://bandit.readthedocs.io/en/1.7.7/plugins/b101_assert_used.html
   Location: .\tests\test_objects.py:187:4
186	def test_invert(case, expected):
187	    assert _.invert(case) == expected
188	

--------------------------------------------------
>> Issue: [B101:assert_used] Use of assert detected. The enclosed code will be removed when compiling to optimised byte code.
   Severity: Low   Confidence: High
   CWE: CWE-703 (https://cwe.mitre.org/data/definitions/703.html)
   More Info: https://bandit.readthedocs.io/en/1.7.7/plugins/b101_assert_used.html
   Location: .\tests\test_objects.py:204:8
203	    for key in result:
204	        assert set(result[key]) == set(expected[key])
205	

--------------------------------------------------
>> Issue: [B101:assert_used] Use of assert detected. The enclosed code will be removed when compiling to optimised byte code.
   Severity: Low   Confidence: High
   CWE: CWE-703 (https://cwe.mitre.org/data/definitions/703.html)
   More Info: https://bandit.readthedocs.io/en/1.7.7/plugins/b101_assert_used.html
   Location: .\tests\test_objects.py:216:4
215	def test_invoke(case, expected):
216	    assert _.invoke(*case) == expected
217	

--------------------------------------------------
>> Issue: [B101:assert_used] Use of assert detected. The enclosed code will be removed when compiling to optimised byte code.
   Severity: Low   Confidence: High
   CWE: CWE-703 (https://cwe.mitre.org/data/definitions/703.html)
   More Info: https://bandit.readthedocs.io/en/1.7.7/plugins/b101_assert_used.html
   Location: .\tests\test_objects.py:250:4
249	def test_find_key(case, expected):
250	    assert _.find_key(*case) in expected
251	

--------------------------------------------------
>> Issue: [B101:assert_used] Use of assert detected. The enclosed code will be removed when compiling to optimised byte code.
   Severity: Low   Confidence: High
   CWE: CWE-703 (https://cwe.mitre.org/data/definitions/703.html)
   More Info: https://bandit.readthedocs.io/en/1.7.7/plugins/b101_assert_used.html
   Location: .\tests\test_objects.py:284:4
283	def test_find_last_key(case, expected):
284	    assert _.find_last_key(*case) in expected
285	

--------------------------------------------------
>> Issue: [B101:assert_used] Use of assert detected. The enclosed code will be removed when compiling to optimised byte code.
   Severity: Low   Confidence: High
   CWE: CWE-703 (https://cwe.mitre.org/data/definitions/703.html)
   More Info: https://bandit.readthedocs.io/en/1.7.7/plugins/b101_assert_used.html
   Location: .\tests\test_objects.py:302:4
301	def test_for_in(case, expected):
302	    assert _.for_in(*case) in expected
303	

--------------------------------------------------
>> Issue: [B101:assert_used] Use of assert detected. The enclosed code will be removed when compiling to optimised byte code.
   Severity: Low   Confidence: High
   CWE: CWE-703 (https://cwe.mitre.org/data/definitions/703.html)
   More Info: https://bandit.readthedocs.io/en/1.7.7/plugins/b101_assert_used.html
   Location: .\tests\test_objects.py:320:4
319	def test_for_in_right(case, expected):
320	    assert _.for_in_right(*case) in expected
321	

--------------------------------------------------
>> Issue: [B101:assert_used] Use of assert detected. The enclosed code will be removed when compiling to optimised byte code.
   Severity: Low   Confidence: High
   CWE: CWE-703 (https://cwe.mitre.org/data/definitions/703.html)
   More Info: https://bandit.readthedocs.io/en/1.7.7/plugins/b101_assert_used.html
   Location: .\tests\test_objects.py:374:4
373	def test_get(case, expected):
374	    assert _.get(*case) == expected
375	

--------------------------------------------------
>> Issue: [B101:assert_used] Use of assert detected. The enclosed code will be removed when compiling to optimised byte code.
   Severity: Low   Confidence: High
   CWE: CWE-703 (https://cwe.mitre.org/data/definitions/703.html)
   More Info: https://bandit.readthedocs.io/en/1.7.7/plugins/b101_assert_used.html
   Location: .\tests\test_objects.py:380:4
379	    _.get(data, "a")
380	    assert data == {}
381	

--------------------------------------------------
>> Issue: [B101:assert_used] Use of assert detected. The enclosed code will be removed when compiling to optimised byte code.
   Severity: Low   Confidence: High
   CWE: CWE-703 (https://cwe.mitre.org/data/definitions/703.html)
   More Info: https://bandit.readthedocs.io/en/1.7.7/plugins/b101_assert_used.html
   Location: .\tests\test_objects.py:410:4
409	def test_has(case, expected):
410	    assert _.has(*case) == expected
411	

--------------------------------------------------
>> Issue: [B101:assert_used] Use of assert detected. The enclosed code will be removed when compiling to optimised byte code.
   Severity: Low   Confidence: High
   CWE: CWE-703 (https://cwe.mitre.org/data/definitions/703.html)
   More Info: https://bandit.readthedocs.io/en/1.7.7/plugins/b101_assert_used.html
   Location: .\tests\test_objects.py:416:4
415	    _.has(data, "a")
416	    assert data == {}
417	

--------------------------------------------------
>> Issue: [B101:assert_used] Use of assert detected. The enclosed code will be removed when compiling to optimised byte code.
   Severity: Low   Confidence: High
   CWE: CWE-703 (https://cwe.mitre.org/data/definitions/703.html)
   More Info: https://bandit.readthedocs.io/en/1.7.7/plugins/b101_assert_used.html
   Location: .\tests\test_objects.py:421:4
420	def test_keys(case, expected):
421	    assert set(_.keys(case)) == set(expected)
422	

--------------------------------------------------
>> Issue: [B101:assert_used] Use of assert detected. The enclosed code will be removed when compiling to optimised byte code.
   Severity: Low   Confidence: High
   CWE: CWE-703 (https://cwe.mitre.org/data/definitions/703.html)
   More Info: https://bandit.readthedocs.io/en/1.7.7/plugins/b101_assert_used.html
   Location: .\tests\test_objects.py:438:4
437	def test_map_values(case, expected):
438	    assert _.map_values(*case) == expected
439	

--------------------------------------------------
>> Issue: [B101:assert_used] Use of assert detected. The enclosed code will be removed when compiling to optimised byte code.
   Severity: Low   Confidence: High
   CWE: CWE-703 (https://cwe.mitre.org/data/definitions/703.html)
   More Info: https://bandit.readthedocs.io/en/1.7.7/plugins/b101_assert_used.html
   Location: .\tests\test_objects.py:474:4
473	def test_map_values_deep(case, expected):
474	    assert _.map_values_deep(*case) == expected
475	

--------------------------------------------------
>> Issue: [B101:assert_used] Use of assert detected. The enclosed code will be removed when compiling to optimised byte code.
   Severity: Low   Confidence: High
   CWE: CWE-703 (https://cwe.mitre.org/data/definitions/703.html)
   More Info: https://bandit.readthedocs.io/en/1.7.7/plugins/b101_assert_used.html
   Location: .\tests\test_objects.py:550:4
549	def test_merge(case, expected):
550	    assert _.merge(*case) == expected
551	

--------------------------------------------------
>> Issue: [B101:assert_used] Use of assert detected. The enclosed code will be removed when compiling to optimised byte code.
   Severity: Low   Confidence: High
   CWE: CWE-703 (https://cwe.mitre.org/data/definitions/703.html)
   More Info: https://bandit.readthedocs.io/en/1.7.7/plugins/b101_assert_used.html
   Location: .\tests\test_objects.py:559:4
558	
559	    assert case1 == {"foo": {"bar": None}}
560	    assert case2 == {"foo": {"bar": False}}

--------------------------------------------------
>> Issue: [B101:assert_used] Use of assert detected. The enclosed code will be removed when compiling to optimised byte code.
   Severity: Low   Confidence: High
   CWE: CWE-703 (https://cwe.mitre.org/data/definitions/703.html)
   More Info: https://bandit.readthedocs.io/en/1.7.7/plugins/b101_assert_used.html
   Location: .\tests\test_objects.py:560:4
559	    assert case1 == {"foo": {"bar": None}}
560	    assert case2 == {"foo": {"bar": False}}
561	

--------------------------------------------------
>> Issue: [B101:assert_used] Use of assert detected. The enclosed code will be removed when compiling to optimised byte code.
   Severity: Low   Confidence: High
   CWE: CWE-703 (https://cwe.mitre.org/data/definitions/703.html)
   More Info: https://bandit.readthedocs.io/en/1.7.7/plugins/b101_assert_used.html
   Location: .\tests\test_objects.py:568:4
567	
568	    assert case == {"foo": [{}]}
569	

--------------------------------------------------
>> Issue: [B101:assert_used] Use of assert detected. The enclosed code will be removed when compiling to optimised byte code.
   Severity: Low   Confidence: High
   CWE: CWE-703 (https://cwe.mitre.org/data/definitions/703.html)
   More Info: https://bandit.readthedocs.io/en/1.7.7/plugins/b101_assert_used.html
   Location: .\tests\test_objects.py:585:4
584	def test_merge_with(case, expected):
585	    assert _.merge_with(*case) == expected
586	

--------------------------------------------------
>> Issue: [B101:assert_used] Use of assert detected. The enclosed code will be removed when compiling to optimised byte code.
   Severity: Low   Confidence: High
   CWE: CWE-703 (https://cwe.mitre.org/data/definitions/703.html)
   More Info: https://bandit.readthedocs.io/en/1.7.7/plugins/b101_assert_used.html
   Location: .\tests\test_objects.py:603:4
602	def test_omit(case, expected):
603	    assert _.omit(*case) == expected
604	

--------------------------------------------------
>> Issue: [B101:assert_used] Use of assert detected. The enclosed code will be removed when compiling to optimised byte code.
   Severity: Low   Confidence: High
   CWE: CWE-703 (https://cwe.mitre.org/data/definitions/703.html)
   More Info: https://bandit.readthedocs.io/en/1.7.7/plugins/b101_assert_used.html
   Location: .\tests\test_objects.py:616:4
615	def test_omit_by(case, expected):
616	    assert _.omit_by(*case) == expected
617	

--------------------------------------------------
>> Issue: [B101:assert_used] Use of assert detected. The enclosed code will be removed when compiling to optimised byte code.
   Severity: Low   Confidence: High
   CWE: CWE-703 (https://cwe.mitre.org/data/definitions/703.html)
   More Info: https://bandit.readthedocs.io/en/1.7.7/plugins/b101_assert_used.html
   Location: .\tests\test_objects.py:635:4
634	def test_parse_int(case, expected):
635	    assert _.parse_int(*case) == expected
636	

--------------------------------------------------
>> Issue: [B101:assert_used] Use of assert detected. The enclosed code will be removed when compiling to optimised byte code.
   Severity: Low   Confidence: High
   CWE: CWE-703 (https://cwe.mitre.org/data/definitions/703.html)
   More Info: https://bandit.readthedocs.io/en/1.7.7/plugins/b101_assert_used.html
   Location: .\tests\test_objects.py:658:4
657	def test_pick(case, expected):
658	    assert _.pick(*case) == expected
659	

--------------------------------------------------
>> Issue: [B101:assert_used] Use of assert detected. The enclosed code will be removed when compiling to optimised byte code.
   Severity: Low   Confidence: High
   CWE: CWE-703 (https://cwe.mitre.org/data/definitions/703.html)
   More Info: https://bandit.readthedocs.io/en/1.7.7/plugins/b101_assert_used.html
   Location: .\tests\test_objects.py:674:4
673	def test_pick_by(case, expected):
674	    assert _.pick_by(*case) == expected
675	

--------------------------------------------------
>> Issue: [B101:assert_used] Use of assert detected. The enclosed code will be removed when compiling to optimised byte code.
   Severity: Low   Confidence: High
   CWE: CWE-703 (https://cwe.mitre.org/data/definitions/703.html)
   More Info: https://bandit.readthedocs.io/en/1.7.7/plugins/b101_assert_used.html
   Location: .\tests\test_objects.py:686:4
685	def test_rename_keys(case, expected):
686	    assert _.rename_keys(*case) == expected
687	

--------------------------------------------------
>> Issue: [B101:assert_used] Use of assert detected. The enclosed code will be removed when compiling to optimised byte code.
   Severity: Low   Confidence: High
   CWE: CWE-703 (https://cwe.mitre.org/data/definitions/703.html)
   More Info: https://bandit.readthedocs.io/en/1.7.7/plugins/b101_assert_used.html
   Location: .\tests\test_objects.py:716:4
715	def test_set_(case, expected):
716	    assert _.set_(*case) == expected
717	

--------------------------------------------------
>> Issue: [B101:assert_used] Use of assert detected. The enclosed code will be removed when compiling to optimised byte code.
   Severity: Low   Confidence: High
   CWE: CWE-703 (https://cwe.mitre.org/data/definitions/703.html)
   More Info: https://bandit.readthedocs.io/en/1.7.7/plugins/b101_assert_used.html
   Location: .\tests\test_objects.py:732:4
731	def test_set_with(case, expected):
732	    assert _.set_with(*case) == expected
733	

--------------------------------------------------
>> Issue: [B101:assert_used] Use of assert detected. The enclosed code will be removed when compiling to optimised byte code.
   Severity: Low   Confidence: High
   CWE: CWE-703 (https://cwe.mitre.org/data/definitions/703.html)
   More Info: https://bandit.readthedocs.io/en/1.7.7/plugins/b101_assert_used.html
   Location: .\tests\test_objects.py:761:4
760	def test_to_boolean(case, expected):
761	    assert _.to_boolean(*case) is expected
762	

--------------------------------------------------
>> Issue: [B101:assert_used] Use of assert detected. The enclosed code will be removed when compiling to optimised byte code.
   Severity: Low   Confidence: High
   CWE: CWE-703 (https://cwe.mitre.org/data/definitions/703.html)
   More Info: https://bandit.readthedocs.io/en/1.7.7/plugins/b101_assert_used.html
   Location: .\tests\test_objects.py:781:4
780	def test_to_integer(case, expected):
781	    assert _.to_integer(case) == expected
782	

--------------------------------------------------
>> Issue: [B101:assert_used] Use of assert detected. The enclosed code will be removed when compiling to optimised byte code.
   Severity: Low   Confidence: High
   CWE: CWE-703 (https://cwe.mitre.org/data/definitions/703.html)
   More Info: https://bandit.readthedocs.io/en/1.7.7/plugins/b101_assert_used.html
   Location: .\tests\test_objects.py:789:4
788	def test_to_number(case, expected):
789	    assert _.to_number(*case) == expected
790	

--------------------------------------------------
>> Issue: [B101:assert_used] Use of assert detected. The enclosed code will be removed when compiling to optimised byte code.
   Severity: Low   Confidence: High
   CWE: CWE-703 (https://cwe.mitre.org/data/definitions/703.html)
   More Info: https://bandit.readthedocs.io/en/1.7.7/plugins/b101_assert_used.html
   Location: .\tests\test_objects.py:800:4
799	def test_to_pairs(case, expected):
800	    assert dict(_.to_pairs(case)) == dict(expected)
801	

--------------------------------------------------
>> Issue: [B101:assert_used] Use of assert detected. The enclosed code will be removed when compiling to optimised byte code.
   Severity: Low   Confidence: High
   CWE: CWE-703 (https://cwe.mitre.org/data/definitions/703.html)
   More Info: https://bandit.readthedocs.io/en/1.7.7/plugins/b101_assert_used.html
   Location: .\tests\test_objects.py:817:4
816	def test_to_string(case, expected):
817	    assert _.to_string(case) == expected
818	

--------------------------------------------------
>> Issue: [B101:assert_used] Use of assert detected. The enclosed code will be removed when compiling to optimised byte code.
   Severity: Low   Confidence: High
   CWE: CWE-703 (https://cwe.mitre.org/data/definitions/703.html)
   More Info: https://bandit.readthedocs.io/en/1.7.7/plugins/b101_assert_used.html
   Location: .\tests\test_objects.py:832:4
831	def test_transform(case, expected):
832	    assert _.transform(*case) == expected
833	

--------------------------------------------------
>> Issue: [B101:assert_used] Use of assert detected. The enclosed code will be removed when compiling to optimised byte code.
   Severity: Low   Confidence: High
   CWE: CWE-703 (https://cwe.mitre.org/data/definitions/703.html)
   More Info: https://bandit.readthedocs.io/en/1.7.7/plugins/b101_assert_used.html
   Location: .\tests\test_objects.py:858:4
857	def test_update(case, expected):
858	    assert _.update(*case) == expected
859	

--------------------------------------------------
>> Issue: [B101:assert_used] Use of assert detected. The enclosed code will be removed when compiling to optimised byte code.
   Severity: Low   Confidence: High
   CWE: CWE-703 (https://cwe.mitre.org/data/definitions/703.html)
   More Info: https://bandit.readthedocs.io/en/1.7.7/plugins/b101_assert_used.html
   Location: .\tests\test_objects.py:870:4
869	def test_update_with(case, expected):
870	    assert _.update_with(*case) == expected
871	

--------------------------------------------------
>> Issue: [B101:assert_used] Use of assert detected. The enclosed code will be removed when compiling to optimised byte code.
   Severity: Low   Confidence: High
   CWE: CWE-703 (https://cwe.mitre.org/data/definitions/703.html)
   More Info: https://bandit.readthedocs.io/en/1.7.7/plugins/b101_assert_used.html
   Location: .\tests\test_objects.py:885:4
884	def test_unset(obj, path, expected, new_obj):
885	    assert _.unset(obj, path) == expected
886	    assert obj == new_obj

--------------------------------------------------
>> Issue: [B101:assert_used] Use of assert detected. The enclosed code will be removed when compiling to optimised byte code.
   Severity: Low   Confidence: High
   CWE: CWE-703 (https://cwe.mitre.org/data/definitions/703.html)
   More Info: https://bandit.readthedocs.io/en/1.7.7/plugins/b101_assert_used.html
   Location: .\tests\test_objects.py:886:4
885	    assert _.unset(obj, path) == expected
886	    assert obj == new_obj
887	

--------------------------------------------------
>> Issue: [B101:assert_used] Use of assert detected. The enclosed code will be removed when compiling to optimised byte code.
   Severity: Low   Confidence: High
   CWE: CWE-703 (https://cwe.mitre.org/data/definitions/703.html)
   More Info: https://bandit.readthedocs.io/en/1.7.7/plugins/b101_assert_used.html
   Location: .\tests\test_objects.py:891:4
890	def test_values(case, expected):
891	    assert set(_.values(case)) == set(expected)

--------------------------------------------------
>> Issue: [B101:assert_used] Use of assert detected. The enclosed code will be removed when compiling to optimised byte code.
   Severity: Low   Confidence: High
   CWE: CWE-703 (https://cwe.mitre.org/data/definitions/703.html)
   More Info: https://bandit.readthedocs.io/en/1.7.7/plugins/b101_assert_used.html
   Location: .\tests\test_predicates.py:21:4
20	def test_eq(value, other, expected):
21	    assert _.eq(value, other) == expected
22	

--------------------------------------------------
>> Issue: [B101:assert_used] Use of assert detected. The enclosed code will be removed when compiling to optimised byte code.
   Severity: Low   Confidence: High
   CWE: CWE-703 (https://cwe.mitre.org/data/definitions/703.html)
   More Info: https://bandit.readthedocs.io/en/1.7.7/plugins/b101_assert_used.html
   Location: .\tests\test_predicates.py:35:4
34	def test_gt(case, expected):
35	    assert _.gt(*case) == expected
36	

--------------------------------------------------
>> Issue: [B101:assert_used] Use of assert detected. The enclosed code will be removed when compiling to optimised byte code.
   Severity: Low   Confidence: High
   CWE: CWE-703 (https://cwe.mitre.org/data/definitions/703.html)
   More Info: https://bandit.readthedocs.io/en/1.7.7/plugins/b101_assert_used.html
   Location: .\tests\test_predicates.py:49:4
48	def test_gte(case, expected):
49	    assert _.gte(*case) == expected
50	

--------------------------------------------------
>> Issue: [B101:assert_used] Use of assert detected. The enclosed code will be removed when compiling to optimised byte code.
   Severity: Low   Confidence: High
   CWE: CWE-703 (https://cwe.mitre.org/data/definitions/703.html)
   More Info: https://bandit.readthedocs.io/en/1.7.7/plugins/b101_assert_used.html
   Location: .\tests\test_predicates.py:63:4
62	def test_lt(case, expected):
63	    assert _.lt(*case) == expected
64	

--------------------------------------------------
>> Issue: [B101:assert_used] Use of assert detected. The enclosed code will be removed when compiling to optimised byte code.
   Severity: Low   Confidence: High
   CWE: CWE-703 (https://cwe.mitre.org/data/definitions/703.html)
   More Info: https://bandit.readthedocs.io/en/1.7.7/plugins/b101_assert_used.html
   Location: .\tests\test_predicates.py:77:4
76	def test_lte(case, expected):
77	    assert _.lte(*case) == expected
78	

--------------------------------------------------
>> Issue: [B101:assert_used] Use of assert detected. The enclosed code will be removed when compiling to optimised byte code.
   Severity: Low   Confidence: High
   CWE: CWE-703 (https://cwe.mitre.org/data/definitions/703.html)
   More Info: https://bandit.readthedocs.io/en/1.7.7/plugins/b101_assert_used.html
   Location: .\tests\test_predicates.py:95:4
94	def test_in_range(case, expected):
95	    assert _.in_range(*case) == expected
96	

--------------------------------------------------
>> Issue: [B101:assert_used] Use of assert detected. The enclosed code will be removed when compiling to optimised byte code.
   Severity: Low   Confidence: High
   CWE: CWE-703 (https://cwe.mitre.org/data/definitions/703.html)
   More Info: https://bandit.readthedocs.io/en/1.7.7/plugins/b101_assert_used.html
   Location: .\tests\test_predicates.py:109:4
108	def test_is_associative(case, expected):
109	    assert _.is_associative(case) == expected
110	

--------------------------------------------------
>> Issue: [B101:assert_used] Use of assert detected. The enclosed code will be removed when compiling to optimised byte code.
   Severity: Low   Confidence: High
   CWE: CWE-703 (https://cwe.mitre.org/data/definitions/703.html)
   More Info: https://bandit.readthedocs.io/en/1.7.7/plugins/b101_assert_used.html
   Location: .\tests\test_predicates.py:122:4
121	def test_is_blank(case, expected):
122	    assert _.is_blank(case) == expected
123	

--------------------------------------------------
>> Issue: [B101:assert_used] Use of assert detected. The enclosed code will be removed when compiling to optimised byte code.
   Severity: Low   Confidence: High
   CWE: CWE-703 (https://cwe.mitre.org/data/definitions/703.html)
   More Info: https://bandit.readthedocs.io/en/1.7.7/plugins/b101_assert_used.html
   Location: .\tests\test_predicates.py:135:4
134	def test_is_boolean(case, expected):
135	    assert _.is_boolean(case) == expected
136	

--------------------------------------------------
>> Issue: [B101:assert_used] Use of assert detected. The enclosed code will be removed when compiling to optimised byte code.
   Severity: Low   Confidence: High
   CWE: CWE-703 (https://cwe.mitre.org/data/definitions/703.html)
   More Info: https://bandit.readthedocs.io/en/1.7.7/plugins/b101_assert_used.html
   Location: .\tests\test_predicates.py:155:4
154	def test_is_builtin(case, expected):
155	    assert _.is_builtin(case) == expected
156	

--------------------------------------------------
>> Issue: [B101:assert_used] Use of assert detected. The enclosed code will be removed when compiling to optimised byte code.
   Severity: Low   Confidence: High
   CWE: CWE-703 (https://cwe.mitre.org/data/definitions/703.html)
   More Info: https://bandit.readthedocs.io/en/1.7.7/plugins/b101_assert_used.html
   Location: .\tests\test_predicates.py:169:4
168	def test_is_date(case, expected):
169	    assert _.is_date(case) == expected
170	

--------------------------------------------------
>> Issue: [B101:assert_used] Use of assert detected. The enclosed code will be removed when compiling to optimised byte code.
   Severity: Low   Confidence: High
   CWE: CWE-703 (https://cwe.mitre.org/data/definitions/703.html)
   More Info: https://bandit.readthedocs.io/en/1.7.7/plugins/b101_assert_used.html
   Location: .\tests\test_predicates.py:183:4
182	def test_is_decreasing(case, expected):
183	    assert _.is_decreasing(case) == expected
184	

--------------------------------------------------
>> Issue: [B101:assert_used] Use of assert detected. The enclosed code will be removed when compiling to optimised byte code.
   Severity: Low   Confidence: High
   CWE: CWE-703 (https://cwe.mitre.org/data/definitions/703.html)
   More Info: https://bandit.readthedocs.io/en/1.7.7/plugins/b101_assert_used.html
   Location: .\tests\test_predicates.py:191:4
190	def test_is_dict(case, expected):
191	    assert _.is_dict(case) == expected
192	

--------------------------------------------------
>> Issue: [B101:assert_used] Use of assert detected. The enclosed code will be removed when compiling to optimised byte code.
   Severity: Low   Confidence: High
   CWE: CWE-703 (https://cwe.mitre.org/data/definitions/703.html)
   More Info: https://bandit.readthedocs.io/en/1.7.7/plugins/b101_assert_used.html
   Location: .\tests\test_predicates.py:212:4
211	def test_is_empty(case, expected):
212	    assert _.is_empty(case) == expected
213	

--------------------------------------------------
>> Issue: [B101:assert_used] Use of assert detected. The enclosed code will be removed when compiling to optimised byte code.
   Severity: Low   Confidence: High
   CWE: CWE-703 (https://cwe.mitre.org/data/definitions/703.html)
   More Info: https://bandit.readthedocs.io/en/1.7.7/plugins/b101_assert_used.html
   Location: .\tests\test_predicates.py:234:4
233	def test_is_equal(case, expected):
234	    assert _.is_equal(*case) == expected
235	

--------------------------------------------------
>> Issue: [B101:assert_used] Use of assert detected. The enclosed code will be removed when compiling to optimised byte code.
   Severity: Low   Confidence: High
   CWE: CWE-703 (https://cwe.mitre.org/data/definitions/703.html)
   More Info: https://bandit.readthedocs.io/en/1.7.7/plugins/b101_assert_used.html
   Location: .\tests\test_predicates.py:257:4
256	def test_is_equal_with(case, expected):
257	    assert _.is_equal_with(*case) == expected
258	

--------------------------------------------------
>> Issue: [B101:assert_used] Use of assert detected. The enclosed code will be removed when compiling to optimised byte code.
   Severity: Low   Confidence: High
   CWE: CWE-703 (https://cwe.mitre.org/data/definitions/703.html)
   More Info: https://bandit.readthedocs.io/en/1.7.7/plugins/b101_assert_used.html
   Location: .\tests\test_predicates.py:262:4
261	def test_is_error(case, expected):
262	    assert _.is_error(case) == expected
263	

--------------------------------------------------
>> Issue: [B101:assert_used] Use of assert detected. The enclosed code will be removed when compiling to optimised byte code.
   Severity: Low   Confidence: High
   CWE: CWE-703 (https://cwe.mitre.org/data/definitions/703.html)
   More Info: https://bandit.readthedocs.io/en/1.7.7/plugins/b101_assert_used.html
   Location: .\tests\test_predicates.py:277:4
276	def test_is_even(case, expected):
277	    assert _.is_even(case) == expected
278	

--------------------------------------------------
>> Issue: [B101:assert_used] Use of assert detected. The enclosed code will be removed when compiling to optimised byte code.
   Severity: Low   Confidence: High
   CWE: CWE-703 (https://cwe.mitre.org/data/definitions/703.html)
   More Info: https://bandit.readthedocs.io/en/1.7.7/plugins/b101_assert_used.html
   Location: .\tests\test_predicates.py:291:4
290	def test_is_float(case, expected):
291	    assert _.is_float(case) == expected
292	

--------------------------------------------------
>> Issue: [B101:assert_used] Use of assert detected. The enclosed code will be removed when compiling to optimised byte code.
   Severity: Low   Confidence: High
   CWE: CWE-703 (https://cwe.mitre.org/data/definitions/703.html)
   More Info: https://bandit.readthedocs.io/en/1.7.7/plugins/b101_assert_used.html
   Location: .\tests\test_predicates.py:302:4
301	def test_is_function(case, expected):
302	    assert _.is_function(case) == expected
303	

--------------------------------------------------
>> Issue: [B101:assert_used] Use of assert detected. The enclosed code will be removed when compiling to optimised byte code.
   Severity: Low   Confidence: High
   CWE: CWE-703 (https://cwe.mitre.org/data/definitions/703.html)
   More Info: https://bandit.readthedocs.io/en/1.7.7/plugins/b101_assert_used.html
   Location: .\tests\test_predicates.py:316:4
315	def test_is_increasing(case, expected):
316	    assert _.is_increasing(case) == expected
317	

--------------------------------------------------
>> Issue: [B101:assert_used] Use of assert detected. The enclosed code will be removed when compiling to optimised byte code.
   Severity: Low   Confidence: High
   CWE: CWE-703 (https://cwe.mitre.org/data/definitions/703.html)
   More Info: https://bandit.readthedocs.io/en/1.7.7/plugins/b101_assert_used.html
   Location: .\tests\test_predicates.py:331:4
330	def test_is_indexed(case, expected):
331	    assert _.is_indexed(case) == expected
332	

--------------------------------------------------
>> Issue: [B101:assert_used] Use of assert detected. The enclosed code will be removed when compiling to optimised byte code.
   Severity: Low   Confidence: High
   CWE: CWE-703 (https://cwe.mitre.org/data/definitions/703.html)
   More Info: https://bandit.readthedocs.io/en/1.7.7/plugins/b101_assert_used.html
   Location: .\tests\test_predicates.py:345:4
344	def test_is_instance_of(case, expected):
345	    assert _.is_instance_of(*case) == expected
346	

--------------------------------------------------
>> Issue: [B101:assert_used] Use of assert detected. The enclosed code will be removed when compiling to optimised byte code.
   Severity: Low   Confidence: High
   CWE: CWE-703 (https://cwe.mitre.org/data/definitions/703.html)
   More Info: https://bandit.readthedocs.io/en/1.7.7/plugins/b101_assert_used.html
   Location: .\tests\test_predicates.py:360:4
359	def test_is_integer(case, expected):
360	    assert _.is_integer(case) == expected
361	

--------------------------------------------------
>> Issue: [B101:assert_used] Use of assert detected. The enclosed code will be removed when compiling to optimised byte code.
   Severity: Low   Confidence: High
   CWE: CWE-703 (https://cwe.mitre.org/data/definitions/703.html)
   More Info: https://bandit.readthedocs.io/en/1.7.7/plugins/b101_assert_used.html
   Location: .\tests\test_predicates.py:375:4
374	def test_is_iterable(case, expected):
375	    assert _.is_iterable(case) == expected
376	

--------------------------------------------------
>> Issue: [B101:assert_used] Use of assert detected. The enclosed code will be removed when compiling to optimised byte code.
   Severity: Low   Confidence: High
   CWE: CWE-703 (https://cwe.mitre.org/data/definitions/703.html)
   More Info: https://bandit.readthedocs.io/en/1.7.7/plugins/b101_assert_used.html
   Location: .\tests\test_predicates.py:389:4
388	def test_is_json(case, expected):
389	    assert _.is_json(case) == expected
390	

--------------------------------------------------
>> Issue: [B101:assert_used] Use of assert detected. The enclosed code will be removed when compiling to optimised byte code.
   Severity: Low   Confidence: High
   CWE: CWE-703 (https://cwe.mitre.org/data/definitions/703.html)
   More Info: https://bandit.readthedocs.io/en/1.7.7/plugins/b101_assert_used.html
   Location: .\tests\test_predicates.py:400:4
399	def test_is_list(case, expected):
400	    assert _.is_list(case) == expected
401	

--------------------------------------------------
>> Issue: [B101:assert_used] Use of assert detected. The enclosed code will be removed when compiling to optimised byte code.
   Severity: Low   Confidence: High
   CWE: CWE-703 (https://cwe.mitre.org/data/definitions/703.html)
   More Info: https://bandit.readthedocs.io/en/1.7.7/plugins/b101_assert_used.html
   Location: .\tests\test_predicates.py:417:4
416	def test_is_match(case, expected):
417	    assert _.is_match(*case) == expected
418	

--------------------------------------------------
>> Issue: [B101:assert_used] Use of assert detected. The enclosed code will be removed when compiling to optimised byte code.
   Severity: Low   Confidence: High
   CWE: CWE-703 (https://cwe.mitre.org/data/definitions/703.html)
   More Info: https://bandit.readthedocs.io/en/1.7.7/plugins/b101_assert_used.html
   Location: .\tests\test_predicates.py:429:4
428	def test_is_match_with(case, expected):
429	    assert _.is_match_with(*case) == expected
430	

--------------------------------------------------
>> Issue: [B101:assert_used] Use of assert detected. The enclosed code will be removed when compiling to optimised byte code.
   Severity: Low   Confidence: High
   CWE: CWE-703 (https://cwe.mitre.org/data/definitions/703.html)
   More Info: https://bandit.readthedocs.io/en/1.7.7/plugins/b101_assert_used.html
   Location: .\tests\test_predicates.py:442:4
441	def test_is_monotone(case, expected):
442	    assert _.is_monotone(*case) == expected
443	

--------------------------------------------------
>> Issue: [B101:assert_used] Use of assert detected. The enclosed code will be removed when compiling to optimised byte code.
   Severity: Low   Confidence: High
   CWE: CWE-703 (https://cwe.mitre.org/data/definitions/703.html)
   More Info: https://bandit.readthedocs.io/en/1.7.7/plugins/b101_assert_used.html
   Location: .\tests\test_predicates.py:456:4
455	def test_is_nan(case, expected):
456	    assert _.is_nan(case) == expected
457	

--------------------------------------------------
>> Issue: [B101:assert_used] Use of assert detected. The enclosed code will be removed when compiling to optimised byte code.
   Severity: Low   Confidence: High
   CWE: CWE-703 (https://cwe.mitre.org/data/definitions/703.html)
   More Info: https://bandit.readthedocs.io/en/1.7.7/plugins/b101_assert_used.html
   Location: .\tests\test_predicates.py:472:4
471	def test_is_negative(case, expected):
472	    assert _.is_negative(case) == expected
473	

--------------------------------------------------
>> Issue: [B101:assert_used] Use of assert detected. The enclosed code will be removed when compiling to optimised byte code.
   Severity: Low   Confidence: High
   CWE: CWE-703 (https://cwe.mitre.org/data/definitions/703.html)
   More Info: https://bandit.readthedocs.io/en/1.7.7/plugins/b101_assert_used.html
   Location: .\tests\test_predicates.py:483:4
482	def test_is_none(case, expected):
483	    assert _.is_none(case) == expected
484	

--------------------------------------------------
>> Issue: [B101:assert_used] Use of assert detected. The enclosed code will be removed when compiling to optimised byte code.
   Severity: Low   Confidence: High
   CWE: CWE-703 (https://cwe.mitre.org/data/definitions/703.html)
   More Info: https://bandit.readthedocs.io/en/1.7.7/plugins/b101_assert_used.html
   Location: .\tests\test_predicates.py:499:4
498	def test_is_number(case, expected):
499	    assert _.is_number(case) == expected
500	

--------------------------------------------------
>> Issue: [B101:assert_used] Use of assert detected. The enclosed code will be removed when compiling to optimised byte code.
   Severity: Low   Confidence: High
   CWE: CWE-703 (https://cwe.mitre.org/data/definitions/703.html)
   More Info: https://bandit.readthedocs.io/en/1.7.7/plugins/b101_assert_used.html
   Location: .\tests\test_predicates.py:507:4
506	def test_is_object(case, expected):
507	    assert _.is_object(case) == expected
508	

--------------------------------------------------
>> Issue: [B101:assert_used] Use of assert detected. The enclosed code will be removed when compiling to optimised byte code.
   Severity: Low   Confidence: High
   CWE: CWE-703 (https://cwe.mitre.org/data/definitions/703.html)
   More Info: https://bandit.readthedocs.io/en/1.7.7/plugins/b101_assert_used.html
   Location: .\tests\test_predicates.py:522:4
521	def test_is_odd(case, expected):
522	    assert _.is_odd(case) == expected
523	

--------------------------------------------------
>> Issue: [B101:assert_used] Use of assert detected. The enclosed code will be removed when compiling to optimised byte code.
   Severity: Low   Confidence: High
   CWE: CWE-703 (https://cwe.mitre.org/data/definitions/703.html)
   More Info: https://bandit.readthedocs.io/en/1.7.7/plugins/b101_assert_used.html
   Location: .\tests\test_predicates.py:530:4
529	def test_is_positive(case, expected):
530	    assert _.is_positive(case) == expected
531	

--------------------------------------------------
>> Issue: [B101:assert_used] Use of assert detected. The enclosed code will be removed when compiling to optimised byte code.
   Severity: Low   Confidence: High
   CWE: CWE-703 (https://cwe.mitre.org/data/definitions/703.html)
   More Info: https://bandit.readthedocs.io/en/1.7.7/plugins/b101_assert_used.html
   Location: .\tests\test_predicates.py:546:4
545	def test_is_reg_exp(case, expected):
546	    assert _.is_reg_exp(case) == expected
547	

--------------------------------------------------
>> Issue: [B101:assert_used] Use of assert detected. The enclosed code will be removed when compiling to optimised byte code.
   Severity: Low   Confidence: High
   CWE: CWE-703 (https://cwe.mitre.org/data/definitions/703.html)
   More Info: https://bandit.readthedocs.io/en/1.7.7/plugins/b101_assert_used.html
   Location: .\tests\test_predicates.py:551:4
550	def test_is_set(case, expected):
551	    assert _.is_set(case) == expected
552	

--------------------------------------------------
>> Issue: [B101:assert_used] Use of assert detected. The enclosed code will be removed when compiling to optimised byte code.
   Severity: Low   Confidence: High
   CWE: CWE-703 (https://cwe.mitre.org/data/definitions/703.html)
   More Info: https://bandit.readthedocs.io/en/1.7.7/plugins/b101_assert_used.html
   Location: .\tests\test_predicates.py:564:4
563	def test_is_strictly_decreasing(case, expected):
564	    assert _.is_strictly_decreasing(case) == expected
565	

--------------------------------------------------
>> Issue: [B101:assert_used] Use of assert detected. The enclosed code will be removed when compiling to optimised byte code.
   Severity: Low   Confidence: High
   CWE: CWE-703 (https://cwe.mitre.org/data/definitions/703.html)
   More Info: https://bandit.readthedocs.io/en/1.7.7/plugins/b101_assert_used.html
   Location: .\tests\test_predicates.py:577:4
576	def test_is_strictly_increasing(case, expected):
577	    assert _.is_strictly_increasing(case) == expected
578	

--------------------------------------------------
>> Issue: [B101:assert_used] Use of assert detected. The enclosed code will be removed when compiling to optimised byte code.
   Severity: Low   Confidence: High
   CWE: CWE-703 (https://cwe.mitre.org/data/definitions/703.html)
   More Info: https://bandit.readthedocs.io/en/1.7.7/plugins/b101_assert_used.html
   Location: .\tests\test_predicates.py:585:4
584	def test_is_string(case, expected):
585	    assert _.is_string(case) == expected
586	

--------------------------------------------------
>> Issue: [B101:assert_used] Use of assert detected. The enclosed code will be removed when compiling to optimised byte code.
   Severity: Low   Confidence: High
   CWE: CWE-703 (https://cwe.mitre.org/data/definitions/703.html)
   More Info: https://bandit.readthedocs.io/en/1.7.7/plugins/b101_assert_used.html
   Location: .\tests\test_predicates.py:597:4
596	def test_is_tuple(case, expected):
597	    assert _.is_tuple(case) == expected
598	

--------------------------------------------------
>> Issue: [B101:assert_used] Use of assert detected. The enclosed code will be removed when compiling to optimised byte code.
   Severity: Low   Confidence: High
   CWE: CWE-703 (https://cwe.mitre.org/data/definitions/703.html)
   More Info: https://bandit.readthedocs.io/en/1.7.7/plugins/b101_assert_used.html
   Location: .\tests\test_predicates.py:611:4
610	def test_is_zero(case, expected):
611	    assert _.is_zero(case) == expected

--------------------------------------------------
>> Issue: [B101:assert_used] Use of assert detected. The enclosed code will be removed when compiling to optimised byte code.
   Severity: Low   Confidence: High
   CWE: CWE-703 (https://cwe.mitre.org/data/definitions/703.html)
   More Info: https://bandit.readthedocs.io/en/1.7.7/plugins/b101_assert_used.html
   Location: .\tests\test_strings.py:40:4
39	def test_camel_case(case, expected):
40	    assert _.camel_case(case) == expected
41	

--------------------------------------------------
>> Issue: [B101:assert_used] Use of assert detected. The enclosed code will be removed when compiling to optimised byte code.
   Severity: Low   Confidence: High
   CWE: CWE-703 (https://cwe.mitre.org/data/definitions/703.html)
   More Info: https://bandit.readthedocs.io/en/1.7.7/plugins/b101_assert_used.html
   Location: .\tests\test_strings.py:61:4
60	def test_capitalize(case, expected):
61	    assert _.capitalize(*case) == expected
62	

--------------------------------------------------
>> Issue: [B101:assert_used] Use of assert detected. The enclosed code will be removed when compiling to optimised byte code.
   Severity: Low   Confidence: High
   CWE: CWE-703 (https://cwe.mitre.org/data/definitions/703.html)
   More Info: https://bandit.readthedocs.io/en/1.7.7/plugins/b101_assert_used.html
   Location: .\tests\test_strings.py:79:4
78	def test_chop(case, expected):
79	    assert _.chop(*case) == expected
80	

--------------------------------------------------
>> Issue: [B101:assert_used] Use of assert detected. The enclosed code will be removed when compiling to optimised byte code.
   Severity: Low   Confidence: High
   CWE: CWE-703 (https://cwe.mitre.org/data/definitions/703.html)
   More Info: https://bandit.readthedocs.io/en/1.7.7/plugins/b101_assert_used.html
   Location: .\tests\test_strings.py:97:4
96	def test_chop_right(case, expected):
97	    assert _.chop_right(*case) == expected
98	

--------------------------------------------------
>> Issue: [B101:assert_used] Use of assert detected. The enclosed code will be removed when compiling to optimised byte code.
   Severity: Low   Confidence: High
   CWE: CWE-703 (https://cwe.mitre.org/data/definitions/703.html)
   More Info: https://bandit.readthedocs.io/en/1.7.7/plugins/b101_assert_used.html
   Location: .\tests\test_strings.py:111:4
110	def test_clean(case, expected):
111	    assert _.clean(case) == expected
112	

--------------------------------------------------
>> Issue: [B101:assert_used] Use of assert detected. The enclosed code will be removed when compiling to optimised byte code.
   Severity: Low   Confidence: High
   CWE: CWE-703 (https://cwe.mitre.org/data/definitions/703.html)
   More Info: https://bandit.readthedocs.io/en/1.7.7/plugins/b101_assert_used.html
   Location: .\tests\test_strings.py:125:4
124	def test_chars(case, expected):
125	    assert _.chars(case) == expected
126	

--------------------------------------------------
>> Issue: [B101:assert_used] Use of assert detected. The enclosed code will be removed when compiling to optimised byte code.
   Severity: Low   Confidence: High
   CWE: CWE-703 (https://cwe.mitre.org/data/definitions/703.html)
   More Info: https://bandit.readthedocs.io/en/1.7.7/plugins/b101_assert_used.html
   Location: .\tests\test_strings.py:150:4
149	def test_count_substr(case, expected):
150	    assert _.count_substr(*case) == expected
151	

--------------------------------------------------
>> Issue: [B101:assert_used] Use of assert detected. The enclosed code will be removed when compiling to optimised byte code.
   Severity: Low   Confidence: High
   CWE: CWE-703 (https://cwe.mitre.org/data/definitions/703.html)
   More Info: https://bandit.readthedocs.io/en/1.7.7/plugins/b101_assert_used.html
   Location: .\tests\test_strings.py:169:4
168	def test_deburr(case, expected):
169	    assert _.deburr(case) == expected
170	

--------------------------------------------------
>> Issue: [B101:assert_used] Use of assert detected. The enclosed code will be removed when compiling to optimised byte code.
   Severity: Low   Confidence: High
   CWE: CWE-703 (https://cwe.mitre.org/data/definitions/703.html)
   More Info: https://bandit.readthedocs.io/en/1.7.7/plugins/b101_assert_used.html
   Location: .\tests\test_strings.py:183:4
182	def test_decapitalize(case, expected):
183	    assert _.decapitalize(case) == expected
184	

--------------------------------------------------
>> Issue: [B101:assert_used] Use of assert detected. The enclosed code will be removed when compiling to optimised byte code.
   Severity: Low   Confidence: High
   CWE: CWE-703 (https://cwe.mitre.org/data/definitions/703.html)
   More Info: https://bandit.readthedocs.io/en/1.7.7/plugins/b101_assert_used.html
   Location: .\tests\test_strings.py:206:4
205	def test_ends_with(case, expected):
206	    assert _.ends_with(*case) == expected
207	

--------------------------------------------------
>> Issue: [B101:assert_used] Use of assert detected. The enclosed code will be removed when compiling to optimised byte code.
   Severity: Low   Confidence: High
   CWE: CWE-703 (https://cwe.mitre.org/data/definitions/703.html)
   More Info: https://bandit.readthedocs.io/en/1.7.7/plugins/b101_assert_used.html
   Location: .\tests\test_strings.py:219:4
218	def test_escape(case, expected):
219	    assert _.escape(case) == expected
220	

--------------------------------------------------
>> Issue: [B101:assert_used] Use of assert detected. The enclosed code will be removed when compiling to optimised byte code.
   Severity: Low   Confidence: High
   CWE: CWE-703 (https://cwe.mitre.org/data/definitions/703.html)
   More Info: https://bandit.readthedocs.io/en/1.7.7/plugins/b101_assert_used.html
   Location: .\tests\test_strings.py:231:4
230	def test_escape_reg_exp(case, expected):
231	    assert _.escape_reg_exp(case) == expected
232	

--------------------------------------------------
>> Issue: [B101:assert_used] Use of assert detected. The enclosed code will be removed when compiling to optimised byte code.
   Severity: Low   Confidence: High
   CWE: CWE-703 (https://cwe.mitre.org/data/definitions/703.html)
   More Info: https://bandit.readthedocs.io/en/1.7.7/plugins/b101_assert_used.html
   Location: .\tests\test_strings.py:245:4
244	def test_escape_reg_exp_gte_py37(case, expected):
245	    assert _.escape_reg_exp(case) == expected
246	

--------------------------------------------------
>> Issue: [B101:assert_used] Use of assert detected. The enclosed code will be removed when compiling to optimised byte code.
   Severity: Low   Confidence: High
   CWE: CWE-703 (https://cwe.mitre.org/data/definitions/703.html)
   More Info: https://bandit.readthedocs.io/en/1.7.7/plugins/b101_assert_used.html
   Location: .\tests\test_strings.py:259:4
258	def test_escape_reg_exp_lte_py36(case, expected):
259	    assert _.escape_reg_exp(case) == expected
260	

--------------------------------------------------
>> Issue: [B101:assert_used] Use of assert detected. The enclosed code will be removed when compiling to optimised byte code.
   Severity: Low   Confidence: High
   CWE: CWE-703 (https://cwe.mitre.org/data/definitions/703.html)
   More Info: https://bandit.readthedocs.io/en/1.7.7/plugins/b101_assert_used.html
   Location: .\tests\test_strings.py:277:4
276	def test_ensure_starts_with(text, prefix, expected):
277	    assert _.ensure_starts_with(text, prefix) == expected
278	

--------------------------------------------------
>> Issue: [B101:assert_used] Use of assert detected. The enclosed code will be removed when compiling to optimised byte code.
   Severity: Low   Confidence: High
   CWE: CWE-703 (https://cwe.mitre.org/data/definitions/703.html)
   More Info: https://bandit.readthedocs.io/en/1.7.7/plugins/b101_assert_used.html
   Location: .\tests\test_strings.py:295:4
294	def test_ensure_ends_with(text, suffix, expected):
295	    assert _.ensure_ends_with(text, suffix) == expected
296	

--------------------------------------------------
>> Issue: [B101:assert_used] Use of assert detected. The enclosed code will be removed when compiling to optimised byte code.
   Severity: Low   Confidence: High
   CWE: CWE-703 (https://cwe.mitre.org/data/definitions/703.html)
   More Info: https://bandit.readthedocs.io/en/1.7.7/plugins/b101_assert_used.html
   Location: .\tests\test_strings.py:316:4
315	def test_has_substr(case, expected):
316	    assert _.has_substr(*case) == expected
317	

--------------------------------------------------
>> Issue: [B101:assert_used] Use of assert detected. The enclosed code will be removed when compiling to optimised byte code.
   Severity: Low   Confidence: High
   CWE: CWE-703 (https://cwe.mitre.org/data/definitions/703.html)
   More Info: https://bandit.readthedocs.io/en/1.7.7/plugins/b101_assert_used.html
   Location: .\tests\test_strings.py:334:4
333	def test_human_case(case, expected):
334	    assert _.human_case(case) == expected
335	

--------------------------------------------------
>> Issue: [B101:assert_used] Use of assert detected. The enclosed code will be removed when compiling to optimised byte code.
   Severity: Low   Confidence: High
   CWE: CWE-703 (https://cwe.mitre.org/data/definitions/703.html)
   More Info: https://bandit.readthedocs.io/en/1.7.7/plugins/b101_assert_used.html
   Location: .\tests\test_strings.py:354:4
353	def test_insert_substr(case, expected):
354	    assert _.insert_substr(*case) == expected
355	

--------------------------------------------------
>> Issue: [B101:assert_used] Use of assert detected. The enclosed code will be removed when compiling to optimised byte code.
   Severity: Low   Confidence: High
   CWE: CWE-703 (https://cwe.mitre.org/data/definitions/703.html)
   More Info: https://bandit.readthedocs.io/en/1.7.7/plugins/b101_assert_used.html
   Location: .\tests\test_strings.py:377:4
376	def test_join(case, expected):
377	    assert _.join(*case) == expected
378	

--------------------------------------------------
>> Issue: [B101:assert_used] Use of assert detected. The enclosed code will be removed when compiling to optimised byte code.
   Severity: Low   Confidence: High
   CWE: CWE-703 (https://cwe.mitre.org/data/definitions/703.html)
   More Info: https://bandit.readthedocs.io/en/1.7.7/plugins/b101_assert_used.html
   Location: .\tests\test_strings.py:409:4
408	def test_kebab_case(case, expected):
409	    assert _.kebab_case(case) == expected
410	

--------------------------------------------------
>> Issue: [B101:assert_used] Use of assert detected. The enclosed code will be removed when compiling to optimised byte code.
   Severity: Low   Confidence: High
   CWE: CWE-703 (https://cwe.mitre.org/data/definitions/703.html)
   More Info: https://bandit.readthedocs.io/en/1.7.7/plugins/b101_assert_used.html
   Location: .\tests\test_strings.py:425:4
424	def test_lines(case, expected):
425	    assert _.lines(case) == expected
426	

--------------------------------------------------
>> Issue: [B101:assert_used] Use of assert detected. The enclosed code will be removed when compiling to optimised byte code.
   Severity: Low   Confidence: High
   CWE: CWE-703 (https://cwe.mitre.org/data/definitions/703.html)
   More Info: https://bandit.readthedocs.io/en/1.7.7/plugins/b101_assert_used.html
   Location: .\tests\test_strings.py:443:4
442	def test_lower_case(case, expected):
443	    assert _.lower_case(case) == expected
444	

--------------------------------------------------
>> Issue: [B101:assert_used] Use of assert detected. The enclosed code will be removed when compiling to optimised byte code.
   Severity: Low   Confidence: High
   CWE: CWE-703 (https://cwe.mitre.org/data/definitions/703.html)
   More Info: https://bandit.readthedocs.io/en/1.7.7/plugins/b101_assert_used.html
   Location: .\tests\test_strings.py:451:4
450	def test_lower_first(case, expected):
451	    assert _.lower_first(case) == expected
452	

--------------------------------------------------
>> Issue: [B101:assert_used] Use of assert detected. The enclosed code will be removed when compiling to optimised byte code.
   Severity: Low   Confidence: High
   CWE: CWE-703 (https://cwe.mitre.org/data/definitions/703.html)
   More Info: https://bandit.readthedocs.io/en/1.7.7/plugins/b101_assert_used.html
   Location: .\tests\test_strings.py:466:4
465	def test_number_format(case, expected):
466	    assert _.number_format(*case) == expected
467	

--------------------------------------------------
>> Issue: [B101:assert_used] Use of assert detected. The enclosed code will be removed when compiling to optimised byte code.
   Severity: Low   Confidence: High
   CWE: CWE-703 (https://cwe.mitre.org/data/definitions/703.html)
   More Info: https://bandit.readthedocs.io/en/1.7.7/plugins/b101_assert_used.html
   Location: .\tests\test_strings.py:482:4
481	def test_pad(case, expected):
482	    assert _.pad(*case) == expected
483	

--------------------------------------------------
>> Issue: [B101:assert_used] Use of assert detected. The enclosed code will be removed when compiling to optimised byte code.
   Severity: Low   Confidence: High
   CWE: CWE-703 (https://cwe.mitre.org/data/definitions/703.html)
   More Info: https://bandit.readthedocs.io/en/1.7.7/plugins/b101_assert_used.html
   Location: .\tests\test_strings.py:501:4
500	def test_pad_start(case, expected):
501	    assert _.pad_start(*case) == expected
502	

--------------------------------------------------
>> Issue: [B101:assert_used] Use of assert detected. The enclosed code will be removed when compiling to optimised byte code.
   Severity: Low   Confidence: High
   CWE: CWE-703 (https://cwe.mitre.org/data/definitions/703.html)
   More Info: https://bandit.readthedocs.io/en/1.7.7/plugins/b101_assert_used.html
   Location: .\tests\test_strings.py:520:4
519	def test_pad_end(case, expected):
520	    assert _.pad_end(*case) == expected
521	

--------------------------------------------------
>> Issue: [B101:assert_used] Use of assert detected. The enclosed code will be removed when compiling to optimised byte code.
   Severity: Low   Confidence: High
   CWE: CWE-703 (https://cwe.mitre.org/data/definitions/703.html)
   More Info: https://bandit.readthedocs.io/en/1.7.7/plugins/b101_assert_used.html
   Location: .\tests\test_strings.py:537:4
536	def test_pascal_case(case, expected):
537	    assert _.pascal_case(case) == expected
538	

--------------------------------------------------
>> Issue: [B101:assert_used] Use of assert detected. The enclosed code will be removed when compiling to optimised byte code.
   Severity: Low   Confidence: High
   CWE: CWE-703 (https://cwe.mitre.org/data/definitions/703.html)
   More Info: https://bandit.readthedocs.io/en/1.7.7/plugins/b101_assert_used.html
   Location: .\tests\test_strings.py:548:4
547	def test_predecessor(case, expected):
548	    assert _.predecessor(case) == expected
549	

--------------------------------------------------
>> Issue: [B101:assert_used] Use of assert detected. The enclosed code will be removed when compiling to optimised byte code.
   Severity: Low   Confidence: High
   CWE: CWE-703 (https://cwe.mitre.org/data/definitions/703.html)
   More Info: https://bandit.readthedocs.io/en/1.7.7/plugins/b101_assert_used.html
   Location: .\tests\test_strings.py:566:4
565	def test_prune(case, expected):
566	    assert _.prune(*case) == expected
567	

--------------------------------------------------
>> Issue: [B101:assert_used] Use of assert detected. The enclosed code will be removed when compiling to optimised byte code.
   Severity: Low   Confidence: High
   CWE: CWE-703 (https://cwe.mitre.org/data/definitions/703.html)
   More Info: https://bandit.readthedocs.io/en/1.7.7/plugins/b101_assert_used.html
   Location: .\tests\test_strings.py:593:4
592	def test_quote(case, expected):
593	    assert _.quote(*case) == expected
594	

--------------------------------------------------
>> Issue: [B101:assert_used] Use of assert detected. The enclosed code will be removed when compiling to optimised byte code.
   Severity: Low   Confidence: High
   CWE: CWE-703 (https://cwe.mitre.org/data/definitions/703.html)
   More Info: https://bandit.readthedocs.io/en/1.7.7/plugins/b101_assert_used.html
   Location: .\tests\test_strings.py:607:4
606	def test_reg_exp_js_match(case, expected):
607	    assert _.reg_exp_js_match(*case) == expected
608	

--------------------------------------------------
>> Issue: [B101:assert_used] Use of assert detected. The enclosed code will be removed when compiling to optimised byte code.
   Severity: Low   Confidence: High
   CWE: CWE-703 (https://cwe.mitre.org/data/definitions/703.html)
   More Info: https://bandit.readthedocs.io/en/1.7.7/plugins/b101_assert_used.html
   Location: .\tests\test_strings.py:622:4
621	def test_reg_exp_js_replace(case, expected):
622	    assert _.reg_exp_js_replace(*case) == expected
623	

--------------------------------------------------
>> Issue: [B101:assert_used] Use of assert detected. The enclosed code will be removed when compiling to optimised byte code.
   Severity: Low   Confidence: High
   CWE: CWE-703 (https://cwe.mitre.org/data/definitions/703.html)
   More Info: https://bandit.readthedocs.io/en/1.7.7/plugins/b101_assert_used.html
   Location: .\tests\test_strings.py:648:4
647	def test_reg_exp_replace(case, expected):
648	    assert _.reg_exp_replace(*case) == expected
649	

--------------------------------------------------
>> Issue: [B101:assert_used] Use of assert detected. The enclosed code will be removed when compiling to optimised byte code.
   Severity: Low   Confidence: High
   CWE: CWE-703 (https://cwe.mitre.org/data/definitions/703.html)
   More Info: https://bandit.readthedocs.io/en/1.7.7/plugins/b101_assert_used.html
   Location: .\tests\test_strings.py:665:4
664	def test_repeat(case, expected):
665	    assert _.repeat(*case) == expected
666	

--------------------------------------------------
>> Issue: [B101:assert_used] Use of assert detected. The enclosed code will be removed when compiling to optimised byte code.
   Severity: Low   Confidence: High
   CWE: CWE-703 (https://cwe.mitre.org/data/definitions/703.html)
   More Info: https://bandit.readthedocs.io/en/1.7.7/plugins/b101_assert_used.html
   Location: .\tests\test_strings.py:688:4
687	def test_replace(case, expected):
688	    assert _.replace(*case) == expected
689	

--------------------------------------------------
>> Issue: [B101:assert_used] Use of assert detected. The enclosed code will be removed when compiling to optimised byte code.
   Severity: Low   Confidence: High
   CWE: CWE-703 (https://cwe.mitre.org/data/definitions/703.html)
   More Info: https://bandit.readthedocs.io/en/1.7.7/plugins/b101_assert_used.html
   Location: .\tests\test_strings.py:699:4
698	def test_replace_end(case, expected):
699	    assert _.replace_end(*case) == expected
700	

--------------------------------------------------
>> Issue: [B101:assert_used] Use of assert detected. The enclosed code will be removed when compiling to optimised byte code.
   Severity: Low   Confidence: High
   CWE: CWE-703 (https://cwe.mitre.org/data/definitions/703.html)
   More Info: https://bandit.readthedocs.io/en/1.7.7/plugins/b101_assert_used.html
   Location: .\tests\test_strings.py:710:4
709	def test_replace_start(case, expected):
710	    assert _.replace_start(*case) == expected
711	

--------------------------------------------------
>> Issue: [B101:assert_used] Use of assert detected. The enclosed code will be removed when compiling to optimised byte code.
   Severity: Low   Confidence: High
   CWE: CWE-703 (https://cwe.mitre.org/data/definitions/703.html)
   More Info: https://bandit.readthedocs.io/en/1.7.7/plugins/b101_assert_used.html
   Location: .\tests\test_strings.py:733:4
732	def test_separator_case(case, expected):
733	    assert _.separator_case(*case) == expected
734	

--------------------------------------------------
>> Issue: [B101:assert_used] Use of assert detected. The enclosed code will be removed when compiling to optimised byte code.
   Severity: Low   Confidence: High
   CWE: CWE-703 (https://cwe.mitre.org/data/definitions/703.html)
   More Info: https://bandit.readthedocs.io/en/1.7.7/plugins/b101_assert_used.html
   Location: .\tests\test_strings.py:760:4
759	def test_series_phrase(case, expected):
760	    assert _.series_phrase(*case) == expected
761	

--------------------------------------------------
>> Issue: [B101:assert_used] Use of assert detected. The enclosed code will be removed when compiling to optimised byte code.
   Severity: Low   Confidence: High
   CWE: CWE-703 (https://cwe.mitre.org/data/definitions/703.html)
   More Info: https://bandit.readthedocs.io/en/1.7.7/plugins/b101_assert_used.html
   Location: .\tests\test_strings.py:783:4
782	def test_series_phrase_serial(case, expected):
783	    assert _.series_phrase_serial(*case) == expected
784	

--------------------------------------------------
>> Issue: [B101:assert_used] Use of assert detected. The enclosed code will be removed when compiling to optimised byte code.
   Severity: Low   Confidence: High
   CWE: CWE-703 (https://cwe.mitre.org/data/definitions/703.html)
   More Info: https://bandit.readthedocs.io/en/1.7.7/plugins/b101_assert_used.html
   Location: .\tests\test_strings.py:798:4
797	def test_slugify(case, expected):
798	    assert _.slugify(case) == expected
799	

--------------------------------------------------
>> Issue: [B101:assert_used] Use of assert detected. The enclosed code will be removed when compiling to optimised byte code.
   Severity: Low   Confidence: High
   CWE: CWE-703 (https://cwe.mitre.org/data/definitions/703.html)
   More Info: https://bandit.readthedocs.io/en/1.7.7/plugins/b101_assert_used.html
   Location: .\tests\test_strings.py:830:4
829	def test_snake_case(case, expected):
830	    assert _.snake_case(case) == expected
831	

--------------------------------------------------
>> Issue: [B101:assert_used] Use of assert detected. The enclosed code will be removed when compiling to optimised byte code.
   Severity: Low   Confidence: High
   CWE: CWE-703 (https://cwe.mitre.org/data/definitions/703.html)
   More Info: https://bandit.readthedocs.io/en/1.7.7/plugins/b101_assert_used.html
   Location: .\tests\test_strings.py:846:4
845	def test_split(case, expected):
846	    assert _.split(*case) == expected
847	

--------------------------------------------------
>> Issue: [B101:assert_used] Use of assert detected. The enclosed code will be removed when compiling to optimised byte code.
   Severity: Low   Confidence: High
   CWE: CWE-703 (https://cwe.mitre.org/data/definitions/703.html)
   More Info: https://bandit.readthedocs.io/en/1.7.7/plugins/b101_assert_used.html
   Location: .\tests\test_strings.py:864:4
863	def test_start_case(case, expected):
864	    assert _.start_case(case) == expected
865	

--------------------------------------------------
>> Issue: [B101:assert_used] Use of assert detected. The enclosed code will be removed when compiling to optimised byte code.
   Severity: Low   Confidence: High
   CWE: CWE-703 (https://cwe.mitre.org/data/definitions/703.html)
   More Info: https://bandit.readthedocs.io/en/1.7.7/plugins/b101_assert_used.html
   Location: .\tests\test_strings.py:887:4
886	def test_starts_with(case, expected):
887	    assert _.starts_with(*case) == expected
888	

--------------------------------------------------
>> Issue: [B101:assert_used] Use of assert detected. The enclosed code will be removed when compiling to optimised byte code.
   Severity: Low   Confidence: High
   CWE: CWE-703 (https://cwe.mitre.org/data/definitions/703.html)
   More Info: https://bandit.readthedocs.io/en/1.7.7/plugins/b101_assert_used.html
   Location: .\tests\test_strings.py:903:4
902	def test_strip_tags(case, expected):
903	    assert _.strip_tags(case) == expected
904	

--------------------------------------------------
>> Issue: [B101:assert_used] Use of assert detected. The enclosed code will be removed when compiling to optimised byte code.
   Severity: Low   Confidence: High
   CWE: CWE-703 (https://cwe.mitre.org/data/definitions/703.html)
   More Info: https://bandit.readthedocs.io/en/1.7.7/plugins/b101_assert_used.html
   Location: .\tests\test_strings.py:919:4
918	def test_substr_left(case, expected):
919	    assert _.substr_left(*case) == expected
920	

--------------------------------------------------
>> Issue: [B101:assert_used] Use of assert detected. The enclosed code will be removed when compiling to optimised byte code.
   Severity: Low   Confidence: High
   CWE: CWE-703 (https://cwe.mitre.org/data/definitions/703.html)
   More Info: https://bandit.readthedocs.io/en/1.7.7/plugins/b101_assert_used.html
   Location: .\tests\test_strings.py:935:4
934	def test_substr_left_end(case, expected):
935	    assert _.substr_left_end(*case) == expected
936	

--------------------------------------------------
>> Issue: [B101:assert_used] Use of assert detected. The enclosed code will be removed when compiling to optimised byte code.
   Severity: Low   Confidence: High
   CWE: CWE-703 (https://cwe.mitre.org/data/definitions/703.html)
   More Info: https://bandit.readthedocs.io/en/1.7.7/plugins/b101_assert_used.html
   Location: .\tests\test_strings.py:951:4
950	def test_substr_right(case, expected):
951	    assert _.substr_right(*case) == expected
952	

--------------------------------------------------
>> Issue: [B101:assert_used] Use of assert detected. The enclosed code will be removed when compiling to optimised byte code.
   Severity: Low   Confidence: High
   CWE: CWE-703 (https://cwe.mitre.org/data/definitions/703.html)
   More Info: https://bandit.readthedocs.io/en/1.7.7/plugins/b101_assert_used.html
   Location: .\tests\test_strings.py:967:4
966	def test_substr_right_end(case, expected):
967	    assert _.substr_right_end(*case) == expected
968	

--------------------------------------------------
>> Issue: [B101:assert_used] Use of assert detected. The enclosed code will be removed when compiling to optimised byte code.
   Severity: Low   Confidence: High
   CWE: CWE-703 (https://cwe.mitre.org/data/definitions/703.html)
   More Info: https://bandit.readthedocs.io/en/1.7.7/plugins/b101_assert_used.html
   Location: .\tests\test_strings.py:978:4
977	def test_successor(case, expected):
978	    assert _.successor(case) == expected
979	

--------------------------------------------------
>> Issue: [B101:assert_used] Use of assert detected. The enclosed code will be removed when compiling to optimised byte code.
   Severity: Low   Confidence: High
   CWE: CWE-703 (https://cwe.mitre.org/data/definitions/703.html)
   More Info: https://bandit.readthedocs.io/en/1.7.7/plugins/b101_assert_used.html
   Location: .\tests\test_strings.py:1000:4
999	def test_surround(source, wrapper, expected):
1000	    assert _.surround(source, wrapper) == expected
1001	

--------------------------------------------------
>> Issue: [B101:assert_used] Use of assert detected. The enclosed code will be removed when compiling to optimised byte code.
   Severity: Low   Confidence: High
   CWE: CWE-703 (https://cwe.mitre.org/data/definitions/703.html)
   More Info: https://bandit.readthedocs.io/en/1.7.7/plugins/b101_assert_used.html
   Location: .\tests\test_strings.py:1012:4
1011	def test_swap_case(case, expected):
1012	    assert _.swap_case(case) == expected
1013	

--------------------------------------------------
>> Issue: [B101:assert_used] Use of assert detected. The enclosed code will be removed when compiling to optimised byte code.
   Severity: Low   Confidence: High
   CWE: CWE-703 (https://cwe.mitre.org/data/definitions/703.html)
   More Info: https://bandit.readthedocs.io/en/1.7.7/plugins/b101_assert_used.html
   Location: .\tests\test_strings.py:1026:4
1025	def test_title_case(case, expected):
1026	    assert _.title_case(case) == expected
1027	

--------------------------------------------------
>> Issue: [B101:assert_used] Use of assert detected. The enclosed code will be removed when compiling to optimised byte code.
   Severity: Low   Confidence: High
   CWE: CWE-703 (https://cwe.mitre.org/data/definitions/703.html)
   More Info: https://bandit.readthedocs.io/en/1.7.7/plugins/b101_assert_used.html
   Location: .\tests\test_strings.py:1034:4
1033	def test_to_lower(case, expected):
1034	    assert _.to_lower(case) == expected
1035	

--------------------------------------------------
>> Issue: [B101:assert_used] Use of assert detected. The enclosed code will be removed when compiling to optimised byte code.
   Severity: Low   Confidence: High
   CWE: CWE-703 (https://cwe.mitre.org/data/definitions/703.html)
   More Info: https://bandit.readthedocs.io/en/1.7.7/plugins/b101_assert_used.html
   Location: .\tests\test_strings.py:1042:4
1041	def test_to_upper(case, expected):
1042	    assert _.to_upper(case) == expected
1043	

--------------------------------------------------
>> Issue: [B101:assert_used] Use of assert detected. The enclosed code will be removed when compiling to optimised byte code.
   Severity: Low   Confidence: High
   CWE: CWE-703 (https://cwe.mitre.org/data/definitions/703.html)
   More Info: https://bandit.readthedocs.io/en/1.7.7/plugins/b101_assert_used.html
   Location: .\tests\test_strings.py:1056:4
1055	def test_trim(case, expected):
1056	    assert _.trim(*case) == expected
1057	

--------------------------------------------------
>> Issue: [B101:assert_used] Use of assert detected. The enclosed code will be removed when compiling to optimised byte code.
   Severity: Low   Confidence: High
   CWE: CWE-703 (https://cwe.mitre.org/data/definitions/703.html)
   More Info: https://bandit.readthedocs.io/en/1.7.7/plugins/b101_assert_used.html
   Location: .\tests\test_strings.py:1070:4
1069	def test_trim_start(case, expected):
1070	    assert _.trim_start(*case) == expected
1071	

--------------------------------------------------
>> Issue: [B101:assert_used] Use of assert detected. The enclosed code will be removed when compiling to optimised byte code.
   Severity: Low   Confidence: High
   CWE: CWE-703 (https://cwe.mitre.org/data/definitions/703.html)
   More Info: https://bandit.readthedocs.io/en/1.7.7/plugins/b101_assert_used.html
   Location: .\tests\test_strings.py:1084:4
1083	def test_trim_end(case, expected):
1084	    assert _.trim_end(*case) == expected
1085	

--------------------------------------------------
>> Issue: [B101:assert_used] Use of assert detected. The enclosed code will be removed when compiling to optimised byte code.
   Severity: Low   Confidence: High
   CWE: CWE-703 (https://cwe.mitre.org/data/definitions/703.html)
   More Info: https://bandit.readthedocs.io/en/1.7.7/plugins/b101_assert_used.html
   Location: .\tests\test_strings.py:1107:4
1106	def test_truncate(case, expected):
1107	    assert _.truncate(*case) == expected
1108	

--------------------------------------------------
>> Issue: [B101:assert_used] Use of assert detected. The enclosed code will be removed when compiling to optimised byte code.
   Severity: Low   Confidence: High
   CWE: CWE-703 (https://cwe.mitre.org/data/definitions/703.html)
   More Info: https://bandit.readthedocs.io/en/1.7.7/plugins/b101_assert_used.html
   Location: .\tests\test_strings.py:1120:4
1119	def test_unescape(case, expected):
1120	    assert _.unescape(case) == expected
1121	

--------------------------------------------------
>> Issue: [B101:assert_used] Use of assert detected. The enclosed code will be removed when compiling to optimised byte code.
   Severity: Low   Confidence: High
   CWE: CWE-703 (https://cwe.mitre.org/data/definitions/703.html)
   More Info: https://bandit.readthedocs.io/en/1.7.7/plugins/b101_assert_used.html
   Location: .\tests\test_strings.py:1136:4
1135	def test_unquote(case, expected):
1136	    assert _.unquote(*case) == expected
1137	

--------------------------------------------------
>> Issue: [B101:assert_used] Use of assert detected. The enclosed code will be removed when compiling to optimised byte code.
   Severity: Low   Confidence: High
   CWE: CWE-703 (https://cwe.mitre.org/data/definitions/703.html)
   More Info: https://bandit.readthedocs.io/en/1.7.7/plugins/b101_assert_used.html
   Location: .\tests\test_strings.py:1154:4
1153	def test_upper_case(case, expected):
1154	    assert _.upper_case(case) == expected
1155	

--------------------------------------------------
>> Issue: [B101:assert_used] Use of assert detected. The enclosed code will be removed when compiling to optimised byte code.
   Severity: Low   Confidence: High
   CWE: CWE-703 (https://cwe.mitre.org/data/definitions/703.html)
   More Info: https://bandit.readthedocs.io/en/1.7.7/plugins/b101_assert_used.html
   Location: .\tests\test_strings.py:1162:4
1161	def test_upper_first(case, expected):
1162	    assert _.upper_first(case) == expected
1163	

--------------------------------------------------
>> Issue: [B101:assert_used] Use of assert detected. The enclosed code will be removed when compiling to optimised byte code.
   Severity: Low   Confidence: High
   CWE: CWE-703 (https://cwe.mitre.org/data/definitions/703.html)
   More Info: https://bandit.readthedocs.io/en/1.7.7/plugins/b101_assert_used.html
   Location: .\tests\test_strings.py:1203:4
1202	
1203	    assert r_scheme == e_scheme
1204	    assert r_netloc == e_netloc

--------------------------------------------------
>> Issue: [B101:assert_used] Use of assert detected. The enclosed code will be removed when compiling to optimised byte code.
   Severity: Low   Confidence: High
   CWE: CWE-703 (https://cwe.mitre.org/data/definitions/703.html)
   More Info: https://bandit.readthedocs.io/en/1.7.7/plugins/b101_assert_used.html
   Location: .\tests\test_strings.py:1204:4
1203	    assert r_scheme == e_scheme
1204	    assert r_netloc == e_netloc
1205	    assert r_path == e_path

--------------------------------------------------
>> Issue: [B101:assert_used] Use of assert detected. The enclosed code will be removed when compiling to optimised byte code.
   Severity: Low   Confidence: High
   CWE: CWE-703 (https://cwe.mitre.org/data/definitions/703.html)
   More Info: https://bandit.readthedocs.io/en/1.7.7/plugins/b101_assert_used.html
   Location: .\tests\test_strings.py:1205:4
1204	    assert r_netloc == e_netloc
1205	    assert r_path == e_path
1206	    assert set(parse_qsl(r_query)) == set(parse_qsl(e_query))

--------------------------------------------------
>> Issue: [B101:assert_used] Use of assert detected. The enclosed code will be removed when compiling to optimised byte code.
   Severity: Low   Confidence: High
   CWE: CWE-703 (https://cwe.mitre.org/data/definitions/703.html)
   More Info: https://bandit.readthedocs.io/en/1.7.7/plugins/b101_assert_used.html
   Location: .\tests\test_strings.py:1206:4
1205	    assert r_path == e_path
1206	    assert set(parse_qsl(r_query)) == set(parse_qsl(e_query))
1207	    assert r_fragment == e_fragment

--------------------------------------------------
>> Issue: [B101:assert_used] Use of assert detected. The enclosed code will be removed when compiling to optimised byte code.
   Severity: Low   Confidence: High
   CWE: CWE-703 (https://cwe.mitre.org/data/definitions/703.html)
   More Info: https://bandit.readthedocs.io/en/1.7.7/plugins/b101_assert_used.html
   Location: .\tests\test_strings.py:1207:4
1206	    assert set(parse_qsl(r_query)) == set(parse_qsl(e_query))
1207	    assert r_fragment == e_fragment
1208	

--------------------------------------------------
>> Issue: [B101:assert_used] Use of assert detected. The enclosed code will be removed when compiling to optimised byte code.
   Severity: Low   Confidence: High
   CWE: CWE-703 (https://cwe.mitre.org/data/definitions/703.html)
   More Info: https://bandit.readthedocs.io/en/1.7.7/plugins/b101_assert_used.html
   Location: .\tests\test_strings.py:1226:4
1225	def test_words(case, expected):
1226	    assert _.words(case) == expected
1227	

--------------------------------------------------
>> Issue: [B101:assert_used] Use of assert detected. The enclosed code will be removed when compiling to optimised byte code.
   Severity: Low   Confidence: High
   CWE: CWE-703 (https://cwe.mitre.org/data/definitions/703.html)
   More Info: https://bandit.readthedocs.io/en/1.7.7/plugins/b101_assert_used.html
   Location: .\tests\test_strings.py:1238:4
1237	
1238	    assert actual == expected

--------------------------------------------------
>> Issue: [B101:assert_used] Use of assert detected. The enclosed code will be removed when compiling to optimised byte code.
   Severity: Low   Confidence: High
   CWE: CWE-703 (https://cwe.mitre.org/data/definitions/703.html)
   More Info: https://bandit.readthedocs.io/en/1.7.7/plugins/b101_assert_used.html
   Location: .\tests\test_utilities.py:14:4
13	def test_attempt(case, expected):
14	    assert _.attempt(*case) == expected
15	

--------------------------------------------------
>> Issue: [B101:assert_used] Use of assert detected. The enclosed code will be removed when compiling to optimised byte code.
   Severity: Low   Confidence: High
   CWE: CWE-703 (https://cwe.mitre.org/data/definitions/703.html)
   More Info: https://bandit.readthedocs.io/en/1.7.7/plugins/b101_assert_used.html
   Location: .\tests\test_utilities.py:19:4
18	def test_attempt_exception(case, expected):
19	    assert isinstance(_.attempt(*case), expected)
20	

--------------------------------------------------
>> Issue: [B101:assert_used] Use of assert detected. The enclosed code will be removed when compiling to optimised byte code.
   Severity: Low   Confidence: High
   CWE: CWE-703 (https://cwe.mitre.org/data/definitions/703.html)
   More Info: https://bandit.readthedocs.io/en/1.7.7/plugins/b101_assert_used.html
   Location: .\tests\test_utilities.py:50:4
49	    func = _.cond(*pairs)
50	    assert func(case) == expected
51	

--------------------------------------------------
>> Issue: [B101:assert_used] Use of assert detected. The enclosed code will be removed when compiling to optimised byte code.
   Severity: Low   Confidence: High
   CWE: CWE-703 (https://cwe.mitre.org/data/definitions/703.html)
   More Info: https://bandit.readthedocs.io/en/1.7.7/plugins/b101_assert_used.html
   Location: .\tests\test_utilities.py:83:4
82	    func = _.conforms(source)
83	    assert func(case) == expected
84	

--------------------------------------------------
>> Issue: [B101:assert_used] Use of assert detected. The enclosed code will be removed when compiling to optimised byte code.
   Severity: Low   Confidence: High
   CWE: CWE-703 (https://cwe.mitre.org/data/definitions/703.html)
   More Info: https://bandit.readthedocs.io/en/1.7.7/plugins/b101_assert_used.html
   Location: .\tests\test_utilities.py:100:4
99	def test_conforms_to(source, case, expected):
100	    assert _.conforms_to(case, source) == expected
101	

--------------------------------------------------
>> Issue: [B101:assert_used] Use of assert detected. The enclosed code will be removed when compiling to optimised byte code.
   Severity: Low   Confidence: High
   CWE: CWE-703 (https://cwe.mitre.org/data/definitions/703.html)
   More Info: https://bandit.readthedocs.io/en/1.7.7/plugins/b101_assert_used.html
   Location: .\tests\test_utilities.py:105:4
104	def test_constant(case):
105	    assert _.constant(case)() == case
106	

--------------------------------------------------
>> Issue: [B101:assert_used] Use of assert detected. The enclosed code will be removed when compiling to optimised byte code.
   Severity: Low   Confidence: High
   CWE: CWE-703 (https://cwe.mitre.org/data/definitions/703.html)
   More Info: https://bandit.readthedocs.io/en/1.7.7/plugins/b101_assert_used.html
   Location: .\tests\test_utilities.py:120:4
119	def test_default_to_any(case, expected):
120	    assert _.default_to_any(*case) == expected
121	

--------------------------------------------------
>> Issue: [B101:assert_used] Use of assert detected. The enclosed code will be removed when compiling to optimised byte code.
   Severity: Low   Confidence: High
   CWE: CWE-703 (https://cwe.mitre.org/data/definitions/703.html)
   More Info: https://bandit.readthedocs.io/en/1.7.7/plugins/b101_assert_used.html
   Location: .\tests\test_utilities.py:128:4
127	def test_default_to(case, expected):
128	    assert _.default_to(*case) == expected
129	

--------------------------------------------------
>> Issue: [B101:assert_used] Use of assert detected. The enclosed code will be removed when compiling to optimised byte code.
   Severity: Low   Confidence: High
   CWE: CWE-703 (https://cwe.mitre.org/data/definitions/703.html)
   More Info: https://bandit.readthedocs.io/en/1.7.7/plugins/b101_assert_used.html
   Location: .\tests\test_utilities.py:133:4
132	def test_identity(case, expected):
133	    assert _.identity(*case) == expected
134	

--------------------------------------------------
>> Issue: [B101:assert_used] Use of assert detected. The enclosed code will be removed when compiling to optimised byte code.
   Severity: Low   Confidence: High
   CWE: CWE-703 (https://cwe.mitre.org/data/definitions/703.html)
   More Info: https://bandit.readthedocs.io/en/1.7.7/plugins/b101_assert_used.html
   Location: .\tests\test_utilities.py:183:4
182	    getter = _.iteratee(case)
183	    assert _.map_(arg, getter) == expected
184	

--------------------------------------------------
>> Issue: [B101:assert_used] Use of assert detected. The enclosed code will be removed when compiling to optimised byte code.
   Severity: Low   Confidence: High
   CWE: CWE-703 (https://cwe.mitre.org/data/definitions/703.html)
   More Info: https://bandit.readthedocs.io/en/1.7.7/plugins/b101_assert_used.html
   Location: .\tests\test_utilities.py:195:4
194	def test_matches(case, arg, expected):
195	    assert _.matches(case)(arg) is expected
196	

--------------------------------------------------
>> Issue: [B101:assert_used] Use of assert detected. The enclosed code will be removed when compiling to optimised byte code.
   Severity: Low   Confidence: High
   CWE: CWE-703 (https://cwe.mitre.org/data/definitions/703.html)
   More Info: https://bandit.readthedocs.io/en/1.7.7/plugins/b101_assert_used.html
   Location: .\tests\test_utilities.py:208:4
207	def test_matches_property(case, arg, expected):
208	    assert _.matches_property(*case)(arg) is expected
209	

--------------------------------------------------
>> Issue: [B101:assert_used] Use of assert detected. The enclosed code will be removed when compiling to optimised byte code.
   Severity: Low   Confidence: High
   CWE: CWE-703 (https://cwe.mitre.org/data/definitions/703.html)
   More Info: https://bandit.readthedocs.io/en/1.7.7/plugins/b101_assert_used.html
   Location: .\tests\test_utilities.py:223:4
222	    expected = case[0](*args, **kwargs)
223	    assert memoized(*args, **kwargs) == expected
224	    assert memoized.cache

--------------------------------------------------
>> Issue: [B101:assert_used] Use of assert detected. The enclosed code will be removed when compiling to optimised byte code.
   Severity: Low   Confidence: High
   CWE: CWE-703 (https://cwe.mitre.org/data/definitions/703.html)
   More Info: https://bandit.readthedocs.io/en/1.7.7/plugins/b101_assert_used.html
   Location: .\tests\test_utilities.py:224:4
223	    assert memoized(*args, **kwargs) == expected
224	    assert memoized.cache
225	    assert memoized.cache[key] == expected

--------------------------------------------------
>> Issue: [B101:assert_used] Use of assert detected. The enclosed code will be removed when compiling to optimised byte code.
   Severity: Low   Confidence: High
   CWE: CWE-703 (https://cwe.mitre.org/data/definitions/703.html)
   More Info: https://bandit.readthedocs.io/en/1.7.7/plugins/b101_assert_used.html
   Location: .\tests\test_utilities.py:225:4
224	    assert memoized.cache
225	    assert memoized.cache[key] == expected
226	

--------------------------------------------------
>> Issue: [B101:assert_used] Use of assert detected. The enclosed code will be removed when compiling to optimised byte code.
   Severity: Low   Confidence: High
   CWE: CWE-703 (https://cwe.mitre.org/data/definitions/703.html)
   More Info: https://bandit.readthedocs.io/en/1.7.7/plugins/b101_assert_used.html
   Location: .\tests\test_utilities.py:253:4
252	def test_method(case, args, kwargs, expected):
253	    assert _.method(*case)(*args, **kwargs) == expected
254	

--------------------------------------------------
>> Issue: [B101:assert_used] Use of assert detected. The enclosed code will be removed when compiling to optimised byte code.
   Severity: Low   Confidence: High
   CWE: CWE-703 (https://cwe.mitre.org/data/definitions/703.html)
   More Info: https://bandit.readthedocs.io/en/1.7.7/plugins/b101_assert_used.html
   Location: .\tests\test_utilities.py:272:4
271	def test_method_of(case, args, kwargs, expected):
272	    assert _.method_of(*case)(*args, **kwargs) == expected
273	

--------------------------------------------------
>> Issue: [B101:assert_used] Use of assert detected. The enclosed code will be removed when compiling to optimised byte code.
   Severity: Low   Confidence: High
   CWE: CWE-703 (https://cwe.mitre.org/data/definitions/703.html)
   More Info: https://bandit.readthedocs.io/en/1.7.7/plugins/b101_assert_used.html
   Location: .\tests\test_utilities.py:277:4
276	def test_noop(case, expected):
277	    assert _.noop(*case) == expected
278	

--------------------------------------------------
>> Issue: [B101:assert_used] Use of assert detected. The enclosed code will be removed when compiling to optimised byte code.
   Severity: Low   Confidence: High
   CWE: CWE-703 (https://cwe.mitre.org/data/definitions/703.html)
   More Info: https://bandit.readthedocs.io/en/1.7.7/plugins/b101_assert_used.html
   Location: .\tests\test_utilities.py:296:4
295	    func = _.nth_arg(pos)
296	    assert func(*args) == expected
297	

--------------------------------------------------
>> Issue: [B101:assert_used] Use of assert detected. The enclosed code will be removed when compiling to optimised byte code.
   Severity: Low   Confidence: High
   CWE: CWE-703 (https://cwe.mitre.org/data/definitions/703.html)
   More Info: https://bandit.readthedocs.io/en/1.7.7/plugins/b101_assert_used.html
   Location: .\tests\test_utilities.py:302:4
301	    # Add some leeway when comparing time.
302	    assert (present - 1) <= _.now() <= (present + 1)
303	

--------------------------------------------------
>> Issue: [B101:assert_used] Use of assert detected. The enclosed code will be removed when compiling to optimised byte code.
   Severity: Low   Confidence: High
   CWE: CWE-703 (https://cwe.mitre.org/data/definitions/703.html)
   More Info: https://bandit.readthedocs.io/en/1.7.7/plugins/b101_assert_used.html
   Location: .\tests\test_utilities.py:307:4
306	def test_over(funcs, data, expected):
307	    assert _.over(funcs)(*data) == expected
308	

--------------------------------------------------
>> Issue: [B101:assert_used] Use of assert detected. The enclosed code will be removed when compiling to optimised byte code.
   Severity: Low   Confidence: High
   CWE: CWE-703 (https://cwe.mitre.org/data/definitions/703.html)
   More Info: https://bandit.readthedocs.io/en/1.7.7/plugins/b101_assert_used.html
   Location: .\tests\test_utilities.py:315:4
314	def test_over_every(funcs, data, expected):
315	    assert _.over_every(funcs)(*data) == expected
316	

--------------------------------------------------
>> Issue: [B101:assert_used] Use of assert detected. The enclosed code will be removed when compiling to optimised byte code.
   Severity: Low   Confidence: High
   CWE: CWE-703 (https://cwe.mitre.org/data/definitions/703.html)
   More Info: https://bandit.readthedocs.io/en/1.7.7/plugins/b101_assert_used.html
   Location: .\tests\test_utilities.py:327:4
326	def test_over_some(funcs, data, expected):
327	    assert _.over_some(funcs)(*data) == expected
328	

--------------------------------------------------
>> Issue: [B101:assert_used] Use of assert detected. The enclosed code will be removed when compiling to optimised byte code.
   Severity: Low   Confidence: High
   CWE: CWE-703 (https://cwe.mitre.org/data/definitions/703.html)
   More Info: https://bandit.readthedocs.io/en/1.7.7/plugins/b101_assert_used.html
   Location: .\tests\test_utilities.py:346:4
345	def test_property_(case, arg, expected):
346	    assert _.map_(arg, _.property_(case)) == expected
347	

--------------------------------------------------
>> Issue: [B101:assert_used] Use of assert detected. The enclosed code will be removed when compiling to optimised byte code.
   Severity: Low   Confidence: High
   CWE: CWE-703 (https://cwe.mitre.org/data/definitions/703.html)
   More Info: https://bandit.readthedocs.io/en/1.7.7/plugins/b101_assert_used.html
   Location: .\tests\test_utilities.py:356:4
355	def test_property_of(case, arg, expected):
356	    assert _.map_(arg, _.property_of(case)) == expected
357	

--------------------------------------------------
>> Issue: [B101:assert_used] Use of assert detected. The enclosed code will be removed when compiling to optimised byte code.
   Severity: Low   Confidence: High
   CWE: CWE-703 (https://cwe.mitre.org/data/definitions/703.html)
   More Info: https://bandit.readthedocs.io/en/1.7.7/plugins/b101_assert_used.html
   Location: .\tests\test_utilities.py:363:8
362	        rnd = _.random(*case)
363	        assert isinstance(rnd, int)
364	        assert minimum <= rnd <= maximum

--------------------------------------------------
>> Issue: [B101:assert_used] Use of assert detected. The enclosed code will be removed when compiling to optimised byte code.
   Severity: Low   Confidence: High
   CWE: CWE-703 (https://cwe.mitre.org/data/definitions/703.html)
   More Info: https://bandit.readthedocs.io/en/1.7.7/plugins/b101_assert_used.html
   Location: .\tests\test_utilities.py:364:8
363	        assert isinstance(rnd, int)
364	        assert minimum <= rnd <= maximum
365	

--------------------------------------------------
>> Issue: [B101:assert_used] Use of assert detected. The enclosed code will be removed when compiling to optimised byte code.
   Severity: Low   Confidence: High
   CWE: CWE-703 (https://cwe.mitre.org/data/definitions/703.html)
   More Info: https://bandit.readthedocs.io/en/1.7.7/plugins/b101_assert_used.html
   Location: .\tests\test_utilities.py:382:8
381	        rnd = _.random(*case, floating=floating)
382	        assert isinstance(rnd, float)
383	        assert minimum <= rnd <= maximum

--------------------------------------------------
>> Issue: [B101:assert_used] Use of assert detected. The enclosed code will be removed when compiling to optimised byte code.
   Severity: Low   Confidence: High
   CWE: CWE-703 (https://cwe.mitre.org/data/definitions/703.html)
   More Info: https://bandit.readthedocs.io/en/1.7.7/plugins/b101_assert_used.html
   Location: .\tests\test_utilities.py:383:8
382	        assert isinstance(rnd, float)
383	        assert minimum <= rnd <= maximum
384	

--------------------------------------------------
>> Issue: [B101:assert_used] Use of assert detected. The enclosed code will be removed when compiling to optimised byte code.
   Severity: Low   Confidence: High
   CWE: CWE-703 (https://cwe.mitre.org/data/definitions/703.html)
   More Info: https://bandit.readthedocs.io/en/1.7.7/plugins/b101_assert_used.html
   Location: .\tests\test_utilities.py:401:4
400	def test_range_(case, expected):
401	    assert list(_.range_(*case)) == expected
402	

--------------------------------------------------
>> Issue: [B101:assert_used] Use of assert detected. The enclosed code will be removed when compiling to optimised byte code.
   Severity: Low   Confidence: High
   CWE: CWE-703 (https://cwe.mitre.org/data/definitions/703.html)
   More Info: https://bandit.readthedocs.io/en/1.7.7/plugins/b101_assert_used.html
   Location: .\tests\test_utilities.py:442:4
441	def test_range_right(case, expected):
442	    assert list(_.range_right(*case)) == expected
443	

--------------------------------------------------
>> Issue: [B101:assert_used] Use of assert detected. The enclosed code will be removed when compiling to optimised byte code.
   Severity: Low   Confidence: High
   CWE: CWE-703 (https://cwe.mitre.org/data/definitions/703.html)
   More Info: https://bandit.readthedocs.io/en/1.7.7/plugins/b101_assert_used.html
   Location: .\tests\test_utilities.py:456:4
455	def test_result(case, expected):
456	    assert _.result(*case) == expected
457	

--------------------------------------------------
>> Issue: [B101:assert_used] Use of assert detected. The enclosed code will be removed when compiling to optimised byte code.
   Severity: Low   Confidence: High
   CWE: CWE-703 (https://cwe.mitre.org/data/definitions/703.html)
   More Info: https://bandit.readthedocs.io/en/1.7.7/plugins/b101_assert_used.html
   Location: .\tests\test_utilities.py:477:4
476	
477	    assert delay_count == mock_sleep.call_count
478	

--------------------------------------------------
>> Issue: [B101:assert_used] Use of assert detected. The enclosed code will be removed when compiling to optimised byte code.
   Severity: Low   Confidence: High
   CWE: CWE-703 (https://cwe.mitre.org/data/definitions/703.html)
   More Info: https://bandit.readthedocs.io/en/1.7.7/plugins/b101_assert_used.html
   Location: .\tests\test_utilities.py:480:4
479	    delay_calls = [mock.call(time) for time in delay_times]
480	    assert delay_calls == mock_sleep.call_args_list
481	

--------------------------------------------------
>> Issue: [B101:assert_used] Use of assert detected. The enclosed code will be removed when compiling to optimised byte code.
   Severity: Low   Confidence: High
   CWE: CWE-703 (https://cwe.mitre.org/data/definitions/703.html)
   More Info: https://bandit.readthedocs.io/en/1.7.7/plugins/b101_assert_used.html
   Location: .\tests\test_utilities.py:499:4
498	
499	    assert result is True
500	    assert counter[True] == delay_count

--------------------------------------------------
>> Issue: [B101:assert_used] Use of assert detected. The enclosed code will be removed when compiling to optimised byte code.
   Severity: Low   Confidence: High
   CWE: CWE-703 (https://cwe.mitre.org/data/definitions/703.html)
   More Info: https://bandit.readthedocs.io/en/1.7.7/plugins/b101_assert_used.html
   Location: .\tests\test_utilities.py:500:4
499	    assert result is True
500	    assert counter[True] == delay_count
501	    assert delay_count == mock_sleep.call_count

--------------------------------------------------
>> Issue: [B101:assert_used] Use of assert detected. The enclosed code will be removed when compiling to optimised byte code.
   Severity: Low   Confidence: High
   CWE: CWE-703 (https://cwe.mitre.org/data/definitions/703.html)
   More Info: https://bandit.readthedocs.io/en/1.7.7/plugins/b101_assert_used.html
   Location: .\tests\test_utilities.py:501:4
500	    assert counter[True] == delay_count
501	    assert delay_count == mock_sleep.call_count
502	

--------------------------------------------------
>> Issue: [B101:assert_used] Use of assert detected. The enclosed code will be removed when compiling to optimised byte code.
   Severity: Low   Confidence: High
   CWE: CWE-703 (https://cwe.mitre.org/data/definitions/703.html)
   More Info: https://bandit.readthedocs.io/en/1.7.7/plugins/b101_assert_used.html
   Location: .\tests\test_utilities.py:522:4
521	
522	    assert len(unexpected_delay_calls) == mock_sleep.call_count
523	    assert unexpected_delay_calls != mock_sleep.call_args_list

--------------------------------------------------
>> Issue: [B101:assert_used] Use of assert detected. The enclosed code will be removed when compiling to optimised byte code.
   Severity: Low   Confidence: High
   CWE: CWE-703 (https://cwe.mitre.org/data/definitions/703.html)
   More Info: https://bandit.readthedocs.io/en/1.7.7/plugins/b101_assert_used.html
   Location: .\tests\test_utilities.py:523:4
522	    assert len(unexpected_delay_calls) == mock_sleep.call_count
523	    assert unexpected_delay_calls != mock_sleep.call_args_list
524	

--------------------------------------------------
>> Issue: [B101:assert_used] Use of assert detected. The enclosed code will be removed when compiling to optimised byte code.
   Severity: Low   Confidence: High
   CWE: CWE-703 (https://cwe.mitre.org/data/definitions/703.html)
   More Info: https://bandit.readthedocs.io/en/1.7.7/plugins/b101_assert_used.html
   Location: .\tests\test_utilities.py:542:4
541	
542	    assert delay_count == mock_sleep.call_count
543	

--------------------------------------------------
>> Issue: [B101:assert_used] Use of assert detected. The enclosed code will be removed when compiling to optimised byte code.
   Severity: Low   Confidence: High
   CWE: CWE-703 (https://cwe.mitre.org/data/definitions/703.html)
   More Info: https://bandit.readthedocs.io/en/1.7.7/plugins/b101_assert_used.html
   Location: .\tests\test_utilities.py:559:4
558	
559	    assert error_count[True] == attempts
560	

--------------------------------------------------
>> Issue: [B101:assert_used] Use of assert detected. The enclosed code will be removed when compiling to optimised byte code.
   Severity: Low   Confidence: High
   CWE: CWE-703 (https://cwe.mitre.org/data/definitions/703.html)
   More Info: https://bandit.readthedocs.io/en/1.7.7/plugins/b101_assert_used.html
   Location: .\tests\test_utilities.py:590:4
589	def test_stub_list(case, expected):
590	    assert case == expected
591	

--------------------------------------------------
>> Issue: [B101:assert_used] Use of assert detected. The enclosed code will be removed when compiling to optimised byte code.
   Severity: Low   Confidence: High
   CWE: CWE-703 (https://cwe.mitre.org/data/definitions/703.html)
   More Info: https://bandit.readthedocs.io/en/1.7.7/plugins/b101_assert_used.html
   Location: .\tests\test_utilities.py:595:4
594	def test_stub_dict(case, expected):
595	    assert case == expected
596	

--------------------------------------------------
>> Issue: [B101:assert_used] Use of assert detected. The enclosed code will be removed when compiling to optimised byte code.
   Severity: Low   Confidence: High
   CWE: CWE-703 (https://cwe.mitre.org/data/definitions/703.html)
   More Info: https://bandit.readthedocs.io/en/1.7.7/plugins/b101_assert_used.html
   Location: .\tests\test_utilities.py:600:4
599	def test_stub_false(case, expected):
600	    assert case == expected
601	

--------------------------------------------------
>> Issue: [B101:assert_used] Use of assert detected. The enclosed code will be removed when compiling to optimised byte code.
   Severity: Low   Confidence: High
   CWE: CWE-703 (https://cwe.mitre.org/data/definitions/703.html)
   More Info: https://bandit.readthedocs.io/en/1.7.7/plugins/b101_assert_used.html
   Location: .\tests\test_utilities.py:605:4
604	def test_stub_string(case, expected):
605	    assert case == expected
606	

--------------------------------------------------
>> Issue: [B101:assert_used] Use of assert detected. The enclosed code will be removed when compiling to optimised byte code.
   Severity: Low   Confidence: High
   CWE: CWE-703 (https://cwe.mitre.org/data/definitions/703.html)
   More Info: https://bandit.readthedocs.io/en/1.7.7/plugins/b101_assert_used.html
   Location: .\tests\test_utilities.py:610:4
609	def test_stub_true(case, expected):
610	    assert case == expected
611	

--------------------------------------------------
>> Issue: [B101:assert_used] Use of assert detected. The enclosed code will be removed when compiling to optimised byte code.
   Severity: Low   Confidence: High
   CWE: CWE-703 (https://cwe.mitre.org/data/definitions/703.html)
   More Info: https://bandit.readthedocs.io/en/1.7.7/plugins/b101_assert_used.html
   Location: .\tests\test_utilities.py:615:4
614	def test_times(case, expected):
615	    assert _.times(*case) == expected
616	

--------------------------------------------------
>> Issue: [B101:assert_used] Use of assert detected. The enclosed code will be removed when compiling to optimised byte code.
   Severity: Low   Confidence: High
   CWE: CWE-703 (https://cwe.mitre.org/data/definitions/703.html)
   More Info: https://bandit.readthedocs.io/en/1.7.7/plugins/b101_assert_used.html
   Location: .\tests\test_utilities.py:627:4
626	def test_to_path(case, expected):
627	    assert _.to_path(case) == expected
628	

--------------------------------------------------
>> Issue: [B101:assert_used] Use of assert detected. The enclosed code will be removed when compiling to optimised byte code.
   Severity: Low   Confidence: High
   CWE: CWE-703 (https://cwe.mitre.org/data/definitions/703.html)
   More Info: https://bandit.readthedocs.io/en/1.7.7/plugins/b101_assert_used.html
   Location: .\tests\test_utilities.py:636:4
635	def test_unique_id(case, expected):
636	    assert _.unique_id(*case) == expected

--------------------------------------------------

Code scanned:
	Total lines of code: 15113
	Total lines skipped (#nosec): 0
	Total potential issues skipped due to specifically being disabled (e.g., #nosec BXXX): 0

Run metrics:
	Total issues (by severity):
		Undefined: 0
		Low: 443
		Medium: 0
		High: 0
	Total issues (by confidence):
		Undefined: 0
		Low: 0
		Medium: 0
		High: 443
Files skipped (0):
